<?xml version="1.0" encoding="utf-8" standalone="no"?>
<!--This file represents the results of running a test suite-->
<test-results name="C:\Users\konstantinos.konstan\Documents\Visual Studio 2010\Projects\ClassLibrary7\ClassLibrary7\bin\Debug\ClassLibrary7.dll" total="1" errors="1" failures="0" not-run="0" inconclusive="0" ignored="0" skipped="0" invalid="0" date="2012-07-19" time="13:38:12">
  <environment nunit-version="2.5.10.11092" clr-version="2.0.50727.5456" os-version="Microsoft Windows NT 6.1.7601 Service Pack 1" platform="Win32NT" cwd="C:\Program Files (x86)\NUnit 2.5.10\bin\net-2.0" machine-name="IE-WK-11" user="konstantinos.konstan" user-domain="WONGA" />
  <culture-info current-culture="en-IE" current-uiculture="en-US" />
  <test-suite type="Assembly" name="C:\Users\konstantinos.konstan\Documents\Visual Studio 2010\Projects\ClassLibrary7\ClassLibrary7\bin\Debug\ClassLibrary7.dll" executed="True" result="Failure" success="False" time="0.057" asserts="0">
    <results>
      <test-suite type="Namespace" name="ClassLibrary7" executed="True" result="Failure" success="False" time="0.047" asserts="0">
        <results>
          <test-suite type="TestFixture" name="Class1" executed="True" result="Failure" success="False" time="0.044" asserts="0">
            <results>
              <test-case name="ClassLibrary7.Class1.T" executed="True" result="Error" success="False" time="0.033" asserts="0">
                <failure>
                  <message><![CDATA[System.Exception : as]]></message>
                  <stack-trace><![CDATA[at ClassLibrary7.Class1.T() in c:\users\konstantinos.konstan\documents\visual studio 2010\Projects\ClassLibrary7\ClassLibrary7\Class1.cs:line 18
]]></stack-trace>
                </failure>
              </test-case>
            </results>
          </test-suite>
        </results>
      </test-suite>
    </results>
  </test-suite>
</test-results>