<?xml version="1.0" encoding="utf-8"?><test-suite name="" asserts="386" time="7459.5999784" success="False" xmlns:gallio="http://www.gallio.org/"><test-suite name="Wonga.QA.Tests" asserts="386" time="7451.0238163999993" success="False"><results><test-suite name="A1SmsTests" asserts="0" time="0.18082569999999998" success="True"><results /></test-suite><test-suite name="AcceptedLoanEmailTests" asserts="0" time="2.6728422" success="True"><results /></test-suite><test-suite name="AddBankAccountTests" asserts="2" time="47.836605999999996" success="True"><results><test-case name="Wonga.QA.Tests.Payments.AddBankAccountTests.AddBankAccountCaShouldAddTwoAccounts" asserts="0" time="13.8869521" success="True" executed="True" /><test-case name="Wonga.QA.Tests.Payments.AddBankAccountTests.AddBankAccountCaShouldAddTwoAccountsOfTheSameBranchInstituationNr" asserts="0" time="9.3619557" success="True" executed="True" /><test-case name="Wonga.QA.Tests.Payments.AddBankAccountTests.AddBankAccountCaShouldReturnAnErrorWhenAddingThe3RdAccount" asserts="0" time="12.0469285" success="True" executed="True" /><test-case name="Wonga.QA.Tests.Payments.AddBankAccountTests.GetBankAccountsCaShouldReturnCannotAddBankAccountsAfterTwoAccountsHaveBeenAdded" asserts="0" time="0.0076139999999999992" success="True" executed="False"><reason><message><![CDATA[This has been rolled back and will be refactored as part of CA-1589]]></message></reason></test-case><test-case name="Wonga.QA.Tests.Payments.AddBankAccountTests.GetBankAccountsShouldReturnTheAccount" asserts="2" time="12.4615639" success="True" executed="True" /></results></test-suite><test-suite name="AddBusinessBankAccountTests" asserts="0" time="0.024270399999999998" success="True"><results /></test-suite><test-suite name="AddDirectorCommandTests" asserts="0" time="0.0158003" success="True"><results /></test-suite><test-suite name="AddPersonalPaymentCardCsApiCommandTests" asserts="0" time="0.0062543999999999994" success="True"><results /></test-suite><test-suite name="ApiJourneys" asserts="1" time="302.0437589" success="True"><results><test-case name="Wonga.QA.Tests.Api.ApiJourneys.ApiL0JourneyAccepted" asserts="0" time="25.165303599999998" success="True" executed="True" /><test-case name="Wonga.QA.Tests.Api.ApiJourneys.ApiL0JourneyDeclined" asserts="0" time="15.8327318" success="True" executed="True" /><test-case name="Wonga.QA.Tests.Api.ApiJourneys.ApiLnJourneyAccepted" asserts="0" time="58.4824297" success="True" executed="True" /><test-case name="Wonga.QA.Tests.Api.ApiJourneys.ApiLnJourneyDeclined" asserts="0" time="45.9126129" success="True" executed="True" /><test-case name="Wonga.QA.Tests.Api.ApiJourneys.ApiNoMobilePhoneL0JourneyAccepted" asserts="0" time="27.726792" success="True" executed="True" /><test-case name="Wonga.QA.Tests.Api.ApiJourneys.ApiNoMobilePhoneL0JourneyDeclined" asserts="0" time="14.755072199999999" success="True" executed="True" /><test-case name="Wonga.QA.Tests.Api.ApiJourneys.ApiNoMobilePhoneLnJourneyAccepted" asserts="0" time="47.127280899999995" success="True" executed="True" /><test-case name="Wonga.QA.Tests.Api.ApiJourneys.ApiNoMobilePhoneLnJourneyDeclined" asserts="0" time="38.6848836" success="True" executed="True" /><test-case name="Wonga.QA.Tests.Api.ApiJourneys.ApiRepayingOnDueDateClosesApplication" asserts="1" time="28.306064" success="True" executed="True" /></results></test-suite><test-suite name="BankGatewayCa" asserts="2" time="188.09456949999998" success="True"><results><test-case name="Wonga.QA.Tests.BankGateway.BankGatewayCa.WhenCustomerEntersAnApplicationWithAnInvalidBankAccountThenBankGatewayShouldUpdateTransactionAsFailed" asserts="0" time="28.4472705" success="True" executed="True" /><test-case name="Wonga.QA.Tests.BankGateway.BankGatewayCa.WhenCustomerEntersInstitionNumber002ThenBankGatewayShouldRouteTransactionToScotia" asserts="0" time="22.0321225" success="True" executed="True" /><test-case name="Wonga.QA.Tests.BankGateway.BankGatewayCa.WhenCustomerLoanIsFundedBankGatewayShouldUpdateCashOutTransactionToStatusOfPaid" asserts="0" time="25.954695599999997" success="True" executed="True" /><test-case name="Wonga.QA.Tests.BankGateway.BankGatewayCa.WhenCustomerLoanIsRepaidBankGatewayShouldUpdateCashInTransactionToStatusOfPaid" asserts="1" time="35.686855699999995" success="True" executed="True" /><test-case name="Wonga.QA.Tests.BankGateway.BankGatewayCa.WhenMultipleScotiaTransactionsAreHandledTogetherThenBankGatewayShouldHandleThemAsABatch" asserts="1" time="75.8473722" success="True" executed="True" /></results></test-suite><test-suite name="BankGatewayCaBmo" asserts="2" time="569.11430269999994" success="True"><results><test-case name="Wonga.QA.Tests.BankGateway.BankGatewayCaBmo.PositiveFileAcknowledgementShouldBePersisted" asserts="1" time="22.506243899999998" success="True" executed="True" /><test-case name="Wonga.QA.Tests.BankGateway.BankGatewayCaBmo.RejectedSendPaymentShouldUpdateTransactionStatusAndPersistAck" asserts="0" time="25.469142299999998" success="True" executed="True" /><test-case name="Wonga.QA.Tests.BankGateway.BankGatewayCaBmo.SettlementInvalidCrossreferenceNumberShouldPersistAck" asserts="0" time="23.216734799999998" success="True" executed="True" /><test-case name="Wonga.QA.Tests.BankGateway.BankGatewayCaBmo.WhenBmoReturnsAnAckFileDeft220ThenBankGatewayShouldRecordTheFileAndTransactionNumberInTheAcksTable" asserts="0" time="24.193540199999997" success="True" executed="True" /><test-case name="Wonga.QA.Tests.BankGateway.BankGatewayCaBmo.WhenCustomerEntersInstitutionNumber001ThenBankGatewayShouldRouteTransactionToBmo" asserts="0" time="23.882955499999998" success="True" executed="True" /><test-case name="Wonga.QA.Tests.BankGateway.BankGatewayCaBmo.WhenCustomerEntersInValidBmoBankAccountNumberThenBankGatewayShouldUpdateTransactionAsFailed" asserts="0" time="22.2963806" success="True" executed="True" /><test-case name="Wonga.QA.Tests.BankGateway.BankGatewayCaBmo.WhenCustomerEntersValidBmoBankAccountNumberThenBankGatewayShouldUpdateTransactionAsPaid" asserts="0" time="25.9078824" success="True" executed="True" /><test-case name="Wonga.QA.Tests.BankGateway.BankGatewayCaBmo.WhenLoanGoesToBmoThenItShouldRecieveSettlementReport200ToIndicateASuccessfulCashOut" asserts="0" time="24.2287866" success="True" executed="True" /><test-case name="Wonga.QA.Tests.BankGateway.BankGatewayCaBmo.NegativeFileAcknowledgementShouldBePersistedAndAllTransactionsRejected" asserts="0" time="50.505002999999995" success="True" executed="True" /><test-case name="Wonga.QA.Tests.BankGateway.BankGatewayCaBmo.RejectedInvalidCrossreferenceNumberShouldPersistAck" asserts="0" time="24.7362899" success="True" executed="True" /><test-case name="Wonga.QA.Tests.BankGateway.BankGatewayCaBmo.RejectedValidAndInvalidCrossreferenceNumberShouldProcessValid" asserts="0" time="49.6687685" success="True" executed="True" /><test-case name="Wonga.QA.Tests.BankGateway.BankGatewayCaBmo.SettlementSendPaymentsAcceptedAndRejectedInOneBatchShouldUpdateTransactionStatusAndPersistAck" asserts="0" time="50.0326586" success="True" executed="True" /><test-case name="Wonga.QA.Tests.BankGateway.BankGatewayCaBmo.SettlementSendPaymentsInOneBatchShouldUpdateTransactionStatusAndPersistAck" asserts="0" time="72.5801871" success="True" executed="True" /><test-case name="Wonga.QA.Tests.BankGateway.BankGatewayCaBmo.SettlementValidAndInvalidCrossreferenceNumberShouldProcessValid" asserts="0" time="48.9359865" success="True" executed="True" /><test-case name="Wonga.QA.Tests.BankGateway.BankGatewayCaBmo.WhenBmoReturnsAnInvalidFileThenBankGatewayShouldUpdateTransactionAsFailed" asserts="0" time="0.00033319999999999997" success="True" executed="False"><reason><message><![CDATA[This will fail until the correct file formats are added]]></message></reason></test-case><test-case name="Wonga.QA.Tests.BankGateway.BankGatewayCaBmo.WhenMultipleBmoTransactionsAreHandledTogetherThenBankGatewayShouldHandleThemAsABatch" asserts="1" time="80.8561493" success="True" executed="True" /></results></test-suite><test-suite name="BankGatewayCaRbc" asserts="2" time="299.2412789" success="True"><results><test-case name="Wonga.QA.Tests.BankGateway.BankGatewayCaRbc.WhenCustomerEntersAnApplicationAndRbcRejectsTheTransactionThenBankGatewayShouldUpdateTransactionAsFailed" asserts="0" time="21.6571768" success="True" executed="True" /><test-case name="Wonga.QA.Tests.BankGateway.BankGatewayCaRbc.WhenCustomerEntersAnApplicationAndRbcWarnsTheTransactionThenBankGatewayShouldUpdateTransactionAsSuccess" asserts="0" time="23.7092074" success="True" executed="True" /><test-case name="Wonga.QA.Tests.BankGateway.BankGatewayCaRbc.WhenCustomerEntersInstitutionNumber003ThenBankGatewayShouldRouteTransactionToRbc" asserts="0" time="23.241540999999998" success="True" executed="True" /><test-case name="Wonga.QA.Tests.BankGateway.BankGatewayCaRbc.WhenCustomerLoanIsFundedBankGatewayShouldUpdateCashOutTransactionToStatusOfPaid" asserts="0" time="22.3239448" success="True" executed="True" /><test-case name="Wonga.QA.Tests.BankGateway.BankGatewayCaRbc.WhenCustomerLoanIsRepaidBankGatewayShouldUpdateCashInTransactionToStatusOfPaid" asserts="1" time="37.0645855" success="True" executed="True" /><test-case name="Wonga.QA.Tests.BankGateway.BankGatewayCaRbc.WhenRbcReturnsAnAllInputRecordsReportFileThenBankGatewayShouldRecordTheFileAndTransactionNumberInTheAcksTable" asserts="0" time="26.1386243" success="True" executed="True" /><test-case name="Wonga.QA.Tests.BankGateway.BankGatewayCaRbc.WhenRbcReturnsReturnedItemsRecordsReportFileThenBankGatewayShouldRecordTheFileAndTransactionNumberInTheAcksTable" asserts="0" time="22.2498091" success="True" executed="True" /><test-case name="Wonga.QA.Tests.BankGateway.BankGatewayCaRbc.WhenMultipleCustomersEnterTransactionsTheTransactionsShouldBeBatchTogetherAndSentToRbcInOneFile" asserts="1" time="74.5680769" success="True" executed="True" /><test-case name="Wonga.QA.Tests.BankGateway.BankGatewayCaRbc.WhenRbcReturnsAnAllInputRecordAndAReturnedItemsFileThenBankGatewayShouldUpdateTransactionAsPaidAndFailed" asserts="0" time="48.0751997" success="True" executed="True" /></results></test-suite><test-suite name="BankGatewayServices" asserts="4" time="0.13877509999999998" success="True"><results><test-case name="Wonga.QA.Tests.BankGateway.BankGatewayServices.BankGatewayServiceIsRunning" asserts="4" time="0.13282049999999998" success="True" executed="True" /></results></test-suite><test-suite name="BiServiceTests" asserts="1" time="0.032370499999999996" success="True"><results><test-case name="Wonga.QA.Tests.Bi.BiServiceTests.BiServiceIsRunning" asserts="1" time="0.026850299999999997" success="True" executed="True" /></results></test-suite><test-suite name="BlacklistServiceTests" asserts="1" time="0.014632299999999999" success="True"><results><test-case name="Wonga.QA.Tests.Blacklist.BlacklistServiceTests.BlacklistServiceIsRunning" asserts="1" time="0.0090271" success="True" executed="True" /></results></test-suite><test-suite name="BureauResponseCachingTests" asserts="0" time="0.0143819" success="True"><results /></test-suite><test-suite name="BusinessAccountSummaryTests" asserts="0" time="0.012771099999999999" success="True"><results /></test-suite><test-suite name="BusinessLoanCalculationTests" asserts="0" time="0.0122753" success="True"><results /></test-suite><test-suite name="BusinessRemoveFromArrearsTests" asserts="0" time="0.015697199999999998" success="True"><results /></test-suite><test-suite name="CallReportServiceTests" asserts="0" time="0.0056462" success="True"><results /></test-suite><test-suite name="CallValidateServiceTests" asserts="0" time="0.0053322" success="True"><results /></test-suite><test-suite name="CardPaymentServiceTests" asserts="0" time="0.0075416999999999993" success="True"><results /></test-suite><test-suite name="CheckpointAccountNumberApplicationsAcceptableTests" asserts="10" time="127.46237459999999" success="True"><results><test-case name="Wonga.QA.Tests.Risk.Checkpoints.CheckpointAccountNumberApplicationsAcceptableTests.GivenExistingCustomer_WhenFeatureSwitchIsConfigured_ThenApplicationWorkflowDoesNotContainCheckpoint" asserts="4" time="77.873020099999991" success="True" executed="True" /><test-case name="Wonga.QA.Tests.Risk.Checkpoints.CheckpointAccountNumberApplicationsAcceptableTests.GivenNewCustomer_WhenFeatureSwitchIsConfigured_ThenCheckApplicationWorkflowContainsCheckpoint" asserts="4" time="25.2726483" success="True" executed="True" /><test-case name="Wonga.QA.Tests.Risk.Checkpoints.CheckpointAccountNumberApplicationsAcceptableTests.L0_NumberOfApplicationsBelowThresholdAccepted" asserts="2" time="24.302509099999998" success="True" executed="True" /></results></test-suite><test-suite name="CheckpointApplicationDeviceNotOnBlacklistTests" asserts="6" time="76.823342599999989" success="True"><results><test-case name="Wonga.QA.Tests.Risk.Checkpoints.CheckpointApplicationDeviceNotOnBlacklistTests.L0IovationAllowIsAccepted" asserts="2" time="41.7022191" success="True" executed="True" /><test-case name="Wonga.QA.Tests.Risk.Checkpoints.CheckpointApplicationDeviceNotOnBlacklistTests.L0IovationDenyIsDeclined" asserts="2" time="10.7738883" success="True" executed="True" /><test-case name="Wonga.QA.Tests.Risk.Checkpoints.CheckpointApplicationDeviceNotOnBlacklistTests.L0IovationReview" asserts="0" time="0.0011512" success="True" executed="False"><reason><message><![CDATA[]]></message></reason></test-case><test-case name="Wonga.QA.Tests.Risk.Checkpoints.CheckpointApplicationDeviceNotOnBlacklistTests.L0IovationUnknownIsAccepted" asserts="2" time="24.3118737" success="True" executed="True" /></results></test-suite><test-suite name="CheckpointApplicationElementNotOnCsBlacklist" asserts="0" time="0.0187951" success="True"><results /></test-suite><test-suite name="CheckpointApplicationElementNotOnCSBlacklistTests" asserts="1" time="120.885779" success="True"><results><test-case name="Wonga.QA.Tests.Risk.Checkpoints.CheckpointApplicationElementNotOnCSBlacklistTests.L0_CheckpointApplicationElementNotOnCSBlacklist_Accept" asserts="1" time="21.2906416" success="True" executed="True" /><test-case name="Wonga.QA.Tests.Risk.Checkpoints.CheckpointApplicationElementNotOnCSBlacklistTests.L0_CheckpointApplicationElementNotOnCSBlacklist_Decline" asserts="0" time="11.8571092" success="True" executed="True" /><test-case name="Wonga.QA.Tests.Risk.Checkpoints.CheckpointApplicationElementNotOnCSBlacklistTests.LN_CheckpointApplicationElementNotOnCSBlacklist_Accept" asserts="0" time="48.803212599999995" success="True" executed="True" /><test-case name="Wonga.QA.Tests.Risk.Checkpoints.CheckpointApplicationElementNotOnCSBlacklistTests.LN_CheckpointApplicationElementNotOnCSBlacklist_Decline" asserts="0" time="38.9171841" success="True" executed="True" /></results></test-suite><test-suite name="CheckpointBankAccountIsValidTests" asserts="0" time="0.0081309" success="True"><results /></test-suite><test-suite name="CheckpointCreditBureauDataIsAvailable" asserts="0" time="0.0092039" success="True"><results /></test-suite><test-suite name="CheckpointDirectFraudTests" asserts="2" time="50.073759599999995" success="True"><results><test-case name="Wonga.QA.Tests.Risk.Checkpoints.CheckpointDirectFraudTests.LnShouldPassEidCheck" asserts="2" time="50.0658287" success="True" executed="True" /></results></test-suite><test-suite name="CheckpointGeneralManualVerificationAccepted" asserts="0" time="0.0101862" success="True"><results /></test-suite><test-suite name="CheckpointMobilePhoneIsUniqueTests" asserts="0" time="0.015861999999999998" success="True"><results /></test-suite><test-suite name="CheckpointMonthlyIncomeEnoughForRepaymentTests" asserts="0" time="0.0256172" success="True"><results /></test-suite><test-suite name="CheckpointRepaymentPredictionPositiveTestsCa" asserts="8" time="83.9276994" success="True"><results><test-case name="Wonga.QA.Tests.Risk.Checkpoints.CheckpointRepaymentPredictionPositiveTestsCa.CheckpointRepaymentPredictionPositiveCorrectCutoffL0" asserts="1" time="0.012016299999999999" success="True" executed="True" /><test-case name="Wonga.QA.Tests.Risk.Checkpoints.CheckpointRepaymentPredictionPositiveTestsCa.CheckpointRepaymentPredictionPositiveCorrectScorecardUsedL0" asserts="1" time="0.007114" success="True" executed="True" /><test-case name="Wonga.QA.Tests.Risk.Checkpoints.CheckpointRepaymentPredictionPositiveTestsCa.CheckpointRepaymentPredictionPositiveL0Accept" asserts="1" time="29.062517999999997" success="True" executed="True" /><test-case name="Wonga.QA.Tests.Risk.Checkpoints.CheckpointRepaymentPredictionPositiveTestsCa.CheckpointRepaymentPredictionPositiveL0Decline" asserts="1" time="17.1536804" success="True" executed="True" /><test-case name="Wonga.QA.Tests.Risk.Checkpoints.CheckpointRepaymentPredictionPositiveTestsCa.VerifyLnCustomersAreNotBlockedByScoreCardForAccepted" asserts="0" time="0.0002103" success="True" executed="False"><reason><message><![CDATA[This Checkpoint is not part of the LN workflow any more.. keeping this to be used in future when we implement LN scorecard]]></message></reason></test-case><test-case name="Wonga.QA.Tests.Risk.Checkpoints.CheckpointRepaymentPredictionPositiveTestsCa.VerifyLnCustomersAreNotBlockedByScoreCardForDeclined" asserts="2" time="21.164625299999997" success="True" executed="True" /><test-case name="Wonga.QA.Tests.Risk.Checkpoints.CheckpointRepaymentPredictionPositiveTestsCa.VerifyTurningOnScorecardDoesNotAfftectLnForAccepted" asserts="0" time="0.0001958" success="True" executed="False"><reason><message><![CDATA[This Checkpoint is not part of the LN workflow any more.. keeping this to be used in future when we implement LN scorecard]]></message></reason></test-case><test-case name="Wonga.QA.Tests.Risk.Checkpoints.CheckpointRepaymentPredictionPositiveTestsCa.VerifyTurningOnScorecardDoesNotAfftectLnForDeclined" asserts="2" time="16.4924528" success="True" executed="True" /></results></test-suite><test-suite name="CheckpointsTests" asserts="0" time="0.0094383" success="True"><results /></test-suite><test-suite name="CheckpointsTests" asserts="0" time="0.17063979999999998" success="True"><results /></test-suite><test-suite name="CheckpointsTests" asserts="0" time="0.1177085" success="True"><results /></test-suite><test-suite name="CheckpointsTests" asserts="0" time="0.0552355" success="True"><results /></test-suite><test-suite name="CheckpointsTests" asserts="0" time="0.0361763" success="True"><results /></test-suite><test-suite name="CheckpointSuspiciousActivity" asserts="0" time="0.0179492" success="True"><results /></test-suite><test-suite name="CheckpointTests" asserts="0" time="0.1009192" success="True"><results /></test-suite><test-suite name="CheckpointTooManyLoansAtAddressTest" asserts="0" time="0.012649299999999999" success="True"><results /></test-suite><test-suite name="ColdStorageServiceTests" asserts="0" time="0.0076316" success="True"><results /></test-suite><test-suite name="CollectionsCommunicationsChaseForDca" asserts="24" time="368.5829497" success="True"><results><test-case name="Wonga.QA.Tests.Payments.CollectionsCommunicationsChaseForDca.WhenLoanGoesIntoArrearsForBcCustomerThenA2EmailShouldBeSentOnDay0WithoutDefaultChargeBeingApplied" asserts="4" time="31.816102299999997" success="True" executed="True" /><test-case name="Wonga.QA.Tests.Payments.CollectionsCommunicationsChaseForDca.WhenLoanGoesIntoArrearsThenA2EmailShouldBeSentOnDay0" asserts="4" time="29.0496591" success="True" executed="True" /><test-case name="Wonga.QA.Tests.Payments.CollectionsCommunicationsChaseForDca.WhenLoanGoesIntoArrearsThenA3EmailShouldBeSentOnDay6" asserts="4" time="34.807259" success="True" executed="True" /><test-case name="Wonga.QA.Tests.Payments.CollectionsCommunicationsChaseForDca.WhenLoanGoesIntoArrearsThenA4EmailShouldBeSentOnDay13" asserts="4" time="34.2245257" success="True" executed="True" /><test-case name="Wonga.QA.Tests.Payments.CollectionsCommunicationsChaseForDca.WhenLoanGoesIntoArrearsThenA5EmailShouldBeSentOnDay20" asserts="4" time="38.3075332" success="True" executed="True" /><test-case name="Wonga.QA.Tests.Payments.CollectionsCommunicationsChaseForDca.WhenLoanGoesIntoArrearsThenA6EmailShouldBeSentOnDay27" asserts="4" time="43.1861108" success="True" executed="True" /><test-case name="Wonga.QA.Tests.Payments.CollectionsCommunicationsChaseForDca.WhenLoanGoesIntoArrearsThenThereShouldBeNoEmailSentOnDay34" asserts="0" time="157.1623488" success="True" executed="True" /></results></test-suite><test-suite name="CommsServiceTests" asserts="1" time="0.036686699999999996" success="True"><results><test-case name="Wonga.QA.Tests.Comms.CommsServiceTests.CommsServiceIsRunning" asserts="1" time="0.0197474" success="True" executed="True" /></results></test-suite><test-suite name="ContactManagementServiceTests" asserts="0" time="0.0059096" success="True"><results /></test-suite><test-suite name="CreateApplicationTests" asserts="0" time="0.0098082" success="True"><results /></test-suite><test-suite name="CsapiCreateTransactionTest" asserts="0" time="0.022303899999999998" success="True"><results /></test-suite><test-suite name="CsExtendFixedTermLoanTest" asserts="0" time="0.0097246" success="True"><results /></test-suite><test-suite name="CustomerTests" asserts="0" time="0.07296119999999999" success="True"><results /></test-suite><test-suite name="DcaCommandTests" asserts="0" time="0.0560568" success="True"><results /></test-suite><test-suite name="DocumentGenerationServiceTests" asserts="0" time="0.0062020999999999995" success="True"><results /></test-suite><test-suite name="DocumentsEmailsTests" asserts="0" time="0.0203028" success="True"><results /></test-suite><test-suite name="EarlyRepaymentTests" asserts="2" time="63.0173184" success="True"><results><test-suite name="GivenACustomerFromOntarioWithAnActiveLoan" asserts="2" time="63.013329" success="True"><results><test-suite name="WhenTheLoanHasAnEarlyFullRepayment" asserts="1" time="30.962085599999998" success="True"><results><test-case name="Wonga.QA.Tests.Payments.EarlyRepaymentTests+GivenACustomerFromOntarioWithAnActiveLoan+WhenTheLoanHasAnEarlyFullRepayment.ThenTheApplicationShouldClose" asserts="1" time="30.9500565" success="True" executed="True" /></results></test-suite><test-suite name="WhenTheLoanHasAnEarlyPartialRepaymentAndIsDue" asserts="1" time="32.039875099999996" success="True"><results><test-case name="Wonga.QA.Tests.Payments.EarlyRepaymentTests+GivenACustomerFromOntarioWithAnActiveLoan+WhenTheLoanHasAnEarlyPartialRepaymentAndIsDue.ThenTheApplicationShouldNotClose" asserts="1" time="32.035516199999996" success="True" executed="True" /></results></test-suite></results></test-suite></results></test-suite><test-suite name="EidTests" asserts="0" time="355.73214909999996" success="True"><results><test-case name="Wonga.QA.Tests.Risk.EidTests.Eid_OneCorrectAnswer_OneCorrectAnswer_OneCorrectAnswer_Declined" asserts="0" time="24.165139099999998" success="True" executed="True" /><test-case name="Wonga.QA.Tests.Risk.EidTests.Eid_OneCorrectAnswer_OneCorrectAnswer_TwoCorrectAnswers_Accepted" asserts="0" time="41.3815166" success="True" executed="True" /><test-case name="Wonga.QA.Tests.Risk.EidTests.Eid_OneCorrectAnswer_OneCorrectAnswer_ZeroCorrectAnswers_Declined" asserts="0" time="25.654593199999997" success="True" executed="True" /><test-case name="Wonga.QA.Tests.Risk.EidTests.Eid_OneCorrectAnswer_TwoCorrectAnswers_Accepted" asserts="0" time="38.4403126" success="True" executed="True" /><test-case name="Wonga.QA.Tests.Risk.EidTests.Eid_OneCorrectAnswer_ZeroCorrectAnswers_OneCorrectAnswer_Declined" asserts="0" time="23.6625026" success="True" executed="True" /><test-case name="Wonga.QA.Tests.Risk.EidTests.Eid_OneCorrectAnswer_ZeroCorrectAnswers_TwoCorrectAnswer_Accepted" asserts="0" time="40.3168156" success="True" executed="True" /><test-case name="Wonga.QA.Tests.Risk.EidTests.Eid_OneCorrectAnswer_ZeroCorrectAnswers_ZeroCorrectAnswers_Declined" asserts="0" time="28.9686214" success="True" executed="True" /><test-case name="Wonga.QA.Tests.Risk.EidTests.Eid_TwoCorrectAnswers_Accepted" asserts="0" time="32.6942421" success="True" executed="True" /><test-case name="Wonga.QA.Tests.Risk.EidTests.Eid_ZeroCorrectAnswers_OneCorrectAnswer_Declined" asserts="0" time="23.5316075" success="True" executed="True" /><test-case name="Wonga.QA.Tests.Risk.EidTests.Eid_ZeroCorrectAnswers_ThreeCorrectAnswers_Accepted" asserts="0" time="34.2035403" success="True" executed="True" /><test-case name="Wonga.QA.Tests.Risk.EidTests.Eid_ZeroCorrectAnswers_TwoCorrectAnswers_Declined" asserts="0" time="21.0292769" success="True" executed="True" /><test-case name="Wonga.QA.Tests.Risk.EidTests.Eid_ZeroCorrectAnswers_ZeroCorrectAnswers_Declined" asserts="0" time="21.5909868" success="True" executed="True" /></results></test-suite><test-suite name="EmailServiceTests" asserts="1" time="0.0297819" success="True"><results><test-case name="Wonga.QA.Tests.Email.EmailServiceTests.EmailServiceIsRunning" asserts="1" time="0.0222693" success="True" executed="True" /></results></test-suite><test-suite name="EquifaxServiceTests" asserts="1" time="0.0162115" success="True"><results><test-case name="Wonga.QA.Tests.Equifax.EquifaxServiceTests.EquifaxServiceIsRunning" asserts="1" time="0.0096484" success="True" executed="True" /></results></test-suite><test-suite name="ExperianBulkServiceTests" asserts="0" time="0.005744" success="True"><results /></test-suite><test-suite name="ExperianServiceTests" asserts="0" time="0.0063942999999999995" success="True"><results /></test-suite><test-suite name="ExtensionSmsTests" asserts="0" time="0.0320445" success="True"><results /></test-suite><test-suite name="ExternalDebtCollectionTests" asserts="10" time="417.48323059999996" success="True"><results><test-case name="Wonga.QA.Tests.Payments.ExternalDebtCollectionTests.RevokeApplicationFromDcaShouldAddARevokeRecordToDebtCollections" asserts="0" time="43.0220519" success="True" executed="True" /><test-case name="Wonga.QA.Tests.Payments.ExternalDebtCollectionTests.ShouldCreateADebtCollectionRecord" asserts="1" time="54.871305899999996" success="True" executed="True" /><test-case name="Wonga.QA.Tests.Payments.ExternalDebtCollectionTests.ShouldNotCreateADebtCollectionRecordIfAChargeBackOccurred" asserts="1" time="36.8003804" success="True" executed="True" /><test-case name="Wonga.QA.Tests.Payments.ExternalDebtCollectionTests.ShouldNotCreateADebtCollectionRecordIfInDispute" asserts="1" time="47.196874099999995" success="True" executed="True" /><test-case name="Wonga.QA.Tests.Payments.ExternalDebtCollectionTests.ShouldNotCreateADebtCollectionRecordIfInHardship" asserts="1" time="37.548643399999996" success="True" executed="True" /><test-case name="Wonga.QA.Tests.Payments.ExternalDebtCollectionTests.ShouldRejectCommandBecauseApplicationDoesNotExist" asserts="1" time="0.1528755" success="True" executed="True" /><test-case name="Wonga.QA.Tests.Payments.ExternalDebtCollectionTests.ShouldRejectCommandBecauseApplicationHasNotBeenMovedToDca" asserts="1" time="24.657063299999997" success="True" executed="True" /><test-case name="Wonga.QA.Tests.Payments.ExternalDebtCollectionTests.ShouldRejectCommandBecauseApplicationWasNotSpecified" asserts="1" time="0.0290268" success="True" executed="True" /><test-case name="Wonga.QA.Tests.Payments.ExternalDebtCollectionTests.When31DaysPassedAndArrearsCollectionSucceededThenShouldNotMoveApplicationToDca" asserts="1" time="69.443459699999991" success="True" executed="True" /><test-case name="Wonga.QA.Tests.Payments.ExternalDebtCollectionTests.When31DaysPassedThenShouldMoveApplicationToDca" asserts="0" time="35.1240308" success="True" executed="True" /><test-case name="Wonga.QA.Tests.Payments.ExternalDebtCollectionTests.WhenApplicationMovedToDcaInterestAcrualShouldBeSuppressed" asserts="1" time="34.161958" success="True" executed="True" /><test-case name="Wonga.QA.Tests.Payments.ExternalDebtCollectionTests.WhenApplicationMovedToDcaSalesForceStatusShouldBeUpdated" asserts="0" time="0.0002519" success="True" executed="False"><reason><message><![CDATA[SF takes too long to respond and therefore test keeps timing out]]></message></reason></test-case><test-case name="Wonga.QA.Tests.Payments.ExternalDebtCollectionTests.WhenApplicationRevokedFromDcaInterestAcrualShouldBeRessumed" asserts="1" time="34.4251319" success="True" executed="True" /></results></test-suite><test-suite name="FasterPaymentsTests" asserts="4" time="141.54284909999998" success="True"><results><test-case name="Wonga.QA.Tests.BankGateway.FasterPaymentsTests.ShouldGenerateAndWriteThePinDescritorBmo" asserts="1" time="41.6019848" success="True" executed="True" /><test-case name="Wonga.QA.Tests.BankGateway.FasterPaymentsTests.ShouldGenerateAndWriteThePinDescritorScotia" asserts="1" time="31.1507434" success="True" executed="True" /><test-case name="Wonga.QA.Tests.BankGateway.FasterPaymentsTests.ShouldUseThePinDescritorOnNextCashinScotia" asserts="2" time="68.7486096" success="True" executed="True" /></results></test-suite><test-suite name="FileStorageServiceTests" asserts="1" time="0.036688399999999996" success="True"><results><test-case name="Wonga.QA.Tests.FileStorage.FileStorageServiceTests.FileStorageServiceIsRunning" asserts="1" time="0.0241122" success="True" executed="True" /></results></test-suite><test-suite name="FixedTermLoanExtensionTests" asserts="0" time="0.029260099999999997" success="True"><results /></test-suite><test-suite name="FixedTermLoanRepayTest" asserts="0" time="0.0063568999999999995" success="True"><results /></test-suite><test-suite name="GenerateRepaymentNumberTest" asserts="0" time="0.0264206" success="True"><results /></test-suite><test-suite name="GetAccountOptionsTests" asserts="0" time="0.0681703" success="True"><results /></test-suite><test-suite name="GetAccountSummaryQueryTests" asserts="4" time="105.6210389" success="True"><results><test-case name="Wonga.QA.Tests.Payments.GetAccountSummaryQueryTests.GetAccountSummary_WhenNoPreferredCashoutPaymentMethod_ThenGetNullCashoutPaymentMethod" asserts="1" time="22.7590526" success="True" executed="True" /><test-case name="Wonga.QA.Tests.Payments.GetAccountSummaryQueryTests.GetAccountSummary_WhenPreferredCashoutPaymentMethod_ThenGetExpectedCashoutPaymentMethod" asserts="3" time="82.8379539" success="True" executed="True" /></results></test-suite><test-suite name="GetAccountSummaryTests" asserts="0" time="0.0070136999999999994" success="True"><results /></test-suite><test-suite name="GetBusinessApplicationSummaryCsapiQuery" asserts="0" time="0.012277999999999999" success="True"><results /></test-suite><test-suite name="GetBusinessFixedInstallmentLoanCalculationTests" asserts="0" time="0.01688" success="True"><results /></test-suite><test-suite name="GetBusinessFixedInstallmentLoanOfferTests" asserts="0" time="0.010971999999999999" success="True"><results /></test-suite><test-suite name="GetFixedTermLoanCalculationQueryTests" asserts="6" time="0.5105869" success="True"><results><test-case name="Wonga.QA.Tests.Payments.Queries.GetFixedTermLoanCalculationQueryTests.GetFixedTermLoanCalculationQuery_ShouldReturnTermBetweenMinAndMaxProductTerm_WhenNoPromoCodeIsSpecified" asserts="6" time="0.5028052" success="True" executed="True" /></results></test-suite><test-suite name="GetFixedTermLoanExtensionQuoteTests" asserts="0" time="0.0123535" success="True"><results /></test-suite><test-suite name="GetLoanAgreementsCsapiQueryTests" asserts="0" time="0.017995" success="True"><results /></test-suite><test-suite name="GetLoanExtensionPaymentStatusQueryTest" asserts="0" time="0.014789" success="True"><results /></test-suite><test-suite name="GetPersonalPaymentCardsCsapiQueryTests" asserts="0" time="0.0081024" success="True"><results /></test-suite><test-suite name="GetRepayLoanPaymentStatusQueryTests" asserts="0" time="0.0173784" success="True"><results /></test-suite><test-suite name="GetTransactionsCsapiQuery" asserts="0" time="0.0189574" success="True"><results /></test-suite><test-suite name="GetValidTransactionTypesQueryTest" asserts="0" time="0.0064300999999999994" success="True"><results /></test-suite><test-suite name="GraydonServiceTests" asserts="0" time="0.0057973" success="True"><results /></test-suite><test-suite name="HpiServiceTests" asserts="0" time="0.0055764" success="True"><results /></test-suite><test-suite name="IncomingPartnerPaymentCommandTests" asserts="0" time="0.0419455" success="True"><results /></test-suite><test-suite name="IncomingPartnerPaymentQueryTest" asserts="0" time="0.0068284999999999995" success="True"><results /></test-suite><test-suite name="IovationServiceTests" asserts="1" time="0.0172767" success="True"><results><test-case name="Wonga.QA.Tests.Iovation.IovationServiceTests.IovationServiceIsRunning" asserts="1" time="0.0115333" success="True" executed="True" /></results></test-suite><test-suite name="L0RiskApiCheckpointAndVerificationTests" asserts="91" time="417.7959581" success="True"><results><test-case name="Wonga.QA.Tests.Risk.RiskApiTests.L0RiskApiCheckpointAndVerificationTests.GivenL0Applicant_WhenApplicationDeviceIsOnBlacklist_ThenDeclined" asserts="6" time="16.360421499999998" success="True" executed="True" /><test-case name="Wonga.QA.Tests.Risk.RiskApiTests.L0RiskApiCheckpointAndVerificationTests.GivenL0Applicant_WhenApplicationDeviceNotOnBlacklist_ThenIsAccepted" asserts="6" time="29.4718387" success="True" executed="True" /><test-case name="Wonga.QA.Tests.Risk.RiskApiTests.L0RiskApiCheckpointAndVerificationTests.GivenL0Applicant_WhenBankAccountDoesNotMatchApplicant_ThenIsDeclined" asserts="4" time="13.2183514" success="True" executed="True" /><test-case name="Wonga.QA.Tests.Risk.RiskApiTests.L0RiskApiCheckpointAndVerificationTests.GivenL0Applicant_WhenCreditBureauDataIsNotAvailable_ThenIsDeclined" asserts="5" time="19.895112899999997" success="True" executed="True" /><test-case name="Wonga.QA.Tests.Risk.RiskApiTests.L0RiskApiCheckpointAndVerificationTests.GivenL0Applicant_WhenCustomerDateOfBirthIsCorrect_ThenIsAccepted" asserts="5" time="28.4924894" success="True" executed="True" /><test-case name="Wonga.QA.Tests.Risk.RiskApiTests.L0RiskApiCheckpointAndVerificationTests.GivenL0Applicant_WhenDirectFraudCheck_ThenIsDeclined" asserts="5" time="15.1022649" success="True" executed="True" /><test-case name="Wonga.QA.Tests.Risk.RiskApiTests.L0RiskApiCheckpointAndVerificationTests.GivenL0Applicant_WhenElementNotOnCsBlacklist_ThenIsAccepted" asserts="6" time="23.2320864" success="True" executed="True" /><test-case name="Wonga.QA.Tests.Risk.RiskApiTests.L0RiskApiCheckpointAndVerificationTests.GivenL0Applicant_WhenIsEmployed_ThenIsAccepted" asserts="5" time="25.8957062" success="True" executed="True" /><test-case name="Wonga.QA.Tests.Risk.RiskApiTests.L0RiskApiCheckpointAndVerificationTests.GivenL0Applicant_WhenIsNotDeceased_ThenIsAccepted" asserts="5" time="26.9405795" success="True" executed="True" /><test-case name="Wonga.QA.Tests.Risk.RiskApiTests.L0RiskApiCheckpointAndVerificationTests.GivenL0Applicant_WhenIsNotMinor_ThenIsAccepted" asserts="5" time="22.4213284" success="True" executed="True" /><test-case name="Wonga.QA.Tests.Risk.RiskApiTests.L0RiskApiCheckpointAndVerificationTests.GivenL0Applicant_WhenIsNotMinorOnBritishColumbia_ThenIsDeclined" asserts="5" time="9.9363295999999988" success="True" executed="True" /><test-case name="Wonga.QA.Tests.Risk.RiskApiTests.L0RiskApiCheckpointAndVerificationTests.GivenL0Applicant_WhenIsSolvent_ThenIsAccepted" asserts="5" time="29.6971338" success="True" executed="True" /><test-case name="Wonga.QA.Tests.Risk.RiskApiTests.L0RiskApiCheckpointAndVerificationTests.GivenL0Applicant_WhenMonthlyIncomeEnoughForRepayment_ThenIsAccepted" asserts="6" time="33.924844" success="True" executed="True" /><test-case name="Wonga.QA.Tests.Risk.RiskApiTests.L0RiskApiCheckpointAndVerificationTests.GivenL0Applicant_WhenMonthlyIncomeNotEnoughForRepayment_ThenIsDeclined" asserts="6" time="21.9602379" success="True" executed="True" /><test-case name="Wonga.QA.Tests.Risk.RiskApiTests.L0RiskApiCheckpointAndVerificationTests.GivenL0Applicant_WhenNoSuspiciousApplicationActivity_ThenIsAccepted" asserts="5" time="24.6017147" success="True" executed="True" /><test-case name="Wonga.QA.Tests.Risk.RiskApiTests.L0RiskApiCheckpointAndVerificationTests.GivenL0Applicant_WhenApplicationDeviceBlacklistTimesout_ThenIsAccepted" asserts="12" time="76.5862303" success="True" executed="True" /></results></test-suite><test-suite name="LnRiskApiCheckpointAndVerificationTests" asserts="68" time="680.5907622" success="True"><results><test-case name="Wonga.QA.Tests.Risk.RiskApiTests.LnRiskApiCheckpointAndVerificationTests.GivenLNApplicant_WhenApplicationDeviceIsOnBlacklist_ThenDeclined" asserts="6" time="43.2809175" success="True" executed="True" /><test-case name="Wonga.QA.Tests.Risk.RiskApiTests.LnRiskApiCheckpointAndVerificationTests.GivenLNApplicant_WhenApplicationDeviceNotOnBlacklist_ThenIsAccepted" asserts="6" time="55.1589721" success="True" executed="True" /><test-case name="Wonga.QA.Tests.Risk.RiskApiTests.LnRiskApiCheckpointAndVerificationTests.GivenLNApplicant_WhenBankAccountDoesNotMatchApplicant_ThenIsDeclined" asserts="4" time="42.9389989" success="True" executed="True" /><test-case name="Wonga.QA.Tests.Risk.RiskApiTests.LnRiskApiCheckpointAndVerificationTests.GivenLNApplicant_WhenCreditBureauDataIsNotAvailable_ThenIsDeclined" asserts="5" time="46.3789744" success="True" executed="True" /><test-case name="Wonga.QA.Tests.Risk.RiskApiTests.LnRiskApiCheckpointAndVerificationTests.GivenLNApplicant_WhenCustomerDateOfBirthIsCorrect_ThenIsAccepted" asserts="5" time="59.1600742" success="True" executed="True" /><test-case name="Wonga.QA.Tests.Risk.RiskApiTests.LnRiskApiCheckpointAndVerificationTests.GivenLNApplicant_WhenDirectFraudCheck_ThenIsAccepted" asserts="5" time="54.5191768" success="True" executed="True" /><test-case name="Wonga.QA.Tests.Risk.RiskApiTests.LnRiskApiCheckpointAndVerificationTests.GivenLNApplicant_WhenElementNotOnCsBlacklist_ThenIsAccepted" asserts="6" time="58.8549787" success="True" executed="True" /><test-case name="Wonga.QA.Tests.Risk.RiskApiTests.LnRiskApiCheckpointAndVerificationTests.GivenLNApplicant_WhenIsEmployed_ThenIsAccepted" asserts="5" time="51.2807354" success="True" executed="True" /><test-case name="Wonga.QA.Tests.Risk.RiskApiTests.LnRiskApiCheckpointAndVerificationTests.GivenLNApplicant_WhenIsNotDeceased_ThenIsAccepted" asserts="5" time="50.7833182" success="True" executed="True" /><test-case name="Wonga.QA.Tests.Risk.RiskApiTests.LnRiskApiCheckpointAndVerificationTests.GivenLNApplicant_WhenIsNotMinor_ThenIsAccepted" asserts="5" time="52.5212455" success="True" executed="True" /><test-case name="Wonga.QA.Tests.Risk.RiskApiTests.LnRiskApiCheckpointAndVerificationTests.GivenLNApplicant_WhenIsSolvent_ThenIsAccepted" asserts="5" time="57.616005099999995" success="True" executed="True" /><test-case name="Wonga.QA.Tests.Risk.RiskApiTests.LnRiskApiCheckpointAndVerificationTests.GivenLNApplicant_WhenMonthlyIncomeEnoughForRepayment_ThenIsAccepted" asserts="6" time="51.516946399999995" success="True" executed="True" /><test-case name="Wonga.QA.Tests.Risk.RiskApiTests.LnRiskApiCheckpointAndVerificationTests.GivenLNApplicant_WhenNoSuspiciousApplicationActivity_ThenIsAccepted" asserts="5" time="56.5324363" success="True" executed="True" /></results></test-suite><test-suite name="LoanAgreementDocumentTests" asserts="18" time="253.4217952" success="True"><results><test-suite name="GivenACustomerFromAlberta" asserts="6" time="86.3799418" success="True"><results><test-suite name="WhenTheySignALoanApplication" asserts="6" time="86.3743461" success="True"><results><test-case name="Wonga.QA.Tests.Comms.LoanAgreementDocumentTests+GivenACustomerFromAlberta+WhenTheySignALoanApplication.ThenALoanAgreementIsCreated" asserts="0" time="27.8967371" success="True" executed="True" /><test-case name="Wonga.QA.Tests.Comms.LoanAgreementDocumentTests+GivenACustomerFromAlberta+WhenTheySignALoanApplication.ThenAPreAuthorisedDebitFormIsCreated" asserts="0" time="24.2180017" success="True" executed="True" /><test-case name="Wonga.QA.Tests.Comms.LoanAgreementDocumentTests+GivenACustomerFromAlberta+WhenTheySignALoanApplication.ThenTheCustomerIsEmailedTheLoanAgreementsDocuments" asserts="6" time="24.718278899999998" success="True" executed="True" /></results></test-suite></results></test-suite><test-suite name="GivenACustomerFromBritishColumbia" asserts="6" time="82.2189811" success="True"><results><test-suite name="WhenTheySignALoanApplication" asserts="6" time="82.211195199999992" success="True"><results><test-case name="Wonga.QA.Tests.Comms.LoanAgreementDocumentTests+GivenACustomerFromBritishColumbia+WhenTheySignALoanApplication.ThenALoanAgreementIsCreated" asserts="0" time="23.1178222" success="True" executed="True" /><test-case name="Wonga.QA.Tests.Comms.LoanAgreementDocumentTests+GivenACustomerFromBritishColumbia+WhenTheySignALoanApplication.ThenAPreAuthorisedDebitFormIsCreated" asserts="0" time="26.0672984" success="True" executed="True" /><test-case name="Wonga.QA.Tests.Comms.LoanAgreementDocumentTests+GivenACustomerFromBritishColumbia+WhenTheySignALoanApplication.ThenTheCustomerIsEmailedTheLoanAgreementsDocuments" asserts="6" time="25.878252099999997" success="True" executed="True" /></results></test-suite></results></test-suite><test-suite name="GivenACustomerFromOntario" asserts="6" time="84.8042717" success="True"><results><test-suite name="WhenTheySignALoanApplication" asserts="6" time="84.797698" success="True"><results><test-case name="Wonga.QA.Tests.Comms.LoanAgreementDocumentTests+GivenACustomerFromOntario+WhenTheySignALoanApplication.ThenALoanAgreementIsCreated" asserts="0" time="24.3982453" success="True" executed="True" /><test-case name="Wonga.QA.Tests.Comms.LoanAgreementDocumentTests+GivenACustomerFromOntario+WhenTheySignALoanApplication.ThenAPreAuthorisedDebitFormIsCreated" asserts="0" time="25.775643499999997" success="True" executed="True" /><test-case name="Wonga.QA.Tests.Comms.LoanAgreementDocumentTests+GivenACustomerFromOntario+WhenTheySignALoanApplication.ThenTheCustomerIsEmailedTheLoanAgreementsDocuments" asserts="6" time="24.9349411" success="True" executed="True" /></results></test-suite></results></test-suite></results></test-suite><test-suite name="LoanDueNotificationSagaTests" asserts="0" time="0.0805283" success="True"><results /></test-suite><test-suite name="MarketingServiceTests" asserts="1" time="0.16194899999999998" success="True"><results><test-case name="Wonga.QA.Tests.Marketing.MarketingServiceTests.MarketingServiceIsRunning" asserts="1" time="0.15450339999999999" success="True" executed="True" /></results></test-suite><test-suite name="MatchingTests" asserts="0" time="0.010839" success="True"><results /></test-suite><test-suite name="MobilePhoneTests" asserts="0" time="0.0237105" success="True"><results /></test-suite><test-suite name="MoveApplicationToDcaTests" asserts="0" time="0.0352779" success="True"><results /></test-suite><test-suite name="OpsServiceTests" asserts="1" time="0.020315899999999998" success="True"><results><test-case name="Wonga.QA.Tests.Ops.OpsServiceTests.OpsServiceIsRunning" asserts="1" time="0.0103965" success="True" executed="True" /></results></test-suite><test-suite name="PadRepresentmentOptimization" asserts="14" time="259.66247599999997" success="False"><results><test-case name="Wonga.QA.Tests.Payments.PadRepresentmentOptimization.WhenACustomerGoesIntoArrearsThenAnAttemptToRetrieve33PercentOfTheBalanceShouldBeMadeOnTheNextPayDate" asserts="6" time="40.939927499999996" success="True" executed="True" /><test-case name="Wonga.QA.Tests.Payments.PadRepresentmentOptimization.WhenTheFirstPadRepresentmentForACustomerInArrearsFailsThenThereShouldBeNoMoreAttemptsToRetrieveMoneyFromTheCustomer" asserts="1" time="37.2333723" success="True" executed="True" /><test-case name="Wonga.QA.Tests.Payments.PadRepresentmentOptimization.WhenTheFirstPadRepresentmentForACustomerInArrearsIsSuccessfulThenASecondAttemptToRetrieve50PercentOfTheBalanceShouldBeMadeOnTheNextPayDate" asserts="4" time="41.8474023" success="True" executed="True" /><test-case name="Wonga.QA.Tests.Payments.PadRepresentmentOptimization.WhenTheSecondPadRepresentmentForACustomerInArrearsFailsThenThereShouldBeNoMoreAttemptsToRetrieveMoneyFromTheCustomer" asserts="1" time="40.2401464" success="True" executed="True" /><test-case name="Wonga.QA.Tests.Payments.PadRepresentmentOptimization.WhenTheSecondPadRepresentmentForACustomerInArrearsIsSuccessfulThenAThirdAttemptToRetrieveTheRemainingBalanceShouldBeMadeOnTheNextPayDate" asserts="1" time="49.1348724" success="False" executed="True"><failure><message><![CDATA[Expected value to be true.
Actual Value : false


]]></message><stack-trace><![CDATA[   at CallSite.Target(Closure , CallSite , Type , Object )
   at System.Dynamic.UpdateDelegates.UpdateAndExecuteVoid2[T0,T1](CallSite site, T0 arg0, T1 arg1)
   at Wonga.QA.Tests.Payments.PadRepresentmentOptimization.WhenTheSecondPadRepresentmentForACustomerInArrearsIsSuccessfulThenAThirdAttemptToRetrieveTheRemainingBalanceShouldBeMadeOnTheNextPayDate() in d:\qa_rel_ca_be_at\src\Wonga.QA.Tests\Wonga.QA.Tests.Payments\PadRepresentmentOptimization.cs:line 365

Wonga.QA.Framework.Api.ApiEndpoint: <Messages xmlns="http://www.wonga.com/api/3.0" xmlns:xsi="http://www.w3.org/2001/XMLSchema-instance">
  <CreateAccount>
    <AccountId>fb7a6004-a141-46f8-96bf-d789a11034f6</AccountId>
    <Login>qa.wonga.com+TEAMCITY11-f83dccb2-b92b-4186-8a05-00449ee0b788@gmail.com</Login>
    <Password>Passw0rd</Password>
  </CreateAccount>
  <SaveSocialDetails>
    <AccountId>fb7a6004-a141-46f8-96bf-d789a11034f6</AccountId>
    <MaritalStatus>LivingTogether</MaritalStatus>
    <OccupancyStatus>SocialHousing</OccupancyStatus>
    <Dependants>0</Dependants>
    <VehicleRegistration xsi:nil="true" />
  </SaveSocialDetails>
  <SaveContactPreferences>
    <AccountId>fb7a6004-a141-46f8-96bf-d789a11034f6</AccountId>
    <AcceptMarketingContact>true</AcceptMarketingContact>
  </SaveContactPreferences>
  <SavePasswordRecoveryDetails>
    <AccountId>fb7a6004-a141-46f8-96bf-d789a11034f6</AccountId>
    <SecretQuestion>rhUXUYciAfLwfNPlzvXZermBXZisgJ</SecretQuestion>
    <SecretAnswer>AGmuOuSLptgMUtRuBODCNfUcmkDfAo</SecretAnswer>
  </SavePasswordRecoveryDetails>
  <SaveCustomerDetails>
    <AccountId>fb7a6004-a141-46f8-96bf-d789a11034f6</AccountId>
    <DateOfBirth>1961-01-13</DateOfBirth>
    <Title>Miss</Title>
    <Gender>Female</Gender>
    <Forename>JnJMf</Forename>
    <Surname>iGkUnbw</Surname>
    <MiddleName>MiddleName</MiddleName>
    <HomePhone>0218420053</HomePhone>
    <WorkPhone>0210000000</WorkPhone>
    <Email>qa.wonga.com+TEAMCITY11-f83dccb2-b92b-4186-8a05-00449ee0b788@gmail.com</Email>
    <NationalNumber xsi:nil="true" />
  </SaveCustomerDetails>
  <RiskSaveCustomerDetails>
    <AccountId>fb7a6004-a141-46f8-96bf-d789a11034f6</AccountId>
    <Gender>Female</Gender>
    <Forename>JnJMf</Forename>
    <Surname>iGkUnbw</Surname>
    <MiddleName>MiddleName</MiddleName>
    <HomePhone>0218420053</HomePhone>
    <WorkPhone>0210000000</WorkPhone>
    <Email>qa.wonga.com+TEAMCITY11-f83dccb2-b92b-4186-8a05-00449ee0b788@gmail.com</Email>
    <MobilePhone>0210000000</MobilePhone>
    <DateOfBirth>1961-01-13</DateOfBirth>
    <MaidenName xsi:nil="true" />
  </RiskSaveCustomerDetails>
  <SaveCustomerAddress>
    <AddressId>10ef56bd-2275-40aa-a692-3bf19c55e6a1</AddressId>
    <AccountId>fb7a6004-a141-46f8-96bf-d789a11034f6</AccountId>
    <Flat>fONg</Flat>
    <HouseNumber>26</HouseNumber>
    <HouseName>iPDwPfnl</HouseName>
    <Street>QEbLGhVsNeTWiGd</Street>
    <District>VnSqeOCxDUmkuhC</District>
    <Town>GiENRnVjruURaPP</Town>
    <County>QuDeagwhdAPtuzy</County>
    <Postcode>K0A0A0</Postcode>
    <CountryCode>CA</CountryCode>
    <AtAddressFrom>2008-06-21</AtAddressFrom>
    <AtAddressTo xsi:nil="true" />
    <Province>ON</Province>
    <PoBox xsi:nil="true" />
  </SaveCustomerAddress>
  <RiskSaveCustomerAddress>
    <AddressId>89292a7c-0611-4d35-998e-e0f7dab2aae4</AddressId>
    <AccountId>fb7a6004-a141-46f8-96bf-d789a11034f6</AccountId>
    <Flat>fONg</Flat>
    <HouseNumber>26</HouseNumber>
    <HouseName>iPDwPfnl</HouseName>
    <Street>QEbLGhVsNeTWiGd</Street>
    <District>VnSqeOCxDUmkuhC</District>
    <Town>GiENRnVjruURaPP</Town>
    <County>QuDeagwhdAPtuzy</County>
    <Postcode>K0A0A0</Postcode>
    <SubRegion>ON</SubRegion>
  </RiskSaveCustomerAddress>
  <AddBankAccount>
    <AccountId>fb7a6004-a141-46f8-96bf-d789a11034f6</AccountId>
    <BankAccountId>cb37192c-429c-4018-890c-8aad994de041</BankAccountId>
    <BankName>HSBC Bank Canada</BankName>
    <BranchNumber>00018</BranchNumber>
    <InstitutionNumber>002</InstitutionNumber>
    <AccountNumber>9765345</AccountNumber>
    <HolderName>First Name Last Name</HolderName>
    <AccountOpenDate>2008-06-21T11:01:55</AccountOpenDate>
    <CountryCode>CA</CountryCode>
    <IsPrimary>true</IsPrimary>
  </AddBankAccount>
  <RiskAddBankAccount>
    <AccountId>fb7a6004-a141-46f8-96bf-d789a11034f6</AccountId>
    <BankAccountId>cb37192c-429c-4018-890c-8aad994de041</BankAccountId>
    <BankName>HSBC Bank Canada</BankName>
    <AccountNumber>9765345</AccountNumber>
  </RiskAddBankAccount>
  <SaveEmploymentDetails>
    <AccountId>fb7a6004-a141-46f8-96bf-d789a11034f6</AccountId>
    <NetMonthlyIncome>1500</NetMonthlyIncome>
    <IncomeFrequency>BiWeekly</IncomeFrequency>
    <NextPayDate>2012-07-01</NextPayDate>
    <Status>EmployedFullTime</Status>
    <EmploymentIndustry>Finance</EmploymentIndustry>
    <EmploymentPosition>RestaurantFoodServices</EmploymentPosition>
    <EmployerName>TESTEmployedMask</EmployerName>
    <StartDate>2011-06-21</StartDate>
    <PaidDirectDeposit>true</PaidDirectDeposit>
  </SaveEmploymentDetails>
  <VerifyMobilePhone>
    <VerificationId>3e883d76-5a0c-4b05-9cbc-cddd1209455a</VerificationId>
    <AccountId>fb7a6004-a141-46f8-96bf-d789a11034f6</AccountId>
    <MobilePhone>9876543219</MobilePhone>
    <Forename>Forename</Forename>
  </VerifyMobilePhone>
  <CompleteMobilePhoneVerification>
    <VerificationId>3e883d76-5a0c-4b05-9cbc-cddd1209455a</VerificationId>
    <Pin>0000</Pin>
  </CompleteMobilePhoneVerification>
  <RiskAddMobilePhone>
    <AccountId>fb7a6004-a141-46f8-96bf-d789a11034f6</AccountId>
    <MobilePhone>9876543219</MobilePhone>
  </RiskAddMobilePhone>
</Messages>
Wonga.QA.Framework.Api.ApiResponse: <Messages xmlns="http://www.wonga.com/api/3.0">
  <ResponseMessage RequestType="CreateAccount" />
  <ResponseMessage RequestType="SaveSocialDetails" />
  <ResponseMessage RequestType="SaveContactPreferences" />
  <ResponseMessage RequestType="SavePasswordRecoveryDetails" />
  <ResponseMessage RequestType="SaveCustomerDetails" />
  <ResponseMessage RequestType="RiskSaveCustomerDetails" />
  <ResponseMessage RequestType="SaveCustomerAddress" />
  <ResponseMessage RequestType="RiskSaveCustomerAddress" />
  <ResponseMessage RequestType="AddBankAccount" />
  <ResponseMessage RequestType="RiskAddBankAccount" />
  <ResponseMessage RequestType="SaveEmploymentDetails" />
  <ResponseMessage RequestType="VerifyMobilePhone" />
  <ResponseMessage RequestType="CompleteMobilePhoneVerification" />
  <ResponseMessage RequestType="RiskAddMobilePhone" />
</Messages>
Simple.Data.Ado: 
Text
select [ops].[Accounts].[AccountId],[ops].[Accounts].[ExternalId],[ops].[Accounts].[Login],[ops].[Accounts].[CreatedOn],[ops].[Accounts].[Password],[ops].[Accounts].[Salt],[ops].[Accounts].[InitialDataMigratedOn] from [ops].[Accounts] WHERE [ops].[Accounts].[ExternalId] = @p1
@p1 (Guid) = fb7a6004-a141-46f8-96bf-d789a11034f6

Simple.Data.Ado: 
Text
select [payment].[AccountPreferences].[AccountPreferenceId],[payment].[AccountPreferences].[AccountId],[payment].[AccountPreferences].[PrimaryBankAccountId],[payment].[AccountPreferences].[PrimaryPaymentCardId],[payment].[AccountPreferences].[TimeZone],[payment].[AccountPreferences].[IsHardship],[payment].[AccountPreferences].[CreatedOn],[payment].[AccountPreferences].[RemindBeforeEndLoan],[payment].[AccountPreferences].[IsDispute],[payment].[AccountPreferences].[Ccin],[payment].[AccountPreferences].[CanAddBankAccount],[payment].[AccountPreferences].[IncomeFrequency],[payment].[AccountPreferences].[NextPayDate],[payment].[AccountPreferences].[CreditLimit],[payment].[AccountPreferences].[CashoutPaymentMethodId],[payment].[AccountPreferences].[AccountReference] from [payment].[AccountPreferences] WHERE [payment].[AccountPreferences].[AccountId] = @p1
@p1 (Guid) = fb7a6004-a141-46f8-96bf-d789a11034f6

Simple.Data.Ado: 
Text
select [payment].[AccountPreferences].[AccountPreferenceId],[payment].[AccountPreferences].[AccountId],[payment].[AccountPreferences].[PrimaryBankAccountId],[payment].[AccountPreferences].[PrimaryPaymentCardId],[payment].[AccountPreferences].[TimeZone],[payment].[AccountPreferences].[IsHardship],[payment].[AccountPreferences].[CreatedOn],[payment].[AccountPreferences].[RemindBeforeEndLoan],[payment].[AccountPreferences].[IsDispute],[payment].[AccountPreferences].[Ccin],[payment].[AccountPreferences].[CanAddBankAccount],[payment].[AccountPreferences].[IncomeFrequency],[payment].[AccountPreferences].[NextPayDate],[payment].[AccountPreferences].[CreditLimit],[payment].[AccountPreferences].[CashoutPaymentMethodId],[payment].[AccountPreferences].[AccountReference] from [payment].[AccountPreferences] WHERE [payment].[AccountPreferences].[AccountId] = @p1
@p1 (Guid) = fb7a6004-a141-46f8-96bf-d789a11034f6

Simple.Data.Ado: 
Text
select [risk].[RiskAccounts].[RiskAccountId],[risk].[RiskAccounts].[AccountId],[risk].[RiskAccounts].[AccountRank],[risk].[RiskAccounts].[DateOfBirth],[risk].[RiskAccounts].[AddressId],[risk].[RiskAccounts].[Postcode],[risk].[RiskAccounts].[IsDebtSale],[risk].[RiskAccounts].[CreditLimit],[risk].[RiskAccounts].[ConfirmedFraud],[risk].[RiskAccounts].[Surname],[risk].[RiskAccounts].[IsHardship],[risk].[RiskAccounts].[IsDispute],[risk].[RiskAccounts].[SubRegion],[risk].[RiskAccounts].[DoNotRelend],[risk].[RiskAccounts].[IsMale],[risk].[RiskAccounts].[MaidenName],[risk].[RiskAccounts].[Forename],[risk].[RiskAccounts].[Middlename],[risk].[RiskAccounts].[HasAccount],[risk].[RiskAccounts].[AtAddressFrom],[risk].[RiskAccounts].[AddressUniqueHash],[risk].[RiskAccounts].[isChargeBack] from [risk].[RiskAccounts] WHERE [risk].[RiskAccounts].[AccountId] = @p1
@p1 (Guid) = fb7a6004-a141-46f8-96bf-d789a11034f6

Simple.Data.Ado: 
Text
select [risk].[RiskAccounts].[RiskAccountId],[risk].[RiskAccounts].[AccountId],[risk].[RiskAccounts].[AccountRank],[risk].[RiskAccounts].[DateOfBirth],[risk].[RiskAccounts].[AddressId],[risk].[RiskAccounts].[Postcode],[risk].[RiskAccounts].[IsDebtSale],[risk].[RiskAccounts].[CreditLimit],[risk].[RiskAccounts].[ConfirmedFraud],[risk].[RiskAccounts].[Surname],[risk].[RiskAccounts].[IsHardship],[risk].[RiskAccounts].[IsDispute],[risk].[RiskAccounts].[SubRegion],[risk].[RiskAccounts].[DoNotRelend],[risk].[RiskAccounts].[IsMale],[risk].[RiskAccounts].[MaidenName],[risk].[RiskAccounts].[Forename],[risk].[RiskAccounts].[Middlename],[risk].[RiskAccounts].[HasAccount],[risk].[RiskAccounts].[AtAddressFrom],[risk].[RiskAccounts].[AddressUniqueHash],[risk].[RiskAccounts].[isChargeBack] from [risk].[RiskAccounts] WHERE [risk].[RiskAccounts].[AccountId] = @p1
@p1 (Guid) = fb7a6004-a141-46f8-96bf-d789a11034f6

SELECT [t0].[BankAccountId], [t0].[ExternalId], [t0].[BankName], [t0].[BankCode], [t0].[AccountNumber], [t0].[AccountType], [t0].[HolderName], [t0].[AccountOpenDate], [t0].[CountryCode], [t0].[ValidatedOn], [t0].[ValidateFailedOn], [t0].[DeletedOn], [t0].[CreatedOn], [t0].[Version]
FROM [payment].[BankAccountsBase] AS [t0]
WHERE [t0].[ExternalId] = @p0
-- @p0: Input UniqueIdentifier (Size = -1; Prec = 0; Scale = 0) [cb37192c-429c-4018-890c-8aad994de041]
-- Context: SqlProvider(Sql2008) Model: AttributedMetaModel Build: 4.0.30319.1

SELECT [t0].[CalendarDateId], [t0].[Date], [t0].[IsBankHoliday], [t0].[CreatedOn]
FROM [payment].[CalendarDates] AS [t0]
WHERE ([t0].[IsBankHoliday] = 1) AND ([t0].[Date] >= @p0) AND ([t0].[Date] < @p1)
ORDER BY [t0].[Date]
-- @p0: Input Date (Size = -1; Prec = 0; Scale = 0) [21/06/2012 11:02:02]
-- @p1: Input Date (Size = -1; Prec = 0; Scale = 0) [22/07/2012 11:02:02]
-- Context: SqlProvider(Sql2008) Model: AttributedMetaModel Build: 4.0.30319.1

Wonga.QA.Framework.Api.ApiEndpoint: <Messages xmlns="http://www.wonga.com/api/3.0" xmlns:xsi="http://www.w3.org/2001/XMLSchema-instance">
  <SubmitApplicationBehaviour>
    <ApplicationId>a3ba2daa-973e-440d-9937-990a2e019743</ApplicationId>
    <TermSliderPosition>Min</TermSliderPosition>
    <AmountSliderPosition>Min</AmountSliderPosition>
  </SubmitApplicationBehaviour>
  <SubmitClientWatermark>
    <AccountId>fb7a6004-a141-46f8-96bf-d789a11034f6</AccountId>
    <ApplicationId>a3ba2daa-973e-440d-9937-990a2e019743</ApplicationId>
    <ClientIPAddress>127.0.0.1</ClientIPAddress>
    <BlackboxData>Unknown</BlackboxData>
  </SubmitClientWatermark>
  <CreateFixedTermLoanApplication>
    <AccountId>fb7a6004-a141-46f8-96bf-d789a11034f6</AccountId>
    <ApplicationId>a3ba2daa-973e-440d-9937-990a2e019743</ApplicationId>
    <PaymentCardId>d7ca30a8-ec5a-47c7-8ee7-7484510f1dc7</PaymentCardId>
    <BankAccountId>cb37192c-429c-4018-890c-8aad994de041</BankAccountId>
    <Currency>CAD</Currency>
    <PromiseDate>2012-07-02</PromiseDate>
    <LoanAmount>100</LoanAmount>
    <PromoCodeId xsi:nil="true" />
    <AffiliateId xsi:nil="true" />
    <Province>ON</Province>
  </CreateFixedTermLoanApplication>
  <RiskCreateFixedTermLoanApplication>
    <AccountId>fb7a6004-a141-46f8-96bf-d789a11034f6</AccountId>
    <ApplicationId>a3ba2daa-973e-440d-9937-990a2e019743</ApplicationId>
    <PaymentCardId>c548c3e5-927c-4e20-a75b-979ebd5647c1</PaymentCardId>
    <BankAccountId>cb37192c-429c-4018-890c-8aad994de041</BankAccountId>
    <Currency>CAD</Currency>
    <PromiseDate>2012-07-02</PromiseDate>
    <LoanAmount>100</LoanAmount>
  </RiskCreateFixedTermLoanApplication>
  <VerifyFixedTermLoan>
    <AccountId>fb7a6004-a141-46f8-96bf-d789a11034f6</AccountId>
    <ApplicationId>a3ba2daa-973e-440d-9937-990a2e019743</ApplicationId>
  </VerifyFixedTermLoan>
</Messages>
Wonga.QA.Framework.Api.ApiResponse: <Messages xmlns="http://www.wonga.com/api/3.0">
  <ResponseMessage RequestType="SubmitApplicationBehaviour" />
  <ResponseMessage RequestType="SubmitClientWatermark" />
  <ResponseMessage RequestType="CreateFixedTermLoanApplication" />
  <ResponseMessage RequestType="RiskCreateFixedTermLoanApplication" />
  <ResponseMessage RequestType="VerifyFixedTermLoan" />
</Messages>
Simple.Data.Ado: 
Text
select COUNT(*) from [risk].[RiskApplications] WHERE [risk].[RiskApplications].[ApplicationId] = @p1
@p1 (Guid) = a3ba2daa-973e-440d-9937-990a2e019743

Wonga.QA.Framework.Api.ApiEndpoint: <Messages xmlns="http://www.wonga.com/api/3.0" xmlns:xsi="http://www.w3.org/2001/XMLSchema-instance">
  <GetApplicationDecision>
    <ApplicationId>a3ba2daa-973e-440d-9937-990a2e019743</ApplicationId>
  </GetApplicationDecision>
</Messages>
Wonga.QA.Framework.Api.ApiResponse: <Messages xmlns="http://www.wonga.com/api/3.0">
  <ErrorResponseMessage RequestType="GetApplicationDecision">
    <Errors>
      <Error>
        <Name>Risk_Application_NotFound</Name>
      </Error>
    </Errors>
  </ErrorResponseMessage>
</Messages>
Wonga.QA.Framework.Api.ApiEndpoint: <Messages xmlns="http://www.wonga.com/api/3.0" xmlns:xsi="http://www.w3.org/2001/XMLSchema-instance">
  <GetApplicationDecision>
    <ApplicationId>a3ba2daa-973e-440d-9937-990a2e019743</ApplicationId>
  </GetApplicationDecision>
</Messages>
Wonga.QA.Framework.Api.ApiResponse: <Messages xmlns="http://www.wonga.com/api/3.0">
  <GetApplicationDecisionResponse RequestType="GetApplicationDecision">
    <ApplicationDecisionStatus>Accepted</ApplicationDecisionStatus>
    <TimeToComplete />
  </GetApplicationDecisionResponse>
</Messages>
Wonga.QA.Framework.Api.ApiEndpoint: <Messages xmlns="http://www.wonga.com/api/3.0" xmlns:xsi="http://www.w3.org/2001/XMLSchema-instance">
  <SignApplication>
    <AccountId>fb7a6004-a141-46f8-96bf-d789a11034f6</AccountId>
    <ApplicationId>a3ba2daa-973e-440d-9937-990a2e019743</ApplicationId>
  </SignApplication>
</Messages>
Wonga.QA.Framework.Api.ApiResponse: <Messages xmlns="http://www.wonga.com/api/3.0">
  <ResponseMessage RequestType="SignApplication" />
</Messages>
Wonga.QA.Framework.Api.ApiEndpoint: <Messages xmlns="http://www.wonga.com/api/3.0" xmlns:xsi="http://www.w3.org/2001/XMLSchema-instance">
  <GetAccountSummary>
    <AccountId>fb7a6004-a141-46f8-96bf-d789a11034f6</AccountId>
  </GetAccountSummary>
</Messages>
Wonga.QA.Framework.Api.ApiResponse: <Messages xmlns="http://www.wonga.com/api/3.0">
  <GetAccountSummaryResponse RequestType="GetAccountSummary">
    <HasCurrentLoan>false</HasCurrentLoan>
    <InArrears>false</InArrears>
    <ApplicationId p2:nil="true" xmlns:p2="http://www.w3.org/2001/XMLSchema-instance" />
    <AvailableCredit>400</AvailableCredit>
    <CurrentLoanDueDate p2:nil="true" xmlns:p2="http://www.w3.org/2001/XMLSchema-instance" />
    <CurrentLoanRepaymentAmountOnDueDate>0</CurrentLoanRepaymentAmountOnDueDate>
    <CurrentLoanAmountDueToday>0</CurrentLoanAmountDueToday>
    <CurrentLoanTopUpAvailable>false</CurrentLoanTopUpAvailable>
    <CurrentLoanExtendAvailable>false</CurrentLoanExtendAvailable>
    <CurrentLoanRepaymentPlanAvailable>false</CurrentLoanRepaymentPlanAvailable>
    <CurrentLoanFirstPingFailed>false</CurrentLoanFirstPingFailed>
    <CurrentLoanPromiseDate p2:nil="true" xmlns:p2="http://www.w3.org/2001/XMLSchema-instance" />
    <CorporateCreditorIdentificationNumber>QDF6786054</CorporateCreditorIdentificationNumber>
    <CashoutPaymentMethod p2:nil="true" xmlns:p2="http://www.w3.org/2001/XMLSchema-instance" />
    <HasCompletedLoan>false</HasCompletedLoan>
  </GetAccountSummaryResponse>
</Messages>
Wonga.QA.Framework.Api.ApiEndpoint: <Messages xmlns="http://www.wonga.com/api/3.0" xmlns:xsi="http://www.w3.org/2001/XMLSchema-instance">
  <GetAccountSummary>
    <AccountId>fb7a6004-a141-46f8-96bf-d789a11034f6</AccountId>
  </GetAccountSummary>
</Messages>
Wonga.QA.Framework.Api.ApiResponse: <Messages xmlns="http://www.wonga.com/api/3.0">
  <GetAccountSummaryResponse RequestType="GetAccountSummary">
    <HasCurrentLoan>true</HasCurrentLoan>
    <InArrears>false</InArrears>
    <ApplicationId>a3ba2daa-973e-440d-9937-990a2e019743</ApplicationId>
    <AvailableCredit>300.00</AvailableCredit>
    <CurrentLoanDueDate>2012-07-03T00:00:00</CurrentLoanDueDate>
    <CurrentLoanRepaymentAmountOnDueDate>110.00</CurrentLoanRepaymentAmountOnDueDate>
    <CurrentLoanAmountDueToday>100.00</CurrentLoanAmountDueToday>
    <CurrentLoanTopUpAvailable>true</CurrentLoanTopUpAvailable>
    <CurrentLoanExtendAvailable>false</CurrentLoanExtendAvailable>
    <CurrentLoanRepaymentPlanAvailable>false</CurrentLoanRepaymentPlanAvailable>
    <CurrentLoanFirstPingFailed>false</CurrentLoanFirstPingFailed>
    <CurrentLoanPromiseDate>2012-07-02T00:00:00</CurrentLoanPromiseDate>
    <CorporateCreditorIdentificationNumber>QDF6786054</CorporateCreditorIdentificationNumber>
    <CashoutPaymentMethod p2:nil="true" xmlns:p2="http://www.w3.org/2001/XMLSchema-instance" />
    <HasCompletedLoan>false</HasCompletedLoan>
  </GetAccountSummaryResponse>
</Messages>
SELECT [t0].[ApplicationId], [t0].[ExternalId], [t0].[AccountId], [t0].[ProductId], [t0].[Currency], [t0].[BankAccountGuid], [t0].[PaymentCardGuid], [t0].[PromoCodeId], [t0].[ApplicationDate], [t0].[SignedOn], [t0].[ClosedOn], [t0].[CreatedOn], [t0].[Version], [t0].[CanceledOn], [t0].[AcceptedOn], [t0].[DeclinedOn], [t0].[AbandonedOn], [t0].[LoanReference], [t0].[CashAdvanceFailedOn]
FROM [payment].[Applications] AS [t0]
WHERE [t0].[ExternalId] = @p0
-- @p0: Input UniqueIdentifier (Size = -1; Prec = 0; Scale = 0) [a3ba2daa-973e-440d-9937-990a2e019743]
-- Context: SqlProvider(Sql2008) Model: AttributedMetaModel Build: 4.0.30319.1

SELECT [t0].[TransactionId], [t0].[ExternalId], [t0].[ApplicationId], [t0].[PostedOn], [t0].[Scope], [t0].[Type], [t0].[Amount], [t0].[Mir], [t0].[Currency], [t0].[ComponentTransactionId], [t0].[Reference], [t0].[CreatedOn], [t0].[UserId], [t0].[SalesForceUsername]
FROM [payment].[Transactions] AS [t0]
WHERE [t0].[ApplicationId] = @p0
-- @p0: Input Int (Size = -1; Prec = 0; Scale = 0) [19295]
-- Context: SqlProvider(Sql2008) Model: AttributedMetaModel Build: 4.0.30319.1

SELECT [t0].[ApplicationId], [t0].[ExternalId], [t0].[AccountId], [t0].[ProductId], [t0].[Currency], [t0].[BankAccountGuid], [t0].[PaymentCardGuid], [t0].[PromoCodeId], [t0].[ApplicationDate], [t0].[SignedOn], [t0].[ClosedOn], [t0].[CreatedOn], [t0].[Version], [t0].[CanceledOn], [t0].[AcceptedOn], [t0].[DeclinedOn], [t0].[AbandonedOn], [t0].[LoanReference], [t0].[CashAdvanceFailedOn]
FROM [payment].[Applications] AS [t0]
WHERE [t0].[ExternalId] = @p0
-- @p0: Input UniqueIdentifier (Size = -1; Prec = 0; Scale = 0) [a3ba2daa-973e-440d-9937-990a2e019743]
-- Context: SqlProvider(Sql2008) Model: AttributedMetaModel Build: 4.0.30319.1

SELECT [t0].[TransactionId], [t0].[ExternalId], [t0].[ApplicationId], [t0].[PostedOn], [t0].[Scope], [t0].[Type], [t0].[Amount], [t0].[Mir], [t0].[Currency], [t0].[ComponentTransactionId], [t0].[Reference], [t0].[CreatedOn], [t0].[UserId], [t0].[SalesForceUsername]
FROM [payment].[Transactions] AS [t0]
WHERE [t0].[ApplicationId] = @p0
-- @p0: Input Int (Size = -1; Prec = 0; Scale = 0) [19295]
-- Context: SqlProvider(Sql2008) Model: AttributedMetaModel Build: 4.0.30319.1

SELECT [t0].[ApplicationId], [t0].[ExternalId], [t0].[AccountId], [t0].[ProductId], [t0].[Currency], [t0].[BankAccountGuid], [t0].[PaymentCardGuid], [t0].[PromoCodeId], [t0].[ApplicationDate], [t0].[SignedOn], [t0].[ClosedOn], [t0].[CreatedOn], [t0].[Version], [t0].[CanceledOn], [t0].[AcceptedOn], [t0].[DeclinedOn], [t0].[AbandonedOn], [t0].[LoanReference], [t0].[CashAdvanceFailedOn]
FROM [payment].[Applications] AS [t0]
WHERE [t0].[ExternalId] = @p0
-- @p0: Input UniqueIdentifier (Size = -1; Prec = 0; Scale = 0) [a3ba2daa-973e-440d-9937-990a2e019743]
-- Context: SqlProvider(Sql2008) Model: AttributedMetaModel Build: 4.0.30319.1

SELECT [t0].[TransactionId], [t0].[ExternalId], [t0].[ApplicationId], [t0].[PostedOn], [t0].[Scope], [t0].[Type], [t0].[Amount], [t0].[Mir], [t0].[Currency], [t0].[ComponentTransactionId], [t0].[Reference], [t0].[CreatedOn], [t0].[UserId], [t0].[SalesForceUsername]
FROM [payment].[Transactions] AS [t0]
WHERE [t0].[ApplicationId] = @p0
-- @p0: Input Int (Size = -1; Prec = 0; Scale = 0) [19295]
-- Context: SqlProvider(Sql2008) Model: AttributedMetaModel Build: 4.0.30319.1

SELECT [t0].[ApplicationId], [t0].[ExternalId], [t0].[AccountId], [t0].[ProductId], [t0].[Currency], [t0].[BankAccountGuid], [t0].[PaymentCardGuid], [t0].[PromoCodeId], [t0].[ApplicationDate], [t0].[SignedOn], [t0].[ClosedOn], [t0].[CreatedOn], [t0].[Version], [t0].[CanceledOn], [t0].[AcceptedOn], [t0].[DeclinedOn], [t0].[AbandonedOn], [t0].[LoanReference], [t0].[CashAdvanceFailedOn]
FROM [payment].[Applications] AS [t0]
WHERE [t0].[ExternalId] = @p0
-- @p0: Input UniqueIdentifier (Size = -1; Prec = 0; Scale = 0) [a3ba2daa-973e-440d-9937-990a2e019743]
-- Context: SqlProvider(Sql2008) Model: AttributedMetaModel Build: 4.0.30319.1

SELECT [t0].[TransactionId], [t0].[ExternalId], [t0].[ApplicationId], [t0].[PostedOn], [t0].[Scope], [t0].[Type], [t0].[Amount], [t0].[Mir], [t0].[Currency], [t0].[ComponentTransactionId], [t0].[Reference], [t0].[CreatedOn], [t0].[UserId], [t0].[SalesForceUsername]
FROM [payment].[Transactions] AS [t0]
WHERE [t0].[ApplicationId] = @p0
-- @p0: Input Int (Size = -1; Prec = 0; Scale = 0) [19295]
-- Context: SqlProvider(Sql2008) Model: AttributedMetaModel Build: 4.0.30319.1

SELECT [t0].[ApplicationId], [t0].[ExternalId], [t0].[AccountId], [t0].[ProductId], [t0].[Currency], [t0].[BankAccountGuid], [t0].[PaymentCardGuid], [t0].[PromoCodeId], [t0].[ApplicationDate], [t0].[SignedOn], [t0].[ClosedOn], [t0].[CreatedOn], [t0].[Version], [t0].[CanceledOn], [t0].[AcceptedOn], [t0].[DeclinedOn], [t0].[AbandonedOn], [t0].[LoanReference], [t0].[CashAdvanceFailedOn]
FROM [payment].[Applications] AS [t0]
WHERE [t0].[ExternalId] = @p0
-- @p0: Input UniqueIdentifier (Size = -1; Prec = 0; Scale = 0) [a3ba2daa-973e-440d-9937-990a2e019743]
-- Context: SqlProvider(Sql2008) Model: AttributedMetaModel Build: 4.0.30319.1

SELECT [t0].[TransactionId], [t0].[ExternalId], [t0].[ApplicationId], [t0].[PostedOn], [t0].[Scope], [t0].[Type], [t0].[Amount], [t0].[Mir], [t0].[Currency], [t0].[ComponentTransactionId], [t0].[Reference], [t0].[CreatedOn], [t0].[UserId], [t0].[SalesForceUsername]
FROM [payment].[Transactions] AS [t0]
WHERE [t0].[ApplicationId] = @p0
-- @p0: Input Int (Size = -1; Prec = 0; Scale = 0) [19295]
-- Context: SqlProvider(Sql2008) Model: AttributedMetaModel Build: 4.0.30319.1

SELECT [t0].[ApplicationId], [t0].[ExternalId], [t0].[AccountId], [t0].[ProductId], [t0].[Currency], [t0].[BankAccountGuid], [t0].[PaymentCardGuid], [t0].[PromoCodeId], [t0].[ApplicationDate], [t0].[SignedOn], [t0].[ClosedOn], [t0].[CreatedOn], [t0].[Version], [t0].[CanceledOn], [t0].[AcceptedOn], [t0].[DeclinedOn], [t0].[AbandonedOn], [t0].[LoanReference], [t0].[CashAdvanceFailedOn]
FROM [payment].[Applications] AS [t0]
WHERE [t0].[ExternalId] = @p0
-- @p0: Input UniqueIdentifier (Size = -1; Prec = 0; Scale = 0) [a3ba2daa-973e-440d-9937-990a2e019743]
-- Context: SqlProvider(Sql2008) Model: AttributedMetaModel Build: 4.0.30319.1

SELECT [t0].[TransactionId], [t0].[ExternalId], [t0].[ApplicationId], [t0].[PostedOn], [t0].[Scope], [t0].[Type], [t0].[Amount], [t0].[Mir], [t0].[Currency], [t0].[ComponentTransactionId], [t0].[Reference], [t0].[CreatedOn], [t0].[UserId], [t0].[SalesForceUsername]
FROM [payment].[Transactions] AS [t0]
WHERE [t0].[ApplicationId] = @p0
-- @p0: Input Int (Size = -1; Prec = 0; Scale = 0) [19295]
-- Context: SqlProvider(Sql2008) Model: AttributedMetaModel Build: 4.0.30319.1

SELECT [t0].[AccountPreferenceId], [t0].[AccountId], [t0].[PrimaryBankAccountId], [t0].[PrimaryPaymentCardId], [t0].[TimeZone], [t0].[IsHardship], [t0].[CreatedOn], [t0].[RemindBeforeEndLoan], [t0].[IsDispute], [t0].[Ccin], [t0].[CanAddBankAccount], [t0].[IncomeFrequency], [t0].[NextPayDate], [t0].[CreditLimit], [t0].[CashoutPaymentMethodId]
FROM [payment].[AccountPreferences] AS [t0]
WHERE [t0].[AccountId] = @p0
-- @p0: Input UniqueIdentifier (Size = -1; Prec = 0; Scale = 0) [fb7a6004-a141-46f8-96bf-d789a11034f6]
-- Context: SqlProvider(Sql2008) Model: AttributedMetaModel Build: 4.0.30319.1

SELECT [t0].[AccountPreferenceId], [t0].[AccountId], [t0].[PrimaryBankAccountId], [t0].[PrimaryPaymentCardId], [t0].[TimeZone], [t0].[IsHardship], [t0].[CreatedOn], [t0].[RemindBeforeEndLoan], [t0].[IsDispute], [t0].[Ccin], [t0].[CanAddBankAccount], [t0].[IncomeFrequency], [t0].[NextPayDate], [t0].[CreditLimit], [t0].[CashoutPaymentMethodId]
FROM [payment].[AccountPreferences] AS [t0]
WHERE [t0].[AccountId] = @p0
-- @p0: Input UniqueIdentifier (Size = -1; Prec = 0; Scale = 0) [fb7a6004-a141-46f8-96bf-d789a11034f6]
-- Context: SqlProvider(Sql2008) Model: AttributedMetaModel Build: 4.0.30319.1

SELECT [t0].[CalendarDateId], [t0].[Date], [t0].[IsBankHoliday], [t0].[CreatedOn]
FROM [payment].[CalendarDates] AS [t0]
WHERE ([t0].[IsBankHoliday] = 1) AND ([t0].[Date] >= @p0) AND ([t0].[Date] < @p1)
ORDER BY [t0].[Date]
-- @p0: Input Date (Size = -1; Prec = 0; Scale = 0) [01/07/2012 00:00:00]
-- @p1: Input Date (Size = -1; Prec = 0; Scale = 0) [02/08/2012 00:00:00]
-- Context: SqlProvider(Sql2008) Model: AttributedMetaModel Build: 4.0.30319.1

Simple.Data.Ado: 
Text
SELECT TOP 1 [payment].[Applications].[ApplicationId], [payment].[Applications].[ExternalId], [payment].[Applications].[AccountId], [payment].[Applications].[ProductId], [payment].[Applications].[Currency], [payment].[Applications].[BankAccountGuid], [payment].[Applications].[PaymentCardGuid], [payment].[Applications].[PromoCodeId], [payment].[Applications].[ApplicationDate], [payment].[Applications].[SignedOn], [payment].[Applications].[ClosedOn], [payment].[Applications].[CreatedOn], [payment].[Applications].[Version], [payment].[Applications].[CanceledOn], [payment].[Applications].[AcceptedOn], [payment].[Applications].[DeclinedOn], [payment].[Applications].[AbandonedOn], [payment].[Applications].[LoanReference], [payment].[Applications].[CashAdvanceFailedOn], [payment].[Applications].[ApplicationReference] from [payment].[Applications]  where [payment].[Applications].[ExternalId] = @p1
@p1 (Guid) = a3ba2daa-973e-440d-9937-990a2e019743

Simple.Data.Ado: 
Text
SELECT TOP 1 [payment].[Arrears].[ArrearId], [payment].[Arrears].[ApplicationId], [payment].[Arrears].[CreatedOn] from [payment].[Arrears]  where [payment].[Arrears].[ApplicationId] = @p1
@p1 (Int32) = 19295

Simple.Data.Ado: 
Text
select [payment].[Applications].[ApplicationId],[payment].[Applications].[ExternalId],[payment].[Applications].[AccountId],[payment].[Applications].[ProductId],[payment].[Applications].[Currency],[payment].[Applications].[BankAccountGuid],[payment].[Applications].[PaymentCardGuid],[payment].[Applications].[PromoCodeId],[payment].[Applications].[ApplicationDate],[payment].[Applications].[SignedOn],[payment].[Applications].[ClosedOn],[payment].[Applications].[CreatedOn],[payment].[Applications].[Version],[payment].[Applications].[CanceledOn],[payment].[Applications].[AcceptedOn],[payment].[Applications].[DeclinedOn],[payment].[Applications].[AbandonedOn],[payment].[Applications].[LoanReference],[payment].[Applications].[CashAdvanceFailedOn],[payment].[Applications].[ApplicationReference] from [payment].[Applications] WHERE [payment].[Applications].[ExternalId] = @p1
@p1 (Guid) = a3ba2daa-973e-440d-9937-990a2e019743

Simple.Data.Ado: 
Text
select [payment].[FixedTermLoanApplications].[ApplicationId],[payment].[FixedTermLoanApplications].[LoanAmount],[payment].[FixedTermLoanApplications].[MonthlyInterestRate],[payment].[FixedTermLoanApplications].[TransmissionFee],[payment].[FixedTermLoanApplications].[PromiseDate],[payment].[FixedTermLoanApplications].[NextDueDate],[payment].[FixedTermLoanApplications].[IsV2],[payment].[FixedTermLoanApplications].[ServiceFee],[payment].[FixedTermLoanApplications].[InitiationFee] from [payment].[FixedTermLoanApplications] WHERE [payment].[FixedTermLoanApplications].[ApplicationId] = @p1
@p1 (Int32) = 19295

Simple.Data.Ado: 
Text
select [risk].[RiskApplications].[RiskApplicationId],[risk].[RiskApplications].[ApplicationId],[risk].[RiskApplications].[AccountId],[risk].[RiskApplications].[Currency],[risk].[RiskApplications].[PromiseDate],[risk].[RiskApplications].[ApplicationDate],[risk].[RiskApplications].[LoanAmount],[risk].[RiskApplications].[PaymentCardId],[risk].[RiskApplications].[BankAccountId],[risk].[RiskApplications].[ClosedOn],[risk].[RiskApplications].[IsCanceled],[risk].[RiskApplications].[SignedOn],[risk].[RiskApplications].[OriginalLoanAmount],[risk].[RiskApplications].[IsCounterOffer],[risk].[RiskApplications].[ArrearsStartDate],[risk].[RiskApplications].[InArrearsDays],[risk].[RiskApplications].[CreditLimit],[risk].[RiskApplications].[TermLimit],[risk].[RiskApplications].[NCOAccepted],[risk].[RiskApplications].[PCOAccepted],[risk].[RiskApplications].[WasExtended],[risk].[RiskApplications].[WasTopUp],[risk].[RiskApplications].[UsedManualVerification],[risk].[RiskApplications].[PaymentTransactionCount],[risk].[RiskApplications].[ManualPaymentTransactionCount],[risk].[RiskApplications].[Decision],[risk].[RiskApplications].[EstimatedCompletionDate],[risk].[RiskApplications].[ApplicationBehaviourId],[risk].[RiskApplications].[MainCardRepayRate],[risk].[RiskApplications].[PriceTier],[risk].[RiskApplications].[GuarantorCount],[risk].[RiskApplications].[IsWrittenOff] from [risk].[RiskApplications] WHERE [risk].[RiskApplications].[ApplicationId] = @p1
@p1 (Guid) = a3ba2daa-973e-440d-9937-990a2e019743

Simple.Data.Ado: 
Text
SELECT TOP 1 [payment].[FixedTermLoanApplications].[ApplicationId], [payment].[FixedTermLoanApplications].[LoanAmount], [payment].[FixedTermLoanApplications].[MonthlyInterestRate], [payment].[FixedTermLoanApplications].[TransmissionFee], [payment].[FixedTermLoanApplications].[PromiseDate], [payment].[FixedTermLoanApplications].[NextDueDate], [payment].[FixedTermLoanApplications].[IsV2], [payment].[FixedTermLoanApplications].[ServiceFee], [payment].[FixedTermLoanApplications].[InitiationFee] from [payment].[FixedTermLoanApplications]  where [payment].[FixedTermLoanApplications].[ApplicationId] = @p1
@p1 (Int32) = 19295

Simple.Data.Ado: 
Text
update [payment].[Applications] set [ExternalId] = @p1, [AccountId] = @p2, [ProductId] = @p3, [Currency] = @p4, [BankAccountGuid] = @p5, [PaymentCardGuid] = @p6, [PromoCodeId] = @p7, [ApplicationDate] = @p8, [SignedOn] = @p9, [ClosedOn] = @p10, [CreatedOn] = @p11, [CanceledOn] = @p12, [AcceptedOn] = @p13, [DeclinedOn] = @p14, [AbandonedOn] = @p15, [LoanReference] = @p16, [CashAdvanceFailedOn] = @p17, [ApplicationReference] = @p18 where [payment].[Applications].[ApplicationId] = @p19
@p1 (Guid) = a3ba2daa-973e-440d-9937-990a2e019743
@p2 (Guid) = fb7a6004-a141-46f8-96bf-d789a11034f6
@p3 (Int32) = 1
@p4 (Int32) = 124
@p5 (Guid) = cb37192c-429c-4018-890c-8aad994de041
@p6 (Guid) = d7ca30a8-ec5a-47c7-8ee7-7484510f1dc7
@p7 (Int32) = 
@p8 (DateTime) = 09/06/2012 11:02:03
@p9 (DateTime) = 09/06/2012 10:02:05
@p10 (DateTime) = 
@p11 (DateTime) = 09/06/2012 10:02:03
@p12 (DateTime) = 
@p13 (DateTime) = 09/06/2012 10:02:04
@p14 (DateTime) = 
@p15 (DateTime) = 
@p16 (String) = 
@p17 (DateTime) = 
@p18 (String) = 0301138383106850
@p19 (Int32) = 19295

Simple.Data.Ado: 
Text
update [payment].[FixedTermLoanApplications] set [LoanAmount] = @p1, [MonthlyInterestRate] = @p2, [TransmissionFee] = @p3, [PromiseDate] = @p4, [NextDueDate] = @p5, [IsV2] = @p6, [ServiceFee] = @p7, [InitiationFee] = @p8 where [payment].[FixedTermLoanApplications].[ApplicationId] = @p9
@p1 (Decimal) = 100.00
@p2 (Decimal) = 30.416700
@p3 (Decimal) = 0.00
@p4 (DateTime) = 20/06/2012 00:00:00
@p5 (DateTime) = 21/06/2012 00:00:00
@p6 (Boolean) = 
@p7 (Decimal) = 0.00
@p8 (Decimal) = 0.00
@p9 (Int32) = 19295

Simple.Data.Ado: 
Text
select [payment].[Transactions].[TransactionId],[payment].[Transactions].[ExternalId],[payment].[Transactions].[ApplicationId],[payment].[Transactions].[PostedOn],[payment].[Transactions].[Scope],[payment].[Transactions].[Type],[payment].[Transactions].[Amount],[payment].[Transactions].[Mir],[payment].[Transactions].[Currency],[payment].[Transactions].[ComponentTransactionId],[payment].[Transactions].[Reference],[payment].[Transactions].[CreatedOn],[payment].[Transactions].[UserId],[payment].[Transactions].[SalesForceUsername] from [payment].[Transactions] WHERE [payment].[Transactions].[ApplicationId] = @p1
@p1 (Int32) = 19295

Simple.Data.Ado: 
Text
update [payment].[Transactions] set [ExternalId] = @p1, [ApplicationId] = @p2, [PostedOn] = @p3, [Scope] = @p4, [Type] = @p5, [Amount] = @p6, [Mir] = @p7, [Currency] = @p8, [ComponentTransactionId] = @p9, [Reference] = @p10, [CreatedOn] = @p11, [UserId] = @p12, [SalesForceUsername] = @p13 where [payment].[Transactions].[TransactionId] = @p14
@p1 (Guid) = b5f2265f-6290-40b8-8407-536c5c2a9e4d
@p2 (Int32) = 19295
@p3 (DateTime) = 09/06/2012 11:02:06
@p4 (Byte) = 0
@p5 (String) = InterestRate
@p6 (Decimal) = 0.00
@p7 (Decimal) = 30.416700
@p8 (Int32) = 0
@p9 (Guid) = 00000000-0000-0000-0000-000000000000
@p10 (String) = Normal interest rate
@p11 (DateTime) = 09/06/2012 10:02:06
@p12 (Int32) = 
@p13 (String) = 
@p14 (Int32) = 128853

Simple.Data.Ado: 
Text
update [payment].[Transactions] set [ExternalId] = @p1, [ApplicationId] = @p2, [PostedOn] = @p3, [Scope] = @p4, [Type] = @p5, [Amount] = @p6, [Mir] = @p7, [Currency] = @p8, [ComponentTransactionId] = @p9, [Reference] = @p10, [CreatedOn] = @p11, [UserId] = @p12, [SalesForceUsername] = @p13 where [payment].[Transactions].[TransactionId] = @p14
@p1 (Guid) = 03312990-4dd7-48c1-a52e-bda23ca56e5f
@p2 (Int32) = 19295
@p3 (DateTime) = 09/06/2012 11:02:06
@p4 (Byte) = 1
@p5 (String) = CashAdvance
@p6 (Decimal) = 100.00
@p7 (Decimal) = 0.000000
@p8 (Int32) = 124
@p9 (Guid) = 00000000-0000-0000-0000-000000000000
@p10 (String) = Fixed term loan initial advance
@p11 (DateTime) = 09/06/2012 10:02:06
@p12 (Int32) = 
@p13 (String) = 
@p14 (Int32) = 128854

Simple.Data.Ado: 
Text
update [payment].[Transactions] set [ExternalId] = @p1, [ApplicationId] = @p2, [PostedOn] = @p3, [Scope] = @p4, [Type] = @p5, [Amount] = @p6, [Mir] = @p7, [Currency] = @p8, [ComponentTransactionId] = @p9, [Reference] = @p10, [CreatedOn] = @p11, [UserId] = @p12, [SalesForceUsername] = @p13 where [payment].[Transactions].[TransactionId] = @p14
@p1 (Guid) = 9168f1ef-1454-47cf-9c70-851af7b0b5c8
@p2 (Int32) = 19295
@p3 (DateTime) = 09/06/2012 11:02:06
@p4 (Byte) = 1
@p5 (String) = Fee
@p6 (Decimal) = 0.00
@p7 (Decimal) = 0.000000
@p8 (Int32) = 124
@p9 (Guid) = 00000000-0000-0000-0000-000000000000
@p10 (String) = Fixed term loan transmission fee
@p11 (DateTime) = 09/06/2012 10:02:06
@p12 (Int32) = 
@p13 (String) = 
@p14 (Int32) = 128855

Simple.Data.Ado: 
Text
update [payment].[Transactions] set [ExternalId] = @p1, [ApplicationId] = @p2, [PostedOn] = @p3, [Scope] = @p4, [Type] = @p5, [Amount] = @p6, [Mir] = @p7, [Currency] = @p8, [ComponentTransactionId] = @p9, [Reference] = @p10, [CreatedOn] = @p11, [UserId] = @p12, [SalesForceUsername] = @p13 where [payment].[Transactions].[TransactionId] = @p14
@p1 (Guid) = 12d9a355-2e35-4b87-a963-09c4fc932082
@p2 (Int32) = 19295
@p3 (DateTime) = 09/06/2012 11:02:06
@p4 (Byte) = 0
@p5 (String) = SuspendInterestAccrual
@p6 (Decimal) = 0.00
@p7 (Decimal) = 0.000000
@p8 (Int32) = 0
@p9 (Guid) = 00000000-0000-0000-0000-000000000000
@p10 (String) = Initial loan advance interest suspension
@p11 (DateTime) = 09/06/2012 10:02:06
@p12 (Int32) = 
@p13 (String) = 
@p14 (Int32) = 128856

Simple.Data.Ado: 
Text
update [payment].[Transactions] set [ExternalId] = @p1, [ApplicationId] = @p2, [PostedOn] = @p3, [Scope] = @p4, [Type] = @p5, [Amount] = @p6, [Mir] = @p7, [Currency] = @p8, [ComponentTransactionId] = @p9, [Reference] = @p10, [CreatedOn] = @p11, [UserId] = @p12, [SalesForceUsername] = @p13 where [payment].[Transactions].[TransactionId] = @p14
@p1 (Guid) = 84739257-226d-4a72-b354-9917440cd468
@p2 (Int32) = 19295
@p3 (DateTime) = 10/06/2012 00:00:00
@p4 (Byte) = 0
@p5 (String) = ResumeInterestAccrual
@p6 (Decimal) = 0.00
@p7 (Decimal) = 0.000000
@p8 (Int32) = 0
@p9 (Guid) = 00000000-0000-0000-0000-000000000000
@p10 (String) = Initial loan advance interest resumption
@p11 (DateTime) = 09/06/2012 10:02:07
@p12 (Int32) = 
@p13 (String) = 
@p14 (Int32) = 128857

Simple.Data.Ado: 
Text
update [payment].[Transactions] set [ExternalId] = @p1, [ApplicationId] = @p2, [PostedOn] = @p3, [Scope] = @p4, [Type] = @p5, [Amount] = @p6, [Mir] = @p7, [Currency] = @p8, [ComponentTransactionId] = @p9, [Reference] = @p10, [CreatedOn] = @p11, [UserId] = @p12, [SalesForceUsername] = @p13 where [payment].[Transactions].[TransactionId] = @p14
@p1 (Guid) = 1a849924-f433-4306-ba21-9d269f5103a6
@p2 (Int32) = 19295
@p3 (DateTime) = 20/06/2012 00:00:00
@p4 (Byte) = 0
@p5 (String) = SuspendInterestAccrual
@p6 (Decimal) = 0.00
@p7 (Decimal) = 0.000000
@p8 (Int32) = 0
@p9 (Guid) = 00000000-0000-0000-0000-000000000000
@p10 (String) = Suspend interest until next due date
@p11 (DateTime) = 09/06/2012 10:02:07
@p12 (Int32) = 
@p13 (String) = 
@p14 (Int32) = 128858

Simple.Data.Ado: 
Text
update [payment].[Transactions] set [ExternalId] = @p1, [ApplicationId] = @p2, [PostedOn] = @p3, [Scope] = @p4, [Type] = @p5, [Amount] = @p6, [Mir] = @p7, [Currency] = @p8, [ComponentTransactionId] = @p9, [Reference] = @p10, [CreatedOn] = @p11, [UserId] = @p12, [SalesForceUsername] = @p13 where [payment].[Transactions].[TransactionId] = @p14
@p1 (Guid) = 0033d139-967c-430e-bc81-61b6e6066537
@p2 (Int32) = 19295
@p3 (DateTime) = 21/06/2012 00:00:00
@p4 (Byte) = 0
@p5 (String) = ResumeInterestAccrual
@p6 (Decimal) = 0.00
@p7 (Decimal) = 0.000000
@p8 (Int32) = 0
@p9 (Guid) = 00000000-0000-0000-0000-000000000000
@p10 (String) = Resume interest on next due date
@p11 (DateTime) = 09/06/2012 10:02:07
@p12 (Int32) = 
@p13 (String) = 
@p14 (Int32) = 128859

Simple.Data.Ado: 
Text
SELECT TOP 1 [payment].[Arrears].[ArrearId], [payment].[Arrears].[ApplicationId], [payment].[Arrears].[CreatedOn] from [payment].[Arrears]  where [payment].[Arrears].[ApplicationId] = @p1
@p1 (Int32) = 19295

Simple.Data.Ado: 
Text
update [risk].[RiskApplications] set [ApplicationId] = @p1, [AccountId] = @p2, [Currency] = @p3, [PromiseDate] = @p4, [ApplicationDate] = @p5, [LoanAmount] = @p6, [PaymentCardId] = @p7, [BankAccountId] = @p8, [ClosedOn] = @p9, [IsCanceled] = @p10, [SignedOn] = @p11, [OriginalLoanAmount] = @p12, [IsCounterOffer] = @p13, [ArrearsStartDate] = @p14, [InArrearsDays] = @p15, [CreditLimit] = @p16, [TermLimit] = @p17, [NCOAccepted] = @p18, [PCOAccepted] = @p19, [WasExtended] = @p20, [WasTopUp] = @p21, [UsedManualVerification] = @p22, [PaymentTransactionCount] = @p23, [ManualPaymentTransactionCount] = @p24, [Decision] = @p25, [EstimatedCompletionDate] = @p26, [ApplicationBehaviourId] = @p27, [MainCardRepayRate] = @p28, [PriceTier] = @p29, [GuarantorCount] = @p30, [IsWrittenOff] = @p31 where [risk].[RiskApplications].[RiskApplicationId] = @p32
@p1 (Guid) = a3ba2daa-973e-440d-9937-990a2e019743
@p2 (Guid) = fb7a6004-a141-46f8-96bf-d789a11034f6
@p3 (Int32) = 124
@p4 (DateTime) = 20/06/2012 00:00:00
@p5 (DateTime) = 09/06/2012 10:02:02
@p6 (Decimal) = 100.00
@p7 (Guid) = c548c3e5-927c-4e20-a75b-979ebd5647c1
@p8 (Guid) = cb37192c-429c-4018-890c-8aad994de041
@p9 (DateTime) = 
@p10 (Boolean) = False
@p11 (DateTime) = 21/06/2012 10:02:05
@p12 (Decimal) = 100.00
@p13 (Boolean) = False
@p14 (DateTime) = 
@p15 (Int32) = 
@p16 (Decimal) = 400
@p17 (Int32) = 30
@p18 (Boolean) = 
@p19 (Boolean) = 
@p20 (Boolean) = False
@p21 (Boolean) = False
@p22 (Boolean) = False
@p23 (Int32) = 
@p24 (Int32) = 
@p25 (Byte) = 1
@p26 (DateTime) = 21/06/2012 10:02:04
@p27 (Int32) = 18204
@p28 (Double) = 
@p29 (Byte) = 
@p30 (Int32) = 
@p31 (Boolean) = False
@p32 (Int32) = 19175

Simple.Data.Ado: 
Text
select [dbo].[ScheduledPostAccruedInterestSagaEntity].[Id],[dbo].[ScheduledPostAccruedInterestSagaEntity].[ApplicationId],[dbo].[ScheduledPostAccruedInterestSagaEntity].[ApplicationGuid],[dbo].[ScheduledPostAccruedInterestSagaEntity].[TimeCaused],[dbo].[ScheduledPostAccruedInterestSagaEntity].[TermsAgreed],[dbo].[ScheduledPostAccruedInterestSagaEntity].[ApplicationAccepted],[dbo].[ScheduledPostAccruedInterestSagaEntity].[OriginalMessageId],[dbo].[ScheduledPostAccruedInterestSagaEntity].[Originator] from [dbo].[ScheduledPostAccruedInterestSagaEntity] WHERE [dbo].[ScheduledPostAccruedInterestSagaEntity].[ApplicationGuid] = @p1
@p1 (Guid) = a3ba2daa-973e-440d-9937-990a2e019743

Wonga.QA.Framework.Msmq.MsmqQueue: <Messages xmlns:xsi="http://www.w3.org/2001/XMLSchema-instance" xmlns:xsd="http://www.w3.org/2001/XMLSchema" xmlns="http://tempuri.net/NServiceBus.Saga" xmlns:baseType="NServiceBus.Saga.ISagaMessage">
  <TimeoutMessage>
    <Expires>0001-01-01T00:00:00</Expires>
    <SagaId>ec7a76f4-9522-4b69-8ab2-a07700b5d87f</SagaId>
    <ClearTimeout>false</ClearTimeout>
  </TimeoutMessage>
</Messages>
Simple.Data.Ado: 
Text
select [ops].[ServiceConfigurations].[ServiceConfigurationId],[ops].[ServiceConfigurations].[Key],[ops].[ServiceConfigurations].[Value] from [ops].[ServiceConfigurations] WHERE [ops].[ServiceConfigurations].[Key] = @p1
@p1 (AnsiString) = Mocks.ScotiaEnabled

INSERT INTO [dbo].[BankGatewayResponseSetup]([Gateway], [Amount], [BankAccount], [Response], [Hits], [Persistent])
VALUES (@p0, @p1, @p2, @p3, @p4, @p5)

SELECT CONVERT(Int,SCOPE_IDENTITY()) AS [value]
-- @p0: Input VarChar (Size = 8000; Prec = 0; Scale = 0) [Scotia]
-- @p1: Input Decimal (Size = -1; Prec = 10; Scale = 4) [Null]
-- @p2: Input VarChar (Size = 8000; Prec = 0; Scale = 0) [9765345]
-- @p3: Input VarChar (Size = 8000; Prec = 0; Scale = 0) [<Setup><InputValidationTransaction ResultCode="R" RejectMessage="Rejected through QAF setup." /></Setup>]
-- @p4: Input Int (Size = -1; Prec = 0; Scale = 0) [0]
-- @p5: Input Bit (Size = -1; Prec = 0; Scale = 0) [False]
-- Context: SqlProvider(Sql2008) Model: AttributedMetaModel Build: 4.0.30319.1

Simple.Data.Ado: 
Text
select [dbo].[FixedTermLoanSagaEntity].[Id],[dbo].[FixedTermLoanSagaEntity].[ApplicationId],[dbo].[FixedTermLoanSagaEntity].[ApplicationGuid],[dbo].[FixedTermLoanSagaEntity].[TermsAgreed],[dbo].[FixedTermLoanSagaEntity].[ApplicationAccepted],[dbo].[FixedTermLoanSagaEntity].[AccountGuid],[dbo].[FixedTermLoanSagaEntity].[OriginalMessageId],[dbo].[FixedTermLoanSagaEntity].[Originator] from [dbo].[FixedTermLoanSagaEntity] WHERE [dbo].[FixedTermLoanSagaEntity].[ApplicationGuid] = @p1
@p1 (Guid) = a3ba2daa-973e-440d-9937-990a2e019743

Wonga.QA.Framework.Msmq.MsmqQueue: <Messages xmlns:xsi="http://www.w3.org/2001/XMLSchema-instance" xmlns:xsd="http://www.w3.org/2001/XMLSchema" xmlns="http://tempuri.net/NServiceBus.Saga" xmlns:baseType="NServiceBus.Saga.ISagaMessage">
  <TimeoutMessage>
    <Expires>0001-01-01T00:00:00</Expires>
    <SagaId>98bf87a8-7e2c-4143-ab0f-a07700b5d86c</SagaId>
    <ClearTimeout>false</ClearTimeout>
  </TimeoutMessage>
</Messages>
Simple.Data.Ado: 
Text
update [dbo].[FixedTermLoanSagaEntity] set [ApplicationId] = @p1, [ApplicationGuid] = @p2, [TermsAgreed] = @p3, [ApplicationAccepted] = @p4, [AccountGuid] = @p5, [OriginalMessageId] = @p6, [Originator] = @p7 where [dbo].[FixedTermLoanSagaEntity].[Id] = @p8
@p1 (Int32) = 19295
@p2 (Guid) = a3ba2daa-973e-440d-9937-990a2e019743
@p3 (Boolean) = True
@p4 (Boolean) = True
@p5 (Guid) = fb7a6004-a141-46f8-96bf-d789a11034f6
@p6 (String) = 008d06f7-2df1-4fac-871e-d637b40efa57\26181385
@p7 (String) = riskservice@CA-REL-RC-APP
@p8 (Guid) = 98bf87a8-7e2c-4143-ab0f-a07700b5d86c

Simple.Data.Ado: 
Text
select [payment].[Arrears].[ArrearId],[payment].[Arrears].[ApplicationId],[payment].[Arrears].[CreatedOn] from [payment].[Arrears] WHERE [payment].[Arrears].[ApplicationId] = @p1
@p1 (Int32) = 19295

Simple.Data.Ado: 
Text
select [payment].[Arrears].[ArrearId],[payment].[Arrears].[ApplicationId],[payment].[Arrears].[CreatedOn] from [payment].[Arrears] WHERE [payment].[Arrears].[ApplicationId] = @p1
@p1 (Int32) = 19295

Simple.Data.Ado: 
Text
select [payment].[Arrears].[ArrearId],[payment].[Arrears].[ApplicationId],[payment].[Arrears].[CreatedOn] from [payment].[Arrears] WHERE [payment].[Arrears].[ApplicationId] = @p1
@p1 (Int32) = 19295

Simple.Data.Ado: 
Text
select [payment].[Arrears].[ArrearId],[payment].[Arrears].[ApplicationId],[payment].[Arrears].[CreatedOn] from [payment].[Arrears] WHERE [payment].[Arrears].[ApplicationId] = @p1
@p1 (Int32) = 19295

SELECT [t0].[ApplicationId], [t0].[ExternalId], [t0].[AccountId], [t0].[ProductId], [t0].[Currency], [t0].[BankAccountGuid], [t0].[PaymentCardGuid], [t0].[PromoCodeId], [t0].[ApplicationDate], [t0].[SignedOn], [t0].[ClosedOn], [t0].[CreatedOn], [t0].[Version], [t0].[CanceledOn], [t0].[AcceptedOn], [t0].[DeclinedOn], [t0].[AbandonedOn], [t0].[LoanReference], [t0].[CashAdvanceFailedOn]
FROM [payment].[Applications] AS [t0]
WHERE [t0].[ExternalId] = @p0
-- @p0: Input UniqueIdentifier (Size = -1; Prec = 0; Scale = 0) [a3ba2daa-973e-440d-9937-990a2e019743]
-- Context: SqlProvider(Sql2008) Model: AttributedMetaModel Build: 4.0.30319.1

SELECT [t0].[RiskApplicationId], [t0].[ApplicationId], [t0].[AccountId], [t0].[Currency], [t0].[PromiseDate], [t0].[ApplicationDate], [t0].[LoanAmount], [t0].[PaymentCardId], [t0].[BankAccountId], [t0].[ClosedOn], [t0].[IsCanceled], [t0].[SignedOn], [t0].[OriginalLoanAmount], [t0].[IsCounterOffer], [t0].[ArrearsStartDate], [t0].[InArrearsDays], [t0].[CreditLimit], [t0].[TermLimit], [t0].[NCOAccepted], [t0].[PCOAccepted], [t0].[WasExtended], [t0].[WasTopUp], [t0].[UsedManualVerification], [t0].[PaymentTransactionCount], [t0].[ManualPaymentTransactionCount], [t0].[Decision], [t0].[EstimatedCompletionDate], [t0].[ApplicationBehaviourId], [t0].[MainCardRepayRate], [t0].[PriceTier], [t0].[GuarantorCount]
FROM [risk].[RiskApplications] AS [t0]
WHERE [t0].[ApplicationId] = @p0
-- @p0: Input UniqueIdentifier (Size = -1; Prec = 0; Scale = 0) [a3ba2daa-973e-440d-9937-990a2e019743]
-- Context: SqlProvider(Sql2008) Model: AttributedMetaModel Build: 4.0.30319.1

SELECT [t0].[ApplicationId], [t0].[LoanAmount], [t0].[MonthlyInterestRate], [t0].[TransmissionFee], [t0].[PromiseDate], [t0].[NextDueDate], [t0].[IsV2], [t0].[ServiceFee], [t0].[InitiationFee]
FROM [payment].[FixedTermLoanApplications] AS [t0]
WHERE [t0].[ApplicationId] = @p0
-- @p0: Input Int (Size = -1; Prec = 0; Scale = 0) [19295]
-- Context: SqlProvider(Sql2008) Model: AttributedMetaModel Build: 4.0.30319.1

UPDATE [payment].[Applications]
SET [ApplicationDate] = @p2, [SignedOn] = @p3, [CreatedOn] = @p4, [AcceptedOn] = @p5
WHERE ([ApplicationId] = @p0) AND ([Version] = @p1)

SELECT [t1].[Version]
FROM [payment].[Applications] AS [t1]
WHERE ((@@ROWCOUNT) > 0) AND ([t1].[ApplicationId] = @p6)
-- @p0: Input Int (Size = -1; Prec = 0; Scale = 0) [19295]
-- @p1: Input Timestamp (Size = -1; Prec = 0; Scale = 0) [SqlBinary(8)]
-- @p2: Input DateTime (Size = -1; Prec = 0; Scale = 0) [01/06/2012 11:02:03]
-- @p3: Input DateTime (Size = -1; Prec = 0; Scale = 0) [01/06/2012 10:02:05]
-- @p4: Input DateTime (Size = -1; Prec = 0; Scale = 0) [01/06/2012 10:02:03]
-- @p5: Input DateTime (Size = -1; Prec = 0; Scale = 0) [01/06/2012 10:02:04]
-- @p6: Input Int (Size = -1; Prec = 0; Scale = 0) [19295]
-- Context: SqlProvider(Sql2008) Model: AttributedMetaModel Build: 4.0.30319.1

UPDATE [payment].[FixedTermLoanApplications]
SET [PromiseDate] = @p8, [NextDueDate] = @p9
WHERE ([ApplicationId] = @p0) AND ([LoanAmount] = @p1) AND ([MonthlyInterestRate] = @p2) AND ([TransmissionFee] = @p3) AND ([PromiseDate] = @p4) AND ([NextDueDate] = @p5) AND ([IsV2] IS NULL) AND ([ServiceFee] = @p6) AND ([InitiationFee] = @p7)
-- @p0: Input Int (Size = -1; Prec = 0; Scale = 0) [19295]
-- @p1: Input Decimal (Size = -1; Prec = 9; Scale = 2) [100.00]
-- @p2: Input Decimal (Size = -1; Prec = 9; Scale = 6) [30.416700]
-- @p3: Input Decimal (Size = -1; Prec = 9; Scale = 2) [0.00]
-- @p4: Input DateTime (Size = -1; Prec = 0; Scale = 0) [20/06/2012 00:00:00]
-- @p5: Input DateTime (Size = -1; Prec = 0; Scale = 0) [21/06/2012 00:00:00]
-- @p6: Input Decimal (Size = -1; Prec = 9; Scale = 2) [0.00]
-- @p7: Input Decimal (Size = -1; Prec = 9; Scale = 2) [0.00]
-- @p8: Input DateTime (Size = -1; Prec = 0; Scale = 0) [12/06/2012 00:00:00]
-- @p9: Input DateTime (Size = -1; Prec = 0; Scale = 0) [13/06/2012 00:00:00]
-- Context: SqlProvider(Sql2008) Model: AttributedMetaModel Build: 4.0.30319.1

SELECT [t0].[TransactionId], [t0].[ExternalId], [t0].[ApplicationId], [t0].[PostedOn], [t0].[Scope], [t0].[Type], [t0].[Amount], [t0].[Mir], [t0].[Currency], [t0].[ComponentTransactionId], [t0].[Reference], [t0].[CreatedOn], [t0].[UserId], [t0].[SalesForceUsername]
FROM [payment].[Transactions] AS [t0]
WHERE [t0].[ApplicationId] = @p0
-- @p0: Input Int (Size = -1; Prec = 0; Scale = 0) [19295]
-- Context: SqlProvider(Sql2008) Model: AttributedMetaModel Build: 4.0.30319.1

UPDATE [payment].[Transactions]
SET [PostedOn] = @p12, [CreatedOn] = @p13
WHERE ([TransactionId] = @p0) AND ([ExternalId] = @p1) AND ([ApplicationId] = @p2) AND ([PostedOn] = @p3) AND ([Scope] = @p4) AND ([Type] = @p5) AND ([Amount] = @p6) AND ([Mir] = @p7) AND ([Currency] = @p8) AND ([ComponentTransactionId] = @p9) AND ([Reference] = @p10) AND ([CreatedOn] = @p11) AND ([UserId] IS NULL) AND ([SalesForceUsername] IS NULL)
-- @p0: Input Int (Size = -1; Prec = 0; Scale = 0) [128853]
-- @p1: Input UniqueIdentifier (Size = -1; Prec = 0; Scale = 0) [b5f2265f-6290-40b8-8407-536c5c2a9e4d]
-- @p2: Input Int (Size = -1; Prec = 0; Scale = 0) [19295]
-- @p3: Input DateTime (Size = -1; Prec = 0; Scale = 0) [09/06/2012 11:02:06]
-- @p4: Input TinyInt (Size = -1; Prec = 0; Scale = 0) [0]
-- @p5: Input NVarChar (Size = 4000; Prec = 0; Scale = 0) [InterestRate]
-- @p6: Input Decimal (Size = -1; Prec = 9; Scale = 2) [0.00]
-- @p7: Input Decimal (Size = -1; Prec = 9; Scale = 6) [30.416700]
-- @p8: Input Int (Size = -1; Prec = 0; Scale = 0) [0]
-- @p9: Input UniqueIdentifier (Size = -1; Prec = 0; Scale = 0) [00000000-0000-0000-0000-000000000000]
-- @p10: Input NVarChar (Size = 4000; Prec = 0; Scale = 0) [Normal interest rate]
-- @p11: Input DateTime (Size = -1; Prec = 0; Scale = 0) [09/06/2012 10:02:06]
-- @p12: Input DateTime (Size = -1; Prec = 0; Scale = 0) [01/06/2012 11:02:06]
-- @p13: Input DateTime (Size = -1; Prec = 0; Scale = 0) [01/06/2012 10:02:06]
-- Context: SqlProvider(Sql2008) Model: AttributedMetaModel Build: 4.0.30319.1

UPDATE [payment].[Transactions]
SET [PostedOn] = @p12, [CreatedOn] = @p13
WHERE ([TransactionId] = @p0) AND ([ExternalId] = @p1) AND ([ApplicationId] = @p2) AND ([PostedOn] = @p3) AND ([Scope] = @p4) AND ([Type] = @p5) AND ([Amount] = @p6) AND ([Mir] = @p7) AND ([Currency] = @p8) AND ([ComponentTransactionId] = @p9) AND ([Reference] = @p10) AND ([CreatedOn] = @p11) AND ([UserId] IS NULL) AND ([SalesForceUsername] IS NULL)
-- @p0: Input Int (Size = -1; Prec = 0; Scale = 0) [128854]
-- @p1: Input UniqueIdentifier (Size = -1; Prec = 0; Scale = 0) [03312990-4dd7-48c1-a52e-bda23ca56e5f]
-- @p2: Input Int (Size = -1; Prec = 0; Scale = 0) [19295]
-- @p3: Input DateTime (Size = -1; Prec = 0; Scale = 0) [09/06/2012 11:02:06]
-- @p4: Input TinyInt (Size = -1; Prec = 0; Scale = 0) [1]
-- @p5: Input NVarChar (Size = 4000; Prec = 0; Scale = 0) [CashAdvance]
-- @p6: Input Decimal (Size = -1; Prec = 9; Scale = 2) [100.00]
-- @p7: Input Decimal (Size = -1; Prec = 9; Scale = 6) [0.000000]
-- @p8: Input Int (Size = -1; Prec = 0; Scale = 0) [124]
-- @p9: Input UniqueIdentifier (Size = -1; Prec = 0; Scale = 0) [00000000-0000-0000-0000-000000000000]
-- @p10: Input NVarChar (Size = 4000; Prec = 0; Scale = 0) [Fixed term loan initial advance]
-- @p11: Input DateTime (Size = -1; Prec = 0; Scale = 0) [09/06/2012 10:02:06]
-- @p12: Input DateTime (Size = -1; Prec = 0; Scale = 0) [01/06/2012 11:02:06]
-- @p13: Input DateTime (Size = -1; Prec = 0; Scale = 0) [01/06/2012 10:02:06]
-- Context: SqlProvider(Sql2008) Model: AttributedMetaModel Build: 4.0.30319.1

UPDATE [payment].[Transactions]
SET [PostedOn] = @p12, [CreatedOn] = @p13
WHERE ([TransactionId] = @p0) AND ([ExternalId] = @p1) AND ([ApplicationId] = @p2) AND ([PostedOn] = @p3) AND ([Scope] = @p4) AND ([Type] = @p5) AND ([Amount] = @p6) AND ([Mir] = @p7) AND ([Currency] = @p8) AND ([ComponentTransactionId] = @p9) AND ([Reference] = @p10) AND ([CreatedOn] = @p11) AND ([UserId] IS NULL) AND ([SalesForceUsername] IS NULL)
-- @p0: Input Int (Size = -1; Prec = 0; Scale = 0) [128855]
-- @p1: Input UniqueIdentifier (Size = -1; Prec = 0; Scale = 0) [9168f1ef-1454-47cf-9c70-851af7b0b5c8]
-- @p2: Input Int (Size = -1; Prec = 0; Scale = 0) [19295]
-- @p3: Input DateTime (Size = -1; Prec = 0; Scale = 0) [09/06/2012 11:02:06]
-- @p4: Input TinyInt (Size = -1; Prec = 0; Scale = 0) [1]
-- @p5: Input NVarChar (Size = 4000; Prec = 0; Scale = 0) [Fee]
-- @p6: Input Decimal (Size = -1; Prec = 9; Scale = 2) [0.00]
-- @p7: Input Decimal (Size = -1; Prec = 9; Scale = 6) [0.000000]
-- @p8: Input Int (Size = -1; Prec = 0; Scale = 0) [124]
-- @p9: Input UniqueIdentifier (Size = -1; Prec = 0; Scale = 0) [00000000-0000-0000-0000-000000000000]
-- @p10: Input NVarChar (Size = 4000; Prec = 0; Scale = 0) [Fixed term loan transmission fee]
-- @p11: Input DateTime (Size = -1; Prec = 0; Scale = 0) [09/06/2012 10:02:06]
-- @p12: Input DateTime (Size = -1; Prec = 0; Scale = 0) [01/06/2012 11:02:06]
-- @p13: Input DateTime (Size = -1; Prec = 0; Scale = 0) [01/06/2012 10:02:06]
-- Context: SqlProvider(Sql2008) Model: AttributedMetaModel Build: 4.0.30319.1

UPDATE [payment].[Transactions]
SET [PostedOn] = @p12, [CreatedOn] = @p13
WHERE ([TransactionId] = @p0) AND ([ExternalId] = @p1) AND ([ApplicationId] = @p2) AND ([PostedOn] = @p3) AND ([Scope] = @p4) AND ([Type] = @p5) AND ([Amount] = @p6) AND ([Mir] = @p7) AND ([Currency] = @p8) AND ([ComponentTransactionId] = @p9) AND ([Reference] = @p10) AND ([CreatedOn] = @p11) AND ([UserId] IS NULL) AND ([SalesForceUsername] IS NULL)
-- @p0: Input Int (Size = -1; Prec = 0; Scale = 0) [128856]
-- @p1: Input UniqueIdentifier (Size = -1; Prec = 0; Scale = 0) [12d9a355-2e35-4b87-a963-09c4fc932082]
-- @p2: Input Int (Size = -1; Prec = 0; Scale = 0) [19295]
-- @p3: Input DateTime (Size = -1; Prec = 0; Scale = 0) [09/06/2012 11:02:06]
-- @p4: Input TinyInt (Size = -1; Prec = 0; Scale = 0) [0]
-- @p5: Input NVarChar (Size = 4000; Prec = 0; Scale = 0) [SuspendInterestAccrual]
-- @p6: Input Decimal (Size = -1; Prec = 9; Scale = 2) [0.00]
-- @p7: Input Decimal (Size = -1; Prec = 9; Scale = 6) [0.000000]
-- @p8: Input Int (Size = -1; Prec = 0; Scale = 0) [0]
-- @p9: Input UniqueIdentifier (Size = -1; Prec = 0; Scale = 0) [00000000-0000-0000-0000-000000000000]
-- @p10: Input NVarChar (Size = 4000; Prec = 0; Scale = 0) [Initial loan advance interest suspension]
-- @p11: Input DateTime (Size = -1; Prec = 0; Scale = 0) [09/06/2012 10:02:06]
-- @p12: Input DateTime (Size = -1; Prec = 0; Scale = 0) [01/06/2012 11:02:06]
-- @p13: Input DateTime (Size = -1; Prec = 0; Scale = 0) [01/06/2012 10:02:06]
-- Context: SqlProvider(Sql2008) Model: AttributedMetaModel Build: 4.0.30319.1

UPDATE [payment].[Transactions]
SET [PostedOn] = @p12, [CreatedOn] = @p13
WHERE ([TransactionId] = @p0) AND ([ExternalId] = @p1) AND ([ApplicationId] = @p2) AND ([PostedOn] = @p3) AND ([Scope] = @p4) AND ([Type] = @p5) AND ([Amount] = @p6) AND ([Mir] = @p7) AND ([Currency] = @p8) AND ([ComponentTransactionId] = @p9) AND ([Reference] = @p10) AND ([CreatedOn] = @p11) AND ([UserId] IS NULL) AND ([SalesForceUsername] IS NULL)
-- @p0: Input Int (Size = -1; Prec = 0; Scale = 0) [128857]
-- @p1: Input UniqueIdentifier (Size = -1; Prec = 0; Scale = 0) [84739257-226d-4a72-b354-9917440cd468]
-- @p2: Input Int (Size = -1; Prec = 0; Scale = 0) [19295]
-- @p3: Input DateTime (Size = -1; Prec = 0; Scale = 0) [10/06/2012 00:00:00]
-- @p4: Input TinyInt (Size = -1; Prec = 0; Scale = 0) [0]
-- @p5: Input NVarChar (Size = 4000; Prec = 0; Scale = 0) [ResumeInterestAccrual]
-- @p6: Input Decimal (Size = -1; Prec = 9; Scale = 2) [0.00]
-- @p7: Input Decimal (Size = -1; Prec = 9; Scale = 6) [0.000000]
-- @p8: Input Int (Size = -1; Prec = 0; Scale = 0) [0]
-- @p9: Input UniqueIdentifier (Size = -1; Prec = 0; Scale = 0) [00000000-0000-0000-0000-000000000000]
-- @p10: Input NVarChar (Size = 4000; Prec = 0; Scale = 0) [Initial loan advance interest resumption]
-- @p11: Input DateTime (Size = -1; Prec = 0; Scale = 0) [09/06/2012 10:02:07]
-- @p12: Input DateTime (Size = -1; Prec = 0; Scale = 0) [02/06/2012 00:00:00]
-- @p13: Input DateTime (Size = -1; Prec = 0; Scale = 0) [01/06/2012 10:02:07]
-- Context: SqlProvider(Sql2008) Model: AttributedMetaModel Build: 4.0.30319.1

UPDATE [payment].[Transactions]
SET [PostedOn] = @p12, [CreatedOn] = @p13
WHERE ([TransactionId] = @p0) AND ([ExternalId] = @p1) AND ([ApplicationId] = @p2) AND ([PostedOn] = @p3) AND ([Scope] = @p4) AND ([Type] = @p5) AND ([Amount] = @p6) AND ([Mir] = @p7) AND ([Currency] = @p8) AND ([ComponentTransactionId] = @p9) AND ([Reference] = @p10) AND ([CreatedOn] = @p11) AND ([UserId] IS NULL) AND ([SalesForceUsername] IS NULL)
-- @p0: Input Int (Size = -1; Prec = 0; Scale = 0) [128858]
-- @p1: Input UniqueIdentifier (Size = -1; Prec = 0; Scale = 0) [1a849924-f433-4306-ba21-9d269f5103a6]
-- @p2: Input Int (Size = -1; Prec = 0; Scale = 0) [19295]
-- @p3: Input DateTime (Size = -1; Prec = 0; Scale = 0) [20/06/2012 00:00:00]
-- @p4: Input TinyInt (Size = -1; Prec = 0; Scale = 0) [0]
-- @p5: Input NVarChar (Size = 4000; Prec = 0; Scale = 0) [SuspendInterestAccrual]
-- @p6: Input Decimal (Size = -1; Prec = 9; Scale = 2) [0.00]
-- @p7: Input Decimal (Size = -1; Prec = 9; Scale = 6) [0.000000]
-- @p8: Input Int (Size = -1; Prec = 0; Scale = 0) [0]
-- @p9: Input UniqueIdentifier (Size = -1; Prec = 0; Scale = 0) [00000000-0000-0000-0000-000000000000]
-- @p10: Input NVarChar (Size = 4000; Prec = 0; Scale = 0) [Suspend interest until next due date]
-- @p11: Input DateTime (Size = -1; Prec = 0; Scale = 0) [09/06/2012 10:02:07]
-- @p12: Input DateTime (Size = -1; Prec = 0; Scale = 0) [12/06/2012 00:00:00]
-- @p13: Input DateTime (Size = -1; Prec = 0; Scale = 0) [01/06/2012 10:02:07]
-- Context: SqlProvider(Sql2008) Model: AttributedMetaModel Build: 4.0.30319.1

UPDATE [payment].[Transactions]
SET [PostedOn] = @p12, [CreatedOn] = @p13
WHERE ([TransactionId] = @p0) AND ([ExternalId] = @p1) AND ([ApplicationId] = @p2) AND ([PostedOn] = @p3) AND ([Scope] = @p4) AND ([Type] = @p5) AND ([Amount] = @p6) AND ([Mir] = @p7) AND ([Currency] = @p8) AND ([ComponentTransactionId] = @p9) AND ([Reference] = @p10) AND ([CreatedOn] = @p11) AND ([UserId] IS NULL) AND ([SalesForceUsername] IS NULL)
-- @p0: Input Int (Size = -1; Prec = 0; Scale = 0) [128859]
-- @p1: Input UniqueIdentifier (Size = -1; Prec = 0; Scale = 0) [0033d139-967c-430e-bc81-61b6e6066537]
-- @p2: Input Int (Size = -1; Prec = 0; Scale = 0) [19295]
-- @p3: Input DateTime (Size = -1; Prec = 0; Scale = 0) [21/06/2012 00:00:00]
-- @p4: Input TinyInt (Size = -1; Prec = 0; Scale = 0) [0]
-- @p5: Input NVarChar (Size = 4000; Prec = 0; Scale = 0) [ResumeInterestAccrual]
-- @p6: Input Decimal (Size = -1; Prec = 9; Scale = 2) [0.00]
-- @p7: Input Decimal (Size = -1; Prec = 9; Scale = 6) [0.000000]
-- @p8: Input Int (Size = -1; Prec = 0; Scale = 0) [0]
-- @p9: Input UniqueIdentifier (Size = -1; Prec = 0; Scale = 0) [00000000-0000-0000-0000-000000000000]
-- @p10: Input NVarChar (Size = 4000; Prec = 0; Scale = 0) [Resume interest on next due date]
-- @p11: Input DateTime (Size = -1; Prec = 0; Scale = 0) [09/06/2012 10:02:07]
-- @p12: Input DateTime (Size = -1; Prec = 0; Scale = 0) [13/06/2012 00:00:00]
-- @p13: Input DateTime (Size = -1; Prec = 0; Scale = 0) [01/06/2012 10:02:07]
-- Context: SqlProvider(Sql2008) Model: AttributedMetaModel Build: 4.0.30319.1

UPDATE [payment].[Transactions]
SET [PostedOn] = @p12, [CreatedOn] = @p13
WHERE ([TransactionId] = @p0) AND ([ExternalId] = @p1) AND ([ApplicationId] = @p2) AND ([PostedOn] = @p3) AND ([Scope] = @p4) AND ([Type] = @p5) AND ([Amount] = @p6) AND ([Mir] = @p7) AND ([Currency] = @p8) AND ([ComponentTransactionId] = @p9) AND ([Reference] = @p10) AND ([CreatedOn] = @p11) AND ([UserId] IS NULL) AND ([SalesForceUsername] IS NULL)
-- @p0: Input Int (Size = -1; Prec = 0; Scale = 0) [128860]
-- @p1: Input UniqueIdentifier (Size = -1; Prec = 0; Scale = 0) [f679c8c1-4226-4101-8d53-ba41a19fdd5c]
-- @p2: Input Int (Size = -1; Prec = 0; Scale = 0) [19295]
-- @p3: Input DateTime (Size = -1; Prec = 0; Scale = 0) [21/06/2012 11:02:18]
-- @p4: Input TinyInt (Size = -1; Prec = 0; Scale = 0) [1]
-- @p5: Input NVarChar (Size = 4000; Prec = 0; Scale = 0) [Interest]
-- @p6: Input Decimal (Size = -1; Prec = 9; Scale = 2) [10.00]
-- @p7: Input Decimal (Size = -1; Prec = 9; Scale = 6) [30.416700]
-- @p8: Input Int (Size = -1; Prec = 0; Scale = 0) [124]
-- @p9: Input UniqueIdentifier (Size = -1; Prec = 0; Scale = 0) [00000000-0000-0000-0000-000000000000]
-- @p10: Input NVarChar (Size = 4000; Prec = 0; Scale = 0) [Automated Accrued Interest Posted]
-- @p11: Input DateTime (Size = -1; Prec = 0; Scale = 0) [21/06/2012 10:02:18]
-- @p12: Input DateTime (Size = -1; Prec = 0; Scale = 0) [13/06/2012 11:02:18]
-- @p13: Input DateTime (Size = -1; Prec = 0; Scale = 0) [13/06/2012 10:02:18]
-- Context: SqlProvider(Sql2008) Model: AttributedMetaModel Build: 4.0.30319.1

UPDATE [payment].[Transactions]
SET [PostedOn] = @p12, [CreatedOn] = @p13
WHERE ([TransactionId] = @p0) AND ([ExternalId] = @p1) AND ([ApplicationId] = @p2) AND ([PostedOn] = @p3) AND ([Scope] = @p4) AND ([Type] = @p5) AND ([Amount] = @p6) AND ([Mir] = @p7) AND ([Currency] = @p8) AND ([ComponentTransactionId] = @p9) AND ([Reference] = @p10) AND ([CreatedOn] = @p11) AND ([UserId] IS NULL) AND ([SalesForceUsername] IS NULL)
-- @p0: Input Int (Size = -1; Prec = 0; Scale = 0) [128861]
-- @p1: Input UniqueIdentifier (Size = -1; Prec = 0; Scale = 0) [aabfca58-df2e-4c6c-8009-5d95407a1415]
-- @p2: Input Int (Size = -1; Prec = 0; Scale = 0) [19295]
-- @p3: Input DateTime (Size = -1; Prec = 0; Scale = 0) [21/06/2012 00:00:00]
-- @p4: Input TinyInt (Size = -1; Prec = 0; Scale = 0) [0]
-- @p5: Input NVarChar (Size = 4000; Prec = 0; Scale = 0) [InterestRate]
-- @p6: Input Decimal (Size = -1; Prec = 9; Scale = 2) [0.00]
-- @p7: Input Decimal (Size = -1; Prec = 9; Scale = 6) [2.500000]
-- @p8: Input Int (Size = -1; Prec = 0; Scale = 0) [0]
-- @p9: Input UniqueIdentifier (Size = -1; Prec = 0; Scale = 0) [00000000-0000-0000-0000-000000000000]
-- @p10: Input NVarChar (Size = 4000; Prec = 0; Scale = 0) [Arrear interest rate]
-- @p11: Input DateTime (Size = -1; Prec = 0; Scale = 0) [21/06/2012 10:02:23]
-- @p12: Input DateTime (Size = -1; Prec = 0; Scale = 0) [13/06/2012 00:00:00]
-- @p13: Input DateTime (Size = -1; Prec = 0; Scale = 0) [13/06/2012 10:02:23]
-- Context: SqlProvider(Sql2008) Model: AttributedMetaModel Build: 4.0.30319.1

UPDATE [payment].[Transactions]
SET [PostedOn] = @p12, [CreatedOn] = @p13
WHERE ([TransactionId] = @p0) AND ([ExternalId] = @p1) AND ([ApplicationId] = @p2) AND ([PostedOn] = @p3) AND ([Scope] = @p4) AND ([Type] = @p5) AND ([Amount] = @p6) AND ([Mir] = @p7) AND ([Currency] = @p8) AND ([ComponentTransactionId] = @p9) AND ([Reference] = @p10) AND ([CreatedOn] = @p11) AND ([UserId] IS NULL) AND ([SalesForceUsername] IS NULL)
-- @p0: Input Int (Size = -1; Prec = 0; Scale = 0) [128862]
-- @p1: Input UniqueIdentifier (Size = -1; Prec = 0; Scale = 0) [81ea2a05-3acf-49aa-b915-2a23aeb370b5]
-- @p2: Input Int (Size = -1; Prec = 0; Scale = 0) [19295]
-- @p3: Input DateTime (Size = -1; Prec = 0; Scale = 0) [21/06/2012 00:00:00]
-- @p4: Input TinyInt (Size = -1; Prec = 0; Scale = 0) [0]
-- @p5: Input NVarChar (Size = 4000; Prec = 0; Scale = 0) [InterestRateFee]
-- @p6: Input Decimal (Size = -1; Prec = 9; Scale = 2) [0.00]
-- @p7: Input Decimal (Size = -1; Prec = 9; Scale = 6) [2.500000]
-- @p8: Input Int (Size = -1; Prec = 0; Scale = 0) [0]
-- @p9: Input UniqueIdentifier (Size = -1; Prec = 0; Scale = 0) [00000000-0000-0000-0000-000000000000]
-- @p10: Input NVarChar (Size = 4000; Prec = 0; Scale = 0) [Fee interest rate]
-- @p11: Input DateTime (Size = -1; Prec = 0; Scale = 0) [21/06/2012 10:02:23]
-- @p12: Input DateTime (Size = -1; Prec = 0; Scale = 0) [13/06/2012 00:00:00]
-- @p13: Input DateTime (Size = -1; Prec = 0; Scale = 0) [13/06/2012 10:02:23]
-- Context: SqlProvider(Sql2008) Model: AttributedMetaModel Build: 4.0.30319.1

UPDATE [payment].[Transactions]
SET [PostedOn] = @p11, [CreatedOn] = @p12
WHERE ([TransactionId] = @p0) AND ([ExternalId] = @p1) AND ([ApplicationId] = @p2) AND ([PostedOn] = @p3) AND ([Scope] = @p4) AND ([Type] = @p5) AND ([Amount] = @p6) AND ([Mir] = @p7) AND ([Currency] = @p8) AND ([ComponentTransactionId] IS NULL) AND ([Reference] = @p9) AND ([CreatedOn] = @p10) AND ([UserId] IS NULL) AND ([SalesForceUsername] IS NULL)
-- @p0: Input Int (Size = -1; Prec = 0; Scale = 0) [128863]
-- @p1: Input UniqueIdentifier (Size = -1; Prec = 0; Scale = 0) [f8de82f5-be80-4c50-8887-dd89153fbd97]
-- @p2: Input Int (Size = -1; Prec = 0; Scale = 0) [19295]
-- @p3: Input DateTime (Size = -1; Prec = 0; Scale = 0) [21/06/2012 11:02:24]
-- @p4: Input TinyInt (Size = -1; Prec = 0; Scale = 0) [1]
-- @p5: Input NVarChar (Size = 4000; Prec = 0; Scale = 0) [DefaultCharge]
-- @p6: Input Decimal (Size = -1; Prec = 9; Scale = 2) [20.00]
-- @p7: Input Decimal (Size = -1; Prec = 9; Scale = 6) [0.000000]
-- @p8: Input Int (Size = -1; Prec = 0; Scale = 0) [124]
-- @p9: Input NVarChar (Size = 4000; Prec = 0; Scale = 0) [80036fc9-47c4-4afc-b1e6-a07700b5e89b]
-- @p10: Input DateTime (Size = -1; Prec = 0; Scale = 0) [21/06/2012 10:02:24]
-- @p11: Input DateTime (Size = -1; Prec = 0; Scale = 0) [13/06/2012 11:02:24]
-- @p12: Input DateTime (Size = -1; Prec = 0; Scale = 0) [13/06/2012 10:02:24]
-- Context: SqlProvider(Sql2008) Model: AttributedMetaModel Build: 4.0.30319.1

SELECT [t0].[ArrearId], [t0].[ApplicationId], [t0].[CreatedOn]
FROM [payment].[Arrears] AS [t0]
WHERE [t0].[ApplicationId] = @p0
-- @p0: Input Int (Size = -1; Prec = 0; Scale = 0) [19295]
-- Context: SqlProvider(Sql2008) Model: AttributedMetaModel Build: 4.0.30319.1

UPDATE [payment].[Arrears]
SET [CreatedOn] = @p3
WHERE ([ArrearId] = @p0) AND ([ApplicationId] = @p1) AND ([CreatedOn] = @p2)
-- @p0: Input Int (Size = -1; Prec = 0; Scale = 0) [1397]
-- @p1: Input Int (Size = -1; Prec = 0; Scale = 0) [19295]
-- @p2: Input DateTime (Size = -1; Prec = 0; Scale = 0) [21/06/2012 11:02:24]
-- @p3: Input DateTime (Size = -1; Prec = 0; Scale = 0) [13/06/2012 11:02:24]
-- Context: SqlProvider(Sql2008) Model: AttributedMetaModel Build: 4.0.30319.1

UPDATE [risk].[RiskApplications]
SET [PromiseDate] = @p17, [ApplicationDate] = @p18
WHERE ([RiskApplicationId] = @p0) AND ([ApplicationId] = @p1) AND ([AccountId] = @p2) AND ([Currency] = @p3) AND ([PromiseDate] = @p4) AND ([ApplicationDate] = @p5) AND ([LoanAmount] = @p6) AND ([PaymentCardId] = @p7) AND ([BankAccountId] = @p8) AND ([ClosedOn] IS NULL) AND (NOT ([IsCanceled] = 1)) AND ([SignedOn] = @p9) AND ([OriginalLoanAmount] = @p10) AND (NOT ([IsCounterOffer] = 1)) AND ([ArrearsStartDate] = @p11) AND ([InArrearsDays] IS NULL) AND ([CreditLimit] = @p12) AND ([TermLimit] = @p13) AND ([NCOAccepted] IS NULL) AND ([PCOAccepted] IS NULL) AND (NOT ([WasExtended] = 1)) AND (NOT ([WasTopUp] = 1)) AND (NOT ([UsedManualVerification] = 1)) AND ([PaymentTransactionCount] IS NULL) AND ([ManualPaymentTransactionCount] IS NULL) AND ([Decision] = @p14) AND ([EstimatedCompletionDate] = @p15) AND ([ApplicationBehaviourId] = @p16) AND ([MainCardRepayRate] IS NULL) AND ([PriceTier] IS NULL) AND ([GuarantorCount] IS NULL)
-- @p0: Input Int (Size = -1; Prec = 0; Scale = 0) [19175]
-- @p1: Input UniqueIdentifier (Size = -1; Prec = 0; Scale = 0) [a3ba2daa-973e-440d-9937-990a2e019743]
-- @p2: Input UniqueIdentifier (Size = -1; Prec = 0; Scale = 0) [fb7a6004-a141-46f8-96bf-d789a11034f6]
-- @p3: Input Int (Size = -1; Prec = 0; Scale = 0) [124]
-- @p4: Input DateTime (Size = -1; Prec = 0; Scale = 0) [20/06/2012 00:00:00]
-- @p5: Input DateTime (Size = -1; Prec = 0; Scale = 0) [09/06/2012 10:02:02]
-- @p6: Input Decimal (Size = -1; Prec = 9; Scale = 2) [100.00]
-- @p7: Input UniqueIdentifier (Size = -1; Prec = 0; Scale = 0) [c548c3e5-927c-4e20-a75b-979ebd5647c1]
-- @p8: Input UniqueIdentifier (Size = -1; Prec = 0; Scale = 0) [cb37192c-429c-4018-890c-8aad994de041]
-- @p9: Input DateTime (Size = -1; Prec = 0; Scale = 0) [21/06/2012 10:02:05]
-- @p10: Input Decimal (Size = -1; Prec = 9; Scale = 2) [100.00]
-- @p11: Input DateTime (Size = -1; Prec = 0; Scale = 0) [21/06/2012 11:02:24]
-- @p12: Input Decimal (Size = -1; Prec = 18; Scale = 0) [400]
-- @p13: Input Int (Size = -1; Prec = 0; Scale = 0) [30]
-- @p14: Input TinyInt (Size = -1; Prec = 0; Scale = 0) [1]
-- @p15: Input DateTime (Size = -1; Prec = 0; Scale = 0) [21/06/2012 10:02:04]
-- @p16: Input Int (Size = -1; Prec = 0; Scale = 0) [18204]
-- @p17: Input DateTime (Size = -1; Prec = 0; Scale = 0) [12/06/2012 00:00:00]
-- @p18: Input DateTime (Size = -1; Prec = 0; Scale = 0) [01/06/2012 10:02:02]
-- Context: SqlProvider(Sql2008) Model: AttributedMetaModel Build: 4.0.30319.1

Simple.Data.Ado: 
Text
SELECT TOP 1 [dbo].[InArrearsNoticeSagaEntity].[Id], [dbo].[InArrearsNoticeSagaEntity].[AccountId], [dbo].[InArrearsNoticeSagaEntity].[ApplicationId], [dbo].[InArrearsNoticeSagaEntity].[DaysInArrears], [dbo].[InArrearsNoticeSagaEntity].[OriginalMessageId], [dbo].[InArrearsNoticeSagaEntity].[Originator], [dbo].[InArrearsNoticeSagaEntity].[HasHardship], [dbo].[InArrearsNoticeSagaEntity].[HasDispute] from [dbo].[InArrearsNoticeSagaEntity]  where [dbo].[InArrearsNoticeSagaEntity].[ApplicationId] = @p1
@p1 (Guid) = a3ba2daa-973e-440d-9937-990a2e019743

Wonga.QA.Framework.Msmq.MsmqQueue: <Messages xmlns:xsi="http://www.w3.org/2001/XMLSchema-instance" xmlns:xsd="http://www.w3.org/2001/XMLSchema" xmlns="http://tempuri.net/NServiceBus.Saga" xmlns:baseType="NServiceBus.Saga.ISagaMessage">
  <TimeoutMessage>
    <Expires>0001-01-01T00:00:00</Expires>
    <SagaId>975bc277-c013-4cb3-a865-a07700b5ef74</SagaId>
    <ClearTimeout>false</ClearTimeout>
  </TimeoutMessage>
</Messages>
Wonga.QA.Framework.Msmq.MsmqQueue: <Messages xmlns:xsi="http://www.w3.org/2001/XMLSchema-instance" xmlns:xsd="http://www.w3.org/2001/XMLSchema" xmlns="http://tempuri.net/NServiceBus.Saga" xmlns:baseType="NServiceBus.Saga.ISagaMessage">
  <TimeoutMessage>
    <Expires>0001-01-01T00:00:00</Expires>
    <SagaId>975bc277-c013-4cb3-a865-a07700b5ef74</SagaId>
    <ClearTimeout>false</ClearTimeout>
  </TimeoutMessage>
</Messages>
Wonga.QA.Framework.Msmq.MsmqQueue: <Messages xmlns:xsi="http://www.w3.org/2001/XMLSchema-instance" xmlns:xsd="http://www.w3.org/2001/XMLSchema" xmlns="http://tempuri.net/NServiceBus.Saga" xmlns:baseType="NServiceBus.Saga.ISagaMessage">
  <TimeoutMessage>
    <Expires>0001-01-01T00:00:00</Expires>
    <SagaId>975bc277-c013-4cb3-a865-a07700b5ef74</SagaId>
    <ClearTimeout>false</ClearTimeout>
  </TimeoutMessage>
</Messages>
Wonga.QA.Framework.Msmq.MsmqQueue: <Messages xmlns:xsi="http://www.w3.org/2001/XMLSchema-instance" xmlns:xsd="http://www.w3.org/2001/XMLSchema" xmlns="http://tempuri.net/NServiceBus.Saga" xmlns:baseType="NServiceBus.Saga.ISagaMessage">
  <TimeoutMessage>
    <Expires>0001-01-01T00:00:00</Expires>
    <SagaId>975bc277-c013-4cb3-a865-a07700b5ef74</SagaId>
    <ClearTimeout>false</ClearTimeout>
  </TimeoutMessage>
</Messages>
Wonga.QA.Framework.Msmq.MsmqQueue: <Messages xmlns:xsi="http://www.w3.org/2001/XMLSchema-instance" xmlns:xsd="http://www.w3.org/2001/XMLSchema" xmlns="http://tempuri.net/NServiceBus.Saga" xmlns:baseType="NServiceBus.Saga.ISagaMessage">
  <TimeoutMessage>
    <Expires>0001-01-01T00:00:00</Expires>
    <SagaId>975bc277-c013-4cb3-a865-a07700b5ef74</SagaId>
    <ClearTimeout>false</ClearTimeout>
  </TimeoutMessage>
</Messages>
Wonga.QA.Framework.Msmq.MsmqQueue: <Messages xmlns:xsi="http://www.w3.org/2001/XMLSchema-instance" xmlns:xsd="http://www.w3.org/2001/XMLSchema" xmlns="http://tempuri.net/NServiceBus.Saga" xmlns:baseType="NServiceBus.Saga.ISagaMessage">
  <TimeoutMessage>
    <Expires>0001-01-01T00:00:00</Expires>
    <SagaId>975bc277-c013-4cb3-a865-a07700b5ef74</SagaId>
    <ClearTimeout>false</ClearTimeout>
  </TimeoutMessage>
</Messages>
Wonga.QA.Framework.Msmq.MsmqQueue: <Messages xmlns:xsi="http://www.w3.org/2001/XMLSchema-instance" xmlns:xsd="http://www.w3.org/2001/XMLSchema" xmlns="http://tempuri.net/NServiceBus.Saga" xmlns:baseType="NServiceBus.Saga.ISagaMessage">
  <TimeoutMessage>
    <Expires>0001-01-01T00:00:00</Expires>
    <SagaId>975bc277-c013-4cb3-a865-a07700b5ef74</SagaId>
    <ClearTimeout>false</ClearTimeout>
  </TimeoutMessage>
</Messages>
Wonga.QA.Framework.Msmq.MsmqQueue: <Messages xmlns:xsi="http://www.w3.org/2001/XMLSchema-instance" xmlns:xsd="http://www.w3.org/2001/XMLSchema" xmlns="http://tempuri.net/NServiceBus.Saga" xmlns:baseType="NServiceBus.Saga.ISagaMessage">
  <TimeoutMessage>
    <Expires>0001-01-01T00:00:00</Expires>
    <SagaId>975bc277-c013-4cb3-a865-a07700b5ef74</SagaId>
    <ClearTimeout>false</ClearTimeout>
  </TimeoutMessage>
</Messages>
SELECT [t0].[ProductInterestRateId], [t0].[ProductId], [t0].[Description], [t0].[MonthlyInterestRate], [t0].[InterestType], [t0].[LoanDayStart], [t0].[LoanDayEnd], [t0].[VariableInterestRateId]
FROM [payment].[ProductInterestRates] AS [t0]
WHERE [t0].[ProductInterestRateId] = @p0
-- @p0: Input Int (Size = -1; Prec = 0; Scale = 0) [2]
-- Context: SqlProvider(Sql2008) Model: AttributedMetaModel Build: 4.0.30319.1

SELECT [t0].[ProductInterestRateId], [t0].[ProductId], [t0].[Description], [t0].[MonthlyInterestRate], [t0].[InterestType], [t0].[LoanDayStart], [t0].[LoanDayEnd], [t0].[VariableInterestRateId]
FROM [payment].[ProductInterestRates] AS [t0]
WHERE [t0].[ProductInterestRateId] = @p0
-- @p0: Input Int (Size = -1; Prec = 0; Scale = 0) [2]
-- Context: SqlProvider(Sql2008) Model: AttributedMetaModel Build: 4.0.30319.1

SELECT [t0].[ProductInterestRateId], [t0].[ProductId], [t0].[Description], [t0].[MonthlyInterestRate], [t0].[InterestType], [t0].[LoanDayStart], [t0].[LoanDayEnd], [t0].[VariableInterestRateId]
FROM [payment].[ProductInterestRates] AS [t0]
WHERE [t0].[ProductInterestRateId] = @p0
-- @p0: Input Int (Size = -1; Prec = 0; Scale = 0) [2]
-- Context: SqlProvider(Sql2008) Model: AttributedMetaModel Build: 4.0.30319.1

SELECT [t0].[ProductInterestRateId], [t0].[ProductId], [t0].[Description], [t0].[MonthlyInterestRate], [t0].[InterestType], [t0].[LoanDayStart], [t0].[LoanDayEnd], [t0].[VariableInterestRateId]
FROM [payment].[ProductInterestRates] AS [t0]
WHERE [t0].[ProductInterestRateId] = @p0
-- @p0: Input Int (Size = -1; Prec = 0; Scale = 0) [2]
-- Context: SqlProvider(Sql2008) Model: AttributedMetaModel Build: 4.0.30319.1

SELECT [t0].[ProductInterestRateId], [t0].[ProductId], [t0].[Description], [t0].[MonthlyInterestRate], [t0].[InterestType], [t0].[LoanDayStart], [t0].[LoanDayEnd], [t0].[VariableInterestRateId]
FROM [payment].[ProductInterestRates] AS [t0]
WHERE [t0].[ProductInterestRateId] = @p0
-- @p0: Input Int (Size = -1; Prec = 0; Scale = 0) [2]
-- Context: SqlProvider(Sql2008) Model: AttributedMetaModel Build: 4.0.30319.1

SELECT [t0].[ProductInterestRateId], [t0].[ProductId], [t0].[Description], [t0].[MonthlyInterestRate], [t0].[InterestType], [t0].[LoanDayStart], [t0].[LoanDayEnd], [t0].[VariableInterestRateId]
FROM [payment].[ProductInterestRates] AS [t0]
WHERE [t0].[ProductInterestRateId] = @p0
-- @p0: Input Int (Size = -1; Prec = 0; Scale = 0) [2]
-- Context: SqlProvider(Sql2008) Model: AttributedMetaModel Build: 4.0.30319.1

SELECT [t0].[ProductInterestRateId], [t0].[ProductId], [t0].[Description], [t0].[MonthlyInterestRate], [t0].[InterestType], [t0].[LoanDayStart], [t0].[LoanDayEnd], [t0].[VariableInterestRateId]
FROM [payment].[ProductInterestRates] AS [t0]
WHERE [t0].[ProductInterestRateId] = @p0
-- @p0: Input Int (Size = -1; Prec = 0; Scale = 0) [2]
-- Context: SqlProvider(Sql2008) Model: AttributedMetaModel Build: 4.0.30319.1

SELECT [t0].[ProductInterestRateId], [t0].[ProductId], [t0].[Description], [t0].[MonthlyInterestRate], [t0].[InterestType], [t0].[LoanDayStart], [t0].[LoanDayEnd], [t0].[VariableInterestRateId]
FROM [payment].[ProductInterestRates] AS [t0]
WHERE [t0].[ProductInterestRateId] = @p0
-- @p0: Input Int (Size = -1; Prec = 0; Scale = 0) [2]
-- Context: SqlProvider(Sql2008) Model: AttributedMetaModel Build: 4.0.30319.1

Simple.Data.Ado: 
Text
SELECT TOP 1 [dbo].[MultipleRepresentmentsInArrearsSagaEntity].[Id], [dbo].[MultipleRepresentmentsInArrearsSagaEntity].[AccountId], [dbo].[MultipleRepresentmentsInArrearsSagaEntity].[ApplicationId], [dbo].[MultipleRepresentmentsInArrearsSagaEntity].[RepresentmentsSent], [dbo].[MultipleRepresentmentsInArrearsSagaEntity].[TotalAmountCollected], [dbo].[MultipleRepresentmentsInArrearsSagaEntity].[LastRepresentmentAmount], [dbo].[MultipleRepresentmentsInArrearsSagaEntity].[NextRepresentmentDate], [dbo].[MultipleRepresentmentsInArrearsSagaEntity].[OriginalMessageId], [dbo].[MultipleRepresentmentsInArrearsSagaEntity].[Originator] from [dbo].[MultipleRepresentmentsInArrearsSagaEntity]  where [dbo].[MultipleRepresentmentsInArrearsSagaEntity].[ApplicationId] = @p1
@p1 (Guid) = a3ba2daa-973e-440d-9937-990a2e019743

Wonga.QA.Framework.Msmq.MsmqQueue: <Messages xmlns:xsi="http://www.w3.org/2001/XMLSchema-instance" xmlns:xsd="http://www.w3.org/2001/XMLSchema" xmlns="http://tempuri.net/NServiceBus.Saga" xmlns:baseType="NServiceBus.Saga.ISagaMessage">
  <TimeoutMessage>
    <Expires>0001-01-01T00:00:00</Expires>
    <SagaId>cd14769c-cbae-4434-b43b-a07700b5ef66</SagaId>
    <ClearTimeout>false</ClearTimeout>
  </TimeoutMessage>
</Messages>
Simple.Data.Ado: 
Text
select COUNT(*) from [bankgateway].[Transactions] WHERE ([bankgateway].[Transactions].[ApplicationId] = @p1 AND [bankgateway].[Transactions].[TransactionStatus] = @p2)
@p1 (Guid) = a3ba2daa-973e-440d-9937-990a2e019743
@p2 (Int32) = 4

Simple.Data.Ado: 
Text
select COUNT(*) from [bankgateway].[Transactions] WHERE ([bankgateway].[Transactions].[ApplicationId] = @p1 AND [bankgateway].[Transactions].[TransactionStatus] = @p2)
@p1 (Guid) = a3ba2daa-973e-440d-9937-990a2e019743
@p2 (Int32) = 4

Simple.Data.Ado: 
Text
select COUNT(*) from [bankgateway].[Transactions] WHERE ([bankgateway].[Transactions].[ApplicationId] = @p1 AND [bankgateway].[Transactions].[TransactionStatus] = @p2)
@p1 (Guid) = a3ba2daa-973e-440d-9937-990a2e019743
@p2 (Int32) = 4

SELECT [t0].[AccountPreferenceId], [t0].[AccountId], [t0].[PrimaryBankAccountId], [t0].[PrimaryPaymentCardId], [t0].[TimeZone], [t0].[IsHardship], [t0].[CreatedOn], [t0].[RemindBeforeEndLoan], [t0].[IsDispute], [t0].[Ccin], [t0].[CanAddBankAccount], [t0].[IncomeFrequency], [t0].[NextPayDate], [t0].[CreditLimit], [t0].[CashoutPaymentMethodId]
FROM [payment].[AccountPreferences] AS [t0]
WHERE [t0].[AccountId] = @p0
-- @p0: Input UniqueIdentifier (Size = -1; Prec = 0; Scale = 0) [fb7a6004-a141-46f8-96bf-d789a11034f6]
-- Context: SqlProvider(Sql2008) Model: AttributedMetaModel Build: 4.0.30319.1

SELECT [t0].[AccountPreferenceId], [t0].[AccountId], [t0].[PrimaryBankAccountId], [t0].[PrimaryPaymentCardId], [t0].[TimeZone], [t0].[IsHardship], [t0].[CreatedOn], [t0].[RemindBeforeEndLoan], [t0].[IsDispute], [t0].[Ccin], [t0].[CanAddBankAccount], [t0].[IncomeFrequency], [t0].[NextPayDate], [t0].[CreditLimit], [t0].[CashoutPaymentMethodId]
FROM [payment].[AccountPreferences] AS [t0]
WHERE [t0].[AccountId] = @p0
-- @p0: Input UniqueIdentifier (Size = -1; Prec = 0; Scale = 0) [fb7a6004-a141-46f8-96bf-d789a11034f6]
-- Context: SqlProvider(Sql2008) Model: AttributedMetaModel Build: 4.0.30319.1

SELECT [t0].[AccountPreferenceId], [t0].[AccountId], [t0].[PrimaryBankAccountId], [t0].[PrimaryPaymentCardId], [t0].[TimeZone], [t0].[IsHardship], [t0].[CreatedOn], [t0].[RemindBeforeEndLoan], [t0].[IsDispute], [t0].[Ccin], [t0].[CanAddBankAccount], [t0].[IncomeFrequency], [t0].[NextPayDate], [t0].[CreditLimit], [t0].[CashoutPaymentMethodId]
FROM [payment].[AccountPreferences] AS [t0]
WHERE [t0].[AccountId] = @p0
-- @p0: Input UniqueIdentifier (Size = -1; Prec = 0; Scale = 0) [fb7a6004-a141-46f8-96bf-d789a11034f6]
-- Context: SqlProvider(Sql2008) Model: AttributedMetaModel Build: 4.0.30319.1

SELECT [t0].[CalendarDateId], [t0].[Date], [t0].[IsBankHoliday], [t0].[CreatedOn]
FROM [payment].[CalendarDates] AS [t0]
WHERE ([t0].[IsBankHoliday] = 1) AND ([t0].[Date] >= @p0) AND ([t0].[Date] < @p1)
ORDER BY [t0].[Date]
-- @p0: Input Date (Size = -1; Prec = 0; Scale = 0) [01/07/2012 00:00:00]
-- @p1: Input Date (Size = -1; Prec = 0; Scale = 0) [16/08/2012 00:00:00]
-- Context: SqlProvider(Sql2008) Model: AttributedMetaModel Build: 4.0.30319.1

Simple.Data.Ado: 
Text
SELECT TOP 1 [dbo].[InArrearsNoticeSagaEntity].[Id], [dbo].[InArrearsNoticeSagaEntity].[AccountId], [dbo].[InArrearsNoticeSagaEntity].[ApplicationId], [dbo].[InArrearsNoticeSagaEntity].[DaysInArrears], [dbo].[InArrearsNoticeSagaEntity].[OriginalMessageId], [dbo].[InArrearsNoticeSagaEntity].[Originator], [dbo].[InArrearsNoticeSagaEntity].[HasHardship], [dbo].[InArrearsNoticeSagaEntity].[HasDispute] from [dbo].[InArrearsNoticeSagaEntity]  where [dbo].[InArrearsNoticeSagaEntity].[ApplicationId] = @p1
@p1 (Guid) = a3ba2daa-973e-440d-9937-990a2e019743

Wonga.QA.Framework.Msmq.MsmqQueue: <Messages xmlns:xsi="http://www.w3.org/2001/XMLSchema-instance" xmlns:xsd="http://www.w3.org/2001/XMLSchema" xmlns="http://tempuri.net/NServiceBus.Saga" xmlns:baseType="NServiceBus.Saga.ISagaMessage">
  <TimeoutMessage>
    <Expires>0001-01-01T00:00:00</Expires>
    <SagaId>975bc277-c013-4cb3-a865-a07700b5ef74</SagaId>
    <ClearTimeout>false</ClearTimeout>
  </TimeoutMessage>
</Messages>
Wonga.QA.Framework.Msmq.MsmqQueue: <Messages xmlns:xsi="http://www.w3.org/2001/XMLSchema-instance" xmlns:xsd="http://www.w3.org/2001/XMLSchema" xmlns="http://tempuri.net/NServiceBus.Saga" xmlns:baseType="NServiceBus.Saga.ISagaMessage">
  <TimeoutMessage>
    <Expires>0001-01-01T00:00:00</Expires>
    <SagaId>975bc277-c013-4cb3-a865-a07700b5ef74</SagaId>
    <ClearTimeout>false</ClearTimeout>
  </TimeoutMessage>
</Messages>
Wonga.QA.Framework.Msmq.MsmqQueue: <Messages xmlns:xsi="http://www.w3.org/2001/XMLSchema-instance" xmlns:xsd="http://www.w3.org/2001/XMLSchema" xmlns="http://tempuri.net/NServiceBus.Saga" xmlns:baseType="NServiceBus.Saga.ISagaMessage">
  <TimeoutMessage>
    <Expires>0001-01-01T00:00:00</Expires>
    <SagaId>975bc277-c013-4cb3-a865-a07700b5ef74</SagaId>
    <ClearTimeout>false</ClearTimeout>
  </TimeoutMessage>
</Messages>
Wonga.QA.Framework.Msmq.MsmqQueue: <Messages xmlns:xsi="http://www.w3.org/2001/XMLSchema-instance" xmlns:xsd="http://www.w3.org/2001/XMLSchema" xmlns="http://tempuri.net/NServiceBus.Saga" xmlns:baseType="NServiceBus.Saga.ISagaMessage">
  <TimeoutMessage>
    <Expires>0001-01-01T00:00:00</Expires>
    <SagaId>975bc277-c013-4cb3-a865-a07700b5ef74</SagaId>
    <ClearTimeout>false</ClearTimeout>
  </TimeoutMessage>
</Messages>
Wonga.QA.Framework.Msmq.MsmqQueue: <Messages xmlns:xsi="http://www.w3.org/2001/XMLSchema-instance" xmlns:xsd="http://www.w3.org/2001/XMLSchema" xmlns="http://tempuri.net/NServiceBus.Saga" xmlns:baseType="NServiceBus.Saga.ISagaMessage">
  <TimeoutMessage>
    <Expires>0001-01-01T00:00:00</Expires>
    <SagaId>975bc277-c013-4cb3-a865-a07700b5ef74</SagaId>
    <ClearTimeout>false</ClearTimeout>
  </TimeoutMessage>
</Messages>
Wonga.QA.Framework.Msmq.MsmqQueue: <Messages xmlns:xsi="http://www.w3.org/2001/XMLSchema-instance" xmlns:xsd="http://www.w3.org/2001/XMLSchema" xmlns="http://tempuri.net/NServiceBus.Saga" xmlns:baseType="NServiceBus.Saga.ISagaMessage">
  <TimeoutMessage>
    <Expires>0001-01-01T00:00:00</Expires>
    <SagaId>975bc277-c013-4cb3-a865-a07700b5ef74</SagaId>
    <ClearTimeout>false</ClearTimeout>
  </TimeoutMessage>
</Messages>
Wonga.QA.Framework.Msmq.MsmqQueue: <Messages xmlns:xsi="http://www.w3.org/2001/XMLSchema-instance" xmlns:xsd="http://www.w3.org/2001/XMLSchema" xmlns="http://tempuri.net/NServiceBus.Saga" xmlns:baseType="NServiceBus.Saga.ISagaMessage">
  <TimeoutMessage>
    <Expires>0001-01-01T00:00:00</Expires>
    <SagaId>975bc277-c013-4cb3-a865-a07700b5ef74</SagaId>
    <ClearTimeout>false</ClearTimeout>
  </TimeoutMessage>
</Messages>
Wonga.QA.Framework.Msmq.MsmqQueue: <Messages xmlns:xsi="http://www.w3.org/2001/XMLSchema-instance" xmlns:xsd="http://www.w3.org/2001/XMLSchema" xmlns="http://tempuri.net/NServiceBus.Saga" xmlns:baseType="NServiceBus.Saga.ISagaMessage">
  <TimeoutMessage>
    <Expires>0001-01-01T00:00:00</Expires>
    <SagaId>975bc277-c013-4cb3-a865-a07700b5ef74</SagaId>
    <ClearTimeout>false</ClearTimeout>
  </TimeoutMessage>
</Messages>
Wonga.QA.Framework.Msmq.MsmqQueue: <Messages xmlns:xsi="http://www.w3.org/2001/XMLSchema-instance" xmlns:xsd="http://www.w3.org/2001/XMLSchema" xmlns="http://tempuri.net/NServiceBus.Saga" xmlns:baseType="NServiceBus.Saga.ISagaMessage">
  <TimeoutMessage>
    <Expires>0001-01-01T00:00:00</Expires>
    <SagaId>975bc277-c013-4cb3-a865-a07700b5ef74</SagaId>
    <ClearTimeout>false</ClearTimeout>
  </TimeoutMessage>
</Messages>
Wonga.QA.Framework.Msmq.MsmqQueue: <Messages xmlns:xsi="http://www.w3.org/2001/XMLSchema-instance" xmlns:xsd="http://www.w3.org/2001/XMLSchema" xmlns="http://tempuri.net/NServiceBus.Saga" xmlns:baseType="NServiceBus.Saga.ISagaMessage">
  <TimeoutMessage>
    <Expires>0001-01-01T00:00:00</Expires>
    <SagaId>975bc277-c013-4cb3-a865-a07700b5ef74</SagaId>
    <ClearTimeout>false</ClearTimeout>
  </TimeoutMessage>
</Messages>
Wonga.QA.Framework.Msmq.MsmqQueue: <Messages xmlns:xsi="http://www.w3.org/2001/XMLSchema-instance" xmlns:xsd="http://www.w3.org/2001/XMLSchema" xmlns="http://tempuri.net/NServiceBus.Saga" xmlns:baseType="NServiceBus.Saga.ISagaMessage">
  <TimeoutMessage>
    <Expires>0001-01-01T00:00:00</Expires>
    <SagaId>975bc277-c013-4cb3-a865-a07700b5ef74</SagaId>
    <ClearTimeout>false</ClearTimeout>
  </TimeoutMessage>
</Messages>
Wonga.QA.Framework.Msmq.MsmqQueue: <Messages xmlns:xsi="http://www.w3.org/2001/XMLSchema-instance" xmlns:xsd="http://www.w3.org/2001/XMLSchema" xmlns="http://tempuri.net/NServiceBus.Saga" xmlns:baseType="NServiceBus.Saga.ISagaMessage">
  <TimeoutMessage>
    <Expires>0001-01-01T00:00:00</Expires>
    <SagaId>975bc277-c013-4cb3-a865-a07700b5ef74</SagaId>
    <ClearTimeout>false</ClearTimeout>
  </TimeoutMessage>
</Messages>
SELECT [t0].[ApplicationId], [t0].[ExternalId], [t0].[AccountId], [t0].[ProductId], [t0].[Currency], [t0].[BankAccountGuid], [t0].[PaymentCardGuid], [t0].[PromoCodeId], [t0].[ApplicationDate], [t0].[SignedOn], [t0].[ClosedOn], [t0].[CreatedOn], [t0].[Version], [t0].[CanceledOn], [t0].[AcceptedOn], [t0].[DeclinedOn], [t0].[AbandonedOn], [t0].[LoanReference], [t0].[CashAdvanceFailedOn]
FROM [payment].[Applications] AS [t0]
WHERE [t0].[ExternalId] = @p0
-- @p0: Input UniqueIdentifier (Size = -1; Prec = 0; Scale = 0) [a3ba2daa-973e-440d-9937-990a2e019743]
-- Context: SqlProvider(Sql2008) Model: AttributedMetaModel Build: 4.0.30319.1

SELECT [t0].[RiskApplicationId], [t0].[ApplicationId], [t0].[AccountId], [t0].[Currency], [t0].[PromiseDate], [t0].[ApplicationDate], [t0].[LoanAmount], [t0].[PaymentCardId], [t0].[BankAccountId], [t0].[ClosedOn], [t0].[IsCanceled], [t0].[SignedOn], [t0].[OriginalLoanAmount], [t0].[IsCounterOffer], [t0].[ArrearsStartDate], [t0].[InArrearsDays], [t0].[CreditLimit], [t0].[TermLimit], [t0].[NCOAccepted], [t0].[PCOAccepted], [t0].[WasExtended], [t0].[WasTopUp], [t0].[UsedManualVerification], [t0].[PaymentTransactionCount], [t0].[ManualPaymentTransactionCount], [t0].[Decision], [t0].[EstimatedCompletionDate], [t0].[ApplicationBehaviourId], [t0].[MainCardRepayRate], [t0].[PriceTier], [t0].[GuarantorCount]
FROM [risk].[RiskApplications] AS [t0]
WHERE [t0].[ApplicationId] = @p0
-- @p0: Input UniqueIdentifier (Size = -1; Prec = 0; Scale = 0) [a3ba2daa-973e-440d-9937-990a2e019743]
-- Context: SqlProvider(Sql2008) Model: AttributedMetaModel Build: 4.0.30319.1

SELECT [t0].[ApplicationId], [t0].[LoanAmount], [t0].[MonthlyInterestRate], [t0].[TransmissionFee], [t0].[PromiseDate], [t0].[NextDueDate], [t0].[IsV2], [t0].[ServiceFee], [t0].[InitiationFee]
FROM [payment].[FixedTermLoanApplications] AS [t0]
WHERE [t0].[ApplicationId] = @p0
-- @p0: Input Int (Size = -1; Prec = 0; Scale = 0) [19295]
-- Context: SqlProvider(Sql2008) Model: AttributedMetaModel Build: 4.0.30319.1

UPDATE [payment].[Applications]
SET [ApplicationDate] = @p2, [SignedOn] = @p3, [CreatedOn] = @p4, [AcceptedOn] = @p5
WHERE ([ApplicationId] = @p0) AND ([Version] = @p1)

SELECT [t1].[Version]
FROM [payment].[Applications] AS [t1]
WHERE ((@@ROWCOUNT) > 0) AND ([t1].[ApplicationId] = @p6)
-- @p0: Input Int (Size = -1; Prec = 0; Scale = 0) [19295]
-- @p1: Input Timestamp (Size = -1; Prec = 0; Scale = 0) [SqlBinary(8)]
-- @p2: Input DateTime (Size = -1; Prec = 0; Scale = 0) [20/05/2012 11:02:03]
-- @p3: Input DateTime (Size = -1; Prec = 0; Scale = 0) [20/05/2012 10:02:05]
-- @p4: Input DateTime (Size = -1; Prec = 0; Scale = 0) [20/05/2012 10:02:03]
-- @p5: Input DateTime (Size = -1; Prec = 0; Scale = 0) [20/05/2012 10:02:04]
-- @p6: Input Int (Size = -1; Prec = 0; Scale = 0) [19295]
-- Context: SqlProvider(Sql2008) Model: AttributedMetaModel Build: 4.0.30319.1

UPDATE [payment].[FixedTermLoanApplications]
SET [PromiseDate] = @p8, [NextDueDate] = @p9
WHERE ([ApplicationId] = @p0) AND ([LoanAmount] = @p1) AND ([MonthlyInterestRate] = @p2) AND ([TransmissionFee] = @p3) AND ([PromiseDate] = @p4) AND ([NextDueDate] = @p5) AND ([IsV2] IS NULL) AND ([ServiceFee] = @p6) AND ([InitiationFee] = @p7)
-- @p0: Input Int (Size = -1; Prec = 0; Scale = 0) [19295]
-- @p1: Input Decimal (Size = -1; Prec = 9; Scale = 2) [100.00]
-- @p2: Input Decimal (Size = -1; Prec = 9; Scale = 6) [30.416700]
-- @p3: Input Decimal (Size = -1; Prec = 9; Scale = 2) [0.00]
-- @p4: Input DateTime (Size = -1; Prec = 0; Scale = 0) [12/06/2012 00:00:00]
-- @p5: Input DateTime (Size = -1; Prec = 0; Scale = 0) [13/06/2012 00:00:00]
-- @p6: Input Decimal (Size = -1; Prec = 9; Scale = 2) [0.00]
-- @p7: Input Decimal (Size = -1; Prec = 9; Scale = 2) [0.00]
-- @p8: Input DateTime (Size = -1; Prec = 0; Scale = 0) [31/05/2012 00:00:00]
-- @p9: Input DateTime (Size = -1; Prec = 0; Scale = 0) [01/06/2012 00:00:00]
-- Context: SqlProvider(Sql2008) Model: AttributedMetaModel Build: 4.0.30319.1

SELECT [t0].[TransactionId], [t0].[ExternalId], [t0].[ApplicationId], [t0].[PostedOn], [t0].[Scope], [t0].[Type], [t0].[Amount], [t0].[Mir], [t0].[Currency], [t0].[ComponentTransactionId], [t0].[Reference], [t0].[CreatedOn], [t0].[UserId], [t0].[SalesForceUsername]
FROM [payment].[Transactions] AS [t0]
WHERE [t0].[ApplicationId] = @p0
-- @p0: Input Int (Size = -1; Prec = 0; Scale = 0) [19295]
-- Context: SqlProvider(Sql2008) Model: AttributedMetaModel Build: 4.0.30319.1

UPDATE [payment].[Transactions]
SET [PostedOn] = @p12, [CreatedOn] = @p13
WHERE ([TransactionId] = @p0) AND ([ExternalId] = @p1) AND ([ApplicationId] = @p2) AND ([PostedOn] = @p3) AND ([Scope] = @p4) AND ([Type] = @p5) AND ([Amount] = @p6) AND ([Mir] = @p7) AND ([Currency] = @p8) AND ([ComponentTransactionId] = @p9) AND ([Reference] = @p10) AND ([CreatedOn] = @p11) AND ([UserId] IS NULL) AND ([SalesForceUsername] IS NULL)
-- @p0: Input Int (Size = -1; Prec = 0; Scale = 0) [128853]
-- @p1: Input UniqueIdentifier (Size = -1; Prec = 0; Scale = 0) [b5f2265f-6290-40b8-8407-536c5c2a9e4d]
-- @p2: Input Int (Size = -1; Prec = 0; Scale = 0) [19295]
-- @p3: Input DateTime (Size = -1; Prec = 0; Scale = 0) [01/06/2012 11:02:06]
-- @p4: Input TinyInt (Size = -1; Prec = 0; Scale = 0) [0]
-- @p5: Input NVarChar (Size = 4000; Prec = 0; Scale = 0) [InterestRate]
-- @p6: Input Decimal (Size = -1; Prec = 9; Scale = 2) [0.00]
-- @p7: Input Decimal (Size = -1; Prec = 9; Scale = 6) [30.416700]
-- @p8: Input Int (Size = -1; Prec = 0; Scale = 0) [0]
-- @p9: Input UniqueIdentifier (Size = -1; Prec = 0; Scale = 0) [00000000-0000-0000-0000-000000000000]
-- @p10: Input NVarChar (Size = 4000; Prec = 0; Scale = 0) [Normal interest rate]
-- @p11: Input DateTime (Size = -1; Prec = 0; Scale = 0) [01/06/2012 10:02:06]
-- @p12: Input DateTime (Size = -1; Prec = 0; Scale = 0) [20/05/2012 11:02:06]
-- @p13: Input DateTime (Size = -1; Prec = 0; Scale = 0) [20/05/2012 10:02:06]
-- Context: SqlProvider(Sql2008) Model: AttributedMetaModel Build: 4.0.30319.1

UPDATE [payment].[Transactions]
SET [PostedOn] = @p12, [CreatedOn] = @p13
WHERE ([TransactionId] = @p0) AND ([ExternalId] = @p1) AND ([ApplicationId] = @p2) AND ([PostedOn] = @p3) AND ([Scope] = @p4) AND ([Type] = @p5) AND ([Amount] = @p6) AND ([Mir] = @p7) AND ([Currency] = @p8) AND ([ComponentTransactionId] = @p9) AND ([Reference] = @p10) AND ([CreatedOn] = @p11) AND ([UserId] IS NULL) AND ([SalesForceUsername] IS NULL)
-- @p0: Input Int (Size = -1; Prec = 0; Scale = 0) [128854]
-- @p1: Input UniqueIdentifier (Size = -1; Prec = 0; Scale = 0) [03312990-4dd7-48c1-a52e-bda23ca56e5f]
-- @p2: Input Int (Size = -1; Prec = 0; Scale = 0) [19295]
-- @p3: Input DateTime (Size = -1; Prec = 0; Scale = 0) [01/06/2012 11:02:06]
-- @p4: Input TinyInt (Size = -1; Prec = 0; Scale = 0) [1]
-- @p5: Input NVarChar (Size = 4000; Prec = 0; Scale = 0) [CashAdvance]
-- @p6: Input Decimal (Size = -1; Prec = 9; Scale = 2) [100.00]
-- @p7: Input Decimal (Size = -1; Prec = 9; Scale = 6) [0.000000]
-- @p8: Input Int (Size = -1; Prec = 0; Scale = 0) [124]
-- @p9: Input UniqueIdentifier (Size = -1; Prec = 0; Scale = 0) [00000000-0000-0000-0000-000000000000]
-- @p10: Input NVarChar (Size = 4000; Prec = 0; Scale = 0) [Fixed term loan initial advance]
-- @p11: Input DateTime (Size = -1; Prec = 0; Scale = 0) [01/06/2012 10:02:06]
-- @p12: Input DateTime (Size = -1; Prec = 0; Scale = 0) [20/05/2012 11:02:06]
-- @p13: Input DateTime (Size = -1; Prec = 0; Scale = 0) [20/05/2012 10:02:06]
-- Context: SqlProvider(Sql2008) Model: AttributedMetaModel Build: 4.0.30319.1

UPDATE [payment].[Transactions]
SET [PostedOn] = @p12, [CreatedOn] = @p13
WHERE ([TransactionId] = @p0) AND ([ExternalId] = @p1) AND ([ApplicationId] = @p2) AND ([PostedOn] = @p3) AND ([Scope] = @p4) AND ([Type] = @p5) AND ([Amount] = @p6) AND ([Mir] = @p7) AND ([Currency] = @p8) AND ([ComponentTransactionId] = @p9) AND ([Reference] = @p10) AND ([CreatedOn] = @p11) AND ([UserId] IS NULL) AND ([SalesForceUsername] IS NULL)
-- @p0: Input Int (Size = -1; Prec = 0; Scale = 0) [128855]
-- @p1: Input UniqueIdentifier (Size = -1; Prec = 0; Scale = 0) [9168f1ef-1454-47cf-9c70-851af7b0b5c8]
-- @p2: Input Int (Size = -1; Prec = 0; Scale = 0) [19295]
-- @p3: Input DateTime (Size = -1; Prec = 0; Scale = 0) [01/06/2012 11:02:06]
-- @p4: Input TinyInt (Size = -1; Prec = 0; Scale = 0) [1]
-- @p5: Input NVarChar (Size = 4000; Prec = 0; Scale = 0) [Fee]
-- @p6: Input Decimal (Size = -1; Prec = 9; Scale = 2) [0.00]
-- @p7: Input Decimal (Size = -1; Prec = 9; Scale = 6) [0.000000]
-- @p8: Input Int (Size = -1; Prec = 0; Scale = 0) [124]
-- @p9: Input UniqueIdentifier (Size = -1; Prec = 0; Scale = 0) [00000000-0000-0000-0000-000000000000]
-- @p10: Input NVarChar (Size = 4000; Prec = 0; Scale = 0) [Fixed term loan transmission fee]
-- @p11: Input DateTime (Size = -1; Prec = 0; Scale = 0) [01/06/2012 10:02:06]
-- @p12: Input DateTime (Size = -1; Prec = 0; Scale = 0) [20/05/2012 11:02:06]
-- @p13: Input DateTime (Size = -1; Prec = 0; Scale = 0) [20/05/2012 10:02:06]
-- Context: SqlProvider(Sql2008) Model: AttributedMetaModel Build: 4.0.30319.1

UPDATE [payment].[Transactions]
SET [PostedOn] = @p12, [CreatedOn] = @p13
WHERE ([TransactionId] = @p0) AND ([ExternalId] = @p1) AND ([ApplicationId] = @p2) AND ([PostedOn] = @p3) AND ([Scope] = @p4) AND ([Type] = @p5) AND ([Amount] = @p6) AND ([Mir] = @p7) AND ([Currency] = @p8) AND ([ComponentTransactionId] = @p9) AND ([Reference] = @p10) AND ([CreatedOn] = @p11) AND ([UserId] IS NULL) AND ([SalesForceUsername] IS NULL)
-- @p0: Input Int (Size = -1; Prec = 0; Scale = 0) [128856]
-- @p1: Input UniqueIdentifier (Size = -1; Prec = 0; Scale = 0) [12d9a355-2e35-4b87-a963-09c4fc932082]
-- @p2: Input Int (Size = -1; Prec = 0; Scale = 0) [19295]
-- @p3: Input DateTime (Size = -1; Prec = 0; Scale = 0) [01/06/2012 11:02:06]
-- @p4: Input TinyInt (Size = -1; Prec = 0; Scale = 0) [0]
-- @p5: Input NVarChar (Size = 4000; Prec = 0; Scale = 0) [SuspendInterestAccrual]
-- @p6: Input Decimal (Size = -1; Prec = 9; Scale = 2) [0.00]
-- @p7: Input Decimal (Size = -1; Prec = 9; Scale = 6) [0.000000]
-- @p8: Input Int (Size = -1; Prec = 0; Scale = 0) [0]
-- @p9: Input UniqueIdentifier (Size = -1; Prec = 0; Scale = 0) [00000000-0000-0000-0000-000000000000]
-- @p10: Input NVarChar (Size = 4000; Prec = 0; Scale = 0) [Initial loan advance interest suspension]
-- @p11: Input DateTime (Size = -1; Prec = 0; Scale = 0) [01/06/2012 10:02:06]
-- @p12: Input DateTime (Size = -1; Prec = 0; Scale = 0) [20/05/2012 11:02:06]
-- @p13: Input DateTime (Size = -1; Prec = 0; Scale = 0) [20/05/2012 10:02:06]
-- Context: SqlProvider(Sql2008) Model: AttributedMetaModel Build: 4.0.30319.1

UPDATE [payment].[Transactions]
SET [PostedOn] = @p12, [CreatedOn] = @p13
WHERE ([TransactionId] = @p0) AND ([ExternalId] = @p1) AND ([ApplicationId] = @p2) AND ([PostedOn] = @p3) AND ([Scope] = @p4) AND ([Type] = @p5) AND ([Amount] = @p6) AND ([Mir] = @p7) AND ([Currency] = @p8) AND ([ComponentTransactionId] = @p9) AND ([Reference] = @p10) AND ([CreatedOn] = @p11) AND ([UserId] IS NULL) AND ([SalesForceUsername] IS NULL)
-- @p0: Input Int (Size = -1; Prec = 0; Scale = 0) [128857]
-- @p1: Input UniqueIdentifier (Size = -1; Prec = 0; Scale = 0) [84739257-226d-4a72-b354-9917440cd468]
-- @p2: Input Int (Size = -1; Prec = 0; Scale = 0) [19295]
-- @p3: Input DateTime (Size = -1; Prec = 0; Scale = 0) [02/06/2012 00:00:00]
-- @p4: Input TinyInt (Size = -1; Prec = 0; Scale = 0) [0]
-- @p5: Input NVarChar (Size = 4000; Prec = 0; Scale = 0) [ResumeInterestAccrual]
-- @p6: Input Decimal (Size = -1; Prec = 9; Scale = 2) [0.00]
-- @p7: Input Decimal (Size = -1; Prec = 9; Scale = 6) [0.000000]
-- @p8: Input Int (Size = -1; Prec = 0; Scale = 0) [0]
-- @p9: Input UniqueIdentifier (Size = -1; Prec = 0; Scale = 0) [00000000-0000-0000-0000-000000000000]
-- @p10: Input NVarChar (Size = 4000; Prec = 0; Scale = 0) [Initial loan advance interest resumption]
-- @p11: Input DateTime (Size = -1; Prec = 0; Scale = 0) [01/06/2012 10:02:07]
-- @p12: Input DateTime (Size = -1; Prec = 0; Scale = 0) [21/05/2012 00:00:00]
-- @p13: Input DateTime (Size = -1; Prec = 0; Scale = 0) [20/05/2012 10:02:07]
-- Context: SqlProvider(Sql2008) Model: AttributedMetaModel Build: 4.0.30319.1

UPDATE [payment].[Transactions]
SET [PostedOn] = @p12, [CreatedOn] = @p13
WHERE ([TransactionId] = @p0) AND ([ExternalId] = @p1) AND ([ApplicationId] = @p2) AND ([PostedOn] = @p3) AND ([Scope] = @p4) AND ([Type] = @p5) AND ([Amount] = @p6) AND ([Mir] = @p7) AND ([Currency] = @p8) AND ([ComponentTransactionId] = @p9) AND ([Reference] = @p10) AND ([CreatedOn] = @p11) AND ([UserId] IS NULL) AND ([SalesForceUsername] IS NULL)
-- @p0: Input Int (Size = -1; Prec = 0; Scale = 0) [128858]
-- @p1: Input UniqueIdentifier (Size = -1; Prec = 0; Scale = 0) [1a849924-f433-4306-ba21-9d269f5103a6]
-- @p2: Input Int (Size = -1; Prec = 0; Scale = 0) [19295]
-- @p3: Input DateTime (Size = -1; Prec = 0; Scale = 0) [12/06/2012 00:00:00]
-- @p4: Input TinyInt (Size = -1; Prec = 0; Scale = 0) [0]
-- @p5: Input NVarChar (Size = 4000; Prec = 0; Scale = 0) [SuspendInterestAccrual]
-- @p6: Input Decimal (Size = -1; Prec = 9; Scale = 2) [0.00]
-- @p7: Input Decimal (Size = -1; Prec = 9; Scale = 6) [0.000000]
-- @p8: Input Int (Size = -1; Prec = 0; Scale = 0) [0]
-- @p9: Input UniqueIdentifier (Size = -1; Prec = 0; Scale = 0) [00000000-0000-0000-0000-000000000000]
-- @p10: Input NVarChar (Size = 4000; Prec = 0; Scale = 0) [Suspend interest until next due date]
-- @p11: Input DateTime (Size = -1; Prec = 0; Scale = 0) [01/06/2012 10:02:07]
-- @p12: Input DateTime (Size = -1; Prec = 0; Scale = 0) [31/05/2012 00:00:00]
-- @p13: Input DateTime (Size = -1; Prec = 0; Scale = 0) [20/05/2012 10:02:07]
-- Context: SqlProvider(Sql2008) Model: AttributedMetaModel Build: 4.0.30319.1

UPDATE [payment].[Transactions]
SET [PostedOn] = @p12, [CreatedOn] = @p13
WHERE ([TransactionId] = @p0) AND ([ExternalId] = @p1) AND ([ApplicationId] = @p2) AND ([PostedOn] = @p3) AND ([Scope] = @p4) AND ([Type] = @p5) AND ([Amount] = @p6) AND ([Mir] = @p7) AND ([Currency] = @p8) AND ([ComponentTransactionId] = @p9) AND ([Reference] = @p10) AND ([CreatedOn] = @p11) AND ([UserId] IS NULL) AND ([SalesForceUsername] IS NULL)
-- @p0: Input Int (Size = -1; Prec = 0; Scale = 0) [128859]
-- @p1: Input UniqueIdentifier (Size = -1; Prec = 0; Scale = 0) [0033d139-967c-430e-bc81-61b6e6066537]
-- @p2: Input Int (Size = -1; Prec = 0; Scale = 0) [19295]
-- @p3: Input DateTime (Size = -1; Prec = 0; Scale = 0) [13/06/2012 00:00:00]
-- @p4: Input TinyInt (Size = -1; Prec = 0; Scale = 0) [0]
-- @p5: Input NVarChar (Size = 4000; Prec = 0; Scale = 0) [ResumeInterestAccrual]
-- @p6: Input Decimal (Size = -1; Prec = 9; Scale = 2) [0.00]
-- @p7: Input Decimal (Size = -1; Prec = 9; Scale = 6) [0.000000]
-- @p8: Input Int (Size = -1; Prec = 0; Scale = 0) [0]
-- @p9: Input UniqueIdentifier (Size = -1; Prec = 0; Scale = 0) [00000000-0000-0000-0000-000000000000]
-- @p10: Input NVarChar (Size = 4000; Prec = 0; Scale = 0) [Resume interest on next due date]
-- @p11: Input DateTime (Size = -1; Prec = 0; Scale = 0) [01/06/2012 10:02:07]
-- @p12: Input DateTime (Size = -1; Prec = 0; Scale = 0) [01/06/2012 00:00:00]
-- @p13: Input DateTime (Size = -1; Prec = 0; Scale = 0) [20/05/2012 10:02:07]
-- Context: SqlProvider(Sql2008) Model: AttributedMetaModel Build: 4.0.30319.1

UPDATE [payment].[Transactions]
SET [PostedOn] = @p12, [CreatedOn] = @p13
WHERE ([TransactionId] = @p0) AND ([ExternalId] = @p1) AND ([ApplicationId] = @p2) AND ([PostedOn] = @p3) AND ([Scope] = @p4) AND ([Type] = @p5) AND ([Amount] = @p6) AND ([Mir] = @p7) AND ([Currency] = @p8) AND ([ComponentTransactionId] = @p9) AND ([Reference] = @p10) AND ([CreatedOn] = @p11) AND ([UserId] IS NULL) AND ([SalesForceUsername] IS NULL)
-- @p0: Input Int (Size = -1; Prec = 0; Scale = 0) [128860]
-- @p1: Input UniqueIdentifier (Size = -1; Prec = 0; Scale = 0) [f679c8c1-4226-4101-8d53-ba41a19fdd5c]
-- @p2: Input Int (Size = -1; Prec = 0; Scale = 0) [19295]
-- @p3: Input DateTime (Size = -1; Prec = 0; Scale = 0) [13/06/2012 11:02:18]
-- @p4: Input TinyInt (Size = -1; Prec = 0; Scale = 0) [1]
-- @p5: Input NVarChar (Size = 4000; Prec = 0; Scale = 0) [Interest]
-- @p6: Input Decimal (Size = -1; Prec = 9; Scale = 2) [10.00]
-- @p7: Input Decimal (Size = -1; Prec = 9; Scale = 6) [30.416700]
-- @p8: Input Int (Size = -1; Prec = 0; Scale = 0) [124]
-- @p9: Input UniqueIdentifier (Size = -1; Prec = 0; Scale = 0) [00000000-0000-0000-0000-000000000000]
-- @p10: Input NVarChar (Size = 4000; Prec = 0; Scale = 0) [Automated Accrued Interest Posted]
-- @p11: Input DateTime (Size = -1; Prec = 0; Scale = 0) [13/06/2012 10:02:18]
-- @p12: Input DateTime (Size = -1; Prec = 0; Scale = 0) [01/06/2012 11:02:18]
-- @p13: Input DateTime (Size = -1; Prec = 0; Scale = 0) [01/06/2012 10:02:18]
-- Context: SqlProvider(Sql2008) Model: AttributedMetaModel Build: 4.0.30319.1

UPDATE [payment].[Transactions]
SET [PostedOn] = @p12, [CreatedOn] = @p13
WHERE ([TransactionId] = @p0) AND ([ExternalId] = @p1) AND ([ApplicationId] = @p2) AND ([PostedOn] = @p3) AND ([Scope] = @p4) AND ([Type] = @p5) AND ([Amount] = @p6) AND ([Mir] = @p7) AND ([Currency] = @p8) AND ([ComponentTransactionId] = @p9) AND ([Reference] = @p10) AND ([CreatedOn] = @p11) AND ([UserId] IS NULL) AND ([SalesForceUsername] IS NULL)
-- @p0: Input Int (Size = -1; Prec = 0; Scale = 0) [128861]
-- @p1: Input UniqueIdentifier (Size = -1; Prec = 0; Scale = 0) [aabfca58-df2e-4c6c-8009-5d95407a1415]
-- @p2: Input Int (Size = -1; Prec = 0; Scale = 0) [19295]
-- @p3: Input DateTime (Size = -1; Prec = 0; Scale = 0) [13/06/2012 00:00:00]
-- @p4: Input TinyInt (Size = -1; Prec = 0; Scale = 0) [0]
-- @p5: Input NVarChar (Size = 4000; Prec = 0; Scale = 0) [InterestRate]
-- @p6: Input Decimal (Size = -1; Prec = 9; Scale = 2) [0.00]
-- @p7: Input Decimal (Size = -1; Prec = 9; Scale = 6) [2.500000]
-- @p8: Input Int (Size = -1; Prec = 0; Scale = 0) [0]
-- @p9: Input UniqueIdentifier (Size = -1; Prec = 0; Scale = 0) [00000000-0000-0000-0000-000000000000]
-- @p10: Input NVarChar (Size = 4000; Prec = 0; Scale = 0) [Arrear interest rate]
-- @p11: Input DateTime (Size = -1; Prec = 0; Scale = 0) [13/06/2012 10:02:23]
-- @p12: Input DateTime (Size = -1; Prec = 0; Scale = 0) [01/06/2012 00:00:00]
-- @p13: Input DateTime (Size = -1; Prec = 0; Scale = 0) [01/06/2012 10:02:23]
-- Context: SqlProvider(Sql2008) Model: AttributedMetaModel Build: 4.0.30319.1

UPDATE [payment].[Transactions]
SET [PostedOn] = @p12, [CreatedOn] = @p13
WHERE ([TransactionId] = @p0) AND ([ExternalId] = @p1) AND ([ApplicationId] = @p2) AND ([PostedOn] = @p3) AND ([Scope] = @p4) AND ([Type] = @p5) AND ([Amount] = @p6) AND ([Mir] = @p7) AND ([Currency] = @p8) AND ([ComponentTransactionId] = @p9) AND ([Reference] = @p10) AND ([CreatedOn] = @p11) AND ([UserId] IS NULL) AND ([SalesForceUsername] IS NULL)
-- @p0: Input Int (Size = -1; Prec = 0; Scale = 0) [128862]
-- @p1: Input UniqueIdentifier (Size = -1; Prec = 0; Scale = 0) [81ea2a05-3acf-49aa-b915-2a23aeb370b5]
-- @p2: Input Int (Size = -1; Prec = 0; Scale = 0) [19295]
-- @p3: Input DateTime (Size = -1; Prec = 0; Scale = 0) [13/06/2012 00:00:00]
-- @p4: Input TinyInt (Size = -1; Prec = 0; Scale = 0) [0]
-- @p5: Input NVarChar (Size = 4000; Prec = 0; Scale = 0) [InterestRateFee]
-- @p6: Input Decimal (Size = -1; Prec = 9; Scale = 2) [0.00]
-- @p7: Input Decimal (Size = -1; Prec = 9; Scale = 6) [2.500000]
-- @p8: Input Int (Size = -1; Prec = 0; Scale = 0) [0]
-- @p9: Input UniqueIdentifier (Size = -1; Prec = 0; Scale = 0) [00000000-0000-0000-0000-000000000000]
-- @p10: Input NVarChar (Size = 4000; Prec = 0; Scale = 0) [Fee interest rate]
-- @p11: Input DateTime (Size = -1; Prec = 0; Scale = 0) [13/06/2012 10:02:23]
-- @p12: Input DateTime (Size = -1; Prec = 0; Scale = 0) [01/06/2012 00:00:00]
-- @p13: Input DateTime (Size = -1; Prec = 0; Scale = 0) [01/06/2012 10:02:23]
-- Context: SqlProvider(Sql2008) Model: AttributedMetaModel Build: 4.0.30319.1

UPDATE [payment].[Transactions]
SET [PostedOn] = @p11, [CreatedOn] = @p12
WHERE ([TransactionId] = @p0) AND ([ExternalId] = @p1) AND ([ApplicationId] = @p2) AND ([PostedOn] = @p3) AND ([Scope] = @p4) AND ([Type] = @p5) AND ([Amount] = @p6) AND ([Mir] = @p7) AND ([Currency] = @p8) AND ([ComponentTransactionId] IS NULL) AND ([Reference] = @p9) AND ([CreatedOn] = @p10) AND ([UserId] IS NULL) AND ([SalesForceUsername] IS NULL)
-- @p0: Input Int (Size = -1; Prec = 0; Scale = 0) [128863]
-- @p1: Input UniqueIdentifier (Size = -1; Prec = 0; Scale = 0) [f8de82f5-be80-4c50-8887-dd89153fbd97]
-- @p2: Input Int (Size = -1; Prec = 0; Scale = 0) [19295]
-- @p3: Input DateTime (Size = -1; Prec = 0; Scale = 0) [13/06/2012 11:02:24]
-- @p4: Input TinyInt (Size = -1; Prec = 0; Scale = 0) [1]
-- @p5: Input NVarChar (Size = 4000; Prec = 0; Scale = 0) [DefaultCharge]
-- @p6: Input Decimal (Size = -1; Prec = 9; Scale = 2) [20.00]
-- @p7: Input Decimal (Size = -1; Prec = 9; Scale = 6) [0.000000]
-- @p8: Input Int (Size = -1; Prec = 0; Scale = 0) [124]
-- @p9: Input NVarChar (Size = 4000; Prec = 0; Scale = 0) [80036fc9-47c4-4afc-b1e6-a07700b5e89b]
-- @p10: Input DateTime (Size = -1; Prec = 0; Scale = 0) [13/06/2012 10:02:24]
-- @p11: Input DateTime (Size = -1; Prec = 0; Scale = 0) [01/06/2012 11:02:24]
-- @p12: Input DateTime (Size = -1; Prec = 0; Scale = 0) [01/06/2012 10:02:24]
-- Context: SqlProvider(Sql2008) Model: AttributedMetaModel Build: 4.0.30319.1

SELECT [t0].[ArrearId], [t0].[ApplicationId], [t0].[CreatedOn]
FROM [payment].[Arrears] AS [t0]
WHERE [t0].[ApplicationId] = @p0
-- @p0: Input Int (Size = -1; Prec = 0; Scale = 0) [19295]
-- Context: SqlProvider(Sql2008) Model: AttributedMetaModel Build: 4.0.30319.1

UPDATE [payment].[Arrears]
SET [CreatedOn] = @p3
WHERE ([ArrearId] = @p0) AND ([ApplicationId] = @p1) AND ([CreatedOn] = @p2)
-- @p0: Input Int (Size = -1; Prec = 0; Scale = 0) [1397]
-- @p1: Input Int (Size = -1; Prec = 0; Scale = 0) [19295]
-- @p2: Input DateTime (Size = -1; Prec = 0; Scale = 0) [13/06/2012 11:02:24]
-- @p3: Input DateTime (Size = -1; Prec = 0; Scale = 0) [01/06/2012 11:02:24]
-- Context: SqlProvider(Sql2008) Model: AttributedMetaModel Build: 4.0.30319.1

UPDATE [risk].[RiskApplications]
SET [PromiseDate] = @p17, [ApplicationDate] = @p18
WHERE ([RiskApplicationId] = @p0) AND ([ApplicationId] = @p1) AND ([AccountId] = @p2) AND ([Currency] = @p3) AND ([PromiseDate] = @p4) AND ([ApplicationDate] = @p5) AND ([LoanAmount] = @p6) AND ([PaymentCardId] = @p7) AND ([BankAccountId] = @p8) AND ([ClosedOn] IS NULL) AND (NOT ([IsCanceled] = 1)) AND ([SignedOn] = @p9) AND ([OriginalLoanAmount] = @p10) AND (NOT ([IsCounterOffer] = 1)) AND ([ArrearsStartDate] = @p11) AND ([InArrearsDays] IS NULL) AND ([CreditLimit] = @p12) AND ([TermLimit] = @p13) AND ([NCOAccepted] IS NULL) AND ([PCOAccepted] IS NULL) AND (NOT ([WasExtended] = 1)) AND (NOT ([WasTopUp] = 1)) AND (NOT ([UsedManualVerification] = 1)) AND ([PaymentTransactionCount] IS NULL) AND ([ManualPaymentTransactionCount] IS NULL) AND ([Decision] = @p14) AND ([EstimatedCompletionDate] = @p15) AND ([ApplicationBehaviourId] = @p16) AND ([MainCardRepayRate] IS NULL) AND ([PriceTier] IS NULL) AND ([GuarantorCount] IS NULL)
-- @p0: Input Int (Size = -1; Prec = 0; Scale = 0) [19175]
-- @p1: Input UniqueIdentifier (Size = -1; Prec = 0; Scale = 0) [a3ba2daa-973e-440d-9937-990a2e019743]
-- @p2: Input UniqueIdentifier (Size = -1; Prec = 0; Scale = 0) [fb7a6004-a141-46f8-96bf-d789a11034f6]
-- @p3: Input Int (Size = -1; Prec = 0; Scale = 0) [124]
-- @p4: Input DateTime (Size = -1; Prec = 0; Scale = 0) [12/06/2012 00:00:00]
-- @p5: Input DateTime (Size = -1; Prec = 0; Scale = 0) [01/06/2012 10:02:02]
-- @p6: Input Decimal (Size = -1; Prec = 9; Scale = 2) [100.00]
-- @p7: Input UniqueIdentifier (Size = -1; Prec = 0; Scale = 0) [c548c3e5-927c-4e20-a75b-979ebd5647c1]
-- @p8: Input UniqueIdentifier (Size = -1; Prec = 0; Scale = 0) [cb37192c-429c-4018-890c-8aad994de041]
-- @p9: Input DateTime (Size = -1; Prec = 0; Scale = 0) [21/06/2012 10:02:05]
-- @p10: Input Decimal (Size = -1; Prec = 9; Scale = 2) [100.00]
-- @p11: Input DateTime (Size = -1; Prec = 0; Scale = 0) [21/06/2012 11:02:24]
-- @p12: Input Decimal (Size = -1; Prec = 18; Scale = 0) [400]
-- @p13: Input Int (Size = -1; Prec = 0; Scale = 0) [30]
-- @p14: Input TinyInt (Size = -1; Prec = 0; Scale = 0) [1]
-- @p15: Input DateTime (Size = -1; Prec = 0; Scale = 0) [21/06/2012 10:02:04]
-- @p16: Input Int (Size = -1; Prec = 0; Scale = 0) [18204]
-- @p17: Input DateTime (Size = -1; Prec = 0; Scale = 0) [31/05/2012 00:00:00]
-- @p18: Input DateTime (Size = -1; Prec = 0; Scale = 0) [20/05/2012 10:02:02]
-- Context: SqlProvider(Sql2008) Model: AttributedMetaModel Build: 4.0.30319.1

Simple.Data.Ado: 
Text
SELECT TOP 1 [dbo].[MultipleRepresentmentsInArrearsSagaEntity].[Id], [dbo].[MultipleRepresentmentsInArrearsSagaEntity].[AccountId], [dbo].[MultipleRepresentmentsInArrearsSagaEntity].[ApplicationId], [dbo].[MultipleRepresentmentsInArrearsSagaEntity].[RepresentmentsSent], [dbo].[MultipleRepresentmentsInArrearsSagaEntity].[TotalAmountCollected], [dbo].[MultipleRepresentmentsInArrearsSagaEntity].[LastRepresentmentAmount], [dbo].[MultipleRepresentmentsInArrearsSagaEntity].[NextRepresentmentDate], [dbo].[MultipleRepresentmentsInArrearsSagaEntity].[OriginalMessageId], [dbo].[MultipleRepresentmentsInArrearsSagaEntity].[Originator] from [dbo].[MultipleRepresentmentsInArrearsSagaEntity]  where [dbo].[MultipleRepresentmentsInArrearsSagaEntity].[ApplicationId] = @p1
@p1 (Guid) = a3ba2daa-973e-440d-9937-990a2e019743

Wonga.QA.Framework.Msmq.MsmqQueue: <Messages xmlns:xsi="http://www.w3.org/2001/XMLSchema-instance" xmlns:xsd="http://www.w3.org/2001/XMLSchema" xmlns="http://tempuri.net/NServiceBus.Saga" xmlns:baseType="NServiceBus.Saga.ISagaMessage">
  <TimeoutMessage>
    <Expires>0001-01-01T00:00:00</Expires>
    <SagaId>cd14769c-cbae-4434-b43b-a07700b5ef66</SagaId>
    <ClearTimeout>false</ClearTimeout>
  </TimeoutMessage>
</Messages>
Simple.Data.Ado: 
Text
select COUNT(*) from [bankgateway].[Transactions] WHERE ([bankgateway].[Transactions].[ApplicationId] = @p1 AND [bankgateway].[Transactions].[TransactionStatus] = @p2)
@p1 (Guid) = a3ba2daa-973e-440d-9937-990a2e019743
@p2 (Int32) = 4

Simple.Data.Ado: 
Text
select COUNT(*) from [bankgateway].[Transactions] WHERE ([bankgateway].[Transactions].[ApplicationId] = @p1 AND [bankgateway].[Transactions].[TransactionStatus] = @p2)
@p1 (Guid) = a3ba2daa-973e-440d-9937-990a2e019743
@p2 (Int32) = 4

Simple.Data.Ado: 
Text
select COUNT(*) from [bankgateway].[Transactions] WHERE ([bankgateway].[Transactions].[ApplicationId] = @p1 AND [bankgateway].[Transactions].[TransactionStatus] = @p2)
@p1 (Guid) = a3ba2daa-973e-440d-9937-990a2e019743
@p2 (Int32) = 4

Simple.Data.Ado: 
Text
select COUNT(*) from [bankgateway].[Transactions] WHERE ([bankgateway].[Transactions].[ApplicationId] = @p1 AND [bankgateway].[Transactions].[TransactionStatus] = @p2)
@p1 (Guid) = a3ba2daa-973e-440d-9937-990a2e019743
@p2 (Int32) = 4

SELECT [t0].[ProductInterestRateId], [t0].[ProductId], [t0].[Description], [t0].[MonthlyInterestRate], [t0].[InterestType], [t0].[LoanDayStart], [t0].[LoanDayEnd], [t0].[VariableInterestRateId]
FROM [payment].[ProductInterestRates] AS [t0]
WHERE [t0].[ProductInterestRateId] = @p0
-- @p0: Input Int (Size = -1; Prec = 0; Scale = 0) [2]
-- Context: SqlProvider(Sql2008) Model: AttributedMetaModel Build: 4.0.30319.1

SELECT [t0].[ProductInterestRateId], [t0].[ProductId], [t0].[Description], [t0].[MonthlyInterestRate], [t0].[InterestType], [t0].[LoanDayStart], [t0].[LoanDayEnd], [t0].[VariableInterestRateId]
FROM [payment].[ProductInterestRates] AS [t0]
WHERE [t0].[ProductInterestRateId] = @p0
-- @p0: Input Int (Size = -1; Prec = 0; Scale = 0) [2]
-- Context: SqlProvider(Sql2008) Model: AttributedMetaModel Build: 4.0.30319.1

SELECT [t0].[ProductInterestRateId], [t0].[ProductId], [t0].[Description], [t0].[MonthlyInterestRate], [t0].[InterestType], [t0].[LoanDayStart], [t0].[LoanDayEnd], [t0].[VariableInterestRateId]
FROM [payment].[ProductInterestRates] AS [t0]
WHERE [t0].[ProductInterestRateId] = @p0
-- @p0: Input Int (Size = -1; Prec = 0; Scale = 0) [2]
-- Context: SqlProvider(Sql2008) Model: AttributedMetaModel Build: 4.0.30319.1

SELECT [t0].[ProductInterestRateId], [t0].[ProductId], [t0].[Description], [t0].[MonthlyInterestRate], [t0].[InterestType], [t0].[LoanDayStart], [t0].[LoanDayEnd], [t0].[VariableInterestRateId]
FROM [payment].[ProductInterestRates] AS [t0]
WHERE [t0].[ProductInterestRateId] = @p0
-- @p0: Input Int (Size = -1; Prec = 0; Scale = 0) [2]
-- Context: SqlProvider(Sql2008) Model: AttributedMetaModel Build: 4.0.30319.1

SELECT [t0].[ProductInterestRateId], [t0].[ProductId], [t0].[Description], [t0].[MonthlyInterestRate], [t0].[InterestType], [t0].[LoanDayStart], [t0].[LoanDayEnd], [t0].[VariableInterestRateId]
FROM [payment].[ProductInterestRates] AS [t0]
WHERE [t0].[ProductInterestRateId] = @p0
-- @p0: Input Int (Size = -1; Prec = 0; Scale = 0) [2]
-- Context: SqlProvider(Sql2008) Model: AttributedMetaModel Build: 4.0.30319.1

SELECT [t0].[ProductInterestRateId], [t0].[ProductId], [t0].[Description], [t0].[MonthlyInterestRate], [t0].[InterestType], [t0].[LoanDayStart], [t0].[LoanDayEnd], [t0].[VariableInterestRateId]
FROM [payment].[ProductInterestRates] AS [t0]
WHERE [t0].[ProductInterestRateId] = @p0
-- @p0: Input Int (Size = -1; Prec = 0; Scale = 0) [2]
-- Context: SqlProvider(Sql2008) Model: AttributedMetaModel Build: 4.0.30319.1

SELECT [t0].[ProductInterestRateId], [t0].[ProductId], [t0].[Description], [t0].[MonthlyInterestRate], [t0].[InterestType], [t0].[LoanDayStart], [t0].[LoanDayEnd], [t0].[VariableInterestRateId]
FROM [payment].[ProductInterestRates] AS [t0]
WHERE [t0].[ProductInterestRateId] = @p0
-- @p0: Input Int (Size = -1; Prec = 0; Scale = 0) [2]
-- Context: SqlProvider(Sql2008) Model: AttributedMetaModel Build: 4.0.30319.1

SELECT [t0].[ProductInterestRateId], [t0].[ProductId], [t0].[Description], [t0].[MonthlyInterestRate], [t0].[InterestType], [t0].[LoanDayStart], [t0].[LoanDayEnd], [t0].[VariableInterestRateId]
FROM [payment].[ProductInterestRates] AS [t0]
WHERE [t0].[ProductInterestRateId] = @p0
-- @p0: Input Int (Size = -1; Prec = 0; Scale = 0) [2]
-- Context: SqlProvider(Sql2008) Model: AttributedMetaModel Build: 4.0.30319.1

SELECT [t0].[ProductInterestRateId], [t0].[ProductId], [t0].[Description], [t0].[MonthlyInterestRate], [t0].[InterestType], [t0].[LoanDayStart], [t0].[LoanDayEnd], [t0].[VariableInterestRateId]
FROM [payment].[ProductInterestRates] AS [t0]
WHERE [t0].[ProductInterestRateId] = @p0
-- @p0: Input Int (Size = -1; Prec = 0; Scale = 0) [2]
-- Context: SqlProvider(Sql2008) Model: AttributedMetaModel Build: 4.0.30319.1

SELECT [t0].[ProductInterestRateId], [t0].[ProductId], [t0].[Description], [t0].[MonthlyInterestRate], [t0].[InterestType], [t0].[LoanDayStart], [t0].[LoanDayEnd], [t0].[VariableInterestRateId]
FROM [payment].[ProductInterestRates] AS [t0]
WHERE [t0].[ProductInterestRateId] = @p0
-- @p0: Input Int (Size = -1; Prec = 0; Scale = 0) [2]
-- Context: SqlProvider(Sql2008) Model: AttributedMetaModel Build: 4.0.30319.1

SELECT [t0].[ProductInterestRateId], [t0].[ProductId], [t0].[Description], [t0].[MonthlyInterestRate], [t0].[InterestType], [t0].[LoanDayStart], [t0].[LoanDayEnd], [t0].[VariableInterestRateId]
FROM [payment].[ProductInterestRates] AS [t0]
WHERE [t0].[ProductInterestRateId] = @p0
-- @p0: Input Int (Size = -1; Prec = 0; Scale = 0) [2]
-- Context: SqlProvider(Sql2008) Model: AttributedMetaModel Build: 4.0.30319.1

SELECT [t0].[ProductInterestRateId], [t0].[ProductId], [t0].[Description], [t0].[MonthlyInterestRate], [t0].[InterestType], [t0].[LoanDayStart], [t0].[LoanDayEnd], [t0].[VariableInterestRateId]
FROM [payment].[ProductInterestRates] AS [t0]
WHERE [t0].[ProductInterestRateId] = @p0
-- @p0: Input Int (Size = -1; Prec = 0; Scale = 0) [2]
-- Context: SqlProvider(Sql2008) Model: AttributedMetaModel Build: 4.0.30319.1

SELECT [t0].[AccountPreferenceId], [t0].[AccountId], [t0].[PrimaryBankAccountId], [t0].[PrimaryPaymentCardId], [t0].[TimeZone], [t0].[IsHardship], [t0].[CreatedOn], [t0].[RemindBeforeEndLoan], [t0].[IsDispute], [t0].[Ccin], [t0].[CanAddBankAccount], [t0].[IncomeFrequency], [t0].[NextPayDate], [t0].[CreditLimit], [t0].[CashoutPaymentMethodId]
FROM [payment].[AccountPreferences] AS [t0]
WHERE [t0].[AccountId] = @p0
-- @p0: Input UniqueIdentifier (Size = -1; Prec = 0; Scale = 0) [fb7a6004-a141-46f8-96bf-d789a11034f6]
-- Context: SqlProvider(Sql2008) Model: AttributedMetaModel Build: 4.0.30319.1

SELECT [t0].[CalendarDateId], [t0].[Date], [t0].[IsBankHoliday], [t0].[CreatedOn]
FROM [payment].[CalendarDates] AS [t0]
WHERE ([t0].[IsBankHoliday] = 1) AND ([t0].[Date] >= @p0) AND ([t0].[Date] < @p1)
ORDER BY [t0].[Date]
-- @p0: Input Date (Size = -1; Prec = 0; Scale = 0) [13/07/2012 00:00:00]
-- @p1: Input Date (Size = -1; Prec = 0; Scale = 0) [28/08/2012 00:00:00]
-- Context: SqlProvider(Sql2008) Model: AttributedMetaModel Build: 4.0.30319.1

Simple.Data.Ado: 
Text
SELECT TOP 1 [dbo].[InArrearsNoticeSagaEntity].[Id], [dbo].[InArrearsNoticeSagaEntity].[AccountId], [dbo].[InArrearsNoticeSagaEntity].[ApplicationId], [dbo].[InArrearsNoticeSagaEntity].[DaysInArrears], [dbo].[InArrearsNoticeSagaEntity].[OriginalMessageId], [dbo].[InArrearsNoticeSagaEntity].[Originator], [dbo].[InArrearsNoticeSagaEntity].[HasHardship], [dbo].[InArrearsNoticeSagaEntity].[HasDispute] from [dbo].[InArrearsNoticeSagaEntity]  where [dbo].[InArrearsNoticeSagaEntity].[ApplicationId] = @p1
@p1 (Guid) = a3ba2daa-973e-440d-9937-990a2e019743

Wonga.QA.Framework.Msmq.MsmqQueue: <Messages xmlns:xsi="http://www.w3.org/2001/XMLSchema-instance" xmlns:xsd="http://www.w3.org/2001/XMLSchema" xmlns="http://tempuri.net/NServiceBus.Saga" xmlns:baseType="NServiceBus.Saga.ISagaMessage">
  <TimeoutMessage>
    <Expires>0001-01-01T00:00:00</Expires>
    <SagaId>975bc277-c013-4cb3-a865-a07700b5ef74</SagaId>
    <ClearTimeout>false</ClearTimeout>
  </TimeoutMessage>
</Messages>
Wonga.QA.Framework.Msmq.MsmqQueue: <Messages xmlns:xsi="http://www.w3.org/2001/XMLSchema-instance" xmlns:xsd="http://www.w3.org/2001/XMLSchema" xmlns="http://tempuri.net/NServiceBus.Saga" xmlns:baseType="NServiceBus.Saga.ISagaMessage">
  <TimeoutMessage>
    <Expires>0001-01-01T00:00:00</Expires>
    <SagaId>975bc277-c013-4cb3-a865-a07700b5ef74</SagaId>
    <ClearTimeout>false</ClearTimeout>
  </TimeoutMessage>
</Messages>
Wonga.QA.Framework.Msmq.MsmqQueue: <Messages xmlns:xsi="http://www.w3.org/2001/XMLSchema-instance" xmlns:xsd="http://www.w3.org/2001/XMLSchema" xmlns="http://tempuri.net/NServiceBus.Saga" xmlns:baseType="NServiceBus.Saga.ISagaMessage">
  <TimeoutMessage>
    <Expires>0001-01-01T00:00:00</Expires>
    <SagaId>975bc277-c013-4cb3-a865-a07700b5ef74</SagaId>
    <ClearTimeout>false</ClearTimeout>
  </TimeoutMessage>
</Messages>
Wonga.QA.Framework.Msmq.MsmqQueue: <Messages xmlns:xsi="http://www.w3.org/2001/XMLSchema-instance" xmlns:xsd="http://www.w3.org/2001/XMLSchema" xmlns="http://tempuri.net/NServiceBus.Saga" xmlns:baseType="NServiceBus.Saga.ISagaMessage">
  <TimeoutMessage>
    <Expires>0001-01-01T00:00:00</Expires>
    <SagaId>975bc277-c013-4cb3-a865-a07700b5ef74</SagaId>
    <ClearTimeout>false</ClearTimeout>
  </TimeoutMessage>
</Messages>
Wonga.QA.Framework.Msmq.MsmqQueue: <Messages xmlns:xsi="http://www.w3.org/2001/XMLSchema-instance" xmlns:xsd="http://www.w3.org/2001/XMLSchema" xmlns="http://tempuri.net/NServiceBus.Saga" xmlns:baseType="NServiceBus.Saga.ISagaMessage">
  <TimeoutMessage>
    <Expires>0001-01-01T00:00:00</Expires>
    <SagaId>975bc277-c013-4cb3-a865-a07700b5ef74</SagaId>
    <ClearTimeout>false</ClearTimeout>
  </TimeoutMessage>
</Messages>
Wonga.QA.Framework.Msmq.MsmqQueue: <Messages xmlns:xsi="http://www.w3.org/2001/XMLSchema-instance" xmlns:xsd="http://www.w3.org/2001/XMLSchema" xmlns="http://tempuri.net/NServiceBus.Saga" xmlns:baseType="NServiceBus.Saga.ISagaMessage">
  <TimeoutMessage>
    <Expires>0001-01-01T00:00:00</Expires>
    <SagaId>975bc277-c013-4cb3-a865-a07700b5ef74</SagaId>
    <ClearTimeout>false</ClearTimeout>
  </TimeoutMessage>
</Messages>
Wonga.QA.Framework.Msmq.MsmqQueue: <Messages xmlns:xsi="http://www.w3.org/2001/XMLSchema-instance" xmlns:xsd="http://www.w3.org/2001/XMLSchema" xmlns="http://tempuri.net/NServiceBus.Saga" xmlns:baseType="NServiceBus.Saga.ISagaMessage">
  <TimeoutMessage>
    <Expires>0001-01-01T00:00:00</Expires>
    <SagaId>975bc277-c013-4cb3-a865-a07700b5ef74</SagaId>
    <ClearTimeout>false</ClearTimeout>
  </TimeoutMessage>
</Messages>
Wonga.QA.Framework.Msmq.MsmqQueue: <Messages xmlns:xsi="http://www.w3.org/2001/XMLSchema-instance" xmlns:xsd="http://www.w3.org/2001/XMLSchema" xmlns="http://tempuri.net/NServiceBus.Saga" xmlns:baseType="NServiceBus.Saga.ISagaMessage">
  <TimeoutMessage>
    <Expires>0001-01-01T00:00:00</Expires>
    <SagaId>975bc277-c013-4cb3-a865-a07700b5ef74</SagaId>
    <ClearTimeout>false</ClearTimeout>
  </TimeoutMessage>
</Messages>
Wonga.QA.Framework.Msmq.MsmqQueue: <Messages xmlns:xsi="http://www.w3.org/2001/XMLSchema-instance" xmlns:xsd="http://www.w3.org/2001/XMLSchema" xmlns="http://tempuri.net/NServiceBus.Saga" xmlns:baseType="NServiceBus.Saga.ISagaMessage">
  <TimeoutMessage>
    <Expires>0001-01-01T00:00:00</Expires>
    <SagaId>975bc277-c013-4cb3-a865-a07700b5ef74</SagaId>
    <ClearTimeout>false</ClearTimeout>
  </TimeoutMessage>
</Messages>
Wonga.QA.Framework.Msmq.MsmqQueue: <Messages xmlns:xsi="http://www.w3.org/2001/XMLSchema-instance" xmlns:xsd="http://www.w3.org/2001/XMLSchema" xmlns="http://tempuri.net/NServiceBus.Saga" xmlns:baseType="NServiceBus.Saga.ISagaMessage">
  <TimeoutMessage>
    <Expires>0001-01-01T00:00:00</Expires>
    <SagaId>975bc277-c013-4cb3-a865-a07700b5ef74</SagaId>
    <ClearTimeout>false</ClearTimeout>
  </TimeoutMessage>
</Messages>
Wonga.QA.Framework.Msmq.MsmqQueue: <Messages xmlns:xsi="http://www.w3.org/2001/XMLSchema-instance" xmlns:xsd="http://www.w3.org/2001/XMLSchema" xmlns="http://tempuri.net/NServiceBus.Saga" xmlns:baseType="NServiceBus.Saga.ISagaMessage">
  <TimeoutMessage>
    <Expires>0001-01-01T00:00:00</Expires>
    <SagaId>975bc277-c013-4cb3-a865-a07700b5ef74</SagaId>
    <ClearTimeout>false</ClearTimeout>
  </TimeoutMessage>
</Messages>
Wonga.QA.Framework.Msmq.MsmqQueue: <Messages xmlns:xsi="http://www.w3.org/2001/XMLSchema-instance" xmlns:xsd="http://www.w3.org/2001/XMLSchema" xmlns="http://tempuri.net/NServiceBus.Saga" xmlns:baseType="NServiceBus.Saga.ISagaMessage">
  <TimeoutMessage>
    <Expires>0001-01-01T00:00:00</Expires>
    <SagaId>975bc277-c013-4cb3-a865-a07700b5ef74</SagaId>
    <ClearTimeout>false</ClearTimeout>
  </TimeoutMessage>
</Messages>
Wonga.QA.Framework.Msmq.MsmqQueue: <Messages xmlns:xsi="http://www.w3.org/2001/XMLSchema-instance" xmlns:xsd="http://www.w3.org/2001/XMLSchema" xmlns="http://tempuri.net/NServiceBus.Saga" xmlns:baseType="NServiceBus.Saga.ISagaMessage">
  <TimeoutMessage>
    <Expires>0001-01-01T00:00:00</Expires>
    <SagaId>975bc277-c013-4cb3-a865-a07700b5ef74</SagaId>
    <ClearTimeout>false</ClearTimeout>
  </TimeoutMessage>
</Messages>
Wonga.QA.Framework.Msmq.MsmqQueue: <Messages xmlns:xsi="http://www.w3.org/2001/XMLSchema-instance" xmlns:xsd="http://www.w3.org/2001/XMLSchema" xmlns="http://tempuri.net/NServiceBus.Saga" xmlns:baseType="NServiceBus.Saga.ISagaMessage">
  <TimeoutMessage>
    <Expires>0001-01-01T00:00:00</Expires>
    <SagaId>975bc277-c013-4cb3-a865-a07700b5ef74</SagaId>
    <ClearTimeout>false</ClearTimeout>
  </TimeoutMessage>
</Messages>
SELECT [t0].[ApplicationId], [t0].[ExternalId], [t0].[AccountId], [t0].[ProductId], [t0].[Currency], [t0].[BankAccountGuid], [t0].[PaymentCardGuid], [t0].[PromoCodeId], [t0].[ApplicationDate], [t0].[SignedOn], [t0].[ClosedOn], [t0].[CreatedOn], [t0].[Version], [t0].[CanceledOn], [t0].[AcceptedOn], [t0].[DeclinedOn], [t0].[AbandonedOn], [t0].[LoanReference], [t0].[CashAdvanceFailedOn]
FROM [payment].[Applications] AS [t0]
WHERE [t0].[ExternalId] = @p0
-- @p0: Input UniqueIdentifier (Size = -1; Prec = 0; Scale = 0) [a3ba2daa-973e-440d-9937-990a2e019743]
-- Context: SqlProvider(Sql2008) Model: AttributedMetaModel Build: 4.0.30319.1

SELECT [t0].[RiskApplicationId], [t0].[ApplicationId], [t0].[AccountId], [t0].[Currency], [t0].[PromiseDate], [t0].[ApplicationDate], [t0].[LoanAmount], [t0].[PaymentCardId], [t0].[BankAccountId], [t0].[ClosedOn], [t0].[IsCanceled], [t0].[SignedOn], [t0].[OriginalLoanAmount], [t0].[IsCounterOffer], [t0].[ArrearsStartDate], [t0].[InArrearsDays], [t0].[CreditLimit], [t0].[TermLimit], [t0].[NCOAccepted], [t0].[PCOAccepted], [t0].[WasExtended], [t0].[WasTopUp], [t0].[UsedManualVerification], [t0].[PaymentTransactionCount], [t0].[ManualPaymentTransactionCount], [t0].[Decision], [t0].[EstimatedCompletionDate], [t0].[ApplicationBehaviourId], [t0].[MainCardRepayRate], [t0].[PriceTier], [t0].[GuarantorCount]
FROM [risk].[RiskApplications] AS [t0]
WHERE [t0].[ApplicationId] = @p0
-- @p0: Input UniqueIdentifier (Size = -1; Prec = 0; Scale = 0) [a3ba2daa-973e-440d-9937-990a2e019743]
-- Context: SqlProvider(Sql2008) Model: AttributedMetaModel Build: 4.0.30319.1

SELECT [t0].[ApplicationId], [t0].[LoanAmount], [t0].[MonthlyInterestRate], [t0].[TransmissionFee], [t0].[PromiseDate], [t0].[NextDueDate], [t0].[IsV2], [t0].[ServiceFee], [t0].[InitiationFee]
FROM [payment].[FixedTermLoanApplications] AS [t0]
WHERE [t0].[ApplicationId] = @p0
-- @p0: Input Int (Size = -1; Prec = 0; Scale = 0) [19295]
-- Context: SqlProvider(Sql2008) Model: AttributedMetaModel Build: 4.0.30319.1

UPDATE [payment].[Applications]
SET [ApplicationDate] = @p2, [SignedOn] = @p3, [CreatedOn] = @p4, [AcceptedOn] = @p5
WHERE ([ApplicationId] = @p0) AND ([Version] = @p1)

SELECT [t1].[Version]
FROM [payment].[Applications] AS [t1]
WHERE ((@@ROWCOUNT) > 0) AND ([t1].[ApplicationId] = @p6)
-- @p0: Input Int (Size = -1; Prec = 0; Scale = 0) [19295]
-- @p1: Input Timestamp (Size = -1; Prec = 0; Scale = 0) [SqlBinary(8)]
-- @p2: Input DateTime (Size = -1; Prec = 0; Scale = 0) [06/05/2012 11:02:03]
-- @p3: Input DateTime (Size = -1; Prec = 0; Scale = 0) [06/05/2012 10:02:05]
-- @p4: Input DateTime (Size = -1; Prec = 0; Scale = 0) [06/05/2012 10:02:03]
-- @p5: Input DateTime (Size = -1; Prec = 0; Scale = 0) [06/05/2012 10:02:04]
-- @p6: Input Int (Size = -1; Prec = 0; Scale = 0) [19295]
-- Context: SqlProvider(Sql2008) Model: AttributedMetaModel Build: 4.0.30319.1

UPDATE [payment].[FixedTermLoanApplications]
SET [PromiseDate] = @p8, [NextDueDate] = @p9
WHERE ([ApplicationId] = @p0) AND ([LoanAmount] = @p1) AND ([MonthlyInterestRate] = @p2) AND ([TransmissionFee] = @p3) AND ([PromiseDate] = @p4) AND ([NextDueDate] = @p5) AND ([IsV2] IS NULL) AND ([ServiceFee] = @p6) AND ([InitiationFee] = @p7)
-- @p0: Input Int (Size = -1; Prec = 0; Scale = 0) [19295]
-- @p1: Input Decimal (Size = -1; Prec = 9; Scale = 2) [100.00]
-- @p2: Input Decimal (Size = -1; Prec = 9; Scale = 6) [30.416700]
-- @p3: Input Decimal (Size = -1; Prec = 9; Scale = 2) [0.00]
-- @p4: Input DateTime (Size = -1; Prec = 0; Scale = 0) [31/05/2012 00:00:00]
-- @p5: Input DateTime (Size = -1; Prec = 0; Scale = 0) [01/06/2012 00:00:00]
-- @p6: Input Decimal (Size = -1; Prec = 9; Scale = 2) [0.00]
-- @p7: Input Decimal (Size = -1; Prec = 9; Scale = 2) [0.00]
-- @p8: Input DateTime (Size = -1; Prec = 0; Scale = 0) [17/05/2012 00:00:00]
-- @p9: Input DateTime (Size = -1; Prec = 0; Scale = 0) [18/05/2012 00:00:00]
-- Context: SqlProvider(Sql2008) Model: AttributedMetaModel Build: 4.0.30319.1

SELECT [t0].[TransactionId], [t0].[ExternalId], [t0].[ApplicationId], [t0].[PostedOn], [t0].[Scope], [t0].[Type], [t0].[Amount], [t0].[Mir], [t0].[Currency], [t0].[ComponentTransactionId], [t0].[Reference], [t0].[CreatedOn], [t0].[UserId], [t0].[SalesForceUsername]
FROM [payment].[Transactions] AS [t0]
WHERE [t0].[ApplicationId] = @p0
-- @p0: Input Int (Size = -1; Prec = 0; Scale = 0) [19295]
-- Context: SqlProvider(Sql2008) Model: AttributedMetaModel Build: 4.0.30319.1

UPDATE [payment].[Transactions]
SET [PostedOn] = @p12, [CreatedOn] = @p13
WHERE ([TransactionId] = @p0) AND ([ExternalId] = @p1) AND ([ApplicationId] = @p2) AND ([PostedOn] = @p3) AND ([Scope] = @p4) AND ([Type] = @p5) AND ([Amount] = @p6) AND ([Mir] = @p7) AND ([Currency] = @p8) AND ([ComponentTransactionId] = @p9) AND ([Reference] = @p10) AND ([CreatedOn] = @p11) AND ([UserId] IS NULL) AND ([SalesForceUsername] IS NULL)
-- @p0: Input Int (Size = -1; Prec = 0; Scale = 0) [128853]
-- @p1: Input UniqueIdentifier (Size = -1; Prec = 0; Scale = 0) [b5f2265f-6290-40b8-8407-536c5c2a9e4d]
-- @p2: Input Int (Size = -1; Prec = 0; Scale = 0) [19295]
-- @p3: Input DateTime (Size = -1; Prec = 0; Scale = 0) [20/05/2012 11:02:06]
-- @p4: Input TinyInt (Size = -1; Prec = 0; Scale = 0) [0]
-- @p5: Input NVarChar (Size = 4000; Prec = 0; Scale = 0) [InterestRate]
-- @p6: Input Decimal (Size = -1; Prec = 9; Scale = 2) [0.00]
-- @p7: Input Decimal (Size = -1; Prec = 9; Scale = 6) [30.416700]
-- @p8: Input Int (Size = -1; Prec = 0; Scale = 0) [0]
-- @p9: Input UniqueIdentifier (Size = -1; Prec = 0; Scale = 0) [00000000-0000-0000-0000-000000000000]
-- @p10: Input NVarChar (Size = 4000; Prec = 0; Scale = 0) [Normal interest rate]
-- @p11: Input DateTime (Size = -1; Prec = 0; Scale = 0) [20/05/2012 10:02:06]
-- @p12: Input DateTime (Size = -1; Prec = 0; Scale = 0) [06/05/2012 11:02:06]
-- @p13: Input DateTime (Size = -1; Prec = 0; Scale = 0) [06/05/2012 10:02:06]
-- Context: SqlProvider(Sql2008) Model: AttributedMetaModel Build: 4.0.30319.1

UPDATE [payment].[Transactions]
SET [PostedOn] = @p12, [CreatedOn] = @p13
WHERE ([TransactionId] = @p0) AND ([ExternalId] = @p1) AND ([ApplicationId] = @p2) AND ([PostedOn] = @p3) AND ([Scope] = @p4) AND ([Type] = @p5) AND ([Amount] = @p6) AND ([Mir] = @p7) AND ([Currency] = @p8) AND ([ComponentTransactionId] = @p9) AND ([Reference] = @p10) AND ([CreatedOn] = @p11) AND ([UserId] IS NULL) AND ([SalesForceUsername] IS NULL)
-- @p0: Input Int (Size = -1; Prec = 0; Scale = 0) [128854]
-- @p1: Input UniqueIdentifier (Size = -1; Prec = 0; Scale = 0) [03312990-4dd7-48c1-a52e-bda23ca56e5f]
-- @p2: Input Int (Size = -1; Prec = 0; Scale = 0) [19295]
-- @p3: Input DateTime (Size = -1; Prec = 0; Scale = 0) [20/05/2012 11:02:06]
-- @p4: Input TinyInt (Size = -1; Prec = 0; Scale = 0) [1]
-- @p5: Input NVarChar (Size = 4000; Prec = 0; Scale = 0) [CashAdvance]
-- @p6: Input Decimal (Size = -1; Prec = 9; Scale = 2) [100.00]
-- @p7: Input Decimal (Size = -1; Prec = 9; Scale = 6) [0.000000]
-- @p8: Input Int (Size = -1; Prec = 0; Scale = 0) [124]
-- @p9: Input UniqueIdentifier (Size = -1; Prec = 0; Scale = 0) [00000000-0000-0000-0000-000000000000]
-- @p10: Input NVarChar (Size = 4000; Prec = 0; Scale = 0) [Fixed term loan initial advance]
-- @p11: Input DateTime (Size = -1; Prec = 0; Scale = 0) [20/05/2012 10:02:06]
-- @p12: Input DateTime (Size = -1; Prec = 0; Scale = 0) [06/05/2012 11:02:06]
-- @p13: Input DateTime (Size = -1; Prec = 0; Scale = 0) [06/05/2012 10:02:06]
-- Context: SqlProvider(Sql2008) Model: AttributedMetaModel Build: 4.0.30319.1

UPDATE [payment].[Transactions]
SET [PostedOn] = @p12, [CreatedOn] = @p13
WHERE ([TransactionId] = @p0) AND ([ExternalId] = @p1) AND ([ApplicationId] = @p2) AND ([PostedOn] = @p3) AND ([Scope] = @p4) AND ([Type] = @p5) AND ([Amount] = @p6) AND ([Mir] = @p7) AND ([Currency] = @p8) AND ([ComponentTransactionId] = @p9) AND ([Reference] = @p10) AND ([CreatedOn] = @p11) AND ([UserId] IS NULL) AND ([SalesForceUsername] IS NULL)
-- @p0: Input Int (Size = -1; Prec = 0; Scale = 0) [128855]
-- @p1: Input UniqueIdentifier (Size = -1; Prec = 0; Scale = 0) [9168f1ef-1454-47cf-9c70-851af7b0b5c8]
-- @p2: Input Int (Size = -1; Prec = 0; Scale = 0) [19295]
-- @p3: Input DateTime (Size = -1; Prec = 0; Scale = 0) [20/05/2012 11:02:06]
-- @p4: Input TinyInt (Size = -1; Prec = 0; Scale = 0) [1]
-- @p5: Input NVarChar (Size = 4000; Prec = 0; Scale = 0) [Fee]
-- @p6: Input Decimal (Size = -1; Prec = 9; Scale = 2) [0.00]
-- @p7: Input Decimal (Size = -1; Prec = 9; Scale = 6) [0.000000]
-- @p8: Input Int (Size = -1; Prec = 0; Scale = 0) [124]
-- @p9: Input UniqueIdentifier (Size = -1; Prec = 0; Scale = 0) [00000000-0000-0000-0000-000000000000]
-- @p10: Input NVarChar (Size = 4000; Prec = 0; Scale = 0) [Fixed term loan transmission fee]
-- @p11: Input DateTime (Size = -1; Prec = 0; Scale = 0) [20/05/2012 10:02:06]
-- @p12: Input DateTime (Size = -1; Prec = 0; Scale = 0) [06/05/2012 11:02:06]
-- @p13: Input DateTime (Size = -1; Prec = 0; Scale = 0) [06/05/2012 10:02:06]
-- Context: SqlProvider(Sql2008) Model: AttributedMetaModel Build: 4.0.30319.1

UPDATE [payment].[Transactions]
SET [PostedOn] = @p12, [CreatedOn] = @p13
WHERE ([TransactionId] = @p0) AND ([ExternalId] = @p1) AND ([ApplicationId] = @p2) AND ([PostedOn] = @p3) AND ([Scope] = @p4) AND ([Type] = @p5) AND ([Amount] = @p6) AND ([Mir] = @p7) AND ([Currency] = @p8) AND ([ComponentTransactionId] = @p9) AND ([Reference] = @p10) AND ([CreatedOn] = @p11) AND ([UserId] IS NULL) AND ([SalesForceUsername] IS NULL)
-- @p0: Input Int (Size = -1; Prec = 0; Scale = 0) [128856]
-- @p1: Input UniqueIdentifier (Size = -1; Prec = 0; Scale = 0) [12d9a355-2e35-4b87-a963-09c4fc932082]
-- @p2: Input Int (Size = -1; Prec = 0; Scale = 0) [19295]
-- @p3: Input DateTime (Size = -1; Prec = 0; Scale = 0) [20/05/2012 11:02:06]
-- @p4: Input TinyInt (Size = -1; Prec = 0; Scale = 0) [0]
-- @p5: Input NVarChar (Size = 4000; Prec = 0; Scale = 0) [SuspendInterestAccrual]
-- @p6: Input Decimal (Size = -1; Prec = 9; Scale = 2) [0.00]
-- @p7: Input Decimal (Size = -1; Prec = 9; Scale = 6) [0.000000]
-- @p8: Input Int (Size = -1; Prec = 0; Scale = 0) [0]
-- @p9: Input UniqueIdentifier (Size = -1; Prec = 0; Scale = 0) [00000000-0000-0000-0000-000000000000]
-- @p10: Input NVarChar (Size = 4000; Prec = 0; Scale = 0) [Initial loan advance interest suspension]
-- @p11: Input DateTime (Size = -1; Prec = 0; Scale = 0) [20/05/2012 10:02:06]
-- @p12: Input DateTime (Size = -1; Prec = 0; Scale = 0) [06/05/2012 11:02:06]
-- @p13: Input DateTime (Size = -1; Prec = 0; Scale = 0) [06/05/2012 10:02:06]
-- Context: SqlProvider(Sql2008) Model: AttributedMetaModel Build: 4.0.30319.1

UPDATE [payment].[Transactions]
SET [PostedOn] = @p12, [CreatedOn] = @p13
WHERE ([TransactionId] = @p0) AND ([ExternalId] = @p1) AND ([ApplicationId] = @p2) AND ([PostedOn] = @p3) AND ([Scope] = @p4) AND ([Type] = @p5) AND ([Amount] = @p6) AND ([Mir] = @p7) AND ([Currency] = @p8) AND ([ComponentTransactionId] = @p9) AND ([Reference] = @p10) AND ([CreatedOn] = @p11) AND ([UserId] IS NULL) AND ([SalesForceUsername] IS NULL)
-- @p0: Input Int (Size = -1; Prec = 0; Scale = 0) [128857]
-- @p1: Input UniqueIdentifier (Size = -1; Prec = 0; Scale = 0) [84739257-226d-4a72-b354-9917440cd468]
-- @p2: Input Int (Size = -1; Prec = 0; Scale = 0) [19295]
-- @p3: Input DateTime (Size = -1; Prec = 0; Scale = 0) [21/05/2012 00:00:00]
-- @p4: Input TinyInt (Size = -1; Prec = 0; Scale = 0) [0]
-- @p5: Input NVarChar (Size = 4000; Prec = 0; Scale = 0) [ResumeInterestAccrual]
-- @p6: Input Decimal (Size = -1; Prec = 9; Scale = 2) [0.00]
-- @p7: Input Decimal (Size = -1; Prec = 9; Scale = 6) [0.000000]
-- @p8: Input Int (Size = -1; Prec = 0; Scale = 0) [0]
-- @p9: Input UniqueIdentifier (Size = -1; Prec = 0; Scale = 0) [00000000-0000-0000-0000-000000000000]
-- @p10: Input NVarChar (Size = 4000; Prec = 0; Scale = 0) [Initial loan advance interest resumption]
-- @p11: Input DateTime (Size = -1; Prec = 0; Scale = 0) [20/05/2012 10:02:07]
-- @p12: Input DateTime (Size = -1; Prec = 0; Scale = 0) [07/05/2012 00:00:00]
-- @p13: Input DateTime (Size = -1; Prec = 0; Scale = 0) [06/05/2012 10:02:07]
-- Context: SqlProvider(Sql2008) Model: AttributedMetaModel Build: 4.0.30319.1

UPDATE [payment].[Transactions]
SET [PostedOn] = @p12, [CreatedOn] = @p13
WHERE ([TransactionId] = @p0) AND ([ExternalId] = @p1) AND ([ApplicationId] = @p2) AND ([PostedOn] = @p3) AND ([Scope] = @p4) AND ([Type] = @p5) AND ([Amount] = @p6) AND ([Mir] = @p7) AND ([Currency] = @p8) AND ([ComponentTransactionId] = @p9) AND ([Reference] = @p10) AND ([CreatedOn] = @p11) AND ([UserId] IS NULL) AND ([SalesForceUsername] IS NULL)
-- @p0: Input Int (Size = -1; Prec = 0; Scale = 0) [128858]
-- @p1: Input UniqueIdentifier (Size = -1; Prec = 0; Scale = 0) [1a849924-f433-4306-ba21-9d269f5103a6]
-- @p2: Input Int (Size = -1; Prec = 0; Scale = 0) [19295]
-- @p3: Input DateTime (Size = -1; Prec = 0; Scale = 0) [31/05/2012 00:00:00]
-- @p4: Input TinyInt (Size = -1; Prec = 0; Scale = 0) [0]
-- @p5: Input NVarChar (Size = 4000; Prec = 0; Scale = 0) [SuspendInterestAccrual]
-- @p6: Input Decimal (Size = -1; Prec = 9; Scale = 2) [0.00]
-- @p7: Input Decimal (Size = -1; Prec = 9; Scale = 6) [0.000000]
-- @p8: Input Int (Size = -1; Prec = 0; Scale = 0) [0]
-- @p9: Input UniqueIdentifier (Size = -1; Prec = 0; Scale = 0) [00000000-0000-0000-0000-000000000000]
-- @p10: Input NVarChar (Size = 4000; Prec = 0; Scale = 0) [Suspend interest until next due date]
-- @p11: Input DateTime (Size = -1; Prec = 0; Scale = 0) [20/05/2012 10:02:07]
-- @p12: Input DateTime (Size = -1; Prec = 0; Scale = 0) [17/05/2012 00:00:00]
-- @p13: Input DateTime (Size = -1; Prec = 0; Scale = 0) [06/05/2012 10:02:07]
-- Context: SqlProvider(Sql2008) Model: AttributedMetaModel Build: 4.0.30319.1

UPDATE [payment].[Transactions]
SET [PostedOn] = @p12, [CreatedOn] = @p13
WHERE ([TransactionId] = @p0) AND ([ExternalId] = @p1) AND ([ApplicationId] = @p2) AND ([PostedOn] = @p3) AND ([Scope] = @p4) AND ([Type] = @p5) AND ([Amount] = @p6) AND ([Mir] = @p7) AND ([Currency] = @p8) AND ([ComponentTransactionId] = @p9) AND ([Reference] = @p10) AND ([CreatedOn] = @p11) AND ([UserId] IS NULL) AND ([SalesForceUsername] IS NULL)
-- @p0: Input Int (Size = -1; Prec = 0; Scale = 0) [128859]
-- @p1: Input UniqueIdentifier (Size = -1; Prec = 0; Scale = 0) [0033d139-967c-430e-bc81-61b6e6066537]
-- @p2: Input Int (Size = -1; Prec = 0; Scale = 0) [19295]
-- @p3: Input DateTime (Size = -1; Prec = 0; Scale = 0) [01/06/2012 00:00:00]
-- @p4: Input TinyInt (Size = -1; Prec = 0; Scale = 0) [0]
-- @p5: Input NVarChar (Size = 4000; Prec = 0; Scale = 0) [ResumeInterestAccrual]
-- @p6: Input Decimal (Size = -1; Prec = 9; Scale = 2) [0.00]
-- @p7: Input Decimal (Size = -1; Prec = 9; Scale = 6) [0.000000]
-- @p8: Input Int (Size = -1; Prec = 0; Scale = 0) [0]
-- @p9: Input UniqueIdentifier (Size = -1; Prec = 0; Scale = 0) [00000000-0000-0000-0000-000000000000]
-- @p10: Input NVarChar (Size = 4000; Prec = 0; Scale = 0) [Resume interest on next due date]
-- @p11: Input DateTime (Size = -1; Prec = 0; Scale = 0) [20/05/2012 10:02:07]
-- @p12: Input DateTime (Size = -1; Prec = 0; Scale = 0) [18/05/2012 00:00:00]
-- @p13: Input DateTime (Size = -1; Prec = 0; Scale = 0) [06/05/2012 10:02:07]
-- Context: SqlProvider(Sql2008) Model: AttributedMetaModel Build: 4.0.30319.1

UPDATE [payment].[Transactions]
SET [PostedOn] = @p12, [CreatedOn] = @p13
WHERE ([TransactionId] = @p0) AND ([ExternalId] = @p1) AND ([ApplicationId] = @p2) AND ([PostedOn] = @p3) AND ([Scope] = @p4) AND ([Type] = @p5) AND ([Amount] = @p6) AND ([Mir] = @p7) AND ([Currency] = @p8) AND ([ComponentTransactionId] = @p9) AND ([Reference] = @p10) AND ([CreatedOn] = @p11) AND ([UserId] IS NULL) AND ([SalesForceUsername] IS NULL)
-- @p0: Input Int (Size = -1; Prec = 0; Scale = 0) [128860]
-- @p1: Input UniqueIdentifier (Size = -1; Prec = 0; Scale = 0) [f679c8c1-4226-4101-8d53-ba41a19fdd5c]
-- @p2: Input Int (Size = -1; Prec = 0; Scale = 0) [19295]
-- @p3: Input DateTime (Size = -1; Prec = 0; Scale = 0) [01/06/2012 11:02:18]
-- @p4: Input TinyInt (Size = -1; Prec = 0; Scale = 0) [1]
-- @p5: Input NVarChar (Size = 4000; Prec = 0; Scale = 0) [Interest]
-- @p6: Input Decimal (Size = -1; Prec = 9; Scale = 2) [10.00]
-- @p7: Input Decimal (Size = -1; Prec = 9; Scale = 6) [30.416700]
-- @p8: Input Int (Size = -1; Prec = 0; Scale = 0) [124]
-- @p9: Input UniqueIdentifier (Size = -1; Prec = 0; Scale = 0) [00000000-0000-0000-0000-000000000000]
-- @p10: Input NVarChar (Size = 4000; Prec = 0; Scale = 0) [Automated Accrued Interest Posted]
-- @p11: Input DateTime (Size = -1; Prec = 0; Scale = 0) [01/06/2012 10:02:18]
-- @p12: Input DateTime (Size = -1; Prec = 0; Scale = 0) [18/05/2012 11:02:18]
-- @p13: Input DateTime (Size = -1; Prec = 0; Scale = 0) [18/05/2012 10:02:18]
-- Context: SqlProvider(Sql2008) Model: AttributedMetaModel Build: 4.0.30319.1

UPDATE [payment].[Transactions]
SET [PostedOn] = @p12, [CreatedOn] = @p13
WHERE ([TransactionId] = @p0) AND ([ExternalId] = @p1) AND ([ApplicationId] = @p2) AND ([PostedOn] = @p3) AND ([Scope] = @p4) AND ([Type] = @p5) AND ([Amount] = @p6) AND ([Mir] = @p7) AND ([Currency] = @p8) AND ([ComponentTransactionId] = @p9) AND ([Reference] = @p10) AND ([CreatedOn] = @p11) AND ([UserId] IS NULL) AND ([SalesForceUsername] IS NULL)
-- @p0: Input Int (Size = -1; Prec = 0; Scale = 0) [128861]
-- @p1: Input UniqueIdentifier (Size = -1; Prec = 0; Scale = 0) [aabfca58-df2e-4c6c-8009-5d95407a1415]
-- @p2: Input Int (Size = -1; Prec = 0; Scale = 0) [19295]
-- @p3: Input DateTime (Size = -1; Prec = 0; Scale = 0) [01/06/2012 00:00:00]
-- @p4: Input TinyInt (Size = -1; Prec = 0; Scale = 0) [0]
-- @p5: Input NVarChar (Size = 4000; Prec = 0; Scale = 0) [InterestRate]
-- @p6: Input Decimal (Size = -1; Prec = 9; Scale = 2) [0.00]
-- @p7: Input Decimal (Size = -1; Prec = 9; Scale = 6) [2.500000]
-- @p8: Input Int (Size = -1; Prec = 0; Scale = 0) [0]
-- @p9: Input UniqueIdentifier (Size = -1; Prec = 0; Scale = 0) [00000000-0000-0000-0000-000000000000]
-- @p10: Input NVarChar (Size = 4000; Prec = 0; Scale = 0) [Arrear interest rate]
-- @p11: Input DateTime (Size = -1; Prec = 0; Scale = 0) [01/06/2012 10:02:23]
-- @p12: Input DateTime (Size = -1; Prec = 0; Scale = 0) [18/05/2012 00:00:00]
-- @p13: Input DateTime (Size = -1; Prec = 0; Scale = 0) [18/05/2012 10:02:23]
-- Context: SqlProvider(Sql2008) Model: AttributedMetaModel Build: 4.0.30319.1

UPDATE [payment].[Transactions]
SET [PostedOn] = @p12, [CreatedOn] = @p13
WHERE ([TransactionId] = @p0) AND ([ExternalId] = @p1) AND ([ApplicationId] = @p2) AND ([PostedOn] = @p3) AND ([Scope] = @p4) AND ([Type] = @p5) AND ([Amount] = @p6) AND ([Mir] = @p7) AND ([Currency] = @p8) AND ([ComponentTransactionId] = @p9) AND ([Reference] = @p10) AND ([CreatedOn] = @p11) AND ([UserId] IS NULL) AND ([SalesForceUsername] IS NULL)
-- @p0: Input Int (Size = -1; Prec = 0; Scale = 0) [128862]
-- @p1: Input UniqueIdentifier (Size = -1; Prec = 0; Scale = 0) [81ea2a05-3acf-49aa-b915-2a23aeb370b5]
-- @p2: Input Int (Size = -1; Prec = 0; Scale = 0) [19295]
-- @p3: Input DateTime (Size = -1; Prec = 0; Scale = 0) [01/06/2012 00:00:00]
-- @p4: Input TinyInt (Size = -1; Prec = 0; Scale = 0) [0]
-- @p5: Input NVarChar (Size = 4000; Prec = 0; Scale = 0) [InterestRateFee]
-- @p6: Input Decimal (Size = -1; Prec = 9; Scale = 2) [0.00]
-- @p7: Input Decimal (Size = -1; Prec = 9; Scale = 6) [2.500000]
-- @p8: Input Int (Size = -1; Prec = 0; Scale = 0) [0]
-- @p9: Input UniqueIdentifier (Size = -1; Prec = 0; Scale = 0) [00000000-0000-0000-0000-000000000000]
-- @p10: Input NVarChar (Size = 4000; Prec = 0; Scale = 0) [Fee interest rate]
-- @p11: Input DateTime (Size = -1; Prec = 0; Scale = 0) [01/06/2012 10:02:23]
-- @p12: Input DateTime (Size = -1; Prec = 0; Scale = 0) [18/05/2012 00:00:00]
-- @p13: Input DateTime (Size = -1; Prec = 0; Scale = 0) [18/05/2012 10:02:23]
-- Context: SqlProvider(Sql2008) Model: AttributedMetaModel Build: 4.0.30319.1

UPDATE [payment].[Transactions]
SET [PostedOn] = @p11, [CreatedOn] = @p12
WHERE ([TransactionId] = @p0) AND ([ExternalId] = @p1) AND ([ApplicationId] = @p2) AND ([PostedOn] = @p3) AND ([Scope] = @p4) AND ([Type] = @p5) AND ([Amount] = @p6) AND ([Mir] = @p7) AND ([Currency] = @p8) AND ([ComponentTransactionId] IS NULL) AND ([Reference] = @p9) AND ([CreatedOn] = @p10) AND ([UserId] IS NULL) AND ([SalesForceUsername] IS NULL)
-- @p0: Input Int (Size = -1; Prec = 0; Scale = 0) [128863]
-- @p1: Input UniqueIdentifier (Size = -1; Prec = 0; Scale = 0) [f8de82f5-be80-4c50-8887-dd89153fbd97]
-- @p2: Input Int (Size = -1; Prec = 0; Scale = 0) [19295]
-- @p3: Input DateTime (Size = -1; Prec = 0; Scale = 0) [01/06/2012 11:02:24]
-- @p4: Input TinyInt (Size = -1; Prec = 0; Scale = 0) [1]
-- @p5: Input NVarChar (Size = 4000; Prec = 0; Scale = 0) [DefaultCharge]
-- @p6: Input Decimal (Size = -1; Prec = 9; Scale = 2) [20.00]
-- @p7: Input Decimal (Size = -1; Prec = 9; Scale = 6) [0.000000]
-- @p8: Input Int (Size = -1; Prec = 0; Scale = 0) [124]
-- @p9: Input NVarChar (Size = 4000; Prec = 0; Scale = 0) [80036fc9-47c4-4afc-b1e6-a07700b5e89b]
-- @p10: Input DateTime (Size = -1; Prec = 0; Scale = 0) [01/06/2012 10:02:24]
-- @p11: Input DateTime (Size = -1; Prec = 0; Scale = 0) [18/05/2012 11:02:24]
-- @p12: Input DateTime (Size = -1; Prec = 0; Scale = 0) [18/05/2012 10:02:24]
-- Context: SqlProvider(Sql2008) Model: AttributedMetaModel Build: 4.0.30319.1

UPDATE [payment].[Transactions]
SET [PostedOn] = @p12, [CreatedOn] = @p13
WHERE ([TransactionId] = @p0) AND ([ExternalId] = @p1) AND ([ApplicationId] = @p2) AND ([PostedOn] = @p3) AND ([Scope] = @p4) AND ([Type] = @p5) AND ([Amount] = @p6) AND ([Mir] = @p7) AND ([Currency] = @p8) AND ([ComponentTransactionId] = @p9) AND ([Reference] = @p10) AND ([CreatedOn] = @p11) AND ([UserId] IS NULL) AND ([SalesForceUsername] IS NULL)
-- @p0: Input Int (Size = -1; Prec = 0; Scale = 0) [128864]
-- @p1: Input UniqueIdentifier (Size = -1; Prec = 0; Scale = 0) [1b251a1c-f88e-404a-85a7-ed3616de6bad]
-- @p2: Input Int (Size = -1; Prec = 0; Scale = 0) [19295]
-- @p3: Input DateTime (Size = -1; Prec = 0; Scale = 0) [21/06/2012 11:02:25]
-- @p4: Input TinyInt (Size = -1; Prec = 0; Scale = 0) [2]
-- @p5: Input NVarChar (Size = 4000; Prec = 0; Scale = 0) [DirectBankPayment]
-- @p6: Input Decimal (Size = -1; Prec = 9; Scale = 2) [-43.14]
-- @p7: Input Decimal (Size = -1; Prec = 9; Scale = 6) [0.000000]
-- @p8: Input Int (Size = -1; Prec = 0; Scale = 0) [124]
-- @p9: Input UniqueIdentifier (Size = -1; Prec = 0; Scale = 0) [cb37192c-429c-4018-890c-8aad994de041]
-- @p10: Input NVarChar (Size = 4000; Prec = 0; Scale = 0) [cd14769c-cbae-4434-b43b-a07700b5ef66]
-- @p11: Input DateTime (Size = -1; Prec = 0; Scale = 0) [21/06/2012 10:02:30]
-- @p12: Input DateTime (Size = -1; Prec = 0; Scale = 0) [07/06/2012 11:02:25]
-- @p13: Input DateTime (Size = -1; Prec = 0; Scale = 0) [07/06/2012 10:02:30]
-- Context: SqlProvider(Sql2008) Model: AttributedMetaModel Build: 4.0.30319.1

UPDATE [payment].[Transactions]
SET [PostedOn] = @p12, [CreatedOn] = @p13
WHERE ([TransactionId] = @p0) AND ([ExternalId] = @p1) AND ([ApplicationId] = @p2) AND ([PostedOn] = @p3) AND ([Scope] = @p4) AND ([Type] = @p5) AND ([Amount] = @p6) AND ([Mir] = @p7) AND ([Currency] = @p8) AND ([ComponentTransactionId] = @p9) AND ([Reference] = @p10) AND ([CreatedOn] = @p11) AND ([UserId] IS NULL) AND ([SalesForceUsername] IS NULL)
-- @p0: Input Int (Size = -1; Prec = 0; Scale = 0) [128865]
-- @p1: Input UniqueIdentifier (Size = -1; Prec = 0; Scale = 0) [1e7f0b4f-539b-41fa-811d-c84b296dcdb9]
-- @p2: Input Int (Size = -1; Prec = 0; Scale = 0) [19295]
-- @p3: Input DateTime (Size = -1; Prec = 0; Scale = 0) [21/06/2012 11:02:30]
-- @p4: Input TinyInt (Size = -1; Prec = 0; Scale = 0) [2]
-- @p5: Input NVarChar (Size = 4000; Prec = 0; Scale = 0) [DirectBankPayment]
-- @p6: Input Decimal (Size = -1; Prec = 9; Scale = 2) [-44.34]
-- @p7: Input Decimal (Size = -1; Prec = 9; Scale = 6) [0.000000]
-- @p8: Input Int (Size = -1; Prec = 0; Scale = 0) [124]
-- @p9: Input UniqueIdentifier (Size = -1; Prec = 0; Scale = 0) [cb37192c-429c-4018-890c-8aad994de041]
-- @p10: Input NVarChar (Size = 4000; Prec = 0; Scale = 0) [cd14769c-cbae-4434-b43b-a07700b5ef66]
-- @p11: Input DateTime (Size = -1; Prec = 0; Scale = 0) [21/06/2012 10:02:33]
-- @p12: Input DateTime (Size = -1; Prec = 0; Scale = 0) [07/06/2012 11:02:30]
-- @p13: Input DateTime (Size = -1; Prec = 0; Scale = 0) [07/06/2012 10:02:33]
-- Context: SqlProvider(Sql2008) Model: AttributedMetaModel Build: 4.0.30319.1

SELECT [t0].[ArrearId], [t0].[ApplicationId], [t0].[CreatedOn]
FROM [payment].[Arrears] AS [t0]
WHERE [t0].[ApplicationId] = @p0
-- @p0: Input Int (Size = -1; Prec = 0; Scale = 0) [19295]
-- Context: SqlProvider(Sql2008) Model: AttributedMetaModel Build: 4.0.30319.1

UPDATE [payment].[Arrears]
SET [CreatedOn] = @p3
WHERE ([ArrearId] = @p0) AND ([ApplicationId] = @p1) AND ([CreatedOn] = @p2)
-- @p0: Input Int (Size = -1; Prec = 0; Scale = 0) [1397]
-- @p1: Input Int (Size = -1; Prec = 0; Scale = 0) [19295]
-- @p2: Input DateTime (Size = -1; Prec = 0; Scale = 0) [01/06/2012 11:02:24]
-- @p3: Input DateTime (Size = -1; Prec = 0; Scale = 0) [18/05/2012 11:02:24]
-- Context: SqlProvider(Sql2008) Model: AttributedMetaModel Build: 4.0.30319.1

UPDATE [risk].[RiskApplications]
SET [PromiseDate] = @p17, [ApplicationDate] = @p18
WHERE ([RiskApplicationId] = @p0) AND ([ApplicationId] = @p1) AND ([AccountId] = @p2) AND ([Currency] = @p3) AND ([PromiseDate] = @p4) AND ([ApplicationDate] = @p5) AND ([LoanAmount] = @p6) AND ([PaymentCardId] = @p7) AND ([BankAccountId] = @p8) AND ([ClosedOn] IS NULL) AND (NOT ([IsCanceled] = 1)) AND ([SignedOn] = @p9) AND ([OriginalLoanAmount] = @p10) AND (NOT ([IsCounterOffer] = 1)) AND ([ArrearsStartDate] = @p11) AND ([InArrearsDays] IS NULL) AND ([CreditLimit] = @p12) AND ([TermLimit] = @p13) AND ([NCOAccepted] IS NULL) AND ([PCOAccepted] IS NULL) AND (NOT ([WasExtended] = 1)) AND (NOT ([WasTopUp] = 1)) AND (NOT ([UsedManualVerification] = 1)) AND ([PaymentTransactionCount] IS NULL) AND ([ManualPaymentTransactionCount] IS NULL) AND ([Decision] = @p14) AND ([EstimatedCompletionDate] = @p15) AND ([ApplicationBehaviourId] = @p16) AND ([MainCardRepayRate] IS NULL) AND ([PriceTier] IS NULL) AND ([GuarantorCount] IS NULL)
-- @p0: Input Int (Size = -1; Prec = 0; Scale = 0) [19175]
-- @p1: Input UniqueIdentifier (Size = -1; Prec = 0; Scale = 0) [a3ba2daa-973e-440d-9937-990a2e019743]
-- @p2: Input UniqueIdentifier (Size = -1; Prec = 0; Scale = 0) [fb7a6004-a141-46f8-96bf-d789a11034f6]
-- @p3: Input Int (Size = -1; Prec = 0; Scale = 0) [124]
-- @p4: Input DateTime (Size = -1; Prec = 0; Scale = 0) [31/05/2012 00:00:00]
-- @p5: Input DateTime (Size = -1; Prec = 0; Scale = 0) [20/05/2012 10:02:02]
-- @p6: Input Decimal (Size = -1; Prec = 9; Scale = 2) [100.00]
-- @p7: Input UniqueIdentifier (Size = -1; Prec = 0; Scale = 0) [c548c3e5-927c-4e20-a75b-979ebd5647c1]
-- @p8: Input UniqueIdentifier (Size = -1; Prec = 0; Scale = 0) [cb37192c-429c-4018-890c-8aad994de041]
-- @p9: Input DateTime (Size = -1; Prec = 0; Scale = 0) [21/06/2012 10:02:05]
-- @p10: Input Decimal (Size = -1; Prec = 9; Scale = 2) [100.00]
-- @p11: Input DateTime (Size = -1; Prec = 0; Scale = 0) [21/06/2012 11:02:24]
-- @p12: Input Decimal (Size = -1; Prec = 18; Scale = 0) [400]
-- @p13: Input Int (Size = -1; Prec = 0; Scale = 0) [30]
-- @p14: Input TinyInt (Size = -1; Prec = 0; Scale = 0) [1]
-- @p15: Input DateTime (Size = -1; Prec = 0; Scale = 0) [21/06/2012 10:02:04]
-- @p16: Input Int (Size = -1; Prec = 0; Scale = 0) [18204]
-- @p17: Input DateTime (Size = -1; Prec = 0; Scale = 0) [17/05/2012 00:00:00]
-- @p18: Input DateTime (Size = -1; Prec = 0; Scale = 0) [06/05/2012 10:02:02]
-- Context: SqlProvider(Sql2008) Model: AttributedMetaModel Build: 4.0.30319.1

Simple.Data.Ado: 
Text
SELECT TOP 1 [dbo].[MultipleRepresentmentsInArrearsSagaEntity].[Id], [dbo].[MultipleRepresentmentsInArrearsSagaEntity].[AccountId], [dbo].[MultipleRepresentmentsInArrearsSagaEntity].[ApplicationId], [dbo].[MultipleRepresentmentsInArrearsSagaEntity].[RepresentmentsSent], [dbo].[MultipleRepresentmentsInArrearsSagaEntity].[TotalAmountCollected], [dbo].[MultipleRepresentmentsInArrearsSagaEntity].[LastRepresentmentAmount], [dbo].[MultipleRepresentmentsInArrearsSagaEntity].[NextRepresentmentDate], [dbo].[MultipleRepresentmentsInArrearsSagaEntity].[OriginalMessageId], [dbo].[MultipleRepresentmentsInArrearsSagaEntity].[Originator] from [dbo].[MultipleRepresentmentsInArrearsSagaEntity]  where [dbo].[MultipleRepresentmentsInArrearsSagaEntity].[ApplicationId] = @p1
@p1 (Guid) = a3ba2daa-973e-440d-9937-990a2e019743

Wonga.QA.Framework.Msmq.MsmqQueue: <Messages xmlns:xsi="http://www.w3.org/2001/XMLSchema-instance" xmlns:xsd="http://www.w3.org/2001/XMLSchema" xmlns="http://tempuri.net/NServiceBus.Saga" xmlns:baseType="NServiceBus.Saga.ISagaMessage">
  <TimeoutMessage>
    <Expires>0001-01-01T00:00:00</Expires>
    <SagaId>cd14769c-cbae-4434-b43b-a07700b5ef66</SagaId>
    <ClearTimeout>false</ClearTimeout>
  </TimeoutMessage>
</Messages>
Simple.Data.Ado: 
Text
select COUNT(*) from [bankgateway].[Transactions] WHERE ([bankgateway].[Transactions].[ApplicationId] = @p1 AND [bankgateway].[Transactions].[TransactionStatus] = @p2)
@p1 (Guid) = a3ba2daa-973e-440d-9937-990a2e019743
@p2 (Int32) = 4

Simple.Data.Ado: 
Text
select COUNT(*) from [bankgateway].[Transactions] WHERE ([bankgateway].[Transactions].[ApplicationId] = @p1 AND [bankgateway].[Transactions].[TransactionStatus] = @p2)
@p1 (Guid) = a3ba2daa-973e-440d-9937-990a2e019743
@p2 (Int32) = 4

Simple.Data.Ado: 
Text
select COUNT(*) from [bankgateway].[Transactions] WHERE ([bankgateway].[Transactions].[ApplicationId] = @p1 AND [bankgateway].[Transactions].[TransactionStatus] = @p2)
@p1 (Guid) = a3ba2daa-973e-440d-9937-990a2e019743
@p2 (Int32) = 4

Simple.Data.Ado: 
Text
select COUNT(*) from [bankgateway].[Transactions] WHERE ([bankgateway].[Transactions].[ApplicationId] = @p1 AND [bankgateway].[Transactions].[TransactionStatus] = @p2)
@p1 (Guid) = a3ba2daa-973e-440d-9937-990a2e019743
@p2 (Int32) = 4

Simple.Data.Ado: 
Text
select [bankgateway].[Transactions].[TransactionId],[bankgateway].[Transactions].[SenderReference],[bankgateway].[Transactions].[ValueDate],[bankgateway].[Transactions].[Amount],[bankgateway].[Transactions].[Currency],[bankgateway].[Transactions].[OrderingClientID],[bankgateway].[Transactions].[BankAccountDetailID],[bankgateway].[Transactions].[TransactionStatus],[bankgateway].[Transactions].[PaymentTypeID],[bankgateway].[Transactions].[ServiceTypeID],[bankgateway].[Transactions].[SendingTime],[bankgateway].[Transactions].[PaymentCount],[bankgateway].[Transactions].[CreationDate],[bankgateway].[Transactions].[FileId],[bankgateway].[Transactions].[ApplicationId],[bankgateway].[Transactions].[TrackingDays],[bankgateway].[Transactions].[NaedoDocTypeId],[bankgateway].[Transactions].[BankIntegrationId],[bankgateway].[Transactions].[Descriptor] from [bankgateway].[Transactions] WHERE ([bankgateway].[Transactions].[ApplicationId] = @p1 AND [bankgateway].[Transactions].[TransactionStatus] = @p2) ORDER BY [bankgateway].[Transactions].[TransactionId] DESC
@p1 (Guid) = a3ba2daa-973e-440d-9937-990a2e019743
@p2 (Int32) = 4

SELECT [t0].[ProductInterestRateId], [t0].[ProductId], [t0].[Description], [t0].[MonthlyInterestRate], [t0].[InterestType], [t0].[LoanDayStart], [t0].[LoanDayEnd], [t0].[VariableInterestRateId]
FROM [payment].[ProductInterestRates] AS [t0]
WHERE [t0].[ProductInterestRateId] = @p0
-- @p0: Input Int (Size = -1; Prec = 0; Scale = 0) [2]
-- Context: SqlProvider(Sql2008) Model: AttributedMetaModel Build: 4.0.30319.1

SELECT [t0].[ProductInterestRateId], [t0].[ProductId], [t0].[Description], [t0].[MonthlyInterestRate], [t0].[InterestType], [t0].[LoanDayStart], [t0].[LoanDayEnd], [t0].[VariableInterestRateId]
FROM [payment].[ProductInterestRates] AS [t0]
WHERE [t0].[ProductInterestRateId] = @p0
-- @p0: Input Int (Size = -1; Prec = 0; Scale = 0) [2]
-- Context: SqlProvider(Sql2008) Model: AttributedMetaModel Build: 4.0.30319.1

SELECT [t0].[ProductInterestRateId], [t0].[ProductId], [t0].[Description], [t0].[MonthlyInterestRate], [t0].[InterestType], [t0].[LoanDayStart], [t0].[LoanDayEnd], [t0].[VariableInterestRateId]
FROM [payment].[ProductInterestRates] AS [t0]
WHERE [t0].[ProductInterestRateId] = @p0
-- @p0: Input Int (Size = -1; Prec = 0; Scale = 0) [2]
-- Context: SqlProvider(Sql2008) Model: AttributedMetaModel Build: 4.0.30319.1

SELECT [t0].[ProductInterestRateId], [t0].[ProductId], [t0].[Description], [t0].[MonthlyInterestRate], [t0].[InterestType], [t0].[LoanDayStart], [t0].[LoanDayEnd], [t0].[VariableInterestRateId]
FROM [payment].[ProductInterestRates] AS [t0]
WHERE [t0].[ProductInterestRateId] = @p0
-- @p0: Input Int (Size = -1; Prec = 0; Scale = 0) [2]
-- Context: SqlProvider(Sql2008) Model: AttributedMetaModel Build: 4.0.30319.1

SELECT [t0].[ProductInterestRateId], [t0].[ProductId], [t0].[Description], [t0].[MonthlyInterestRate], [t0].[InterestType], [t0].[LoanDayStart], [t0].[LoanDayEnd], [t0].[VariableInterestRateId]
FROM [payment].[ProductInterestRates] AS [t0]
WHERE [t0].[ProductInterestRateId] = @p0
-- @p0: Input Int (Size = -1; Prec = 0; Scale = 0) [2]
-- Context: SqlProvider(Sql2008) Model: AttributedMetaModel Build: 4.0.30319.1

SELECT [t0].[ProductInterestRateId], [t0].[ProductId], [t0].[Description], [t0].[MonthlyInterestRate], [t0].[InterestType], [t0].[LoanDayStart], [t0].[LoanDayEnd], [t0].[VariableInterestRateId]
FROM [payment].[ProductInterestRates] AS [t0]
WHERE [t0].[ProductInterestRateId] = @p0
-- @p0: Input Int (Size = -1; Prec = 0; Scale = 0) [2]
-- Context: SqlProvider(Sql2008) Model: AttributedMetaModel Build: 4.0.30319.1

SELECT [t0].[ProductInterestRateId], [t0].[ProductId], [t0].[Description], [t0].[MonthlyInterestRate], [t0].[InterestType], [t0].[LoanDayStart], [t0].[LoanDayEnd], [t0].[VariableInterestRateId]
FROM [payment].[ProductInterestRates] AS [t0]
WHERE [t0].[ProductInterestRateId] = @p0
-- @p0: Input Int (Size = -1; Prec = 0; Scale = 0) [2]
-- Context: SqlProvider(Sql2008) Model: AttributedMetaModel Build: 4.0.30319.1

SELECT [t0].[ProductInterestRateId], [t0].[ProductId], [t0].[Description], [t0].[MonthlyInterestRate], [t0].[InterestType], [t0].[LoanDayStart], [t0].[LoanDayEnd], [t0].[VariableInterestRateId]
FROM [payment].[ProductInterestRates] AS [t0]
WHERE [t0].[ProductInterestRateId] = @p0
-- @p0: Input Int (Size = -1; Prec = 0; Scale = 0) [2]
-- Context: SqlProvider(Sql2008) Model: AttributedMetaModel Build: 4.0.30319.1

SELECT [t0].[ProductInterestRateId], [t0].[ProductId], [t0].[Description], [t0].[MonthlyInterestRate], [t0].[InterestType], [t0].[LoanDayStart], [t0].[LoanDayEnd], [t0].[VariableInterestRateId]
FROM [payment].[ProductInterestRates] AS [t0]
WHERE [t0].[ProductInterestRateId] = @p0
-- @p0: Input Int (Size = -1; Prec = 0; Scale = 0) [2]
-- Context: SqlProvider(Sql2008) Model: AttributedMetaModel Build: 4.0.30319.1

SELECT [t0].[ProductInterestRateId], [t0].[ProductId], [t0].[Description], [t0].[MonthlyInterestRate], [t0].[InterestType], [t0].[LoanDayStart], [t0].[LoanDayEnd], [t0].[VariableInterestRateId]
FROM [payment].[ProductInterestRates] AS [t0]
WHERE [t0].[ProductInterestRateId] = @p0
-- @p0: Input Int (Size = -1; Prec = 0; Scale = 0) [2]
-- Context: SqlProvider(Sql2008) Model: AttributedMetaModel Build: 4.0.30319.1

SELECT [t0].[ProductInterestRateId], [t0].[ProductId], [t0].[Description], [t0].[MonthlyInterestRate], [t0].[InterestType], [t0].[LoanDayStart], [t0].[LoanDayEnd], [t0].[VariableInterestRateId]
FROM [payment].[ProductInterestRates] AS [t0]
WHERE [t0].[ProductInterestRateId] = @p0
-- @p0: Input Int (Size = -1; Prec = 0; Scale = 0) [2]
-- Context: SqlProvider(Sql2008) Model: AttributedMetaModel Build: 4.0.30319.1

SELECT [t0].[ProductInterestRateId], [t0].[ProductId], [t0].[Description], [t0].[MonthlyInterestRate], [t0].[InterestType], [t0].[LoanDayStart], [t0].[LoanDayEnd], [t0].[VariableInterestRateId]
FROM [payment].[ProductInterestRates] AS [t0]
WHERE [t0].[ProductInterestRateId] = @p0
-- @p0: Input Int (Size = -1; Prec = 0; Scale = 0) [2]
-- Context: SqlProvider(Sql2008) Model: AttributedMetaModel Build: 4.0.30319.1

SELECT [t0].[ProductInterestRateId], [t0].[ProductId], [t0].[Description], [t0].[MonthlyInterestRate], [t0].[InterestType], [t0].[LoanDayStart], [t0].[LoanDayEnd], [t0].[VariableInterestRateId]
FROM [payment].[ProductInterestRates] AS [t0]
WHERE [t0].[ProductInterestRateId] = @p0
-- @p0: Input Int (Size = -1; Prec = 0; Scale = 0) [2]
-- Context: SqlProvider(Sql2008) Model: AttributedMetaModel Build: 4.0.30319.1

SELECT [t0].[ProductInterestRateId], [t0].[ProductId], [t0].[Description], [t0].[MonthlyInterestRate], [t0].[InterestType], [t0].[LoanDayStart], [t0].[LoanDayEnd], [t0].[VariableInterestRateId]
FROM [payment].[ProductInterestRates] AS [t0]
WHERE [t0].[ProductInterestRateId] = @p0
-- @p0: Input Int (Size = -1; Prec = 0; Scale = 0) [2]
-- Context: SqlProvider(Sql2008) Model: AttributedMetaModel Build: 4.0.30319.1

]]></stack-trace></failure></test-case><test-case name="Wonga.QA.Tests.Payments.PadRepresentmentOptimization.WhenTheThirdPadRepresentmentForACustomerInArrearsFailsThenThereShouldBeNoMoreAttemptsToRetrieveMoneyFromTheCustomer" asserts="1" time="50.084773" success="True" executed="True" /></results></test-suite><test-suite name="PaymentsServiceTests" asserts="1" time="0.027189699999999997" success="True"><results><test-case name="Wonga.QA.Tests.Payments.PaymentsServiceTests.PaymentsServiceIsRunning" asserts="1" time="0.0217136" success="True" executed="True" /></results></test-suite><test-suite name="PaymentsTestsViaBankGatewayScotia" asserts="1" time="120.8998981" success="True"><results><test-case name="Wonga.QA.Tests.Payments.PaymentsTestsViaBankGatewayScotia.VerifyLoanClosesAfterFullOnlineBillPaymentRecieved" asserts="0" time="59.821472" success="True" executed="True" /><test-case name="Wonga.QA.Tests.Payments.PaymentsTestsViaBankGatewayScotia.VerifyOnlineBillPaymentCreditedToCustomerAccount" asserts="1" time="61.0485525" success="True" executed="True" /><test-case name="Wonga.QA.Tests.Payments.PaymentsTestsViaBankGatewayScotia.VerifyOnlineBillPaymentDateRealignment" asserts="0" time="0.0002209" success="True" executed="False"><reason><message><![CDATA[Not fully implemented, do not run]]></message></reason></test-case><test-case name="Wonga.QA.Tests.Payments.PaymentsTestsViaBankGatewayScotia.VerifyOnlineBillPaymentForCustomerInArrears" asserts="0" time="0.00025279999999999996" success="True" executed="False"><reason><message><![CDATA[Not fully implemented, do not run]]></message></reason></test-case><test-case name="Wonga.QA.Tests.Payments.PaymentsTestsViaBankGatewayScotia.VerifyOnlineBillPaymentForCustomerInArrearsFullRepayment" asserts="0" time="0.00016759999999999998" success="True" executed="False"><reason><message><![CDATA[Not fully implemented, do not run]]></message></reason></test-case><test-case name="Wonga.QA.Tests.Payments.PaymentsTestsViaBankGatewayScotia.VerifyOnlineBillPaymentOverRepaymentIsRecordedToDb" asserts="0" time="0.0002274" success="True" executed="False"><reason><message><![CDATA[Not fully implemented, do not run]]></message></reason></test-case><test-case name="Wonga.QA.Tests.Payments.PaymentsTestsViaBankGatewayScotia.VerifyOnlineBillPaymentRecodredToDbForUnrecognisedCustomer" asserts="0" time="0.0001645" success="True" executed="False"><reason><message><![CDATA[Not fully implemented, do not run]]></message></reason></test-case><test-case name="Wonga.QA.Tests.Payments.PaymentsTestsViaBankGatewayScotia.VerifyPartialOnlineBillPaymentDoesNotCloseLoan" asserts="0" time="0.0001634" success="True" executed="False"><reason><message><![CDATA[Not fully implemented, do not run]]></message></reason></test-case></results></test-suite><test-suite name="PaymentTransactionsTests" asserts="0" time="0.0059619" success="True"><results /></test-suite><test-suite name="PayUPaymentConfirmationSagaTests" asserts="0" time="22.8733333" success="True"><results /></test-suite><test-suite name="RegisterPrePaidCardEmailCommandTests" asserts="7" time="2.8262951999999997" success="True"><results><test-case name="Wonga.QA.Tests.Marketing.RegisterPrePaidCardEmailCommandTests.RegisterPrePaidCardEmailCommandShouldFailForExistingEmail" asserts="1" time="0.4782015" success="True" executed="True" /><test-case name="Wonga.QA.Tests.Marketing.RegisterPrePaidCardEmailCommandTests.RegisterPrePaidCardEmailCommandShouldFailWithEmptyEmail" asserts="1" time="0.0687193" success="True" executed="True" /><test-case name="Wonga.QA.Tests.Marketing.RegisterPrePaidCardEmailCommandTests.RegisterPrePaidCardEmailCommandShouldFailWithInvalidEmail" asserts="3" time="0.10664699999999999" success="True" executed="True" /><test-case name="Wonga.QA.Tests.Marketing.RegisterPrePaidCardEmailCommandTests.RegisterPrePaidCardEmailCommandShouldFailWithNullEmail" asserts="1" time="0.044679899999999995" success="True" executed="True" /><test-case name="Wonga.QA.Tests.Marketing.RegisterPrePaidCardEmailCommandTests.RegisterPrePaidCardEmailCommandShouldSaveEmailInDatabase" asserts="1" time="2.0877331999999997" success="True" executed="True" /></results></test-suite><test-suite name="RepaymentArrangementTests" asserts="0" time="0.0908682" success="True"><results /></test-suite><test-suite name="RepaymentRequestEmailTests" asserts="0" time="0.024911799999999998" success="True"><results /></test-suite><test-suite name="RepayViaOnlineBillPaymentTests" asserts="0" time="59.441719199999994" success="True"><results><test-case name="Wonga.QA.Tests.Payments.RepayViaOnlineBillPaymentTests.RepayViaOnlineBillPayment_ShouldCloseLoanWhenPaidInFull" asserts="0" time="59.4347256" success="True" executed="True" /></results></test-suite><test-suite name="RiskBasedPricingTests" asserts="0" time="0.010351299999999999" success="True"><results /></test-suite><test-suite name="RiskSaveCustomerDetailsTests" asserts="0" time="0.1040917" success="True"><results><test-case name="Wonga.QA.Tests.Risk.Commands.RiskSaveCustomerDetailsTests.WhenCommandCalledThenTheMobilePhoneShouldBeUpdatedOnRiskSaveCustomerDetailsSagaEntity" asserts="0" time="0.089079399999999989" success="True" executed="True" /></results></test-suite><test-suite name="RiskServiceTests" asserts="1" time="0.026827399999999998" success="True"><results><test-case name="Wonga.QA.Tests.Risk.RiskServiceTests.RiskServiceIsRunning" asserts="1" time="0.020502" success="True" executed="True" /></results></test-suite><test-suite name="SalesforcePushFixedTermLoanApplicationDataTest" asserts="0" time="0.000305" success="True"><results /></test-suite><test-suite name="SalesforceServiceTests" asserts="1" time="0.0156413" success="True"><results><test-case name="Wonga.QA.Tests.Salesforce.SalesforceServiceTests.SalesforceServiceIsRunning" asserts="1" time="0.0097805" success="True" executed="True" /></results></test-suite><test-suite name="SavePaymentCardBillingAddress" asserts="0" time="0.0076403" success="True"><results /></test-suite><test-suite name="ScheduledServiceFeeTests" asserts="0" time="0.23312709999999998" success="True"><results /></test-suite><test-suite name="SchedulePaymentSagaTests" asserts="0" time="0.0544549" success="True"><results /></test-suite><test-suite name="ServerSideTrackingTests" asserts="0" time="0.0301876" success="True"><results /></test-suite><test-suite name="SignupCustomerForPremiumCardCommandTests" asserts="0" time="0.0066539" success="True"><results><test-case name="Wonga.QA.Tests.Marketing.SignupCustomerForPremiumCardCommandTests.TestPlaceHolder" asserts="0" time="0.0002036" success="True" executed="False"><reason><message><![CDATA[]]></message></reason></test-case></results></test-suite><test-suite name="SmsServiceTests" asserts="1" time="0.0170694" success="True"><results><test-case name="Wonga.QA.Tests.Sms.SmsServiceTests.SmsServiceIsRunning" asserts="1" time="0.011329899999999999" success="True" executed="True" /></results></test-suite><test-suite name="TakePaymentManualCsCommandTests" asserts="0" time="0.023668599999999998" success="True"><results /></test-suite><test-suite name="TimeZoneServiceTests" asserts="1" time="0.036348399999999996" success="True"><results><test-case name="Wonga.QA.Tests.TimeZone.TimeZoneServiceTests.TimeZoneServiceIsRunning" asserts="1" time="0.0290919" success="True" executed="True" /></results></test-suite><test-suite name="TransactionTests" asserts="0" time="0.0236169" success="True"><results /></test-suite><test-suite name="TransUnionServiceTests" asserts="0" time="0.0067801" success="True"><results /></test-suite><test-suite name="UpdateLoanTermTests" asserts="0" time="0.0158302" success="True"><results /></test-suite><test-suite name="UruServiceTests" asserts="0" time="0.0061591" success="True"><results /></test-suite><test-suite name="VariablePricingTests" asserts="36" time="1244.0683883" success="True"><results><test-case name="Wonga.QA.Tests.Payments.VariablePricingTests.VerifyArrearsInterestPostedToLoanInArrears" asserts="1" time="29.3545618" success="True" executed="True" /><test-case name="Wonga.QA.Tests.Payments.VariablePricingTests.VerifyDefaultChargeAppliedToLoanInArrears" asserts="1" time="31.522332799999997" success="True" executed="True" /><test-case name="Wonga.QA.Tests.Payments.VariablePricingTests.VerifyDefaultChargeNotAppliedToBcCustomer" asserts="1" time="35.1698883" success="True" executed="True" /><test-case name="Wonga.QA.Tests.Payments.VariablePricingTests.VerifyFixedTermLoanOfferCaQueryRates" asserts="1" time="0.2182296" success="True" executed="True" /><test-case name="Wonga.QA.Tests.Payments.VariablePricingTests.VerifyFixedTermLoanOfferQueryRates" asserts="1" time="0.2167859" success="True" executed="True" /><test-case name="Wonga.QA.Tests.Payments.VariablePricingTests.VerifyInterestAmountCharged" asserts="6" time="209.3163136" success="True" executed="True" /><test-case name="Wonga.QA.Tests.Payments.VariablePricingTests.VerifyLNLoanClosedAfterPaymentRecieved" asserts="2" time="116.3241853" success="True" executed="True" /><test-case name="Wonga.QA.Tests.Payments.VariablePricingTests.VerifyLoanClosedAfterPaymentFullRecieved" asserts="2" time="74.63419979999999" success="True" executed="True" /><test-case name="Wonga.QA.Tests.Payments.VariablePricingTests.VerifyLoanGoesIntoArrears" asserts="1" time="28.996610699999998" success="True" executed="True" /><test-case name="Wonga.QA.Tests.Payments.VariablePricingTests.VerifyMaxPercentageRateChargedOn30Days" asserts="1" time="26.856083299999998" success="True" executed="True" /><test-case name="Wonga.QA.Tests.Payments.VariablePricingTests.VerifyVariableInterestPostedOnLoanCreation" asserts="6" time="155.6716222" success="True" executed="True" /><test-case name="Wonga.QA.Tests.Payments.VariablePricingTests.VerifyCurrentVariableInterestAppliedAfterRatesUpdated" asserts="6" time="212.1650293" success="True" executed="True" /><test-case name="Wonga.QA.Tests.Payments.VariablePricingTests.VerifyExistingLoansInterestRatesAreNotAffectedIfFeatureSwitchIsTurnedOn" asserts="1" time="31.233131" success="True" executed="True" /><test-case name="Wonga.QA.Tests.Payments.VariablePricingTests.VerifyFixedTermLoanOfferQueryRatesAfterRatesUpdated" asserts="1" time="0.427768" success="True" executed="True" /><test-case name="Wonga.QA.Tests.Payments.VariablePricingTests.VerifyNoVariableInterestPostedWhenFeatureSwitchIsOff" asserts="1" time="33.4964298" success="True" executed="True" /><test-case name="Wonga.QA.Tests.Payments.VariablePricingTests.VerifyUpdatedVariableInterestRateAppliedToLn" asserts="4" time="258.3769331" success="True" executed="True" /></results></test-suite><test-suite name="WongaPayServiceTests" asserts="0" time="0.0062870999999999995" success="True"><results /></test-suite><test-suite name="WorkflowCheckpointsTests" asserts="0" time="0.011957299999999999" success="True"><results><test-case name="Wonga.QA.Tests.Risk.Workflows.WorkflowCheckpointsTests.WorkflowCorrectCheckpointsUsedL0" asserts="0" time="0.0002282" success="True" executed="False"><reason><message><![CDATA[]]></message></reason></test-case><test-case name="Wonga.QA.Tests.Risk.Workflows.WorkflowCheckpointsTests.WorkflowCorrectCheckpointsUsedLn" asserts="0" time="0.0001634" success="True" executed="False"><reason><message><![CDATA[]]></message></reason></test-case></results></test-suite><test-suite name="WorkflowVerificationsTests" asserts="0" time="0.0126331" success="True"><results><test-case name="Wonga.QA.Tests.Risk.Workflows.WorkflowVerificationsTests.WorkflowCorrectVerificationsUsedL0" asserts="0" time="0.0002142" success="True" executed="False"><reason><message><![CDATA[]]></message></reason></test-case><test-case name="Wonga.QA.Tests.Risk.Workflows.WorkflowVerificationsTests.WorkflowCorrectVerificationsUsedLn" asserts="0" time="0.0001782" success="True" executed="False"><reason><message><![CDATA[]]></message></reason></test-case></results></test-suite><test-suite name="AccountHolderVerificationTests" asserts="0" time="0.0002098" success="True"><results /></test-suite><test-suite name="AccountingTest" asserts="0" time="0.037192699999999995" success="True"><results /></test-suite><test-suite name="ArrearsSMSTests" asserts="0" time="0.0348491" success="True"><results /></test-suite><test-suite name="CashOutInstructionTests" asserts="6" time="35.9001604" success="True"><results><test-suite name="GivenACustomer" asserts="6" time="35.8916105" success="True"><results><test-suite name="WhenTheySignALoanApplication" asserts="6" time="35.8857036" success="True"><results><test-case name="Wonga.QA.Tests.Payments.CashOutInstructionTests+GivenACustomer+WhenTheySignALoanApplication.ThenTheCustomerShouldReceiveAPaymentConfirmationEmail" asserts="6" time="25.9951449" success="True" executed="True" /></results></test-suite></results></test-suite></results></test-suite><test-suite name="CheckpointApplicationElementNotOnCSBlacklistOnlyDoNotRelendVerificationTests" asserts="27" time="228.1113077" success="True"><results><test-case name="Wonga.QA.Tests.Risk.Checkpoints.CheckpointApplicationElementNotOnCSBlacklistOnlyDoNotRelendVerificationTests.GivenExistingCustomer_WhenItIsMarkedWithDoNotRelend_ThenTheApplicationIsDeclined" asserts="4" time="37.880311299999995" success="True" executed="True" /><test-case name="Wonga.QA.Tests.Risk.Checkpoints.CheckpointApplicationElementNotOnCSBlacklistOnlyDoNotRelendVerificationTests.GivenExistingCustomer_WhenItIsNotMarkedWithDoNotRelend_ThenTheApplicationIsAccepted" asserts="3" time="53.7001157" success="True" executed="True" /><test-case name="Wonga.QA.Tests.Risk.Checkpoints.CheckpointApplicationElementNotOnCSBlacklistOnlyDoNotRelendVerificationTests.GivenNewCustomer_WhenItIsMarkedWithDoNotRelend_ThenTheApplicationIsDeclined" asserts="4" time="12.2680667" success="True" executed="True" /><test-case name="Wonga.QA.Tests.Risk.Checkpoints.CheckpointApplicationElementNotOnCSBlacklistOnlyDoNotRelendVerificationTests.GivenNewCustomer_WhenItIsNotMarkedWithDoNotRelend_ThenTheApplicationIsAccepted" asserts="4" time="26.3241819" success="True" executed="True" /><test-case name="Wonga.QA.Tests.Risk.Checkpoints.CheckpointApplicationElementNotOnCSBlacklistOnlyDoNotRelendVerificationTests.GivenExistingCustomer_WhenDoNotRelendFlagIsConfigured_ThenCheckApplicationWorkflowContainsCheckpoint" asserts="6" time="72.239899999999992" success="True" executed="True" /><test-case name="Wonga.QA.Tests.Risk.Checkpoints.CheckpointApplicationElementNotOnCSBlacklistOnlyDoNotRelendVerificationTests.GivenNewCustomer_WhenDoNotRelendFlagIsConfigured_ThenCheckApplicationWorkflowContainsCheckpoint" asserts="6" time="25.6741231" success="True" executed="True" /></results></test-suite><test-suite name="CheckpointGuarantorNameMatchMainApplicant" asserts="0" time="0.0064639" success="True"><results /></test-suite><test-suite name="CheckpointReputationPredictionPositiveTests" asserts="11" time="542.547657" success="False"><results><test-case name="Wonga.QA.Tests.Risk.Checkpoints.CheckpointReputationPredictionPositiveTests.CheckpointReputationPredictionPositiveAccept" asserts="1" time="73.227452599999992" success="True" executed="True" /><test-case name="Wonga.QA.Tests.Risk.Checkpoints.CheckpointReputationPredictionPositiveTests.CheckpointReputationPredictionPositiveDecline" asserts="1" time="66.9740545" success="True" executed="True" /><test-case name="Wonga.QA.Tests.Risk.Checkpoints.CheckpointReputationPredictionPositiveTests.CheckpointReputationPredictionPositiveCheckL0ExecutionForReputationScoreCardUsageConfiguration" asserts="4" time="25.9253488" success="True" executed="True" /><test-case name="Wonga.QA.Tests.Risk.Checkpoints.CheckpointReputationPredictionPositiveTests.CheckpointReputationPredictionPositiveCorrectFactorsUsed" asserts="1" time="0.34909239999999997" success="True" executed="True" /><test-case name="Wonga.QA.Tests.Risk.Checkpoints.CheckpointReputationPredictionPositiveTests.CheckpointReputationPredictionPositivePostCodeWithHighArrearsRateLowersScore" asserts="0" time="261.5339388" success="False" executed="True"><failure><message><![CDATA[Exception of type 'Wonga.QA.Framework.Core.DoException' was thrown.]]></message><stack-trace><![CDATA[#0 11:36:17.723 (0.05994) : Wonga.QA.Framework.Api.Exceptions.ValidatorException: Risk_Application_NotFound
   at Wonga.QA.Framework.Api.ApiResponse..ctor(HttpWebRequest request) in d:\qa_rel_ca_be_at\src\Wonga.QA.Framework\Wonga.QA.Framework.Api\ApiResponse.cs:line 64
   at Wonga.QA.Framework.Api.ApiEndpoint.Post(String body) in d:\qa_rel_ca_be_at\src\Wonga.QA.Framework\Wonga.QA.Framework.Api\ApiEndpoint.cs:line 42
   at Wonga.QA.Framework.Api.ApiEndpoint.Post(IEnumerable`1 requests) in d:\qa_rel_ca_be_at\src\Wonga.QA.Framework\Wonga.QA.Framework.Api\ApiEndpoint.cs:line 30
   at Wonga.QA.Framework.Api.ApiEndpoint.Post(ApiRequest request) in d:\qa_rel_ca_be_at\src\Wonga.QA.Framework\Wonga.QA.Framework.Api\ApiEndpoint.cs:line 22
   at Wonga.QA.Framework.ApplicationBuilder.<>c__DisplayClass2f.<Build>b__20() in d:\qa_rel_ca_be_at\src\Wonga.QA.Framework\Wonga.QA.Framework\ApplicationBuilder.cs:line 301
   at Wonga.QA.Framework.Core.DoBuilder.Until[T](Func`1 predicate) in d:\qa_rel_ca_be_at\src\Wonga.QA.Framework\Wonga.QA.Framework.Core\Do.cs:line 149
#1 11:36:19.862 (2.19846) : System.Exception: False
#2 11:36:22.486 (4.82269) : System.Exception: False
#3 11:36:24.569 (6.90485) : System.Exception: False
#4 11:36:26.630 (8.96725) : System.Exception: False
#5 11:36:28.687 (11.02355) : System.Exception: False
#6 11:36:30.744 (13.08017) : System.Exception: False
#7 11:36:32.836 (15.17217) : System.Exception: False
#8 11:36:34.889 (17.22444) : System.Exception: False
#9 11:36:36.938 (19.27440) : System.Exception: False
#10 11:36:38.994 (21.32975) : System.Exception: False
#11 11:36:41.066 (23.40125) : System.Exception: False
#12 11:36:43.124 (25.46028) : System.Exception: False
#13 11:36:45.218 (27.55397) : System.Exception: False
#14 11:36:47.313 (29.64809) : System.Exception: False
#15 11:36:49.367 (31.70174) : System.Exception: False
#16 11:36:51.419 (33.75500) : System.Exception: False
#17 11:36:53.472 (35.80750) : System.Exception: False
#18 11:36:55.530 (37.86525) : System.Exception: False
#19 11:36:57.593 (39.92721) : System.Exception: False
#20 11:36:59.686 (42.02173) : System.Exception: False
#21 11:37:01.761 (44.09554) : System.Exception: False
#22 11:37:03.817 (46.15224) : System.Exception: False
#23 11:37:05.878 (48.21287) : System.Exception: False
#24 11:37:07.926 (50.26082) : System.Exception: False
#25 11:37:09.975 (52.30950) : System.Exception: False
#26 11:37:12.024 (54.35821) : System.Exception: False
#27 11:37:14.073 (56.40691) : System.Exception: False
#28 11:37:16.129 (58.46365) : System.Exception: False
#29 11:37:18.178 (60.51259) : System.Exception: False
#30 11:37:20.229 (62.56363) : System.Exception: False
#31 11:37:22.283 (64.61742) : System.Exception: False
#32 11:37:24.336 (66.66961) : System.Exception: False
#33 11:37:26.390 (68.72343) : System.Exception: False
#34 11:37:28.440 (70.77439) : System.Exception: False
#35 11:37:30.491 (72.82499) : System.Exception: False
#36 11:37:32.539 (74.87349) : System.Exception: False
#37 11:37:34.590 (76.92358) : System.Exception: False
#38 11:37:36.652 (78.98507) : System.Exception: False
#39 11:37:38.704 (81.03688) : System.Exception: False
#40 11:37:40.753 (83.08668) : System.Exception: False
#41 11:37:42.804 (85.13765) : System.Exception: False
#42 11:37:44.854 (87.18774) : System.Exception: False
#43 11:37:46.913 (89.24611) : System.Exception: False
#44 11:37:48.965 (91.29757) : System.Exception: False
#45 11:37:51.016 (93.34830) : System.Exception: False
#46 11:37:53.064 (95.39768) : System.Exception: False
#47 11:37:55.116 (97.44901) : System.Exception: False
#48 11:37:57.863 (100.19635) : System.Exception: False
#49 11:37:59.911 (102.24419) : System.Exception: False
#50 11:38:01.957 (104.29025) : System.Exception: False
#51 11:38:04.005 (106.33786) : System.Exception: False
#52 11:38:06.055 (108.38802) : System.Exception: False
#53 11:38:08.102 (110.43489) : System.Exception: False
#54 11:38:10.153 (112.48492) : System.Exception: False
#55 11:38:12.202 (114.53435) : System.Exception: False
#56 11:38:14.250 (116.58202) : System.Exception: False
#57 11:38:16.300 (118.63171) : System.Exception: False
#58 11:38:18.354 (120.68667) : System.Exception: False
#59 11:38:20.407 (122.73931) : System.Exception: False
#60 11:38:22.475 (124.80613) : System.Exception: False
#61 11:38:24.524 (126.85588) : System.Exception: False
#62 11:38:26.572 (128.90356) : System.Exception: False
#63 11:38:28.626 (130.95755) : System.Exception: False
#64 11:38:30.694 (133.02495) : System.Exception: False
#65 11:38:32.778 (135.10972) : System.Exception: False
#66 11:38:34.827 (137.15770) : System.Exception: False
#67 11:38:36.875 (139.20567) : System.Exception: False
#68 11:38:38.924 (141.25492) : System.Exception: False
#69 11:38:40.972 (143.30294) : System.Exception: False
#70 11:38:43.020 (145.35122) : System.Exception: False
#71 11:38:45.076 (147.40722) : System.Exception: False
#72 11:38:47.126 (149.45728) : System.Exception: False
#73 11:38:49.179 (151.50958) : System.Exception: False
#74 11:38:51.227 (153.55769) : System.Exception: False
#75 11:38:53.274 (155.60483) : System.Exception: False
#76 11:38:55.337 (157.66798) : System.Exception: False
#77 11:38:57.387 (159.71721) : System.Exception: False
#78 11:38:59.444 (161.77403) : System.Exception: False
#79 11:39:01.502 (163.83220) : System.Exception: False
#80 11:39:03.558 (165.88829) : System.Exception: False
#81 11:39:05.633 (167.96250) : System.Exception: False
#82 11:39:07.692 (170.02255) : System.Exception: False
#83 11:39:09.764 (172.09338) : System.Exception: False
#84 11:39:11.813 (174.14293) : System.Exception: False
#85 11:39:13.862 (176.19194) : System.Exception: False
#86 11:39:15.912 (178.24254) : System.Exception: False
#87 11:39:17.912 (180.24176) : System.TimeoutException: 00:03:00.2417142


Wonga.QA.Framework.Api.ApiEndpoint: <Messages xmlns="http://www.wonga.com/api/3.0" xmlns:xsi="http://www.w3.org/2001/XMLSchema-instance">
  <CreateAccount>
    <AccountId>ff501cff-8847-4744-871e-37c5b4fce932</AccountId>
    <Login>qa.wonga.com+TEAMCITY11-bf89b395-afac-4050-b576-5584df2d66a5@gmail.com</Login>
    <Password>Passw0rd</Password>
  </CreateAccount>
  <SaveSocialDetails>
    <AccountId>ff501cff-8847-4744-871e-37c5b4fce932</AccountId>
    <MaritalStatus>Other</MaritalStatus>
    <OccupancyStatus>Tenant</OccupancyStatus>
    <Dependants>0</Dependants>
    <VehicleRegistration xsi:nil="true" />
  </SaveSocialDetails>
  <SaveContactPreferences>
    <AccountId>ff501cff-8847-4744-871e-37c5b4fce932</AccountId>
    <AcceptMarketingContact>true</AcceptMarketingContact>
  </SaveContactPreferences>
  <SavePasswordRecoveryDetails>
    <AccountId>ff501cff-8847-4744-871e-37c5b4fce932</AccountId>
    <SecretQuestion>SYLftuDiNwyXAYmpMIdlAUTxOatfYb</SecretQuestion>
    <SecretAnswer>MNvxnLvTiCJVLQGjGqsNAbWGnnbWOP</SecretAnswer>
  </SavePasswordRecoveryDetails>
  <SaveCustomerDetails>
    <AccountId>ff501cff-8847-4744-871e-37c5b4fce932</AccountId>
    <DateOfBirth>1926-09-06</DateOfBirth>
    <Title>Dr</Title>
    <Gender>Female</Gender>
    <Forename>xYIECHH</Forename>
    <Surname>qANEhQQpiKLe</Surname>
    <MiddleName>MiddleName</MiddleName>
    <HomePhone>0216769027</HomePhone>
    <WorkPhone>0210000000</WorkPhone>
    <Email>qa.wonga.com+TEAMCITY11-bf89b395-afac-4050-b576-5584df2d66a5@gmail.com</Email>
    <NationalNumber xsi:nil="true" />
  </SaveCustomerDetails>
  <RiskSaveCustomerDetails>
    <AccountId>ff501cff-8847-4744-871e-37c5b4fce932</AccountId>
    <Gender>Female</Gender>
    <Forename>xYIECHH</Forename>
    <Surname>qANEhQQpiKLe</Surname>
    <MiddleName>MiddleName</MiddleName>
    <HomePhone>0216769027</HomePhone>
    <WorkPhone>0210000000</WorkPhone>
    <Email>qa.wonga.com+TEAMCITY11-bf89b395-afac-4050-b576-5584df2d66a5@gmail.com</Email>
    <MobilePhone>0210000000</MobilePhone>
    <DateOfBirth>1926-09-06</DateOfBirth>
    <MaidenName xsi:nil="true" />
  </RiskSaveCustomerDetails>
  <SaveCustomerAddress>
    <AddressId>fa1fae5b-f5ef-413d-85e6-cd117d4e9372</AddressId>
    <AccountId>ff501cff-8847-4744-871e-37c5b4fce932</AccountId>
    <Flat>olKm</Flat>
    <HouseNumber>60</HouseNumber>
    <HouseName>rhksWbaD</HouseName>
    <Street>WTiJLnWdYPByKqT</Street>
    <District>DNwGeCEUvuwMkZj</District>
    <Town>LuXJpHJeQlYpqdw</Town>
    <County>zXrvNLDUjotdUxg</County>
    <Postcode>K4S9Q3</Postcode>
    <CountryCode>CA</CountryCode>
    <AtAddressFrom>2008-06-21</AtAddressFrom>
    <AtAddressTo xsi:nil="true" />
    <Province>ON</Province>
    <PoBox xsi:nil="true" />
  </SaveCustomerAddress>
  <RiskSaveCustomerAddress>
    <AddressId>fe2eadb3-2c48-4ed9-b2d7-59f609483689</AddressId>
    <AccountId>ff501cff-8847-4744-871e-37c5b4fce932</AccountId>
    <Flat>olKm</Flat>
    <HouseNumber>60</HouseNumber>
    <HouseName>rhksWbaD</HouseName>
    <Street>WTiJLnWdYPByKqT</Street>
    <District>DNwGeCEUvuwMkZj</District>
    <Town>LuXJpHJeQlYpqdw</Town>
    <County>zXrvNLDUjotdUxg</County>
    <Postcode>K4S9Q3</Postcode>
    <SubRegion>ON</SubRegion>
  </RiskSaveCustomerAddress>
  <AddBankAccount>
    <AccountId>ff501cff-8847-4744-871e-37c5b4fce932</AccountId>
    <BankAccountId>bca10f80-755b-476e-a047-5df6040e1069</BankAccountId>
    <BankName>HSBC Bank Canada</BankName>
    <BranchNumber>00018</BranchNumber>
    <InstitutionNumber>002</InstitutionNumber>
    <AccountNumber>2030578</AccountNumber>
    <HolderName>First Name Last Name</HolderName>
    <AccountOpenDate>2008-06-21T11:34:56</AccountOpenDate>
    <CountryCode>CA</CountryCode>
    <IsPrimary>true</IsPrimary>
  </AddBankAccount>
  <RiskAddBankAccount>
    <AccountId>ff501cff-8847-4744-871e-37c5b4fce932</AccountId>
    <BankAccountId>bca10f80-755b-476e-a047-5df6040e1069</BankAccountId>
    <BankName>HSBC Bank Canada</BankName>
    <AccountNumber>2030578</AccountNumber>
  </RiskAddBankAccount>
  <SaveEmploymentDetails>
    <AccountId>ff501cff-8847-4744-871e-37c5b4fce932</AccountId>
    <NetMonthlyIncome>1500</NetMonthlyIncome>
    <IncomeFrequency>Monthly</IncomeFrequency>
    <NextPayDate>2012-07-01</NextPayDate>
    <Status>EmployedFullTime</Status>
    <EmploymentIndustry>PublicAdministration</EmploymentIndustry>
    <EmploymentPosition>Technical</EmploymentPosition>
    <EmployerName>TESTReputationtPredictionPositive</EmployerName>
    <StartDate>2011-06-21</StartDate>
    <PaidDirectDeposit>true</PaidDirectDeposit>
  </SaveEmploymentDetails>
  <VerifyMobilePhone>
    <VerificationId>91937e57-924b-439b-92f7-d2ad5b520202</VerificationId>
    <AccountId>ff501cff-8847-4744-871e-37c5b4fce932</AccountId>
    <MobilePhone>9876543219</MobilePhone>
    <Forename>Forename</Forename>
  </VerifyMobilePhone>
  <CompleteMobilePhoneVerification>
    <VerificationId>91937e57-924b-439b-92f7-d2ad5b520202</VerificationId>
    <Pin>0000</Pin>
  </CompleteMobilePhoneVerification>
  <RiskAddMobilePhone>
    <AccountId>ff501cff-8847-4744-871e-37c5b4fce932</AccountId>
    <MobilePhone>9876543219</MobilePhone>
  </RiskAddMobilePhone>
</Messages>
Wonga.QA.Framework.Api.ApiResponse: <Messages xmlns="http://www.wonga.com/api/3.0">
  <ResponseMessage RequestType="CreateAccount" />
  <ResponseMessage RequestType="SaveSocialDetails" />
  <ResponseMessage RequestType="SaveContactPreferences" />
  <ResponseMessage RequestType="SavePasswordRecoveryDetails" />
  <ResponseMessage RequestType="SaveCustomerDetails" />
  <ResponseMessage RequestType="RiskSaveCustomerDetails" />
  <ResponseMessage RequestType="SaveCustomerAddress" />
  <ResponseMessage RequestType="RiskSaveCustomerAddress" />
  <ResponseMessage RequestType="AddBankAccount" />
  <ResponseMessage RequestType="RiskAddBankAccount" />
  <ResponseMessage RequestType="SaveEmploymentDetails" />
  <ResponseMessage RequestType="VerifyMobilePhone" />
  <ResponseMessage RequestType="CompleteMobilePhoneVerification" />
  <ResponseMessage RequestType="RiskAddMobilePhone" />
</Messages>
Simple.Data.Ado: 
Text
select [ops].[Accounts].[AccountId],[ops].[Accounts].[ExternalId],[ops].[Accounts].[Login],[ops].[Accounts].[CreatedOn],[ops].[Accounts].[Password],[ops].[Accounts].[Salt],[ops].[Accounts].[InitialDataMigratedOn] from [ops].[Accounts] WHERE [ops].[Accounts].[ExternalId] = @p1
@p1 (Guid) = ff501cff-8847-4744-871e-37c5b4fce932

Simple.Data.Ado: 
Text
select [payment].[AccountPreferences].[AccountPreferenceId],[payment].[AccountPreferences].[AccountId],[payment].[AccountPreferences].[PrimaryBankAccountId],[payment].[AccountPreferences].[PrimaryPaymentCardId],[payment].[AccountPreferences].[TimeZone],[payment].[AccountPreferences].[IsHardship],[payment].[AccountPreferences].[CreatedOn],[payment].[AccountPreferences].[RemindBeforeEndLoan],[payment].[AccountPreferences].[IsDispute],[payment].[AccountPreferences].[Ccin],[payment].[AccountPreferences].[CanAddBankAccount],[payment].[AccountPreferences].[IncomeFrequency],[payment].[AccountPreferences].[NextPayDate],[payment].[AccountPreferences].[CreditLimit],[payment].[AccountPreferences].[CashoutPaymentMethodId],[payment].[AccountPreferences].[AccountReference] from [payment].[AccountPreferences] WHERE [payment].[AccountPreferences].[AccountId] = @p1
@p1 (Guid) = ff501cff-8847-4744-871e-37c5b4fce932

Simple.Data.Ado: 
Text
select [payment].[AccountPreferences].[AccountPreferenceId],[payment].[AccountPreferences].[AccountId],[payment].[AccountPreferences].[PrimaryBankAccountId],[payment].[AccountPreferences].[PrimaryPaymentCardId],[payment].[AccountPreferences].[TimeZone],[payment].[AccountPreferences].[IsHardship],[payment].[AccountPreferences].[CreatedOn],[payment].[AccountPreferences].[RemindBeforeEndLoan],[payment].[AccountPreferences].[IsDispute],[payment].[AccountPreferences].[Ccin],[payment].[AccountPreferences].[CanAddBankAccount],[payment].[AccountPreferences].[IncomeFrequency],[payment].[AccountPreferences].[NextPayDate],[payment].[AccountPreferences].[CreditLimit],[payment].[AccountPreferences].[CashoutPaymentMethodId],[payment].[AccountPreferences].[AccountReference] from [payment].[AccountPreferences] WHERE [payment].[AccountPreferences].[AccountId] = @p1
@p1 (Guid) = ff501cff-8847-4744-871e-37c5b4fce932

Simple.Data.Ado: 
Text
select [risk].[RiskAccounts].[RiskAccountId],[risk].[RiskAccounts].[AccountId],[risk].[RiskAccounts].[AccountRank],[risk].[RiskAccounts].[DateOfBirth],[risk].[RiskAccounts].[AddressId],[risk].[RiskAccounts].[Postcode],[risk].[RiskAccounts].[IsDebtSale],[risk].[RiskAccounts].[CreditLimit],[risk].[RiskAccounts].[ConfirmedFraud],[risk].[RiskAccounts].[Surname],[risk].[RiskAccounts].[IsHardship],[risk].[RiskAccounts].[IsDispute],[risk].[RiskAccounts].[SubRegion],[risk].[RiskAccounts].[DoNotRelend],[risk].[RiskAccounts].[IsMale],[risk].[RiskAccounts].[MaidenName],[risk].[RiskAccounts].[Forename],[risk].[RiskAccounts].[Middlename],[risk].[RiskAccounts].[HasAccount],[risk].[RiskAccounts].[AtAddressFrom],[risk].[RiskAccounts].[AddressUniqueHash],[risk].[RiskAccounts].[isChargeBack] from [risk].[RiskAccounts] WHERE [risk].[RiskAccounts].[AccountId] = @p1
@p1 (Guid) = ff501cff-8847-4744-871e-37c5b4fce932

Simple.Data.Ado: 
Text
select [risk].[RiskAccounts].[RiskAccountId],[risk].[RiskAccounts].[AccountId],[risk].[RiskAccounts].[AccountRank],[risk].[RiskAccounts].[DateOfBirth],[risk].[RiskAccounts].[AddressId],[risk].[RiskAccounts].[Postcode],[risk].[RiskAccounts].[IsDebtSale],[risk].[RiskAccounts].[CreditLimit],[risk].[RiskAccounts].[ConfirmedFraud],[risk].[RiskAccounts].[Surname],[risk].[RiskAccounts].[IsHardship],[risk].[RiskAccounts].[IsDispute],[risk].[RiskAccounts].[SubRegion],[risk].[RiskAccounts].[DoNotRelend],[risk].[RiskAccounts].[IsMale],[risk].[RiskAccounts].[MaidenName],[risk].[RiskAccounts].[Forename],[risk].[RiskAccounts].[Middlename],[risk].[RiskAccounts].[HasAccount],[risk].[RiskAccounts].[AtAddressFrom],[risk].[RiskAccounts].[AddressUniqueHash],[risk].[RiskAccounts].[isChargeBack] from [risk].[RiskAccounts] WHERE [risk].[RiskAccounts].[AccountId] = @p1
@p1 (Guid) = ff501cff-8847-4744-871e-37c5b4fce932

SELECT [t0].[BankAccountId], [t0].[ExternalId], [t0].[BankName], [t0].[BankCode], [t0].[AccountNumber], [t0].[AccountType], [t0].[HolderName], [t0].[AccountOpenDate], [t0].[CountryCode], [t0].[ValidatedOn], [t0].[ValidateFailedOn], [t0].[DeletedOn], [t0].[CreatedOn], [t0].[Version]
FROM [payment].[BankAccountsBase] AS [t0]
WHERE [t0].[ExternalId] = @p0
-- @p0: Input UniqueIdentifier (Size = -1; Prec = 0; Scale = 0) [bca10f80-755b-476e-a047-5df6040e1069]
-- Context: SqlProvider(Sql2008) Model: AttributedMetaModel Build: 4.0.30319.1

Wonga.QA.Framework.Api.ApiEndpoint: <Messages xmlns="http://www.wonga.com/api/3.0" xmlns:xsi="http://www.w3.org/2001/XMLSchema-instance">
  <CreateAccount>
    <AccountId>3bf87bb1-17dd-433d-a3fd-a1f4db4983a6</AccountId>
    <Login>qa.wonga.com+TEAMCITY11-2dab0763-45aa-4340-ae33-38cf6e82c5be@gmail.com</Login>
    <Password>Passw0rd</Password>
  </CreateAccount>
  <SaveSocialDetails>
    <AccountId>3bf87bb1-17dd-433d-a3fd-a1f4db4983a6</AccountId>
    <MaritalStatus>Married</MaritalStatus>
    <OccupancyStatus>CouncilTenant</OccupancyStatus>
    <Dependants>0</Dependants>
    <VehicleRegistration xsi:nil="true" />
  </SaveSocialDetails>
  <SaveContactPreferences>
    <AccountId>3bf87bb1-17dd-433d-a3fd-a1f4db4983a6</AccountId>
    <AcceptMarketingContact>true</AcceptMarketingContact>
  </SaveContactPreferences>
  <SavePasswordRecoveryDetails>
    <AccountId>3bf87bb1-17dd-433d-a3fd-a1f4db4983a6</AccountId>
    <SecretQuestion>umsOQczqCalcBoXrvCSTkXkvPpCkbo</SecretQuestion>
    <SecretAnswer>EcdzsCOkKDCGLdoxihXXXflZOnUfRD</SecretAnswer>
  </SavePasswordRecoveryDetails>
  <SaveCustomerDetails>
    <AccountId>3bf87bb1-17dd-433d-a3fd-a1f4db4983a6</AccountId>
    <DateOfBirth>1951-01-04</DateOfBirth>
    <Title>Miss</Title>
    <Gender>Female</Gender>
    <Forename>uilgQTOvd</Forename>
    <Surname>ZszYm</Surname>
    <MiddleName>MiddleName</MiddleName>
    <HomePhone>0217161134</HomePhone>
    <WorkPhone>0210000000</WorkPhone>
    <Email>qa.wonga.com+TEAMCITY11-2dab0763-45aa-4340-ae33-38cf6e82c5be@gmail.com</Email>
    <NationalNumber xsi:nil="true" />
  </SaveCustomerDetails>
  <RiskSaveCustomerDetails>
    <AccountId>3bf87bb1-17dd-433d-a3fd-a1f4db4983a6</AccountId>
    <Gender>Female</Gender>
    <Forename>uilgQTOvd</Forename>
    <Surname>ZszYm</Surname>
    <MiddleName>MiddleName</MiddleName>
    <HomePhone>0217161134</HomePhone>
    <WorkPhone>0210000000</WorkPhone>
    <Email>qa.wonga.com+TEAMCITY11-2dab0763-45aa-4340-ae33-38cf6e82c5be@gmail.com</Email>
    <MobilePhone>0210000000</MobilePhone>
    <DateOfBirth>1951-01-04</DateOfBirth>
    <MaidenName xsi:nil="true" />
  </RiskSaveCustomerDetails>
  <SaveCustomerAddress>
    <AddressId>240c73a7-221b-4bdc-af30-cd5174679eee</AddressId>
    <AccountId>3bf87bb1-17dd-433d-a3fd-a1f4db4983a6</AccountId>
    <Flat>iPKq</Flat>
    <HouseNumber>58</HouseNumber>
    <HouseName>CBXgNvMz</HouseName>
    <Street>vlIeHCAvtDGpGwj</Street>
    <District>WoaSRaJHDFbimtb</District>
    <Town>cAaOhNwmsEwjxbG</Town>
    <County>ISkpeeGJRVDDryD</County>
    <Postcode>K4S9Q3</Postcode>
    <CountryCode>CA</CountryCode>
    <AtAddressFrom>2008-06-21</AtAddressFrom>
    <AtAddressTo xsi:nil="true" />
    <Province>ON</Province>
    <PoBox xsi:nil="true" />
  </SaveCustomerAddress>
  <RiskSaveCustomerAddress>
    <AddressId>0d51be74-30bd-4647-a223-025195ef1ffe</AddressId>
    <AccountId>3bf87bb1-17dd-433d-a3fd-a1f4db4983a6</AccountId>
    <Flat>iPKq</Flat>
    <HouseNumber>58</HouseNumber>
    <HouseName>CBXgNvMz</HouseName>
    <Street>vlIeHCAvtDGpGwj</Street>
    <District>WoaSRaJHDFbimtb</District>
    <Town>cAaOhNwmsEwjxbG</Town>
    <County>ISkpeeGJRVDDryD</County>
    <Postcode>K4S9Q3</Postcode>
    <SubRegion>ON</SubRegion>
  </RiskSaveCustomerAddress>
  <AddBankAccount>
    <AccountId>3bf87bb1-17dd-433d-a3fd-a1f4db4983a6</AccountId>
    <BankAccountId>b0799506-ca49-4505-a65d-633676242f98</BankAccountId>
    <BankName>HSBC Bank Canada</BankName>
    <BranchNumber>00018</BranchNumber>
    <InstitutionNumber>002</InstitutionNumber>
    <AccountNumber>5634544</AccountNumber>
    <HolderName>First Name Last Name</HolderName>
    <AccountOpenDate>2008-06-21T11:35:05</AccountOpenDate>
    <CountryCode>CA</CountryCode>
    <IsPrimary>true</IsPrimary>
  </AddBankAccount>
  <RiskAddBankAccount>
    <AccountId>3bf87bb1-17dd-433d-a3fd-a1f4db4983a6</AccountId>
    <BankAccountId>b0799506-ca49-4505-a65d-633676242f98</BankAccountId>
    <BankName>HSBC Bank Canada</BankName>
    <AccountNumber>5634544</AccountNumber>
  </RiskAddBankAccount>
  <SaveEmploymentDetails>
    <AccountId>3bf87bb1-17dd-433d-a3fd-a1f4db4983a6</AccountId>
    <NetMonthlyIncome>1500</NetMonthlyIncome>
    <IncomeFrequency>Monthly</IncomeFrequency>
    <NextPayDate>2012-07-01</NextPayDate>
    <Status>EmployedFullTime</Status>
    <EmploymentIndustry>Construction</EmploymentIndustry>
    <EmploymentPosition>Teacher</EmploymentPosition>
    <EmployerName>TESTReputationtPredictionPositive</EmployerName>
    <StartDate>2011-06-21</StartDate>
    <PaidDirectDeposit>true</PaidDirectDeposit>
  </SaveEmploymentDetails>
  <VerifyMobilePhone>
    <VerificationId>536b2830-ce90-4a91-b9ae-cafaec95ed71</VerificationId>
    <AccountId>3bf87bb1-17dd-433d-a3fd-a1f4db4983a6</AccountId>
    <MobilePhone>9876543219</MobilePhone>
    <Forename>Forename</Forename>
  </VerifyMobilePhone>
  <CompleteMobilePhoneVerification>
    <VerificationId>536b2830-ce90-4a91-b9ae-cafaec95ed71</VerificationId>
    <Pin>0000</Pin>
  </CompleteMobilePhoneVerification>
  <RiskAddMobilePhone>
    <AccountId>3bf87bb1-17dd-433d-a3fd-a1f4db4983a6</AccountId>
    <MobilePhone>9876543219</MobilePhone>
  </RiskAddMobilePhone>
</Messages>
Wonga.QA.Framework.Api.ApiResponse: <Messages xmlns="http://www.wonga.com/api/3.0">
  <ResponseMessage RequestType="CreateAccount" />
  <ResponseMessage RequestType="SaveSocialDetails" />
  <ResponseMessage RequestType="SaveContactPreferences" />
  <ResponseMessage RequestType="SavePasswordRecoveryDetails" />
  <ResponseMessage RequestType="SaveCustomerDetails" />
  <ResponseMessage RequestType="RiskSaveCustomerDetails" />
  <ResponseMessage RequestType="SaveCustomerAddress" />
  <ResponseMessage RequestType="RiskSaveCustomerAddress" />
  <ResponseMessage RequestType="AddBankAccount" />
  <ResponseMessage RequestType="RiskAddBankAccount" />
  <ResponseMessage RequestType="SaveEmploymentDetails" />
  <ResponseMessage RequestType="VerifyMobilePhone" />
  <ResponseMessage RequestType="CompleteMobilePhoneVerification" />
  <ResponseMessage RequestType="RiskAddMobilePhone" />
</Messages>
Simple.Data.Ado: 
Text
select [ops].[Accounts].[AccountId],[ops].[Accounts].[ExternalId],[ops].[Accounts].[Login],[ops].[Accounts].[CreatedOn],[ops].[Accounts].[Password],[ops].[Accounts].[Salt],[ops].[Accounts].[InitialDataMigratedOn] from [ops].[Accounts] WHERE [ops].[Accounts].[ExternalId] = @p1
@p1 (Guid) = 3bf87bb1-17dd-433d-a3fd-a1f4db4983a6

Simple.Data.Ado: 
Text
select [payment].[AccountPreferences].[AccountPreferenceId],[payment].[AccountPreferences].[AccountId],[payment].[AccountPreferences].[PrimaryBankAccountId],[payment].[AccountPreferences].[PrimaryPaymentCardId],[payment].[AccountPreferences].[TimeZone],[payment].[AccountPreferences].[IsHardship],[payment].[AccountPreferences].[CreatedOn],[payment].[AccountPreferences].[RemindBeforeEndLoan],[payment].[AccountPreferences].[IsDispute],[payment].[AccountPreferences].[Ccin],[payment].[AccountPreferences].[CanAddBankAccount],[payment].[AccountPreferences].[IncomeFrequency],[payment].[AccountPreferences].[NextPayDate],[payment].[AccountPreferences].[CreditLimit],[payment].[AccountPreferences].[CashoutPaymentMethodId],[payment].[AccountPreferences].[AccountReference] from [payment].[AccountPreferences] WHERE [payment].[AccountPreferences].[AccountId] = @p1
@p1 (Guid) = 3bf87bb1-17dd-433d-a3fd-a1f4db4983a6

Simple.Data.Ado: 
Text
select [payment].[AccountPreferences].[AccountPreferenceId],[payment].[AccountPreferences].[AccountId],[payment].[AccountPreferences].[PrimaryBankAccountId],[payment].[AccountPreferences].[PrimaryPaymentCardId],[payment].[AccountPreferences].[TimeZone],[payment].[AccountPreferences].[IsHardship],[payment].[AccountPreferences].[CreatedOn],[payment].[AccountPreferences].[RemindBeforeEndLoan],[payment].[AccountPreferences].[IsDispute],[payment].[AccountPreferences].[Ccin],[payment].[AccountPreferences].[CanAddBankAccount],[payment].[AccountPreferences].[IncomeFrequency],[payment].[AccountPreferences].[NextPayDate],[payment].[AccountPreferences].[CreditLimit],[payment].[AccountPreferences].[CashoutPaymentMethodId],[payment].[AccountPreferences].[AccountReference] from [payment].[AccountPreferences] WHERE [payment].[AccountPreferences].[AccountId] = @p1
@p1 (Guid) = 3bf87bb1-17dd-433d-a3fd-a1f4db4983a6

Simple.Data.Ado: 
Text
select [risk].[RiskAccounts].[RiskAccountId],[risk].[RiskAccounts].[AccountId],[risk].[RiskAccounts].[AccountRank],[risk].[RiskAccounts].[DateOfBirth],[risk].[RiskAccounts].[AddressId],[risk].[RiskAccounts].[Postcode],[risk].[RiskAccounts].[IsDebtSale],[risk].[RiskAccounts].[CreditLimit],[risk].[RiskAccounts].[ConfirmedFraud],[risk].[RiskAccounts].[Surname],[risk].[RiskAccounts].[IsHardship],[risk].[RiskAccounts].[IsDispute],[risk].[RiskAccounts].[SubRegion],[risk].[RiskAccounts].[DoNotRelend],[risk].[RiskAccounts].[IsMale],[risk].[RiskAccounts].[MaidenName],[risk].[RiskAccounts].[Forename],[risk].[RiskAccounts].[Middlename],[risk].[RiskAccounts].[HasAccount],[risk].[RiskAccounts].[AtAddressFrom],[risk].[RiskAccounts].[AddressUniqueHash],[risk].[RiskAccounts].[isChargeBack] from [risk].[RiskAccounts] WHERE [risk].[RiskAccounts].[AccountId] = @p1
@p1 (Guid) = 3bf87bb1-17dd-433d-a3fd-a1f4db4983a6

Simple.Data.Ado: 
Text
select [risk].[RiskAccounts].[RiskAccountId],[risk].[RiskAccounts].[AccountId],[risk].[RiskAccounts].[AccountRank],[risk].[RiskAccounts].[DateOfBirth],[risk].[RiskAccounts].[AddressId],[risk].[RiskAccounts].[Postcode],[risk].[RiskAccounts].[IsDebtSale],[risk].[RiskAccounts].[CreditLimit],[risk].[RiskAccounts].[ConfirmedFraud],[risk].[RiskAccounts].[Surname],[risk].[RiskAccounts].[IsHardship],[risk].[RiskAccounts].[IsDispute],[risk].[RiskAccounts].[SubRegion],[risk].[RiskAccounts].[DoNotRelend],[risk].[RiskAccounts].[IsMale],[risk].[RiskAccounts].[MaidenName],[risk].[RiskAccounts].[Forename],[risk].[RiskAccounts].[Middlename],[risk].[RiskAccounts].[HasAccount],[risk].[RiskAccounts].[AtAddressFrom],[risk].[RiskAccounts].[AddressUniqueHash],[risk].[RiskAccounts].[isChargeBack] from [risk].[RiskAccounts] WHERE [risk].[RiskAccounts].[AccountId] = @p1
@p1 (Guid) = 3bf87bb1-17dd-433d-a3fd-a1f4db4983a6

SELECT [t0].[BankAccountId], [t0].[ExternalId], [t0].[BankName], [t0].[BankCode], [t0].[AccountNumber], [t0].[AccountType], [t0].[HolderName], [t0].[AccountOpenDate], [t0].[CountryCode], [t0].[ValidatedOn], [t0].[ValidateFailedOn], [t0].[DeletedOn], [t0].[CreatedOn], [t0].[Version]
FROM [payment].[BankAccountsBase] AS [t0]
WHERE [t0].[ExternalId] = @p0
-- @p0: Input UniqueIdentifier (Size = -1; Prec = 0; Scale = 0) [b0799506-ca49-4505-a65d-633676242f98]
-- Context: SqlProvider(Sql2008) Model: AttributedMetaModel Build: 4.0.30319.1

SELECT [t0].[CalendarDateId], [t0].[Date], [t0].[IsBankHoliday], [t0].[CreatedOn]
FROM [payment].[CalendarDates] AS [t0]
WHERE ([t0].[IsBankHoliday] = 1) AND ([t0].[Date] >= @p0) AND ([t0].[Date] < @p1)
ORDER BY [t0].[Date]
-- @p0: Input Date (Size = -1; Prec = 0; Scale = 0) [21/06/2012 11:35:13]
-- @p1: Input Date (Size = -1; Prec = 0; Scale = 0) [22/07/2012 11:35:13]
-- Context: SqlProvider(Sql2008) Model: AttributedMetaModel Build: 4.0.30319.1

Wonga.QA.Framework.Api.ApiEndpoint: <Messages xmlns="http://www.wonga.com/api/3.0" xmlns:xsi="http://www.w3.org/2001/XMLSchema-instance">
  <SubmitApplicationBehaviour>
    <ApplicationId>8ebf6b95-d062-447d-9b18-e3bb4cb70fb6</ApplicationId>
    <TermSliderPosition>Default</TermSliderPosition>
    <AmountSliderPosition>Custom</AmountSliderPosition>
  </SubmitApplicationBehaviour>
  <SubmitClientWatermark>
    <AccountId>ff501cff-8847-4744-871e-37c5b4fce932</AccountId>
    <ApplicationId>8ebf6b95-d062-447d-9b18-e3bb4cb70fb6</ApplicationId>
    <ClientIPAddress>127.0.0.1</ClientIPAddress>
    <BlackboxData>Allow</BlackboxData>
  </SubmitClientWatermark>
  <CreateFixedTermLoanApplication>
    <AccountId>ff501cff-8847-4744-871e-37c5b4fce932</AccountId>
    <ApplicationId>8ebf6b95-d062-447d-9b18-e3bb4cb70fb6</ApplicationId>
    <PaymentCardId>0ece9a41-3eae-478e-aba3-6d2a4c37c1da</PaymentCardId>
    <BankAccountId>bca10f80-755b-476e-a047-5df6040e1069</BankAccountId>
    <Currency>CAD</Currency>
    <PromiseDate>2012-07-01</PromiseDate>
    <LoanAmount>100</LoanAmount>
    <PromoCodeId xsi:nil="true" />
    <AffiliateId xsi:nil="true" />
    <Province>ON</Province>
  </CreateFixedTermLoanApplication>
  <RiskCreateFixedTermLoanApplication>
    <AccountId>ff501cff-8847-4744-871e-37c5b4fce932</AccountId>
    <ApplicationId>8ebf6b95-d062-447d-9b18-e3bb4cb70fb6</ApplicationId>
    <PaymentCardId>afdafde5-33e1-4af8-8c84-4f19b47acb32</PaymentCardId>
    <BankAccountId>bca10f80-755b-476e-a047-5df6040e1069</BankAccountId>
    <Currency>CAD</Currency>
    <PromiseDate>2012-07-01</PromiseDate>
    <LoanAmount>100</LoanAmount>
  </RiskCreateFixedTermLoanApplication>
  <VerifyFixedTermLoan>
    <AccountId>ff501cff-8847-4744-871e-37c5b4fce932</AccountId>
    <ApplicationId>8ebf6b95-d062-447d-9b18-e3bb4cb70fb6</ApplicationId>
  </VerifyFixedTermLoan>
</Messages>
Wonga.QA.Framework.Api.ApiResponse: <Messages xmlns="http://www.wonga.com/api/3.0">
  <ResponseMessage RequestType="SubmitApplicationBehaviour" />
  <ResponseMessage RequestType="SubmitClientWatermark" />
  <ResponseMessage RequestType="CreateFixedTermLoanApplication" />
  <ResponseMessage RequestType="RiskCreateFixedTermLoanApplication" />
  <ResponseMessage RequestType="VerifyFixedTermLoan" />
</Messages>
Simple.Data.Ado: 
Text
select COUNT(*) from [risk].[RiskApplications] WHERE [risk].[RiskApplications].[ApplicationId] = @p1
@p1 (Guid) = 8ebf6b95-d062-447d-9b18-e3bb4cb70fb6

Wonga.QA.Framework.Api.ApiEndpoint: <Messages xmlns="http://www.wonga.com/api/3.0" xmlns:xsi="http://www.w3.org/2001/XMLSchema-instance">
  <GetApplicationDecision>
    <ApplicationId>8ebf6b95-d062-447d-9b18-e3bb4cb70fb6</ApplicationId>
  </GetApplicationDecision>
</Messages>
Wonga.QA.Framework.Api.ApiResponse: <Messages xmlns="http://www.wonga.com/api/3.0">
  <ErrorResponseMessage RequestType="GetApplicationDecision">
    <Errors>
      <Error>
        <Name>Risk_Application_NotFound</Name>
      </Error>
    </Errors>
  </ErrorResponseMessage>
</Messages>
Wonga.QA.Framework.Api.ApiEndpoint: <Messages xmlns="http://www.wonga.com/api/3.0" xmlns:xsi="http://www.w3.org/2001/XMLSchema-instance">
  <GetApplicationDecision>
    <ApplicationId>8ebf6b95-d062-447d-9b18-e3bb4cb70fb6</ApplicationId>
  </GetApplicationDecision>
</Messages>
Wonga.QA.Framework.Api.ApiResponse: <Messages xmlns="http://www.wonga.com/api/3.0">
  <GetApplicationDecisionResponse RequestType="GetApplicationDecision">
    <ApplicationDecisionStatus>WaitForData</ApplicationDecisionStatus>
    <TimeToComplete />
  </GetApplicationDecisionResponse>
</Messages>
Wonga.QA.Framework.Api.ApiEndpoint: <Messages xmlns="http://www.wonga.com/api/3.0" xmlns:xsi="http://www.w3.org/2001/XMLSchema-instance">
  <GetApplicationDecision>
    <ApplicationId>8ebf6b95-d062-447d-9b18-e3bb4cb70fb6</ApplicationId>
  </GetApplicationDecision>
</Messages>
Wonga.QA.Framework.Api.ApiResponse: <Messages xmlns="http://www.wonga.com/api/3.0">
  <GetApplicationDecisionResponse RequestType="GetApplicationDecision">
    <ApplicationDecisionStatus>Pending</ApplicationDecisionStatus>
    <PendingCheckpoints>
      <PendingCheckpoint>50f4c505-51a5-438c-a6c5-d534a3c4c441</PendingCheckpoint>
    </PendingCheckpoints>
    <TimeToComplete />
  </GetApplicationDecisionResponse>
</Messages>
Wonga.QA.Framework.Api.ApiEndpoint: <Messages xmlns="http://www.wonga.com/api/3.0" xmlns:xsi="http://www.w3.org/2001/XMLSchema-instance">
  <GetApplicationDecision>
    <ApplicationId>8ebf6b95-d062-447d-9b18-e3bb4cb70fb6</ApplicationId>
  </GetApplicationDecision>
</Messages>
Wonga.QA.Framework.Api.ApiResponse: <Messages xmlns="http://www.wonga.com/api/3.0">
  <GetApplicationDecisionResponse RequestType="GetApplicationDecision">
    <ApplicationDecisionStatus>Pending</ApplicationDecisionStatus>
    <PendingCheckpoints>
      <PendingCheckpoint>50f4c505-51a5-438c-a6c5-d534a3c4c441</PendingCheckpoint>
    </PendingCheckpoints>
    <TimeToComplete />
  </GetApplicationDecisionResponse>
</Messages>
Wonga.QA.Framework.Api.ApiEndpoint: <Messages xmlns="http://www.wonga.com/api/3.0" xmlns:xsi="http://www.w3.org/2001/XMLSchema-instance">
  <GetApplicationDecision>
    <ApplicationId>8ebf6b95-d062-447d-9b18-e3bb4cb70fb6</ApplicationId>
  </GetApplicationDecision>
</Messages>
Wonga.QA.Framework.Api.ApiResponse: <Messages xmlns="http://www.wonga.com/api/3.0">
  <GetApplicationDecisionResponse RequestType="GetApplicationDecision">
    <ApplicationDecisionStatus>Pending</ApplicationDecisionStatus>
    <PendingCheckpoints>
      <PendingCheckpoint>50f4c505-51a5-438c-a6c5-d534a3c4c441</PendingCheckpoint>
    </PendingCheckpoints>
    <TimeToComplete />
  </GetApplicationDecisionResponse>
</Messages>
Wonga.QA.Framework.Api.ApiEndpoint: <Messages xmlns="http://www.wonga.com/api/3.0" xmlns:xsi="http://www.w3.org/2001/XMLSchema-instance">
  <GetApplicationDecision>
    <ApplicationId>8ebf6b95-d062-447d-9b18-e3bb4cb70fb6</ApplicationId>
  </GetApplicationDecision>
</Messages>
Wonga.QA.Framework.Api.ApiResponse: <Messages xmlns="http://www.wonga.com/api/3.0">
  <GetApplicationDecisionResponse RequestType="GetApplicationDecision">
    <ApplicationDecisionStatus>Pending</ApplicationDecisionStatus>
    <PendingCheckpoints>
      <PendingCheckpoint>50f4c505-51a5-438c-a6c5-d534a3c4c441</PendingCheckpoint>
    </PendingCheckpoints>
    <TimeToComplete />
  </GetApplicationDecisionResponse>
</Messages>
Wonga.QA.Framework.Api.ApiEndpoint: <Messages xmlns="http://www.wonga.com/api/3.0" xmlns:xsi="http://www.w3.org/2001/XMLSchema-instance">
  <GetApplicationDecision>
    <ApplicationId>8ebf6b95-d062-447d-9b18-e3bb4cb70fb6</ApplicationId>
  </GetApplicationDecision>
</Messages>
Wonga.QA.Framework.Api.ApiResponse: <Messages xmlns="http://www.wonga.com/api/3.0">
  <GetApplicationDecisionResponse RequestType="GetApplicationDecision">
    <ApplicationDecisionStatus>Pending</ApplicationDecisionStatus>
    <PendingCheckpoints>
      <PendingCheckpoint>50f4c505-51a5-438c-a6c5-d534a3c4c441</PendingCheckpoint>
    </PendingCheckpoints>
    <TimeToComplete />
  </GetApplicationDecisionResponse>
</Messages>
Wonga.QA.Framework.Api.ApiEndpoint: <Messages xmlns="http://www.wonga.com/api/3.0" xmlns:xsi="http://www.w3.org/2001/XMLSchema-instance">
  <GetApplicationDecision>
    <ApplicationId>8ebf6b95-d062-447d-9b18-e3bb4cb70fb6</ApplicationId>
  </GetApplicationDecision>
</Messages>
Wonga.QA.Framework.Api.ApiResponse: <Messages xmlns="http://www.wonga.com/api/3.0">
  <GetApplicationDecisionResponse RequestType="GetApplicationDecision">
    <ApplicationDecisionStatus>Pending</ApplicationDecisionStatus>
    <PendingCheckpoints>
      <PendingCheckpoint>50f4c505-51a5-438c-a6c5-d534a3c4c441</PendingCheckpoint>
    </PendingCheckpoints>
    <TimeToComplete />
  </GetApplicationDecisionResponse>
</Messages>
Wonga.QA.Framework.Api.ApiEndpoint: <Messages xmlns="http://www.wonga.com/api/3.0" xmlns:xsi="http://www.w3.org/2001/XMLSchema-instance">
  <GetApplicationDecision>
    <ApplicationId>8ebf6b95-d062-447d-9b18-e3bb4cb70fb6</ApplicationId>
  </GetApplicationDecision>
</Messages>
Wonga.QA.Framework.Api.ApiResponse: <Messages xmlns="http://www.wonga.com/api/3.0">
  <GetApplicationDecisionResponse RequestType="GetApplicationDecision">
    <ApplicationDecisionStatus>Pending</ApplicationDecisionStatus>
    <PendingCheckpoints>
      <PendingCheckpoint>50f4c505-51a5-438c-a6c5-d534a3c4c441</PendingCheckpoint>
    </PendingCheckpoints>
    <TimeToComplete />
  </GetApplicationDecisionResponse>
</Messages>
Wonga.QA.Framework.Api.ApiEndpoint: <Messages xmlns="http://www.wonga.com/api/3.0" xmlns:xsi="http://www.w3.org/2001/XMLSchema-instance">
  <GetApplicationDecision>
    <ApplicationId>8ebf6b95-d062-447d-9b18-e3bb4cb70fb6</ApplicationId>
  </GetApplicationDecision>
</Messages>
Wonga.QA.Framework.Api.ApiResponse: <Messages xmlns="http://www.wonga.com/api/3.0">
  <GetApplicationDecisionResponse RequestType="GetApplicationDecision">
    <ApplicationDecisionStatus>Pending</ApplicationDecisionStatus>
    <PendingCheckpoints>
      <PendingCheckpoint>50f4c505-51a5-438c-a6c5-d534a3c4c441</PendingCheckpoint>
    </PendingCheckpoints>
    <TimeToComplete />
  </GetApplicationDecisionResponse>
</Messages>
Wonga.QA.Framework.Api.ApiEndpoint: <Messages xmlns="http://www.wonga.com/api/3.0" xmlns:xsi="http://www.w3.org/2001/XMLSchema-instance">
  <GetApplicationDecision>
    <ApplicationId>8ebf6b95-d062-447d-9b18-e3bb4cb70fb6</ApplicationId>
  </GetApplicationDecision>
</Messages>
Wonga.QA.Framework.Api.ApiResponse: <Messages xmlns="http://www.wonga.com/api/3.0">
  <GetApplicationDecisionResponse RequestType="GetApplicationDecision">
    <ApplicationDecisionStatus>Pending</ApplicationDecisionStatus>
    <PendingCheckpoints>
      <PendingCheckpoint>50f4c505-51a5-438c-a6c5-d534a3c4c441</PendingCheckpoint>
    </PendingCheckpoints>
    <TimeToComplete />
  </GetApplicationDecisionResponse>
</Messages>
Wonga.QA.Framework.Api.ApiEndpoint: <Messages xmlns="http://www.wonga.com/api/3.0" xmlns:xsi="http://www.w3.org/2001/XMLSchema-instance">
  <GetApplicationDecision>
    <ApplicationId>8ebf6b95-d062-447d-9b18-e3bb4cb70fb6</ApplicationId>
  </GetApplicationDecision>
</Messages>
Wonga.QA.Framework.Api.ApiResponse: <Messages xmlns="http://www.wonga.com/api/3.0">
  <GetApplicationDecisionResponse RequestType="GetApplicationDecision">
    <ApplicationDecisionStatus>Pending</ApplicationDecisionStatus>
    <PendingCheckpoints>
      <PendingCheckpoint>50f4c505-51a5-438c-a6c5-d534a3c4c441</PendingCheckpoint>
    </PendingCheckpoints>
    <TimeToComplete />
  </GetApplicationDecisionResponse>
</Messages>
Wonga.QA.Framework.Api.ApiEndpoint: <Messages xmlns="http://www.wonga.com/api/3.0" xmlns:xsi="http://www.w3.org/2001/XMLSchema-instance">
  <GetApplicationDecision>
    <ApplicationId>8ebf6b95-d062-447d-9b18-e3bb4cb70fb6</ApplicationId>
  </GetApplicationDecision>
</Messages>
Wonga.QA.Framework.Api.ApiResponse: <Messages xmlns="http://www.wonga.com/api/3.0">
  <GetApplicationDecisionResponse RequestType="GetApplicationDecision">
    <ApplicationDecisionStatus>Pending</ApplicationDecisionStatus>
    <PendingCheckpoints>
      <PendingCheckpoint>50f4c505-51a5-438c-a6c5-d534a3c4c441</PendingCheckpoint>
    </PendingCheckpoints>
    <TimeToComplete />
  </GetApplicationDecisionResponse>
</Messages>
Wonga.QA.Framework.Api.ApiEndpoint: <Messages xmlns="http://www.wonga.com/api/3.0" xmlns:xsi="http://www.w3.org/2001/XMLSchema-instance">
  <GetApplicationDecision>
    <ApplicationId>8ebf6b95-d062-447d-9b18-e3bb4cb70fb6</ApplicationId>
  </GetApplicationDecision>
</Messages>
Wonga.QA.Framework.Api.ApiResponse: <Messages xmlns="http://www.wonga.com/api/3.0">
  <GetApplicationDecisionResponse RequestType="GetApplicationDecision">
    <ApplicationDecisionStatus>Pending</ApplicationDecisionStatus>
    <PendingCheckpoints>
      <PendingCheckpoint>50f4c505-51a5-438c-a6c5-d534a3c4c441</PendingCheckpoint>
    </PendingCheckpoints>
    <TimeToComplete />
  </GetApplicationDecisionResponse>
</Messages>
Wonga.QA.Framework.Api.ApiEndpoint: <Messages xmlns="http://www.wonga.com/api/3.0" xmlns:xsi="http://www.w3.org/2001/XMLSchema-instance">
  <GetApplicationDecision>
    <ApplicationId>8ebf6b95-d062-447d-9b18-e3bb4cb70fb6</ApplicationId>
  </GetApplicationDecision>
</Messages>
Wonga.QA.Framework.Api.ApiResponse: <Messages xmlns="http://www.wonga.com/api/3.0">
  <GetApplicationDecisionResponse RequestType="GetApplicationDecision">
    <ApplicationDecisionStatus>Pending</ApplicationDecisionStatus>
    <PendingCheckpoints>
      <PendingCheckpoint>50f4c505-51a5-438c-a6c5-d534a3c4c441</PendingCheckpoint>
    </PendingCheckpoints>
    <TimeToComplete />
  </GetApplicationDecisionResponse>
</Messages>
Wonga.QA.Framework.Api.ApiEndpoint: <Messages xmlns="http://www.wonga.com/api/3.0" xmlns:xsi="http://www.w3.org/2001/XMLSchema-instance">
  <GetApplicationDecision>
    <ApplicationId>8ebf6b95-d062-447d-9b18-e3bb4cb70fb6</ApplicationId>
  </GetApplicationDecision>
</Messages>
Wonga.QA.Framework.Api.ApiResponse: <Messages xmlns="http://www.wonga.com/api/3.0">
  <GetApplicationDecisionResponse RequestType="GetApplicationDecision">
    <ApplicationDecisionStatus>Pending</ApplicationDecisionStatus>
    <PendingCheckpoints>
      <PendingCheckpoint>50f4c505-51a5-438c-a6c5-d534a3c4c441</PendingCheckpoint>
    </PendingCheckpoints>
    <TimeToComplete />
  </GetApplicationDecisionResponse>
</Messages>
Wonga.QA.Framework.Api.ApiEndpoint: <Messages xmlns="http://www.wonga.com/api/3.0" xmlns:xsi="http://www.w3.org/2001/XMLSchema-instance">
  <GetApplicationDecision>
    <ApplicationId>8ebf6b95-d062-447d-9b18-e3bb4cb70fb6</ApplicationId>
  </GetApplicationDecision>
</Messages>
Wonga.QA.Framework.Api.ApiResponse: <Messages xmlns="http://www.wonga.com/api/3.0">
  <GetApplicationDecisionResponse RequestType="GetApplicationDecision">
    <ApplicationDecisionStatus>Pending</ApplicationDecisionStatus>
    <PendingCheckpoints>
      <PendingCheckpoint>50f4c505-51a5-438c-a6c5-d534a3c4c441</PendingCheckpoint>
    </PendingCheckpoints>
    <TimeToComplete />
  </GetApplicationDecisionResponse>
</Messages>
Wonga.QA.Framework.Api.ApiEndpoint: <Messages xmlns="http://www.wonga.com/api/3.0" xmlns:xsi="http://www.w3.org/2001/XMLSchema-instance">
  <GetApplicationDecision>
    <ApplicationId>8ebf6b95-d062-447d-9b18-e3bb4cb70fb6</ApplicationId>
  </GetApplicationDecision>
</Messages>
Wonga.QA.Framework.Api.ApiResponse: <Messages xmlns="http://www.wonga.com/api/3.0">
  <GetApplicationDecisionResponse RequestType="GetApplicationDecision">
    <ApplicationDecisionStatus>Pending</ApplicationDecisionStatus>
    <PendingCheckpoints>
      <PendingCheckpoint>50f4c505-51a5-438c-a6c5-d534a3c4c441</PendingCheckpoint>
    </PendingCheckpoints>
    <TimeToComplete />
  </GetApplicationDecisionResponse>
</Messages>
Wonga.QA.Framework.Api.ApiEndpoint: <Messages xmlns="http://www.wonga.com/api/3.0" xmlns:xsi="http://www.w3.org/2001/XMLSchema-instance">
  <GetApplicationDecision>
    <ApplicationId>8ebf6b95-d062-447d-9b18-e3bb4cb70fb6</ApplicationId>
  </GetApplicationDecision>
</Messages>
Wonga.QA.Framework.Api.ApiResponse: <Messages xmlns="http://www.wonga.com/api/3.0">
  <GetApplicationDecisionResponse RequestType="GetApplicationDecision">
    <ApplicationDecisionStatus>Pending</ApplicationDecisionStatus>
    <PendingCheckpoints>
      <PendingCheckpoint>50f4c505-51a5-438c-a6c5-d534a3c4c441</PendingCheckpoint>
    </PendingCheckpoints>
    <TimeToComplete />
  </GetApplicationDecisionResponse>
</Messages>
Wonga.QA.Framework.Api.ApiEndpoint: <Messages xmlns="http://www.wonga.com/api/3.0" xmlns:xsi="http://www.w3.org/2001/XMLSchema-instance">
  <GetApplicationDecision>
    <ApplicationId>8ebf6b95-d062-447d-9b18-e3bb4cb70fb6</ApplicationId>
  </GetApplicationDecision>
</Messages>
Wonga.QA.Framework.Api.ApiResponse: <Messages xmlns="http://www.wonga.com/api/3.0">
  <GetApplicationDecisionResponse RequestType="GetApplicationDecision">
    <ApplicationDecisionStatus>Pending</ApplicationDecisionStatus>
    <PendingCheckpoints>
      <PendingCheckpoint>50f4c505-51a5-438c-a6c5-d534a3c4c441</PendingCheckpoint>
    </PendingCheckpoints>
    <TimeToComplete />
  </GetApplicationDecisionResponse>
</Messages>
Wonga.QA.Framework.Api.ApiEndpoint: <Messages xmlns="http://www.wonga.com/api/3.0" xmlns:xsi="http://www.w3.org/2001/XMLSchema-instance">
  <GetApplicationDecision>
    <ApplicationId>8ebf6b95-d062-447d-9b18-e3bb4cb70fb6</ApplicationId>
  </GetApplicationDecision>
</Messages>
Wonga.QA.Framework.Api.ApiResponse: <Messages xmlns="http://www.wonga.com/api/3.0">
  <GetApplicationDecisionResponse RequestType="GetApplicationDecision">
    <ApplicationDecisionStatus>Pending</ApplicationDecisionStatus>
    <PendingCheckpoints>
      <PendingCheckpoint>50f4c505-51a5-438c-a6c5-d534a3c4c441</PendingCheckpoint>
    </PendingCheckpoints>
    <TimeToComplete />
  </GetApplicationDecisionResponse>
</Messages>
Wonga.QA.Framework.Api.ApiEndpoint: <Messages xmlns="http://www.wonga.com/api/3.0" xmlns:xsi="http://www.w3.org/2001/XMLSchema-instance">
  <GetApplicationDecision>
    <ApplicationId>8ebf6b95-d062-447d-9b18-e3bb4cb70fb6</ApplicationId>
  </GetApplicationDecision>
</Messages>
Wonga.QA.Framework.Api.ApiResponse: <Messages xmlns="http://www.wonga.com/api/3.0">
  <GetApplicationDecisionResponse RequestType="GetApplicationDecision">
    <ApplicationDecisionStatus>Pending</ApplicationDecisionStatus>
    <PendingCheckpoints>
      <PendingCheckpoint>50f4c505-51a5-438c-a6c5-d534a3c4c441</PendingCheckpoint>
    </PendingCheckpoints>
    <TimeToComplete />
  </GetApplicationDecisionResponse>
</Messages>
Wonga.QA.Framework.Api.ApiEndpoint: <Messages xmlns="http://www.wonga.com/api/3.0" xmlns:xsi="http://www.w3.org/2001/XMLSchema-instance">
  <GetApplicationDecision>
    <ApplicationId>8ebf6b95-d062-447d-9b18-e3bb4cb70fb6</ApplicationId>
  </GetApplicationDecision>
</Messages>
Wonga.QA.Framework.Api.ApiResponse: <Messages xmlns="http://www.wonga.com/api/3.0">
  <GetApplicationDecisionResponse RequestType="GetApplicationDecision">
    <ApplicationDecisionStatus>Accepted</ApplicationDecisionStatus>
    <TimeToComplete />
  </GetApplicationDecisionResponse>
</Messages>
Wonga.QA.Framework.Api.ApiEndpoint: <Messages xmlns="http://www.wonga.com/api/3.0" xmlns:xsi="http://www.w3.org/2001/XMLSchema-instance">
  <SignApplication>
    <AccountId>ff501cff-8847-4744-871e-37c5b4fce932</AccountId>
    <ApplicationId>8ebf6b95-d062-447d-9b18-e3bb4cb70fb6</ApplicationId>
  </SignApplication>
</Messages>
Wonga.QA.Framework.Api.ApiResponse: <Messages xmlns="http://www.wonga.com/api/3.0">
  <ResponseMessage RequestType="SignApplication" />
</Messages>
Wonga.QA.Framework.Api.ApiEndpoint: <Messages xmlns="http://www.wonga.com/api/3.0" xmlns:xsi="http://www.w3.org/2001/XMLSchema-instance">
  <GetAccountSummary>
    <AccountId>ff501cff-8847-4744-871e-37c5b4fce932</AccountId>
  </GetAccountSummary>
</Messages>
Wonga.QA.Framework.Api.ApiResponse: <Messages xmlns="http://www.wonga.com/api/3.0">
  <GetAccountSummaryResponse RequestType="GetAccountSummary">
    <HasCurrentLoan>false</HasCurrentLoan>
    <InArrears>false</InArrears>
    <ApplicationId p2:nil="true" xmlns:p2="http://www.w3.org/2001/XMLSchema-instance" />
    <AvailableCredit>400</AvailableCredit>
    <CurrentLoanDueDate p2:nil="true" xmlns:p2="http://www.w3.org/2001/XMLSchema-instance" />
    <CurrentLoanRepaymentAmountOnDueDate>0</CurrentLoanRepaymentAmountOnDueDate>
    <CurrentLoanAmountDueToday>0</CurrentLoanAmountDueToday>
    <CurrentLoanTopUpAvailable>false</CurrentLoanTopUpAvailable>
    <CurrentLoanExtendAvailable>false</CurrentLoanExtendAvailable>
    <CurrentLoanRepaymentPlanAvailable>false</CurrentLoanRepaymentPlanAvailable>
    <CurrentLoanFirstPingFailed>false</CurrentLoanFirstPingFailed>
    <CurrentLoanPromiseDate p2:nil="true" xmlns:p2="http://www.w3.org/2001/XMLSchema-instance" />
    <CorporateCreditorIdentificationNumber>CCQ3805303</CorporateCreditorIdentificationNumber>
    <CashoutPaymentMethod p2:nil="true" xmlns:p2="http://www.w3.org/2001/XMLSchema-instance" />
    <HasCompletedLoan>false</HasCompletedLoan>
  </GetAccountSummaryResponse>
</Messages>
Wonga.QA.Framework.Api.ApiEndpoint: <Messages xmlns="http://www.wonga.com/api/3.0" xmlns:xsi="http://www.w3.org/2001/XMLSchema-instance">
  <GetAccountSummary>
    <AccountId>ff501cff-8847-4744-871e-37c5b4fce932</AccountId>
  </GetAccountSummary>
</Messages>
Wonga.QA.Framework.Api.ApiResponse: <Messages xmlns="http://www.wonga.com/api/3.0">
  <GetAccountSummaryResponse RequestType="GetAccountSummary">
    <HasCurrentLoan>true</HasCurrentLoan>
    <InArrears>false</InArrears>
    <ApplicationId>8ebf6b95-d062-447d-9b18-e3bb4cb70fb6</ApplicationId>
    <AvailableCredit>300.00</AvailableCredit>
    <CurrentLoanDueDate>2012-07-03T00:00:00</CurrentLoanDueDate>
    <CurrentLoanRepaymentAmountOnDueDate>109.00</CurrentLoanRepaymentAmountOnDueDate>
    <CurrentLoanAmountDueToday>100.00</CurrentLoanAmountDueToday>
    <CurrentLoanTopUpAvailable>true</CurrentLoanTopUpAvailable>
    <CurrentLoanExtendAvailable>false</CurrentLoanExtendAvailable>
    <CurrentLoanRepaymentPlanAvailable>false</CurrentLoanRepaymentPlanAvailable>
    <CurrentLoanFirstPingFailed>false</CurrentLoanFirstPingFailed>
    <CurrentLoanPromiseDate>2012-07-01T00:00:00</CurrentLoanPromiseDate>
    <CorporateCreditorIdentificationNumber>CCQ3805303</CorporateCreditorIdentificationNumber>
    <CashoutPaymentMethod p2:nil="true" xmlns:p2="http://www.w3.org/2001/XMLSchema-instance" />
    <HasCompletedLoan>false</HasCompletedLoan>
  </GetAccountSummaryResponse>
</Messages>
SELECT [t0].[ApplicationId], [t0].[ExternalId], [t0].[AccountId], [t0].[ProductId], [t0].[Currency], [t0].[BankAccountGuid], [t0].[PaymentCardGuid], [t0].[PromoCodeId], [t0].[ApplicationDate], [t0].[SignedOn], [t0].[ClosedOn], [t0].[CreatedOn], [t0].[Version], [t0].[CanceledOn], [t0].[AcceptedOn], [t0].[DeclinedOn], [t0].[AbandonedOn], [t0].[LoanReference], [t0].[CashAdvanceFailedOn]
FROM [payment].[Applications] AS [t0]
WHERE [t0].[ExternalId] = @p0
-- @p0: Input UniqueIdentifier (Size = -1; Prec = 0; Scale = 0) [8ebf6b95-d062-447d-9b18-e3bb4cb70fb6]
-- Context: SqlProvider(Sql2008) Model: AttributedMetaModel Build: 4.0.30319.1

SELECT [t0].[TransactionId], [t0].[ExternalId], [t0].[ApplicationId], [t0].[PostedOn], [t0].[Scope], [t0].[Type], [t0].[Amount], [t0].[Mir], [t0].[Currency], [t0].[ComponentTransactionId], [t0].[Reference], [t0].[CreatedOn], [t0].[UserId], [t0].[SalesForceUsername]
FROM [payment].[Transactions] AS [t0]
WHERE [t0].[ApplicationId] = @p0
-- @p0: Input Int (Size = -1; Prec = 0; Scale = 0) [19364]
-- Context: SqlProvider(Sql2008) Model: AttributedMetaModel Build: 4.0.30319.1

SELECT [t0].[ApplicationId], [t0].[ExternalId], [t0].[AccountId], [t0].[ProductId], [t0].[Currency], [t0].[BankAccountGuid], [t0].[PaymentCardGuid], [t0].[PromoCodeId], [t0].[ApplicationDate], [t0].[SignedOn], [t0].[ClosedOn], [t0].[CreatedOn], [t0].[Version], [t0].[CanceledOn], [t0].[AcceptedOn], [t0].[DeclinedOn], [t0].[AbandonedOn], [t0].[LoanReference], [t0].[CashAdvanceFailedOn]
FROM [payment].[Applications] AS [t0]
WHERE [t0].[ExternalId] = @p0
-- @p0: Input UniqueIdentifier (Size = -1; Prec = 0; Scale = 0) [8ebf6b95-d062-447d-9b18-e3bb4cb70fb6]
-- Context: SqlProvider(Sql2008) Model: AttributedMetaModel Build: 4.0.30319.1

SELECT [t0].[TransactionId], [t0].[ExternalId], [t0].[ApplicationId], [t0].[PostedOn], [t0].[Scope], [t0].[Type], [t0].[Amount], [t0].[Mir], [t0].[Currency], [t0].[ComponentTransactionId], [t0].[Reference], [t0].[CreatedOn], [t0].[UserId], [t0].[SalesForceUsername]
FROM [payment].[Transactions] AS [t0]
WHERE [t0].[ApplicationId] = @p0
-- @p0: Input Int (Size = -1; Prec = 0; Scale = 0) [19364]
-- Context: SqlProvider(Sql2008) Model: AttributedMetaModel Build: 4.0.30319.1

SELECT [t0].[ApplicationId], [t0].[ExternalId], [t0].[AccountId], [t0].[ProductId], [t0].[Currency], [t0].[BankAccountGuid], [t0].[PaymentCardGuid], [t0].[PromoCodeId], [t0].[ApplicationDate], [t0].[SignedOn], [t0].[ClosedOn], [t0].[CreatedOn], [t0].[Version], [t0].[CanceledOn], [t0].[AcceptedOn], [t0].[DeclinedOn], [t0].[AbandonedOn], [t0].[LoanReference], [t0].[CashAdvanceFailedOn]
FROM [payment].[Applications] AS [t0]
WHERE [t0].[ExternalId] = @p0
-- @p0: Input UniqueIdentifier (Size = -1; Prec = 0; Scale = 0) [8ebf6b95-d062-447d-9b18-e3bb4cb70fb6]
-- Context: SqlProvider(Sql2008) Model: AttributedMetaModel Build: 4.0.30319.1

SELECT [t0].[TransactionId], [t0].[ExternalId], [t0].[ApplicationId], [t0].[PostedOn], [t0].[Scope], [t0].[Type], [t0].[Amount], [t0].[Mir], [t0].[Currency], [t0].[ComponentTransactionId], [t0].[Reference], [t0].[CreatedOn], [t0].[UserId], [t0].[SalesForceUsername]
FROM [payment].[Transactions] AS [t0]
WHERE [t0].[ApplicationId] = @p0
-- @p0: Input Int (Size = -1; Prec = 0; Scale = 0) [19364]
-- Context: SqlProvider(Sql2008) Model: AttributedMetaModel Build: 4.0.30319.1

SELECT [t0].[ApplicationId], [t0].[ExternalId], [t0].[AccountId], [t0].[ProductId], [t0].[Currency], [t0].[BankAccountGuid], [t0].[PaymentCardGuid], [t0].[PromoCodeId], [t0].[ApplicationDate], [t0].[SignedOn], [t0].[ClosedOn], [t0].[CreatedOn], [t0].[Version], [t0].[CanceledOn], [t0].[AcceptedOn], [t0].[DeclinedOn], [t0].[AbandonedOn], [t0].[LoanReference], [t0].[CashAdvanceFailedOn]
FROM [payment].[Applications] AS [t0]
WHERE [t0].[ExternalId] = @p0
-- @p0: Input UniqueIdentifier (Size = -1; Prec = 0; Scale = 0) [8ebf6b95-d062-447d-9b18-e3bb4cb70fb6]
-- Context: SqlProvider(Sql2008) Model: AttributedMetaModel Build: 4.0.30319.1

SELECT [t0].[TransactionId], [t0].[ExternalId], [t0].[ApplicationId], [t0].[PostedOn], [t0].[Scope], [t0].[Type], [t0].[Amount], [t0].[Mir], [t0].[Currency], [t0].[ComponentTransactionId], [t0].[Reference], [t0].[CreatedOn], [t0].[UserId], [t0].[SalesForceUsername]
FROM [payment].[Transactions] AS [t0]
WHERE [t0].[ApplicationId] = @p0
-- @p0: Input Int (Size = -1; Prec = 0; Scale = 0) [19364]
-- Context: SqlProvider(Sql2008) Model: AttributedMetaModel Build: 4.0.30319.1

SELECT [t0].[ApplicationId], [t0].[ExternalId], [t0].[AccountId], [t0].[ProductId], [t0].[Currency], [t0].[BankAccountGuid], [t0].[PaymentCardGuid], [t0].[PromoCodeId], [t0].[ApplicationDate], [t0].[SignedOn], [t0].[ClosedOn], [t0].[CreatedOn], [t0].[Version], [t0].[CanceledOn], [t0].[AcceptedOn], [t0].[DeclinedOn], [t0].[AbandonedOn], [t0].[LoanReference], [t0].[CashAdvanceFailedOn]
FROM [payment].[Applications] AS [t0]
WHERE [t0].[ExternalId] = @p0
-- @p0: Input UniqueIdentifier (Size = -1; Prec = 0; Scale = 0) [8ebf6b95-d062-447d-9b18-e3bb4cb70fb6]
-- Context: SqlProvider(Sql2008) Model: AttributedMetaModel Build: 4.0.30319.1

SELECT [t0].[TransactionId], [t0].[ExternalId], [t0].[ApplicationId], [t0].[PostedOn], [t0].[Scope], [t0].[Type], [t0].[Amount], [t0].[Mir], [t0].[Currency], [t0].[ComponentTransactionId], [t0].[Reference], [t0].[CreatedOn], [t0].[UserId], [t0].[SalesForceUsername]
FROM [payment].[Transactions] AS [t0]
WHERE [t0].[ApplicationId] = @p0
-- @p0: Input Int (Size = -1; Prec = 0; Scale = 0) [19364]
-- Context: SqlProvider(Sql2008) Model: AttributedMetaModel Build: 4.0.30319.1

SELECT [t0].[ApplicationId], [t0].[ExternalId], [t0].[AccountId], [t0].[ProductId], [t0].[Currency], [t0].[BankAccountGuid], [t0].[PaymentCardGuid], [t0].[PromoCodeId], [t0].[ApplicationDate], [t0].[SignedOn], [t0].[ClosedOn], [t0].[CreatedOn], [t0].[Version], [t0].[CanceledOn], [t0].[AcceptedOn], [t0].[DeclinedOn], [t0].[AbandonedOn], [t0].[LoanReference], [t0].[CashAdvanceFailedOn]
FROM [payment].[Applications] AS [t0]
WHERE [t0].[ExternalId] = @p0
-- @p0: Input UniqueIdentifier (Size = -1; Prec = 0; Scale = 0) [8ebf6b95-d062-447d-9b18-e3bb4cb70fb6]
-- Context: SqlProvider(Sql2008) Model: AttributedMetaModel Build: 4.0.30319.1

SELECT [t0].[TransactionId], [t0].[ExternalId], [t0].[ApplicationId], [t0].[PostedOn], [t0].[Scope], [t0].[Type], [t0].[Amount], [t0].[Mir], [t0].[Currency], [t0].[ComponentTransactionId], [t0].[Reference], [t0].[CreatedOn], [t0].[UserId], [t0].[SalesForceUsername]
FROM [payment].[Transactions] AS [t0]
WHERE [t0].[ApplicationId] = @p0
-- @p0: Input Int (Size = -1; Prec = 0; Scale = 0) [19364]
-- Context: SqlProvider(Sql2008) Model: AttributedMetaModel Build: 4.0.30319.1

Simple.Data.Ado: 
Text
SELECT TOP 1 [risk].[RiskWorkflows].[RiskWorkflowId], [risk].[RiskWorkflows].[WorkflowId], [risk].[RiskWorkflows].[Decision], [risk].[RiskWorkflows].[ApplicationId], [risk].[RiskWorkflows].[FICOScore], [risk].[RiskWorkflows].[CreditBureauUsed], [risk].[RiskWorkflows].[WorkflowType], [risk].[RiskWorkflows].[AccountId] from [risk].[RiskWorkflows]  where [risk].[RiskWorkflows].[ApplicationId] = @p1
@p1 (Guid) = 8ebf6b95-d062-447d-9b18-e3bb4cb70fb6

Simple.Data.Ado: 
Text
SELECT TOP 1 [risk].[RiskDecisionData].[RiskDecisionDataId], [risk].[RiskDecisionData].[DecisionDataDefinitionId], [risk].[RiskDecisionData].[RiskApplicationId], [risk].[RiskDecisionData].[ValueDouble], [risk].[RiskDecisionData].[RiskWorkflowId] from [risk].[RiskDecisionData]  where [risk].[RiskDecisionData].[RiskWorkflowId] = @p1
@p1 (Int32) = 18294

Simple.Data.Ado: 
Text
select [payment].[Applications].[ApplicationId],[payment].[Applications].[ExternalId],[payment].[Applications].[AccountId],[payment].[Applications].[ProductId],[payment].[Applications].[Currency],[payment].[Applications].[BankAccountGuid],[payment].[Applications].[PaymentCardGuid],[payment].[Applications].[PromoCodeId],[payment].[Applications].[ApplicationDate],[payment].[Applications].[SignedOn],[payment].[Applications].[ClosedOn],[payment].[Applications].[CreatedOn],[payment].[Applications].[Version],[payment].[Applications].[CanceledOn],[payment].[Applications].[AcceptedOn],[payment].[Applications].[DeclinedOn],[payment].[Applications].[AbandonedOn],[payment].[Applications].[LoanReference],[payment].[Applications].[CashAdvanceFailedOn],[payment].[Applications].[ApplicationReference] from [payment].[Applications] WHERE [payment].[Applications].[ExternalId] = @p1
@p1 (Guid) = 8ebf6b95-d062-447d-9b18-e3bb4cb70fb6

Simple.Data.Ado: 
Text
select [payment].[FixedTermLoanApplications].[ApplicationId],[payment].[FixedTermLoanApplications].[LoanAmount],[payment].[FixedTermLoanApplications].[MonthlyInterestRate],[payment].[FixedTermLoanApplications].[TransmissionFee],[payment].[FixedTermLoanApplications].[PromiseDate],[payment].[FixedTermLoanApplications].[NextDueDate],[payment].[FixedTermLoanApplications].[IsV2],[payment].[FixedTermLoanApplications].[ServiceFee],[payment].[FixedTermLoanApplications].[InitiationFee] from [payment].[FixedTermLoanApplications] WHERE [payment].[FixedTermLoanApplications].[ApplicationId] = @p1
@p1 (Int32) = 19364

Simple.Data.Ado: 
Text
select [risk].[RiskApplications].[RiskApplicationId],[risk].[RiskApplications].[ApplicationId],[risk].[RiskApplications].[AccountId],[risk].[RiskApplications].[Currency],[risk].[RiskApplications].[PromiseDate],[risk].[RiskApplications].[ApplicationDate],[risk].[RiskApplications].[LoanAmount],[risk].[RiskApplications].[PaymentCardId],[risk].[RiskApplications].[BankAccountId],[risk].[RiskApplications].[ClosedOn],[risk].[RiskApplications].[IsCanceled],[risk].[RiskApplications].[SignedOn],[risk].[RiskApplications].[OriginalLoanAmount],[risk].[RiskApplications].[IsCounterOffer],[risk].[RiskApplications].[ArrearsStartDate],[risk].[RiskApplications].[InArrearsDays],[risk].[RiskApplications].[CreditLimit],[risk].[RiskApplications].[TermLimit],[risk].[RiskApplications].[NCOAccepted],[risk].[RiskApplications].[PCOAccepted],[risk].[RiskApplications].[WasExtended],[risk].[RiskApplications].[WasTopUp],[risk].[RiskApplications].[UsedManualVerification],[risk].[RiskApplications].[PaymentTransactionCount],[risk].[RiskApplications].[ManualPaymentTransactionCount],[risk].[RiskApplications].[Decision],[risk].[RiskApplications].[EstimatedCompletionDate],[risk].[RiskApplications].[ApplicationBehaviourId],[risk].[RiskApplications].[MainCardRepayRate],[risk].[RiskApplications].[PriceTier],[risk].[RiskApplications].[GuarantorCount],[risk].[RiskApplications].[IsWrittenOff] from [risk].[RiskApplications] WHERE [risk].[RiskApplications].[ApplicationId] = @p1
@p1 (Guid) = 8ebf6b95-d062-447d-9b18-e3bb4cb70fb6

Simple.Data.Ado: 
Text
SELECT TOP 1 [payment].[FixedTermLoanApplications].[ApplicationId], [payment].[FixedTermLoanApplications].[LoanAmount], [payment].[FixedTermLoanApplications].[MonthlyInterestRate], [payment].[FixedTermLoanApplications].[TransmissionFee], [payment].[FixedTermLoanApplications].[PromiseDate], [payment].[FixedTermLoanApplications].[NextDueDate], [payment].[FixedTermLoanApplications].[IsV2], [payment].[FixedTermLoanApplications].[ServiceFee], [payment].[FixedTermLoanApplications].[InitiationFee] from [payment].[FixedTermLoanApplications]  where [payment].[FixedTermLoanApplications].[ApplicationId] = @p1
@p1 (Int32) = 19364

Simple.Data.Ado: 
Text
update [payment].[Applications] set [ExternalId] = @p1, [AccountId] = @p2, [ProductId] = @p3, [Currency] = @p4, [BankAccountGuid] = @p5, [PaymentCardGuid] = @p6, [PromoCodeId] = @p7, [ApplicationDate] = @p8, [SignedOn] = @p9, [ClosedOn] = @p10, [CreatedOn] = @p11, [CanceledOn] = @p12, [AcceptedOn] = @p13, [DeclinedOn] = @p14, [AbandonedOn] = @p15, [LoanReference] = @p16, [CashAdvanceFailedOn] = @p17, [ApplicationReference] = @p18 where [payment].[Applications].[ApplicationId] = @p19
@p1 (Guid) = 8ebf6b95-d062-447d-9b18-e3bb4cb70fb6
@p2 (Guid) = ff501cff-8847-4744-871e-37c5b4fce932
@p3 (Int32) = 1
@p4 (Int32) = 124
@p5 (Guid) = bca10f80-755b-476e-a047-5df6040e1069
@p6 (Guid) = 0ece9a41-3eae-478e-aba3-6d2a4c37c1da
@p7 (Int32) = 
@p8 (DateTime) = 09/06/2012 11:35:12
@p9 (DateTime) = 09/06/2012 10:35:59
@p10 (DateTime) = 
@p11 (DateTime) = 09/06/2012 10:35:12
@p12 (DateTime) = 
@p13 (DateTime) = 09/06/2012 10:35:57
@p14 (DateTime) = 
@p15 (DateTime) = 
@p16 (String) = 
@p17 (DateTime) = 
@p18 (String) = 0301110957789034
@p19 (Int32) = 19364

Simple.Data.Ado: 
Text
update [payment].[FixedTermLoanApplications] set [LoanAmount] = @p1, [MonthlyInterestRate] = @p2, [TransmissionFee] = @p3, [PromiseDate] = @p4, [NextDueDate] = @p5, [IsV2] = @p6, [ServiceFee] = @p7, [InitiationFee] = @p8 where [payment].[FixedTermLoanApplications].[ApplicationId] = @p9
@p1 (Decimal) = 100.00
@p2 (Decimal) = 30.416700
@p3 (Decimal) = 0.00
@p4 (DateTime) = 19/06/2012 00:00:00
@p5 (DateTime) = 21/06/2012 00:00:00
@p6 (Boolean) = 
@p7 (Decimal) = 0.00
@p8 (Decimal) = 0.00
@p9 (Int32) = 19364

Simple.Data.Ado: 
Text
select [payment].[Transactions].[TransactionId],[payment].[Transactions].[ExternalId],[payment].[Transactions].[ApplicationId],[payment].[Transactions].[PostedOn],[payment].[Transactions].[Scope],[payment].[Transactions].[Type],[payment].[Transactions].[Amount],[payment].[Transactions].[Mir],[payment].[Transactions].[Currency],[payment].[Transactions].[ComponentTransactionId],[payment].[Transactions].[Reference],[payment].[Transactions].[CreatedOn],[payment].[Transactions].[UserId],[payment].[Transactions].[SalesForceUsername] from [payment].[Transactions] WHERE [payment].[Transactions].[ApplicationId] = @p1
@p1 (Int32) = 19364

Simple.Data.Ado: 
Text
update [payment].[Transactions] set [ExternalId] = @p1, [ApplicationId] = @p2, [PostedOn] = @p3, [Scope] = @p4, [Type] = @p5, [Amount] = @p6, [Mir] = @p7, [Currency] = @p8, [ComponentTransactionId] = @p9, [Reference] = @p10, [CreatedOn] = @p11, [UserId] = @p12, [SalesForceUsername] = @p13 where [payment].[Transactions].[TransactionId] = @p14
@p1 (Guid) = 04dd5491-23e0-40eb-947f-2258df0ed08c
@p2 (Int32) = 19364
@p3 (DateTime) = 09/06/2012 11:36:00
@p4 (Byte) = 0
@p5 (String) = InterestRate
@p6 (Decimal) = 0.00
@p7 (Decimal) = 30.416700
@p8 (Int32) = 0
@p9 (Guid) = 00000000-0000-0000-0000-000000000000
@p10 (String) = Normal interest rate
@p11 (DateTime) = 09/06/2012 10:36:00
@p12 (Int32) = 
@p13 (String) = 
@p14 (Int32) = 129561

Simple.Data.Ado: 
Text
update [payment].[Transactions] set [ExternalId] = @p1, [ApplicationId] = @p2, [PostedOn] = @p3, [Scope] = @p4, [Type] = @p5, [Amount] = @p6, [Mir] = @p7, [Currency] = @p8, [ComponentTransactionId] = @p9, [Reference] = @p10, [CreatedOn] = @p11, [UserId] = @p12, [SalesForceUsername] = @p13 where [payment].[Transactions].[TransactionId] = @p14
@p1 (Guid) = 3017ba96-0fdc-4bc3-b79a-948db9f3b0bd
@p2 (Int32) = 19364
@p3 (DateTime) = 09/06/2012 11:36:00
@p4 (Byte) = 1
@p5 (String) = CashAdvance
@p6 (Decimal) = 100.00
@p7 (Decimal) = 0.000000
@p8 (Int32) = 124
@p9 (Guid) = 00000000-0000-0000-0000-000000000000
@p10 (String) = Fixed term loan initial advance
@p11 (DateTime) = 09/06/2012 10:36:00
@p12 (Int32) = 
@p13 (String) = 
@p14 (Int32) = 129562

Simple.Data.Ado: 
Text
update [payment].[Transactions] set [ExternalId] = @p1, [ApplicationId] = @p2, [PostedOn] = @p3, [Scope] = @p4, [Type] = @p5, [Amount] = @p6, [Mir] = @p7, [Currency] = @p8, [ComponentTransactionId] = @p9, [Reference] = @p10, [CreatedOn] = @p11, [UserId] = @p12, [SalesForceUsername] = @p13 where [payment].[Transactions].[TransactionId] = @p14
@p1 (Guid) = fb1f14ee-40f5-47f2-9a23-a61578823893
@p2 (Int32) = 19364
@p3 (DateTime) = 09/06/2012 11:36:00
@p4 (Byte) = 1
@p5 (String) = Fee
@p6 (Decimal) = 0.00
@p7 (Decimal) = 0.000000
@p8 (Int32) = 124
@p9 (Guid) = 00000000-0000-0000-0000-000000000000
@p10 (String) = Fixed term loan transmission fee
@p11 (DateTime) = 09/06/2012 10:36:00
@p12 (Int32) = 
@p13 (String) = 
@p14 (Int32) = 129563

Simple.Data.Ado: 
Text
update [payment].[Transactions] set [ExternalId] = @p1, [ApplicationId] = @p2, [PostedOn] = @p3, [Scope] = @p4, [Type] = @p5, [Amount] = @p6, [Mir] = @p7, [Currency] = @p8, [ComponentTransactionId] = @p9, [Reference] = @p10, [CreatedOn] = @p11, [UserId] = @p12, [SalesForceUsername] = @p13 where [payment].[Transactions].[TransactionId] = @p14
@p1 (Guid) = 34e9b2b0-5fae-4738-9607-1f0bc90dd252
@p2 (Int32) = 19364
@p3 (DateTime) = 09/06/2012 11:36:00
@p4 (Byte) = 0
@p5 (String) = SuspendInterestAccrual
@p6 (Decimal) = 0.00
@p7 (Decimal) = 0.000000
@p8 (Int32) = 0
@p9 (Guid) = 00000000-0000-0000-0000-000000000000
@p10 (String) = Initial loan advance interest suspension
@p11 (DateTime) = 09/06/2012 10:36:00
@p12 (Int32) = 
@p13 (String) = 
@p14 (Int32) = 129564

Simple.Data.Ado: 
Text
update [payment].[Transactions] set [ExternalId] = @p1, [ApplicationId] = @p2, [PostedOn] = @p3, [Scope] = @p4, [Type] = @p5, [Amount] = @p6, [Mir] = @p7, [Currency] = @p8, [ComponentTransactionId] = @p9, [Reference] = @p10, [CreatedOn] = @p11, [UserId] = @p12, [SalesForceUsername] = @p13 where [payment].[Transactions].[TransactionId] = @p14
@p1 (Guid) = 5a065ec0-d5ca-4e93-86e6-5b085e7ac553
@p2 (Int32) = 19364
@p3 (DateTime) = 10/06/2012 00:00:00
@p4 (Byte) = 0
@p5 (String) = ResumeInterestAccrual
@p6 (Decimal) = 0.00
@p7 (Decimal) = 0.000000
@p8 (Int32) = 0
@p9 (Guid) = 00000000-0000-0000-0000-000000000000
@p10 (String) = Initial loan advance interest resumption
@p11 (DateTime) = 09/06/2012 10:36:00
@p12 (Int32) = 
@p13 (String) = 
@p14 (Int32) = 129565

Simple.Data.Ado: 
Text
update [payment].[Transactions] set [ExternalId] = @p1, [ApplicationId] = @p2, [PostedOn] = @p3, [Scope] = @p4, [Type] = @p5, [Amount] = @p6, [Mir] = @p7, [Currency] = @p8, [ComponentTransactionId] = @p9, [Reference] = @p10, [CreatedOn] = @p11, [UserId] = @p12, [SalesForceUsername] = @p13 where [payment].[Transactions].[TransactionId] = @p14
@p1 (Guid) = 7efa8ac5-c7ab-466a-95fb-786b9be86280
@p2 (Int32) = 19364
@p3 (DateTime) = 19/06/2012 00:00:00
@p4 (Byte) = 0
@p5 (String) = SuspendInterestAccrual
@p6 (Decimal) = 0.00
@p7 (Decimal) = 0.000000
@p8 (Int32) = 0
@p9 (Guid) = 00000000-0000-0000-0000-000000000000
@p10 (String) = Suspend interest until next due date
@p11 (DateTime) = 09/06/2012 10:36:01
@p12 (Int32) = 
@p13 (String) = 
@p14 (Int32) = 129566

Simple.Data.Ado: 
Text
update [payment].[Transactions] set [ExternalId] = @p1, [ApplicationId] = @p2, [PostedOn] = @p3, [Scope] = @p4, [Type] = @p5, [Amount] = @p6, [Mir] = @p7, [Currency] = @p8, [ComponentTransactionId] = @p9, [Reference] = @p10, [CreatedOn] = @p11, [UserId] = @p12, [SalesForceUsername] = @p13 where [payment].[Transactions].[TransactionId] = @p14
@p1 (Guid) = 0a9b8eef-a1de-4845-9d5e-ebc89a8bcfa2
@p2 (Int32) = 19364
@p3 (DateTime) = 21/06/2012 00:00:00
@p4 (Byte) = 0
@p5 (String) = ResumeInterestAccrual
@p6 (Decimal) = 0.00
@p7 (Decimal) = 0.000000
@p8 (Int32) = 0
@p9 (Guid) = 00000000-0000-0000-0000-000000000000
@p10 (String) = Resume interest on next due date
@p11 (DateTime) = 09/06/2012 10:36:01
@p12 (Int32) = 
@p13 (String) = 
@p14 (Int32) = 129567

Simple.Data.Ado: 
Text
SELECT TOP 1 [payment].[Arrears].[ArrearId], [payment].[Arrears].[ApplicationId], [payment].[Arrears].[CreatedOn] from [payment].[Arrears]  where [payment].[Arrears].[ApplicationId] = @p1
@p1 (Int32) = 19364

Simple.Data.Ado: 
Text
update [risk].[RiskApplications] set [ApplicationId] = @p1, [AccountId] = @p2, [Currency] = @p3, [PromiseDate] = @p4, [ApplicationDate] = @p5, [LoanAmount] = @p6, [PaymentCardId] = @p7, [BankAccountId] = @p8, [ClosedOn] = @p9, [IsCanceled] = @p10, [SignedOn] = @p11, [OriginalLoanAmount] = @p12, [IsCounterOffer] = @p13, [ArrearsStartDate] = @p14, [InArrearsDays] = @p15, [CreditLimit] = @p16, [TermLimit] = @p17, [NCOAccepted] = @p18, [PCOAccepted] = @p19, [WasExtended] = @p20, [WasTopUp] = @p21, [UsedManualVerification] = @p22, [PaymentTransactionCount] = @p23, [ManualPaymentTransactionCount] = @p24, [Decision] = @p25, [EstimatedCompletionDate] = @p26, [ApplicationBehaviourId] = @p27, [MainCardRepayRate] = @p28, [PriceTier] = @p29, [GuarantorCount] = @p30, [IsWrittenOff] = @p31 where [risk].[RiskApplications].[RiskApplicationId] = @p32
@p1 (Guid) = 8ebf6b95-d062-447d-9b18-e3bb4cb70fb6
@p2 (Guid) = ff501cff-8847-4744-871e-37c5b4fce932
@p3 (Int32) = 124
@p4 (DateTime) = 19/06/2012 00:00:00
@p5 (DateTime) = 09/06/2012 10:35:12
@p6 (Decimal) = 100.00
@p7 (Guid) = afdafde5-33e1-4af8-8c84-4f19b47acb32
@p8 (Guid) = bca10f80-755b-476e-a047-5df6040e1069
@p9 (DateTime) = 
@p10 (Boolean) = False
@p11 (DateTime) = 21/06/2012 10:35:59
@p12 (Decimal) = 100.00
@p13 (Boolean) = False
@p14 (DateTime) = 
@p15 (Int32) = 
@p16 (Decimal) = 400
@p17 (Int32) = 30
@p18 (Boolean) = 
@p19 (Boolean) = 
@p20 (Boolean) = False
@p21 (Boolean) = False
@p22 (Boolean) = False
@p23 (Int32) = 
@p24 (Int32) = 
@p25 (Byte) = 1
@p26 (DateTime) = 21/06/2012 10:35:54
@p27 (Int32) = 18267
@p28 (Double) = 
@p29 (Byte) = 
@p30 (Int32) = 
@p31 (Boolean) = False
@p32 (Int32) = 19244

Simple.Data.Ado: 
Text
select [dbo].[ScheduledPostAccruedInterestSagaEntity].[Id],[dbo].[ScheduledPostAccruedInterestSagaEntity].[ApplicationId],[dbo].[ScheduledPostAccruedInterestSagaEntity].[ApplicationGuid],[dbo].[ScheduledPostAccruedInterestSagaEntity].[TimeCaused],[dbo].[ScheduledPostAccruedInterestSagaEntity].[TermsAgreed],[dbo].[ScheduledPostAccruedInterestSagaEntity].[ApplicationAccepted],[dbo].[ScheduledPostAccruedInterestSagaEntity].[OriginalMessageId],[dbo].[ScheduledPostAccruedInterestSagaEntity].[Originator] from [dbo].[ScheduledPostAccruedInterestSagaEntity] WHERE [dbo].[ScheduledPostAccruedInterestSagaEntity].[ApplicationGuid] = @p1
@p1 (Guid) = 8ebf6b95-d062-447d-9b18-e3bb4cb70fb6

Wonga.QA.Framework.Msmq.MsmqQueue: <Messages xmlns:xsi="http://www.w3.org/2001/XMLSchema-instance" xmlns:xsd="http://www.w3.org/2001/XMLSchema" xmlns="http://tempuri.net/NServiceBus.Saga" xmlns:baseType="NServiceBus.Saga.ISagaMessage">
  <TimeoutMessage>
    <Expires>0001-01-01T00:00:00</Expires>
    <SagaId>6dc3695d-411e-44e8-8b1b-a07700bf2719</SagaId>
    <ClearTimeout>false</ClearTimeout>
  </TimeoutMessage>
</Messages>
Simple.Data.Ado: 
Text
select [ops].[ServiceConfigurations].[ServiceConfigurationId],[ops].[ServiceConfigurations].[Key],[ops].[ServiceConfigurations].[Value] from [ops].[ServiceConfigurations] WHERE [ops].[ServiceConfigurations].[Key] = @p1
@p1 (AnsiString) = Mocks.ScotiaEnabled

INSERT INTO [dbo].[BankGatewayResponseSetup]([Gateway], [Amount], [BankAccount], [Response], [Hits], [Persistent])
VALUES (@p0, @p1, @p2, @p3, @p4, @p5)

SELECT CONVERT(Int,SCOPE_IDENTITY()) AS [value]
-- @p0: Input VarChar (Size = 8000; Prec = 0; Scale = 0) [Scotia]
-- @p1: Input Decimal (Size = -1; Prec = 10; Scale = 4) [Null]
-- @p2: Input VarChar (Size = 8000; Prec = 0; Scale = 0) [2030578]
-- @p3: Input VarChar (Size = 8000; Prec = 0; Scale = 0) [<Setup><InputValidationTransaction ResultCode="R" RejectMessage="Rejected through QAF setup." /></Setup>]
-- @p4: Input Int (Size = -1; Prec = 0; Scale = 0) [0]
-- @p5: Input Bit (Size = -1; Prec = 0; Scale = 0) [False]
-- Context: SqlProvider(Sql2008) Model: AttributedMetaModel Build: 4.0.30319.1

Simple.Data.Ado: 
Text
select [dbo].[FixedTermLoanSagaEntity].[Id],[dbo].[FixedTermLoanSagaEntity].[ApplicationId],[dbo].[FixedTermLoanSagaEntity].[ApplicationGuid],[dbo].[FixedTermLoanSagaEntity].[TermsAgreed],[dbo].[FixedTermLoanSagaEntity].[ApplicationAccepted],[dbo].[FixedTermLoanSagaEntity].[AccountGuid],[dbo].[FixedTermLoanSagaEntity].[OriginalMessageId],[dbo].[FixedTermLoanSagaEntity].[Originator] from [dbo].[FixedTermLoanSagaEntity] WHERE [dbo].[FixedTermLoanSagaEntity].[ApplicationGuid] = @p1
@p1 (Guid) = 8ebf6b95-d062-447d-9b18-e3bb4cb70fb6

Wonga.QA.Framework.Msmq.MsmqQueue: <Messages xmlns:xsi="http://www.w3.org/2001/XMLSchema-instance" xmlns:xsd="http://www.w3.org/2001/XMLSchema" xmlns="http://tempuri.net/NServiceBus.Saga" xmlns:baseType="NServiceBus.Saga.ISagaMessage">
  <TimeoutMessage>
    <Expires>0001-01-01T00:00:00</Expires>
    <SagaId>cb0461af-4bc7-4c3f-b2bb-a07700bf2718</SagaId>
    <ClearTimeout>false</ClearTimeout>
  </TimeoutMessage>
</Messages>
Simple.Data.Ado: 
Text
update [dbo].[FixedTermLoanSagaEntity] set [ApplicationId] = @p1, [ApplicationGuid] = @p2, [TermsAgreed] = @p3, [ApplicationAccepted] = @p4, [AccountGuid] = @p5, [OriginalMessageId] = @p6, [Originator] = @p7 where [dbo].[FixedTermLoanSagaEntity].[Id] = @p8
@p1 (Int32) = 19364
@p2 (Guid) = 8ebf6b95-d062-447d-9b18-e3bb4cb70fb6
@p3 (Boolean) = True
@p4 (Boolean) = True
@p5 (Guid) = ff501cff-8847-4744-871e-37c5b4fce932
@p6 (String) = 008d06f7-2df1-4fac-871e-d637b40efa57\26241482
@p7 (String) = riskservice@CA-REL-RC-APP
@p8 (Guid) = cb0461af-4bc7-4c3f-b2bb-a07700bf2718

Simple.Data.Ado: 
Text
select [payment].[Arrears].[ArrearId],[payment].[Arrears].[ApplicationId],[payment].[Arrears].[CreatedOn] from [payment].[Arrears] WHERE [payment].[Arrears].[ApplicationId] = @p1
@p1 (Int32) = 19364

Simple.Data.Ado: 
Text
select [payment].[Arrears].[ArrearId],[payment].[Arrears].[ApplicationId],[payment].[Arrears].[CreatedOn] from [payment].[Arrears] WHERE [payment].[Arrears].[ApplicationId] = @p1
@p1 (Int32) = 19364

Simple.Data.Ado: 
Text
select [payment].[Arrears].[ArrearId],[payment].[Arrears].[ApplicationId],[payment].[Arrears].[CreatedOn] from [payment].[Arrears] WHERE [payment].[Arrears].[ApplicationId] = @p1
@p1 (Int32) = 19364

SELECT [t0].[CalendarDateId], [t0].[Date], [t0].[IsBankHoliday], [t0].[CreatedOn]
FROM [payment].[CalendarDates] AS [t0]
WHERE ([t0].[IsBankHoliday] = 1) AND ([t0].[Date] >= @p0) AND ([t0].[Date] < @p1)
ORDER BY [t0].[Date]
-- @p0: Input Date (Size = -1; Prec = 0; Scale = 0) [21/06/2012 11:36:17]
-- @p1: Input Date (Size = -1; Prec = 0; Scale = 0) [22/07/2012 11:36:17]
-- Context: SqlProvider(Sql2008) Model: AttributedMetaModel Build: 4.0.30319.1

Wonga.QA.Framework.Api.ApiEndpoint: <Messages xmlns="http://www.wonga.com/api/3.0" xmlns:xsi="http://www.w3.org/2001/XMLSchema-instance">
  <SubmitApplicationBehaviour>
    <ApplicationId>af9c4fd2-a0d1-4d92-8039-0eb9a5056082</ApplicationId>
    <TermSliderPosition>Min</TermSliderPosition>
    <AmountSliderPosition>Custom</AmountSliderPosition>
  </SubmitApplicationBehaviour>
  <SubmitClientWatermark>
    <AccountId>3bf87bb1-17dd-433d-a3fd-a1f4db4983a6</AccountId>
    <ApplicationId>af9c4fd2-a0d1-4d92-8039-0eb9a5056082</ApplicationId>
    <ClientIPAddress>127.0.0.1</ClientIPAddress>
    <BlackboxData>Allow</BlackboxData>
  </SubmitClientWatermark>
  <CreateFixedTermLoanApplication>
    <AccountId>3bf87bb1-17dd-433d-a3fd-a1f4db4983a6</AccountId>
    <ApplicationId>af9c4fd2-a0d1-4d92-8039-0eb9a5056082</ApplicationId>
    <PaymentCardId>978b2333-a6bc-458f-a7a2-7084bdd3a48e</PaymentCardId>
    <BankAccountId>b0799506-ca49-4505-a65d-633676242f98</BankAccountId>
    <Currency>CAD</Currency>
    <PromiseDate>2012-07-01</PromiseDate>
    <LoanAmount>100</LoanAmount>
    <PromoCodeId xsi:nil="true" />
    <AffiliateId xsi:nil="true" />
    <Province>ON</Province>
  </CreateFixedTermLoanApplication>
  <RiskCreateFixedTermLoanApplication>
    <AccountId>3bf87bb1-17dd-433d-a3fd-a1f4db4983a6</AccountId>
    <ApplicationId>af9c4fd2-a0d1-4d92-8039-0eb9a5056082</ApplicationId>
    <PaymentCardId>e9b42a86-ad12-4e36-a2b8-c3e120d367cb</PaymentCardId>
    <BankAccountId>b0799506-ca49-4505-a65d-633676242f98</BankAccountId>
    <Currency>CAD</Currency>
    <PromiseDate>2012-07-01</PromiseDate>
    <LoanAmount>100</LoanAmount>
  </RiskCreateFixedTermLoanApplication>
  <VerifyFixedTermLoan>
    <AccountId>3bf87bb1-17dd-433d-a3fd-a1f4db4983a6</AccountId>
    <ApplicationId>af9c4fd2-a0d1-4d92-8039-0eb9a5056082</ApplicationId>
  </VerifyFixedTermLoan>
</Messages>
Wonga.QA.Framework.Api.ApiResponse: <Messages xmlns="http://www.wonga.com/api/3.0">
  <ResponseMessage RequestType="SubmitApplicationBehaviour" />
  <ResponseMessage RequestType="SubmitClientWatermark" />
  <ResponseMessage RequestType="CreateFixedTermLoanApplication" />
  <ResponseMessage RequestType="RiskCreateFixedTermLoanApplication" />
  <ResponseMessage RequestType="VerifyFixedTermLoan" />
</Messages>
Simple.Data.Ado: 
Text
select COUNT(*) from [risk].[RiskApplications] WHERE [risk].[RiskApplications].[ApplicationId] = @p1
@p1 (Guid) = af9c4fd2-a0d1-4d92-8039-0eb9a5056082

Wonga.QA.Framework.Api.ApiEndpoint: <Messages xmlns="http://www.wonga.com/api/3.0" xmlns:xsi="http://www.w3.org/2001/XMLSchema-instance">
  <GetApplicationDecision>
    <ApplicationId>af9c4fd2-a0d1-4d92-8039-0eb9a5056082</ApplicationId>
  </GetApplicationDecision>
</Messages>
Wonga.QA.Framework.Api.ApiResponse: <Messages xmlns="http://www.wonga.com/api/3.0">
  <ErrorResponseMessage RequestType="GetApplicationDecision">
    <Errors>
      <Error>
        <Name>Risk_Application_NotFound</Name>
      </Error>
    </Errors>
  </ErrorResponseMessage>
</Messages>
Wonga.QA.Framework.Api.ApiEndpoint: <Messages xmlns="http://www.wonga.com/api/3.0" xmlns:xsi="http://www.w3.org/2001/XMLSchema-instance">
  <GetApplicationDecision>
    <ApplicationId>af9c4fd2-a0d1-4d92-8039-0eb9a5056082</ApplicationId>
  </GetApplicationDecision>
</Messages>
Wonga.QA.Framework.Api.ApiResponse: <Messages xmlns="http://www.wonga.com/api/3.0">
  <GetApplicationDecisionResponse RequestType="GetApplicationDecision">
    <ApplicationDecisionStatus>Pending</ApplicationDecisionStatus>
    <PendingCheckpoints>
      <PendingCheckpoint>50f4c505-51a5-438c-a6c5-d534a3c4c441</PendingCheckpoint>
    </PendingCheckpoints>
    <TimeToComplete />
  </GetApplicationDecisionResponse>
</Messages>
Wonga.QA.Framework.Api.ApiEndpoint: <Messages xmlns="http://www.wonga.com/api/3.0" xmlns:xsi="http://www.w3.org/2001/XMLSchema-instance">
  <GetApplicationDecision>
    <ApplicationId>af9c4fd2-a0d1-4d92-8039-0eb9a5056082</ApplicationId>
  </GetApplicationDecision>
</Messages>
Wonga.QA.Framework.Api.ApiResponse: <Messages xmlns="http://www.wonga.com/api/3.0">
  <GetApplicationDecisionResponse RequestType="GetApplicationDecision">
    <ApplicationDecisionStatus>Pending</ApplicationDecisionStatus>
    <PendingCheckpoints>
      <PendingCheckpoint>50f4c505-51a5-438c-a6c5-d534a3c4c441</PendingCheckpoint>
    </PendingCheckpoints>
    <TimeToComplete />
  </GetApplicationDecisionResponse>
</Messages>
Wonga.QA.Framework.Api.ApiEndpoint: <Messages xmlns="http://www.wonga.com/api/3.0" xmlns:xsi="http://www.w3.org/2001/XMLSchema-instance">
  <GetApplicationDecision>
    <ApplicationId>af9c4fd2-a0d1-4d92-8039-0eb9a5056082</ApplicationId>
  </GetApplicationDecision>
</Messages>
Wonga.QA.Framework.Api.ApiResponse: <Messages xmlns="http://www.wonga.com/api/3.0">
  <GetApplicationDecisionResponse RequestType="GetApplicationDecision">
    <ApplicationDecisionStatus>Pending</ApplicationDecisionStatus>
    <PendingCheckpoints>
      <PendingCheckpoint>50f4c505-51a5-438c-a6c5-d534a3c4c441</PendingCheckpoint>
    </PendingCheckpoints>
    <TimeToComplete />
  </GetApplicationDecisionResponse>
</Messages>
Wonga.QA.Framework.Api.ApiEndpoint: <Messages xmlns="http://www.wonga.com/api/3.0" xmlns:xsi="http://www.w3.org/2001/XMLSchema-instance">
  <GetApplicationDecision>
    <ApplicationId>af9c4fd2-a0d1-4d92-8039-0eb9a5056082</ApplicationId>
  </GetApplicationDecision>
</Messages>
Wonga.QA.Framework.Api.ApiResponse: <Messages xmlns="http://www.wonga.com/api/3.0">
  <GetApplicationDecisionResponse RequestType="GetApplicationDecision">
    <ApplicationDecisionStatus>Pending</ApplicationDecisionStatus>
    <PendingCheckpoints>
      <PendingCheckpoint>50f4c505-51a5-438c-a6c5-d534a3c4c441</PendingCheckpoint>
    </PendingCheckpoints>
    <TimeToComplete />
  </GetApplicationDecisionResponse>
</Messages>
Wonga.QA.Framework.Api.ApiEndpoint: <Messages xmlns="http://www.wonga.com/api/3.0" xmlns:xsi="http://www.w3.org/2001/XMLSchema-instance">
  <GetApplicationDecision>
    <ApplicationId>af9c4fd2-a0d1-4d92-8039-0eb9a5056082</ApplicationId>
  </GetApplicationDecision>
</Messages>
Wonga.QA.Framework.Api.ApiResponse: <Messages xmlns="http://www.wonga.com/api/3.0">
  <GetApplicationDecisionResponse RequestType="GetApplicationDecision">
    <ApplicationDecisionStatus>Pending</ApplicationDecisionStatus>
    <PendingCheckpoints>
      <PendingCheckpoint>50f4c505-51a5-438c-a6c5-d534a3c4c441</PendingCheckpoint>
    </PendingCheckpoints>
    <TimeToComplete />
  </GetApplicationDecisionResponse>
</Messages>
Wonga.QA.Framework.Api.ApiEndpoint: <Messages xmlns="http://www.wonga.com/api/3.0" xmlns:xsi="http://www.w3.org/2001/XMLSchema-instance">
  <GetApplicationDecision>
    <ApplicationId>af9c4fd2-a0d1-4d92-8039-0eb9a5056082</ApplicationId>
  </GetApplicationDecision>
</Messages>
Wonga.QA.Framework.Api.ApiResponse: <Messages xmlns="http://www.wonga.com/api/3.0">
  <GetApplicationDecisionResponse RequestType="GetApplicationDecision">
    <ApplicationDecisionStatus>Pending</ApplicationDecisionStatus>
    <PendingCheckpoints>
      <PendingCheckpoint>50f4c505-51a5-438c-a6c5-d534a3c4c441</PendingCheckpoint>
    </PendingCheckpoints>
    <TimeToComplete />
  </GetApplicationDecisionResponse>
</Messages>
Wonga.QA.Framework.Api.ApiEndpoint: <Messages xmlns="http://www.wonga.com/api/3.0" xmlns:xsi="http://www.w3.org/2001/XMLSchema-instance">
  <GetApplicationDecision>
    <ApplicationId>af9c4fd2-a0d1-4d92-8039-0eb9a5056082</ApplicationId>
  </GetApplicationDecision>
</Messages>
Wonga.QA.Framework.Api.ApiResponse: <Messages xmlns="http://www.wonga.com/api/3.0">
  <GetApplicationDecisionResponse RequestType="GetApplicationDecision">
    <ApplicationDecisionStatus>Pending</ApplicationDecisionStatus>
    <PendingCheckpoints>
      <PendingCheckpoint>50f4c505-51a5-438c-a6c5-d534a3c4c441</PendingCheckpoint>
    </PendingCheckpoints>
    <TimeToComplete />
  </GetApplicationDecisionResponse>
</Messages>
Wonga.QA.Framework.Api.ApiEndpoint: <Messages xmlns="http://www.wonga.com/api/3.0" xmlns:xsi="http://www.w3.org/2001/XMLSchema-instance">
  <GetApplicationDecision>
    <ApplicationId>af9c4fd2-a0d1-4d92-8039-0eb9a5056082</ApplicationId>
  </GetApplicationDecision>
</Messages>
Wonga.QA.Framework.Api.ApiResponse: <Messages xmlns="http://www.wonga.com/api/3.0">
  <GetApplicationDecisionResponse RequestType="GetApplicationDecision">
    <ApplicationDecisionStatus>Pending</ApplicationDecisionStatus>
    <PendingCheckpoints>
      <PendingCheckpoint>50f4c505-51a5-438c-a6c5-d534a3c4c441</PendingCheckpoint>
    </PendingCheckpoints>
    <TimeToComplete />
  </GetApplicationDecisionResponse>
</Messages>
Wonga.QA.Framework.Api.ApiEndpoint: <Messages xmlns="http://www.wonga.com/api/3.0" xmlns:xsi="http://www.w3.org/2001/XMLSchema-instance">
  <GetApplicationDecision>
    <ApplicationId>af9c4fd2-a0d1-4d92-8039-0eb9a5056082</ApplicationId>
  </GetApplicationDecision>
</Messages>
Wonga.QA.Framework.Api.ApiResponse: <Messages xmlns="http://www.wonga.com/api/3.0">
  <GetApplicationDecisionResponse RequestType="GetApplicationDecision">
    <ApplicationDecisionStatus>Pending</ApplicationDecisionStatus>
    <PendingCheckpoints>
      <PendingCheckpoint>50f4c505-51a5-438c-a6c5-d534a3c4c441</PendingCheckpoint>
    </PendingCheckpoints>
    <TimeToComplete />
  </GetApplicationDecisionResponse>
</Messages>
Wonga.QA.Framework.Api.ApiEndpoint: <Messages xmlns="http://www.wonga.com/api/3.0" xmlns:xsi="http://www.w3.org/2001/XMLSchema-instance">
  <GetApplicationDecision>
    <ApplicationId>af9c4fd2-a0d1-4d92-8039-0eb9a5056082</ApplicationId>
  </GetApplicationDecision>
</Messages>
Wonga.QA.Framework.Api.ApiResponse: <Messages xmlns="http://www.wonga.com/api/3.0">
  <GetApplicationDecisionResponse RequestType="GetApplicationDecision">
    <ApplicationDecisionStatus>Pending</ApplicationDecisionStatus>
    <PendingCheckpoints>
      <PendingCheckpoint>50f4c505-51a5-438c-a6c5-d534a3c4c441</PendingCheckpoint>
    </PendingCheckpoints>
    <TimeToComplete />
  </GetApplicationDecisionResponse>
</Messages>
Wonga.QA.Framework.Api.ApiEndpoint: <Messages xmlns="http://www.wonga.com/api/3.0" xmlns:xsi="http://www.w3.org/2001/XMLSchema-instance">
  <GetApplicationDecision>
    <ApplicationId>af9c4fd2-a0d1-4d92-8039-0eb9a5056082</ApplicationId>
  </GetApplicationDecision>
</Messages>
Wonga.QA.Framework.Api.ApiResponse: <Messages xmlns="http://www.wonga.com/api/3.0">
  <GetApplicationDecisionResponse RequestType="GetApplicationDecision">
    <ApplicationDecisionStatus>Pending</ApplicationDecisionStatus>
    <PendingCheckpoints>
      <PendingCheckpoint>50f4c505-51a5-438c-a6c5-d534a3c4c441</PendingCheckpoint>
    </PendingCheckpoints>
    <TimeToComplete />
  </GetApplicationDecisionResponse>
</Messages>
Wonga.QA.Framework.Api.ApiEndpoint: <Messages xmlns="http://www.wonga.com/api/3.0" xmlns:xsi="http://www.w3.org/2001/XMLSchema-instance">
  <GetApplicationDecision>
    <ApplicationId>af9c4fd2-a0d1-4d92-8039-0eb9a5056082</ApplicationId>
  </GetApplicationDecision>
</Messages>
Wonga.QA.Framework.Api.ApiResponse: <Messages xmlns="http://www.wonga.com/api/3.0">
  <GetApplicationDecisionResponse RequestType="GetApplicationDecision">
    <ApplicationDecisionStatus>Pending</ApplicationDecisionStatus>
    <PendingCheckpoints>
      <PendingCheckpoint>50f4c505-51a5-438c-a6c5-d534a3c4c441</PendingCheckpoint>
    </PendingCheckpoints>
    <TimeToComplete />
  </GetApplicationDecisionResponse>
</Messages>
Wonga.QA.Framework.Api.ApiEndpoint: <Messages xmlns="http://www.wonga.com/api/3.0" xmlns:xsi="http://www.w3.org/2001/XMLSchema-instance">
  <GetApplicationDecision>
    <ApplicationId>af9c4fd2-a0d1-4d92-8039-0eb9a5056082</ApplicationId>
  </GetApplicationDecision>
</Messages>
Wonga.QA.Framework.Api.ApiResponse: <Messages xmlns="http://www.wonga.com/api/3.0">
  <GetApplicationDecisionResponse RequestType="GetApplicationDecision">
    <ApplicationDecisionStatus>Pending</ApplicationDecisionStatus>
    <PendingCheckpoints>
      <PendingCheckpoint>50f4c505-51a5-438c-a6c5-d534a3c4c441</PendingCheckpoint>
    </PendingCheckpoints>
    <TimeToComplete />
  </GetApplicationDecisionResponse>
</Messages>
Wonga.QA.Framework.Api.ApiEndpoint: <Messages xmlns="http://www.wonga.com/api/3.0" xmlns:xsi="http://www.w3.org/2001/XMLSchema-instance">
  <GetApplicationDecision>
    <ApplicationId>af9c4fd2-a0d1-4d92-8039-0eb9a5056082</ApplicationId>
  </GetApplicationDecision>
</Messages>
Wonga.QA.Framework.Api.ApiResponse: <Messages xmlns="http://www.wonga.com/api/3.0">
  <GetApplicationDecisionResponse RequestType="GetApplicationDecision">
    <ApplicationDecisionStatus>Pending</ApplicationDecisionStatus>
    <PendingCheckpoints>
      <PendingCheckpoint>50f4c505-51a5-438c-a6c5-d534a3c4c441</PendingCheckpoint>
    </PendingCheckpoints>
    <TimeToComplete />
  </GetApplicationDecisionResponse>
</Messages>
Wonga.QA.Framework.Api.ApiEndpoint: <Messages xmlns="http://www.wonga.com/api/3.0" xmlns:xsi="http://www.w3.org/2001/XMLSchema-instance">
  <GetApplicationDecision>
    <ApplicationId>af9c4fd2-a0d1-4d92-8039-0eb9a5056082</ApplicationId>
  </GetApplicationDecision>
</Messages>
Wonga.QA.Framework.Api.ApiResponse: <Messages xmlns="http://www.wonga.com/api/3.0">
  <GetApplicationDecisionResponse RequestType="GetApplicationDecision">
    <ApplicationDecisionStatus>Pending</ApplicationDecisionStatus>
    <PendingCheckpoints>
      <PendingCheckpoint>50f4c505-51a5-438c-a6c5-d534a3c4c441</PendingCheckpoint>
    </PendingCheckpoints>
    <TimeToComplete />
  </GetApplicationDecisionResponse>
</Messages>
Wonga.QA.Framework.Api.ApiEndpoint: <Messages xmlns="http://www.wonga.com/api/3.0" xmlns:xsi="http://www.w3.org/2001/XMLSchema-instance">
  <GetApplicationDecision>
    <ApplicationId>af9c4fd2-a0d1-4d92-8039-0eb9a5056082</ApplicationId>
  </GetApplicationDecision>
</Messages>
Wonga.QA.Framework.Api.ApiResponse: <Messages xmlns="http://www.wonga.com/api/3.0">
  <GetApplicationDecisionResponse RequestType="GetApplicationDecision">
    <ApplicationDecisionStatus>Pending</ApplicationDecisionStatus>
    <PendingCheckpoints>
      <PendingCheckpoint>50f4c505-51a5-438c-a6c5-d534a3c4c441</PendingCheckpoint>
    </PendingCheckpoints>
    <TimeToComplete />
  </GetApplicationDecisionResponse>
</Messages>
Wonga.QA.Framework.Api.ApiEndpoint: <Messages xmlns="http://www.wonga.com/api/3.0" xmlns:xsi="http://www.w3.org/2001/XMLSchema-instance">
  <GetApplicationDecision>
    <ApplicationId>af9c4fd2-a0d1-4d92-8039-0eb9a5056082</ApplicationId>
  </GetApplicationDecision>
</Messages>
Wonga.QA.Framework.Api.ApiResponse: <Messages xmlns="http://www.wonga.com/api/3.0">
  <GetApplicationDecisionResponse RequestType="GetApplicationDecision">
    <ApplicationDecisionStatus>Pending</ApplicationDecisionStatus>
    <PendingCheckpoints>
      <PendingCheckpoint>50f4c505-51a5-438c-a6c5-d534a3c4c441</PendingCheckpoint>
    </PendingCheckpoints>
    <TimeToComplete />
  </GetApplicationDecisionResponse>
</Messages>
Wonga.QA.Framework.Api.ApiEndpoint: <Messages xmlns="http://www.wonga.com/api/3.0" xmlns:xsi="http://www.w3.org/2001/XMLSchema-instance">
  <GetApplicationDecision>
    <ApplicationId>af9c4fd2-a0d1-4d92-8039-0eb9a5056082</ApplicationId>
  </GetApplicationDecision>
</Messages>
Wonga.QA.Framework.Api.ApiResponse: <Messages xmlns="http://www.wonga.com/api/3.0">
  <GetApplicationDecisionResponse RequestType="GetApplicationDecision">
    <ApplicationDecisionStatus>Pending</ApplicationDecisionStatus>
    <PendingCheckpoints>
      <PendingCheckpoint>50f4c505-51a5-438c-a6c5-d534a3c4c441</PendingCheckpoint>
    </PendingCheckpoints>
    <TimeToComplete />
  </GetApplicationDecisionResponse>
</Messages>
Wonga.QA.Framework.Api.ApiEndpoint: <Messages xmlns="http://www.wonga.com/api/3.0" xmlns:xsi="http://www.w3.org/2001/XMLSchema-instance">
  <GetApplicationDecision>
    <ApplicationId>af9c4fd2-a0d1-4d92-8039-0eb9a5056082</ApplicationId>
  </GetApplicationDecision>
</Messages>
Wonga.QA.Framework.Api.ApiResponse: <Messages xmlns="http://www.wonga.com/api/3.0">
  <GetApplicationDecisionResponse RequestType="GetApplicationDecision">
    <ApplicationDecisionStatus>Pending</ApplicationDecisionStatus>
    <PendingCheckpoints>
      <PendingCheckpoint>50f4c505-51a5-438c-a6c5-d534a3c4c441</PendingCheckpoint>
    </PendingCheckpoints>
    <TimeToComplete />
  </GetApplicationDecisionResponse>
</Messages>
Wonga.QA.Framework.Api.ApiEndpoint: <Messages xmlns="http://www.wonga.com/api/3.0" xmlns:xsi="http://www.w3.org/2001/XMLSchema-instance">
  <GetApplicationDecision>
    <ApplicationId>af9c4fd2-a0d1-4d92-8039-0eb9a5056082</ApplicationId>
  </GetApplicationDecision>
</Messages>
Wonga.QA.Framework.Api.ApiResponse: <Messages xmlns="http://www.wonga.com/api/3.0">
  <GetApplicationDecisionResponse RequestType="GetApplicationDecision">
    <ApplicationDecisionStatus>Pending</ApplicationDecisionStatus>
    <PendingCheckpoints>
      <PendingCheckpoint>50f4c505-51a5-438c-a6c5-d534a3c4c441</PendingCheckpoint>
    </PendingCheckpoints>
    <TimeToComplete />
  </GetApplicationDecisionResponse>
</Messages>
Wonga.QA.Framework.Api.ApiEndpoint: <Messages xmlns="http://www.wonga.com/api/3.0" xmlns:xsi="http://www.w3.org/2001/XMLSchema-instance">
  <GetApplicationDecision>
    <ApplicationId>af9c4fd2-a0d1-4d92-8039-0eb9a5056082</ApplicationId>
  </GetApplicationDecision>
</Messages>
Wonga.QA.Framework.Api.ApiResponse: <Messages xmlns="http://www.wonga.com/api/3.0">
  <GetApplicationDecisionResponse RequestType="GetApplicationDecision">
    <ApplicationDecisionStatus>Pending</ApplicationDecisionStatus>
    <PendingCheckpoints>
      <PendingCheckpoint>50f4c505-51a5-438c-a6c5-d534a3c4c441</PendingCheckpoint>
    </PendingCheckpoints>
    <TimeToComplete />
  </GetApplicationDecisionResponse>
</Messages>
Wonga.QA.Framework.Api.ApiEndpoint: <Messages xmlns="http://www.wonga.com/api/3.0" xmlns:xsi="http://www.w3.org/2001/XMLSchema-instance">
  <GetApplicationDecision>
    <ApplicationId>af9c4fd2-a0d1-4d92-8039-0eb9a5056082</ApplicationId>
  </GetApplicationDecision>
</Messages>
Wonga.QA.Framework.Api.ApiResponse: <Messages xmlns="http://www.wonga.com/api/3.0">
  <GetApplicationDecisionResponse RequestType="GetApplicationDecision">
    <ApplicationDecisionStatus>Pending</ApplicationDecisionStatus>
    <PendingCheckpoints>
      <PendingCheckpoint>50f4c505-51a5-438c-a6c5-d534a3c4c441</PendingCheckpoint>
    </PendingCheckpoints>
    <TimeToComplete />
  </GetApplicationDecisionResponse>
</Messages>
Wonga.QA.Framework.Api.ApiEndpoint: <Messages xmlns="http://www.wonga.com/api/3.0" xmlns:xsi="http://www.w3.org/2001/XMLSchema-instance">
  <GetApplicationDecision>
    <ApplicationId>af9c4fd2-a0d1-4d92-8039-0eb9a5056082</ApplicationId>
  </GetApplicationDecision>
</Messages>
Wonga.QA.Framework.Api.ApiResponse: <Messages xmlns="http://www.wonga.com/api/3.0">
  <GetApplicationDecisionResponse RequestType="GetApplicationDecision">
    <ApplicationDecisionStatus>Pending</ApplicationDecisionStatus>
    <PendingCheckpoints>
      <PendingCheckpoint>50f4c505-51a5-438c-a6c5-d534a3c4c441</PendingCheckpoint>
    </PendingCheckpoints>
    <TimeToComplete />
  </GetApplicationDecisionResponse>
</Messages>
Wonga.QA.Framework.Api.ApiEndpoint: <Messages xmlns="http://www.wonga.com/api/3.0" xmlns:xsi="http://www.w3.org/2001/XMLSchema-instance">
  <GetApplicationDecision>
    <ApplicationId>af9c4fd2-a0d1-4d92-8039-0eb9a5056082</ApplicationId>
  </GetApplicationDecision>
</Messages>
Wonga.QA.Framework.Api.ApiResponse: <Messages xmlns="http://www.wonga.com/api/3.0">
  <GetApplicationDecisionResponse RequestType="GetApplicationDecision">
    <ApplicationDecisionStatus>Declined</ApplicationDecisionStatus>
    <FailedCheckpoint>Reputation prediction check</FailedCheckpoint>
    <FailReason>This application did not meet our criteria</FailReason>
    <DeclineAdviceKey>GeneralResolutionAdvice</DeclineAdviceKey>
    <TimeToComplete />
  </GetApplicationDecisionResponse>
</Messages>
Wonga.QA.Framework.Api.ApiEndpoint: <Messages xmlns="http://www.wonga.com/api/3.0" xmlns:xsi="http://www.w3.org/2001/XMLSchema-instance">
  <GetApplicationDecision>
    <ApplicationId>af9c4fd2-a0d1-4d92-8039-0eb9a5056082</ApplicationId>
  </GetApplicationDecision>
</Messages>
Wonga.QA.Framework.Api.ApiResponse: <Messages xmlns="http://www.wonga.com/api/3.0">
  <GetApplicationDecisionResponse RequestType="GetApplicationDecision">
    <ApplicationDecisionStatus>Declined</ApplicationDecisionStatus>
    <FailedCheckpoint>Reputation prediction check</FailedCheckpoint>
    <FailReason>This application did not meet our criteria</FailReason>
    <DeclineAdviceKey>GeneralResolutionAdvice</DeclineAdviceKey>
    <TimeToComplete />
  </GetApplicationDecisionResponse>
</Messages>
Wonga.QA.Framework.Api.ApiEndpoint: <Messages xmlns="http://www.wonga.com/api/3.0" xmlns:xsi="http://www.w3.org/2001/XMLSchema-instance">
  <GetApplicationDecision>
    <ApplicationId>af9c4fd2-a0d1-4d92-8039-0eb9a5056082</ApplicationId>
  </GetApplicationDecision>
</Messages>
Wonga.QA.Framework.Api.ApiResponse: <Messages xmlns="http://www.wonga.com/api/3.0">
  <GetApplicationDecisionResponse RequestType="GetApplicationDecision">
    <ApplicationDecisionStatus>Declined</ApplicationDecisionStatus>
    <FailedCheckpoint>Reputation prediction check</FailedCheckpoint>
    <FailReason>This application did not meet our criteria</FailReason>
    <DeclineAdviceKey>GeneralResolutionAdvice</DeclineAdviceKey>
    <TimeToComplete />
  </GetApplicationDecisionResponse>
</Messages>
Wonga.QA.Framework.Api.ApiEndpoint: <Messages xmlns="http://www.wonga.com/api/3.0" xmlns:xsi="http://www.w3.org/2001/XMLSchema-instance">
  <GetApplicationDecision>
    <ApplicationId>af9c4fd2-a0d1-4d92-8039-0eb9a5056082</ApplicationId>
  </GetApplicationDecision>
</Messages>
Wonga.QA.Framework.Api.ApiResponse: <Messages xmlns="http://www.wonga.com/api/3.0">
  <GetApplicationDecisionResponse RequestType="GetApplicationDecision">
    <ApplicationDecisionStatus>Declined</ApplicationDecisionStatus>
    <FailedCheckpoint>Reputation prediction check</FailedCheckpoint>
    <FailReason>This application did not meet our criteria</FailReason>
    <DeclineAdviceKey>GeneralResolutionAdvice</DeclineAdviceKey>
    <TimeToComplete />
  </GetApplicationDecisionResponse>
</Messages>
Wonga.QA.Framework.Api.ApiEndpoint: <Messages xmlns="http://www.wonga.com/api/3.0" xmlns:xsi="http://www.w3.org/2001/XMLSchema-instance">
  <GetApplicationDecision>
    <ApplicationId>af9c4fd2-a0d1-4d92-8039-0eb9a5056082</ApplicationId>
  </GetApplicationDecision>
</Messages>
Wonga.QA.Framework.Api.ApiResponse: <Messages xmlns="http://www.wonga.com/api/3.0">
  <GetApplicationDecisionResponse RequestType="GetApplicationDecision">
    <ApplicationDecisionStatus>Declined</ApplicationDecisionStatus>
    <FailedCheckpoint>Reputation prediction check</FailedCheckpoint>
    <FailReason>This application did not meet our criteria</FailReason>
    <DeclineAdviceKey>GeneralResolutionAdvice</DeclineAdviceKey>
    <TimeToComplete />
  </GetApplicationDecisionResponse>
</Messages>
Wonga.QA.Framework.Api.ApiEndpoint: <Messages xmlns="http://www.wonga.com/api/3.0" xmlns:xsi="http://www.w3.org/2001/XMLSchema-instance">
  <GetApplicationDecision>
    <ApplicationId>af9c4fd2-a0d1-4d92-8039-0eb9a5056082</ApplicationId>
  </GetApplicationDecision>
</Messages>
Wonga.QA.Framework.Api.ApiResponse: <Messages xmlns="http://www.wonga.com/api/3.0">
  <GetApplicationDecisionResponse RequestType="GetApplicationDecision">
    <ApplicationDecisionStatus>Declined</ApplicationDecisionStatus>
    <FailedCheckpoint>Reputation prediction check</FailedCheckpoint>
    <FailReason>This application did not meet our criteria</FailReason>
    <DeclineAdviceKey>GeneralResolutionAdvice</DeclineAdviceKey>
    <TimeToComplete />
  </GetApplicationDecisionResponse>
</Messages>
Wonga.QA.Framework.Api.ApiEndpoint: <Messages xmlns="http://www.wonga.com/api/3.0" xmlns:xsi="http://www.w3.org/2001/XMLSchema-instance">
  <GetApplicationDecision>
    <ApplicationId>af9c4fd2-a0d1-4d92-8039-0eb9a5056082</ApplicationId>
  </GetApplicationDecision>
</Messages>
Wonga.QA.Framework.Api.ApiResponse: <Messages xmlns="http://www.wonga.com/api/3.0">
  <GetApplicationDecisionResponse RequestType="GetApplicationDecision">
    <ApplicationDecisionStatus>Declined</ApplicationDecisionStatus>
    <FailedCheckpoint>Reputation prediction check</FailedCheckpoint>
    <FailReason>This application did not meet our criteria</FailReason>
    <DeclineAdviceKey>GeneralResolutionAdvice</DeclineAdviceKey>
    <TimeToComplete />
  </GetApplicationDecisionResponse>
</Messages>
Wonga.QA.Framework.Api.ApiEndpoint: <Messages xmlns="http://www.wonga.com/api/3.0" xmlns:xsi="http://www.w3.org/2001/XMLSchema-instance">
  <GetApplicationDecision>
    <ApplicationId>af9c4fd2-a0d1-4d92-8039-0eb9a5056082</ApplicationId>
  </GetApplicationDecision>
</Messages>
Wonga.QA.Framework.Api.ApiResponse: <Messages xmlns="http://www.wonga.com/api/3.0">
  <GetApplicationDecisionResponse RequestType="GetApplicationDecision">
    <ApplicationDecisionStatus>Declined</ApplicationDecisionStatus>
    <FailedCheckpoint>Reputation prediction check</FailedCheckpoint>
    <FailReason>This application did not meet our criteria</FailReason>
    <DeclineAdviceKey>GeneralResolutionAdvice</DeclineAdviceKey>
    <TimeToComplete />
  </GetApplicationDecisionResponse>
</Messages>
Wonga.QA.Framework.Api.ApiEndpoint: <Messages xmlns="http://www.wonga.com/api/3.0" xmlns:xsi="http://www.w3.org/2001/XMLSchema-instance">
  <GetApplicationDecision>
    <ApplicationId>af9c4fd2-a0d1-4d92-8039-0eb9a5056082</ApplicationId>
  </GetApplicationDecision>
</Messages>
Wonga.QA.Framework.Api.ApiResponse: <Messages xmlns="http://www.wonga.com/api/3.0">
  <GetApplicationDecisionResponse RequestType="GetApplicationDecision">
    <ApplicationDecisionStatus>Declined</ApplicationDecisionStatus>
    <FailedCheckpoint>Reputation prediction check</FailedCheckpoint>
    <FailReason>This application did not meet our criteria</FailReason>
    <DeclineAdviceKey>GeneralResolutionAdvice</DeclineAdviceKey>
    <TimeToComplete />
  </GetApplicationDecisionResponse>
</Messages>
Wonga.QA.Framework.Api.ApiEndpoint: <Messages xmlns="http://www.wonga.com/api/3.0" xmlns:xsi="http://www.w3.org/2001/XMLSchema-instance">
  <GetApplicationDecision>
    <ApplicationId>af9c4fd2-a0d1-4d92-8039-0eb9a5056082</ApplicationId>
  </GetApplicationDecision>
</Messages>
Wonga.QA.Framework.Api.ApiResponse: <Messages xmlns="http://www.wonga.com/api/3.0">
  <GetApplicationDecisionResponse RequestType="GetApplicationDecision">
    <ApplicationDecisionStatus>Declined</ApplicationDecisionStatus>
    <FailedCheckpoint>Reputation prediction check</FailedCheckpoint>
    <FailReason>This application did not meet our criteria</FailReason>
    <DeclineAdviceKey>GeneralResolutionAdvice</DeclineAdviceKey>
    <TimeToComplete />
  </GetApplicationDecisionResponse>
</Messages>
Wonga.QA.Framework.Api.ApiEndpoint: <Messages xmlns="http://www.wonga.com/api/3.0" xmlns:xsi="http://www.w3.org/2001/XMLSchema-instance">
  <GetApplicationDecision>
    <ApplicationId>af9c4fd2-a0d1-4d92-8039-0eb9a5056082</ApplicationId>
  </GetApplicationDecision>
</Messages>
Wonga.QA.Framework.Api.ApiResponse: <Messages xmlns="http://www.wonga.com/api/3.0">
  <GetApplicationDecisionResponse RequestType="GetApplicationDecision">
    <ApplicationDecisionStatus>Declined</ApplicationDecisionStatus>
    <FailedCheckpoint>Reputation prediction check</FailedCheckpoint>
    <FailReason>This application did not meet our criteria</FailReason>
    <DeclineAdviceKey>GeneralResolutionAdvice</DeclineAdviceKey>
    <TimeToComplete />
  </GetApplicationDecisionResponse>
</Messages>
Wonga.QA.Framework.Api.ApiEndpoint: <Messages xmlns="http://www.wonga.com/api/3.0" xmlns:xsi="http://www.w3.org/2001/XMLSchema-instance">
  <GetApplicationDecision>
    <ApplicationId>af9c4fd2-a0d1-4d92-8039-0eb9a5056082</ApplicationId>
  </GetApplicationDecision>
</Messages>
Wonga.QA.Framework.Api.ApiResponse: <Messages xmlns="http://www.wonga.com/api/3.0">
  <GetApplicationDecisionResponse RequestType="GetApplicationDecision">
    <ApplicationDecisionStatus>Declined</ApplicationDecisionStatus>
    <FailedCheckpoint>Reputation prediction check</FailedCheckpoint>
    <FailReason>This application did not meet our criteria</FailReason>
    <DeclineAdviceKey>GeneralResolutionAdvice</DeclineAdviceKey>
    <TimeToComplete />
  </GetApplicationDecisionResponse>
</Messages>
Wonga.QA.Framework.Api.ApiEndpoint: <Messages xmlns="http://www.wonga.com/api/3.0" xmlns:xsi="http://www.w3.org/2001/XMLSchema-instance">
  <GetApplicationDecision>
    <ApplicationId>af9c4fd2-a0d1-4d92-8039-0eb9a5056082</ApplicationId>
  </GetApplicationDecision>
</Messages>
Wonga.QA.Framework.Api.ApiResponse: <Messages xmlns="http://www.wonga.com/api/3.0">
  <GetApplicationDecisionResponse RequestType="GetApplicationDecision">
    <ApplicationDecisionStatus>Declined</ApplicationDecisionStatus>
    <FailedCheckpoint>Reputation prediction check</FailedCheckpoint>
    <FailReason>This application did not meet our criteria</FailReason>
    <DeclineAdviceKey>GeneralResolutionAdvice</DeclineAdviceKey>
    <TimeToComplete />
  </GetApplicationDecisionResponse>
</Messages>
Wonga.QA.Framework.Api.ApiEndpoint: <Messages xmlns="http://www.wonga.com/api/3.0" xmlns:xsi="http://www.w3.org/2001/XMLSchema-instance">
  <GetApplicationDecision>
    <ApplicationId>af9c4fd2-a0d1-4d92-8039-0eb9a5056082</ApplicationId>
  </GetApplicationDecision>
</Messages>
Wonga.QA.Framework.Api.ApiResponse: <Messages xmlns="http://www.wonga.com/api/3.0">
  <GetApplicationDecisionResponse RequestType="GetApplicationDecision">
    <ApplicationDecisionStatus>Declined</ApplicationDecisionStatus>
    <FailedCheckpoint>Reputation prediction check</FailedCheckpoint>
    <FailReason>This application did not meet our criteria</FailReason>
    <DeclineAdviceKey>GeneralResolutionAdvice</DeclineAdviceKey>
    <TimeToComplete />
  </GetApplicationDecisionResponse>
</Messages>
Wonga.QA.Framework.Api.ApiEndpoint: <Messages xmlns="http://www.wonga.com/api/3.0" xmlns:xsi="http://www.w3.org/2001/XMLSchema-instance">
  <GetApplicationDecision>
    <ApplicationId>af9c4fd2-a0d1-4d92-8039-0eb9a5056082</ApplicationId>
  </GetApplicationDecision>
</Messages>
Wonga.QA.Framework.Api.ApiResponse: <Messages xmlns="http://www.wonga.com/api/3.0">
  <GetApplicationDecisionResponse RequestType="GetApplicationDecision">
    <ApplicationDecisionStatus>Declined</ApplicationDecisionStatus>
    <FailedCheckpoint>Reputation prediction check</FailedCheckpoint>
    <FailReason>This application did not meet our criteria</FailReason>
    <DeclineAdviceKey>GeneralResolutionAdvice</DeclineAdviceKey>
    <TimeToComplete />
  </GetApplicationDecisionResponse>
</Messages>
Wonga.QA.Framework.Api.ApiEndpoint: <Messages xmlns="http://www.wonga.com/api/3.0" xmlns:xsi="http://www.w3.org/2001/XMLSchema-instance">
  <GetApplicationDecision>
    <ApplicationId>af9c4fd2-a0d1-4d92-8039-0eb9a5056082</ApplicationId>
  </GetApplicationDecision>
</Messages>
Wonga.QA.Framework.Api.ApiResponse: <Messages xmlns="http://www.wonga.com/api/3.0">
  <GetApplicationDecisionResponse RequestType="GetApplicationDecision">
    <ApplicationDecisionStatus>Declined</ApplicationDecisionStatus>
    <FailedCheckpoint>Reputation prediction check</FailedCheckpoint>
    <FailReason>This application did not meet our criteria</FailReason>
    <DeclineAdviceKey>GeneralResolutionAdvice</DeclineAdviceKey>
    <TimeToComplete />
  </GetApplicationDecisionResponse>
</Messages>
Wonga.QA.Framework.Api.ApiEndpoint: <Messages xmlns="http://www.wonga.com/api/3.0" xmlns:xsi="http://www.w3.org/2001/XMLSchema-instance">
  <GetApplicationDecision>
    <ApplicationId>af9c4fd2-a0d1-4d92-8039-0eb9a5056082</ApplicationId>
  </GetApplicationDecision>
</Messages>
Wonga.QA.Framework.Api.ApiResponse: <Messages xmlns="http://www.wonga.com/api/3.0">
  <GetApplicationDecisionResponse RequestType="GetApplicationDecision">
    <ApplicationDecisionStatus>Declined</ApplicationDecisionStatus>
    <FailedCheckpoint>Reputation prediction check</FailedCheckpoint>
    <FailReason>This application did not meet our criteria</FailReason>
    <DeclineAdviceKey>GeneralResolutionAdvice</DeclineAdviceKey>
    <TimeToComplete />
  </GetApplicationDecisionResponse>
</Messages>
Wonga.QA.Framework.Api.ApiEndpoint: <Messages xmlns="http://www.wonga.com/api/3.0" xmlns:xsi="http://www.w3.org/2001/XMLSchema-instance">
  <GetApplicationDecision>
    <ApplicationId>af9c4fd2-a0d1-4d92-8039-0eb9a5056082</ApplicationId>
  </GetApplicationDecision>
</Messages>
Wonga.QA.Framework.Api.ApiResponse: <Messages xmlns="http://www.wonga.com/api/3.0">
  <GetApplicationDecisionResponse RequestType="GetApplicationDecision">
    <ApplicationDecisionStatus>Declined</ApplicationDecisionStatus>
    <FailedCheckpoint>Reputation prediction check</FailedCheckpoint>
    <FailReason>This application did not meet our criteria</FailReason>
    <DeclineAdviceKey>GeneralResolutionAdvice</DeclineAdviceKey>
    <TimeToComplete />
  </GetApplicationDecisionResponse>
</Messages>
Wonga.QA.Framework.Api.ApiEndpoint: <Messages xmlns="http://www.wonga.com/api/3.0" xmlns:xsi="http://www.w3.org/2001/XMLSchema-instance">
  <GetApplicationDecision>
    <ApplicationId>af9c4fd2-a0d1-4d92-8039-0eb9a5056082</ApplicationId>
  </GetApplicationDecision>
</Messages>
Wonga.QA.Framework.Api.ApiResponse: <Messages xmlns="http://www.wonga.com/api/3.0">
  <GetApplicationDecisionResponse RequestType="GetApplicationDecision">
    <ApplicationDecisionStatus>Declined</ApplicationDecisionStatus>
    <FailedCheckpoint>Reputation prediction check</FailedCheckpoint>
    <FailReason>This application did not meet our criteria</FailReason>
    <DeclineAdviceKey>GeneralResolutionAdvice</DeclineAdviceKey>
    <TimeToComplete />
  </GetApplicationDecisionResponse>
</Messages>
Wonga.QA.Framework.Api.ApiEndpoint: <Messages xmlns="http://www.wonga.com/api/3.0" xmlns:xsi="http://www.w3.org/2001/XMLSchema-instance">
  <GetApplicationDecision>
    <ApplicationId>af9c4fd2-a0d1-4d92-8039-0eb9a5056082</ApplicationId>
  </GetApplicationDecision>
</Messages>
Wonga.QA.Framework.Api.ApiResponse: <Messages xmlns="http://www.wonga.com/api/3.0">
  <GetApplicationDecisionResponse RequestType="GetApplicationDecision">
    <ApplicationDecisionStatus>Declined</ApplicationDecisionStatus>
    <FailedCheckpoint>Reputation prediction check</FailedCheckpoint>
    <FailReason>This application did not meet our criteria</FailReason>
    <DeclineAdviceKey>GeneralResolutionAdvice</DeclineAdviceKey>
    <TimeToComplete />
  </GetApplicationDecisionResponse>
</Messages>
Wonga.QA.Framework.Api.ApiEndpoint: <Messages xmlns="http://www.wonga.com/api/3.0" xmlns:xsi="http://www.w3.org/2001/XMLSchema-instance">
  <GetApplicationDecision>
    <ApplicationId>af9c4fd2-a0d1-4d92-8039-0eb9a5056082</ApplicationId>
  </GetApplicationDecision>
</Messages>
Wonga.QA.Framework.Api.ApiResponse: <Messages xmlns="http://www.wonga.com/api/3.0">
  <GetApplicationDecisionResponse RequestType="GetApplicationDecision">
    <ApplicationDecisionStatus>Declined</ApplicationDecisionStatus>
    <FailedCheckpoint>Reputation prediction check</FailedCheckpoint>
    <FailReason>This application did not meet our criteria</FailReason>
    <DeclineAdviceKey>GeneralResolutionAdvice</DeclineAdviceKey>
    <TimeToComplete />
  </GetApplicationDecisionResponse>
</Messages>
Wonga.QA.Framework.Api.ApiEndpoint: <Messages xmlns="http://www.wonga.com/api/3.0" xmlns:xsi="http://www.w3.org/2001/XMLSchema-instance">
  <GetApplicationDecision>
    <ApplicationId>af9c4fd2-a0d1-4d92-8039-0eb9a5056082</ApplicationId>
  </GetApplicationDecision>
</Messages>
Wonga.QA.Framework.Api.ApiResponse: <Messages xmlns="http://www.wonga.com/api/3.0">
  <GetApplicationDecisionResponse RequestType="GetApplicationDecision">
    <ApplicationDecisionStatus>Declined</ApplicationDecisionStatus>
    <FailedCheckpoint>Reputation prediction check</FailedCheckpoint>
    <FailReason>This application did not meet our criteria</FailReason>
    <DeclineAdviceKey>GeneralResolutionAdvice</DeclineAdviceKey>
    <TimeToComplete />
  </GetApplicationDecisionResponse>
</Messages>
Wonga.QA.Framework.Api.ApiEndpoint: <Messages xmlns="http://www.wonga.com/api/3.0" xmlns:xsi="http://www.w3.org/2001/XMLSchema-instance">
  <GetApplicationDecision>
    <ApplicationId>af9c4fd2-a0d1-4d92-8039-0eb9a5056082</ApplicationId>
  </GetApplicationDecision>
</Messages>
Wonga.QA.Framework.Api.ApiResponse: <Messages xmlns="http://www.wonga.com/api/3.0">
  <GetApplicationDecisionResponse RequestType="GetApplicationDecision">
    <ApplicationDecisionStatus>Declined</ApplicationDecisionStatus>
    <FailedCheckpoint>Reputation prediction check</FailedCheckpoint>
    <FailReason>This application did not meet our criteria</FailReason>
    <DeclineAdviceKey>GeneralResolutionAdvice</DeclineAdviceKey>
    <TimeToComplete />
  </GetApplicationDecisionResponse>
</Messages>
Wonga.QA.Framework.Api.ApiEndpoint: <Messages xmlns="http://www.wonga.com/api/3.0" xmlns:xsi="http://www.w3.org/2001/XMLSchema-instance">
  <GetApplicationDecision>
    <ApplicationId>af9c4fd2-a0d1-4d92-8039-0eb9a5056082</ApplicationId>
  </GetApplicationDecision>
</Messages>
Wonga.QA.Framework.Api.ApiResponse: <Messages xmlns="http://www.wonga.com/api/3.0">
  <GetApplicationDecisionResponse RequestType="GetApplicationDecision">
    <ApplicationDecisionStatus>Declined</ApplicationDecisionStatus>
    <FailedCheckpoint>Reputation prediction check</FailedCheckpoint>
    <FailReason>This application did not meet our criteria</FailReason>
    <DeclineAdviceKey>GeneralResolutionAdvice</DeclineAdviceKey>
    <TimeToComplete />
  </GetApplicationDecisionResponse>
</Messages>
Wonga.QA.Framework.Api.ApiEndpoint: <Messages xmlns="http://www.wonga.com/api/3.0" xmlns:xsi="http://www.w3.org/2001/XMLSchema-instance">
  <GetApplicationDecision>
    <ApplicationId>af9c4fd2-a0d1-4d92-8039-0eb9a5056082</ApplicationId>
  </GetApplicationDecision>
</Messages>
Wonga.QA.Framework.Api.ApiResponse: <Messages xmlns="http://www.wonga.com/api/3.0">
  <GetApplicationDecisionResponse RequestType="GetApplicationDecision">
    <ApplicationDecisionStatus>Declined</ApplicationDecisionStatus>
    <FailedCheckpoint>Reputation prediction check</FailedCheckpoint>
    <FailReason>This application did not meet our criteria</FailReason>
    <DeclineAdviceKey>GeneralResolutionAdvice</DeclineAdviceKey>
    <TimeToComplete />
  </GetApplicationDecisionResponse>
</Messages>
Wonga.QA.Framework.Api.ApiEndpoint: <Messages xmlns="http://www.wonga.com/api/3.0" xmlns:xsi="http://www.w3.org/2001/XMLSchema-instance">
  <GetApplicationDecision>
    <ApplicationId>af9c4fd2-a0d1-4d92-8039-0eb9a5056082</ApplicationId>
  </GetApplicationDecision>
</Messages>
Wonga.QA.Framework.Api.ApiResponse: <Messages xmlns="http://www.wonga.com/api/3.0">
  <GetApplicationDecisionResponse RequestType="GetApplicationDecision">
    <ApplicationDecisionStatus>Declined</ApplicationDecisionStatus>
    <FailedCheckpoint>Reputation prediction check</FailedCheckpoint>
    <FailReason>This application did not meet our criteria</FailReason>
    <DeclineAdviceKey>GeneralResolutionAdvice</DeclineAdviceKey>
    <TimeToComplete />
  </GetApplicationDecisionResponse>
</Messages>
Wonga.QA.Framework.Api.ApiEndpoint: <Messages xmlns="http://www.wonga.com/api/3.0" xmlns:xsi="http://www.w3.org/2001/XMLSchema-instance">
  <GetApplicationDecision>
    <ApplicationId>af9c4fd2-a0d1-4d92-8039-0eb9a5056082</ApplicationId>
  </GetApplicationDecision>
</Messages>
Wonga.QA.Framework.Api.ApiResponse: <Messages xmlns="http://www.wonga.com/api/3.0">
  <GetApplicationDecisionResponse RequestType="GetApplicationDecision">
    <ApplicationDecisionStatus>Declined</ApplicationDecisionStatus>
    <FailedCheckpoint>Reputation prediction check</FailedCheckpoint>
    <FailReason>This application did not meet our criteria</FailReason>
    <DeclineAdviceKey>GeneralResolutionAdvice</DeclineAdviceKey>
    <TimeToComplete />
  </GetApplicationDecisionResponse>
</Messages>
Wonga.QA.Framework.Api.ApiEndpoint: <Messages xmlns="http://www.wonga.com/api/3.0" xmlns:xsi="http://www.w3.org/2001/XMLSchema-instance">
  <GetApplicationDecision>
    <ApplicationId>af9c4fd2-a0d1-4d92-8039-0eb9a5056082</ApplicationId>
  </GetApplicationDecision>
</Messages>
Wonga.QA.Framework.Api.ApiResponse: <Messages xmlns="http://www.wonga.com/api/3.0">
  <GetApplicationDecisionResponse RequestType="GetApplicationDecision">
    <ApplicationDecisionStatus>Declined</ApplicationDecisionStatus>
    <FailedCheckpoint>Reputation prediction check</FailedCheckpoint>
    <FailReason>This application did not meet our criteria</FailReason>
    <DeclineAdviceKey>GeneralResolutionAdvice</DeclineAdviceKey>
    <TimeToComplete />
  </GetApplicationDecisionResponse>
</Messages>
Wonga.QA.Framework.Api.ApiEndpoint: <Messages xmlns="http://www.wonga.com/api/3.0" xmlns:xsi="http://www.w3.org/2001/XMLSchema-instance">
  <GetApplicationDecision>
    <ApplicationId>af9c4fd2-a0d1-4d92-8039-0eb9a5056082</ApplicationId>
  </GetApplicationDecision>
</Messages>
Wonga.QA.Framework.Api.ApiResponse: <Messages xmlns="http://www.wonga.com/api/3.0">
  <GetApplicationDecisionResponse RequestType="GetApplicationDecision">
    <ApplicationDecisionStatus>Declined</ApplicationDecisionStatus>
    <FailedCheckpoint>Reputation prediction check</FailedCheckpoint>
    <FailReason>This application did not meet our criteria</FailReason>
    <DeclineAdviceKey>GeneralResolutionAdvice</DeclineAdviceKey>
    <TimeToComplete />
  </GetApplicationDecisionResponse>
</Messages>
Wonga.QA.Framework.Api.ApiEndpoint: <Messages xmlns="http://www.wonga.com/api/3.0" xmlns:xsi="http://www.w3.org/2001/XMLSchema-instance">
  <GetApplicationDecision>
    <ApplicationId>af9c4fd2-a0d1-4d92-8039-0eb9a5056082</ApplicationId>
  </GetApplicationDecision>
</Messages>
Wonga.QA.Framework.Api.ApiResponse: <Messages xmlns="http://www.wonga.com/api/3.0">
  <GetApplicationDecisionResponse RequestType="GetApplicationDecision">
    <ApplicationDecisionStatus>Declined</ApplicationDecisionStatus>
    <FailedCheckpoint>Reputation prediction check</FailedCheckpoint>
    <FailReason>This application did not meet our criteria</FailReason>
    <DeclineAdviceKey>GeneralResolutionAdvice</DeclineAdviceKey>
    <TimeToComplete />
  </GetApplicationDecisionResponse>
</Messages>
Wonga.QA.Framework.Api.ApiEndpoint: <Messages xmlns="http://www.wonga.com/api/3.0" xmlns:xsi="http://www.w3.org/2001/XMLSchema-instance">
  <GetApplicationDecision>
    <ApplicationId>af9c4fd2-a0d1-4d92-8039-0eb9a5056082</ApplicationId>
  </GetApplicationDecision>
</Messages>
Wonga.QA.Framework.Api.ApiResponse: <Messages xmlns="http://www.wonga.com/api/3.0">
  <GetApplicationDecisionResponse RequestType="GetApplicationDecision">
    <ApplicationDecisionStatus>Declined</ApplicationDecisionStatus>
    <FailedCheckpoint>Reputation prediction check</FailedCheckpoint>
    <FailReason>This application did not meet our criteria</FailReason>
    <DeclineAdviceKey>GeneralResolutionAdvice</DeclineAdviceKey>
    <TimeToComplete />
  </GetApplicationDecisionResponse>
</Messages>
Wonga.QA.Framework.Api.ApiEndpoint: <Messages xmlns="http://www.wonga.com/api/3.0" xmlns:xsi="http://www.w3.org/2001/XMLSchema-instance">
  <GetApplicationDecision>
    <ApplicationId>af9c4fd2-a0d1-4d92-8039-0eb9a5056082</ApplicationId>
  </GetApplicationDecision>
</Messages>
Wonga.QA.Framework.Api.ApiResponse: <Messages xmlns="http://www.wonga.com/api/3.0">
  <GetApplicationDecisionResponse RequestType="GetApplicationDecision">
    <ApplicationDecisionStatus>Declined</ApplicationDecisionStatus>
    <FailedCheckpoint>Reputation prediction check</FailedCheckpoint>
    <FailReason>This application did not meet our criteria</FailReason>
    <DeclineAdviceKey>GeneralResolutionAdvice</DeclineAdviceKey>
    <TimeToComplete />
  </GetApplicationDecisionResponse>
</Messages>
Wonga.QA.Framework.Api.ApiEndpoint: <Messages xmlns="http://www.wonga.com/api/3.0" xmlns:xsi="http://www.w3.org/2001/XMLSchema-instance">
  <GetApplicationDecision>
    <ApplicationId>af9c4fd2-a0d1-4d92-8039-0eb9a5056082</ApplicationId>
  </GetApplicationDecision>
</Messages>
Wonga.QA.Framework.Api.ApiResponse: <Messages xmlns="http://www.wonga.com/api/3.0">
  <GetApplicationDecisionResponse RequestType="GetApplicationDecision">
    <ApplicationDecisionStatus>Declined</ApplicationDecisionStatus>
    <FailedCheckpoint>Reputation prediction check</FailedCheckpoint>
    <FailReason>This application did not meet our criteria</FailReason>
    <DeclineAdviceKey>GeneralResolutionAdvice</DeclineAdviceKey>
    <TimeToComplete />
  </GetApplicationDecisionResponse>
</Messages>
Wonga.QA.Framework.Api.ApiEndpoint: <Messages xmlns="http://www.wonga.com/api/3.0" xmlns:xsi="http://www.w3.org/2001/XMLSchema-instance">
  <GetApplicationDecision>
    <ApplicationId>af9c4fd2-a0d1-4d92-8039-0eb9a5056082</ApplicationId>
  </GetApplicationDecision>
</Messages>
Wonga.QA.Framework.Api.ApiResponse: <Messages xmlns="http://www.wonga.com/api/3.0">
  <GetApplicationDecisionResponse RequestType="GetApplicationDecision">
    <ApplicationDecisionStatus>Declined</ApplicationDecisionStatus>
    <FailedCheckpoint>Reputation prediction check</FailedCheckpoint>
    <FailReason>This application did not meet our criteria</FailReason>
    <DeclineAdviceKey>GeneralResolutionAdvice</DeclineAdviceKey>
    <TimeToComplete />
  </GetApplicationDecisionResponse>
</Messages>
Wonga.QA.Framework.Api.ApiEndpoint: <Messages xmlns="http://www.wonga.com/api/3.0" xmlns:xsi="http://www.w3.org/2001/XMLSchema-instance">
  <GetApplicationDecision>
    <ApplicationId>af9c4fd2-a0d1-4d92-8039-0eb9a5056082</ApplicationId>
  </GetApplicationDecision>
</Messages>
Wonga.QA.Framework.Api.ApiResponse: <Messages xmlns="http://www.wonga.com/api/3.0">
  <GetApplicationDecisionResponse RequestType="GetApplicationDecision">
    <ApplicationDecisionStatus>Declined</ApplicationDecisionStatus>
    <FailedCheckpoint>Reputation prediction check</FailedCheckpoint>
    <FailReason>This application did not meet our criteria</FailReason>
    <DeclineAdviceKey>GeneralResolutionAdvice</DeclineAdviceKey>
    <TimeToComplete />
  </GetApplicationDecisionResponse>
</Messages>
Wonga.QA.Framework.Api.ApiEndpoint: <Messages xmlns="http://www.wonga.com/api/3.0" xmlns:xsi="http://www.w3.org/2001/XMLSchema-instance">
  <GetApplicationDecision>
    <ApplicationId>af9c4fd2-a0d1-4d92-8039-0eb9a5056082</ApplicationId>
  </GetApplicationDecision>
</Messages>
Wonga.QA.Framework.Api.ApiResponse: <Messages xmlns="http://www.wonga.com/api/3.0">
  <GetApplicationDecisionResponse RequestType="GetApplicationDecision">
    <ApplicationDecisionStatus>Declined</ApplicationDecisionStatus>
    <FailedCheckpoint>Reputation prediction check</FailedCheckpoint>
    <FailReason>This application did not meet our criteria</FailReason>
    <DeclineAdviceKey>GeneralResolutionAdvice</DeclineAdviceKey>
    <TimeToComplete />
  </GetApplicationDecisionResponse>
</Messages>
Wonga.QA.Framework.Api.ApiEndpoint: <Messages xmlns="http://www.wonga.com/api/3.0" xmlns:xsi="http://www.w3.org/2001/XMLSchema-instance">
  <GetApplicationDecision>
    <ApplicationId>af9c4fd2-a0d1-4d92-8039-0eb9a5056082</ApplicationId>
  </GetApplicationDecision>
</Messages>
Wonga.QA.Framework.Api.ApiResponse: <Messages xmlns="http://www.wonga.com/api/3.0">
  <GetApplicationDecisionResponse RequestType="GetApplicationDecision">
    <ApplicationDecisionStatus>Declined</ApplicationDecisionStatus>
    <FailedCheckpoint>Reputation prediction check</FailedCheckpoint>
    <FailReason>This application did not meet our criteria</FailReason>
    <DeclineAdviceKey>GeneralResolutionAdvice</DeclineAdviceKey>
    <TimeToComplete />
  </GetApplicationDecisionResponse>
</Messages>
Wonga.QA.Framework.Api.ApiEndpoint: <Messages xmlns="http://www.wonga.com/api/3.0" xmlns:xsi="http://www.w3.org/2001/XMLSchema-instance">
  <GetApplicationDecision>
    <ApplicationId>af9c4fd2-a0d1-4d92-8039-0eb9a5056082</ApplicationId>
  </GetApplicationDecision>
</Messages>
Wonga.QA.Framework.Api.ApiResponse: <Messages xmlns="http://www.wonga.com/api/3.0">
  <GetApplicationDecisionResponse RequestType="GetApplicationDecision">
    <ApplicationDecisionStatus>Declined</ApplicationDecisionStatus>
    <FailedCheckpoint>Reputation prediction check</FailedCheckpoint>
    <FailReason>This application did not meet our criteria</FailReason>
    <DeclineAdviceKey>GeneralResolutionAdvice</DeclineAdviceKey>
    <TimeToComplete />
  </GetApplicationDecisionResponse>
</Messages>
Wonga.QA.Framework.Api.ApiEndpoint: <Messages xmlns="http://www.wonga.com/api/3.0" xmlns:xsi="http://www.w3.org/2001/XMLSchema-instance">
  <GetApplicationDecision>
    <ApplicationId>af9c4fd2-a0d1-4d92-8039-0eb9a5056082</ApplicationId>
  </GetApplicationDecision>
</Messages>
Wonga.QA.Framework.Api.ApiResponse: <Messages xmlns="http://www.wonga.com/api/3.0">
  <GetApplicationDecisionResponse RequestType="GetApplicationDecision">
    <ApplicationDecisionStatus>Declined</ApplicationDecisionStatus>
    <FailedCheckpoint>Reputation prediction check</FailedCheckpoint>
    <FailReason>This application did not meet our criteria</FailReason>
    <DeclineAdviceKey>GeneralResolutionAdvice</DeclineAdviceKey>
    <TimeToComplete />
  </GetApplicationDecisionResponse>
</Messages>
Wonga.QA.Framework.Api.ApiEndpoint: <Messages xmlns="http://www.wonga.com/api/3.0" xmlns:xsi="http://www.w3.org/2001/XMLSchema-instance">
  <GetApplicationDecision>
    <ApplicationId>af9c4fd2-a0d1-4d92-8039-0eb9a5056082</ApplicationId>
  </GetApplicationDecision>
</Messages>
Wonga.QA.Framework.Api.ApiResponse: <Messages xmlns="http://www.wonga.com/api/3.0">
  <GetApplicationDecisionResponse RequestType="GetApplicationDecision">
    <ApplicationDecisionStatus>Declined</ApplicationDecisionStatus>
    <FailedCheckpoint>Reputation prediction check</FailedCheckpoint>
    <FailReason>This application did not meet our criteria</FailReason>
    <DeclineAdviceKey>GeneralResolutionAdvice</DeclineAdviceKey>
    <TimeToComplete />
  </GetApplicationDecisionResponse>
</Messages>
Wonga.QA.Framework.Api.ApiEndpoint: <Messages xmlns="http://www.wonga.com/api/3.0" xmlns:xsi="http://www.w3.org/2001/XMLSchema-instance">
  <GetApplicationDecision>
    <ApplicationId>af9c4fd2-a0d1-4d92-8039-0eb9a5056082</ApplicationId>
  </GetApplicationDecision>
</Messages>
Wonga.QA.Framework.Api.ApiResponse: <Messages xmlns="http://www.wonga.com/api/3.0">
  <GetApplicationDecisionResponse RequestType="GetApplicationDecision">
    <ApplicationDecisionStatus>Declined</ApplicationDecisionStatus>
    <FailedCheckpoint>Reputation prediction check</FailedCheckpoint>
    <FailReason>This application did not meet our criteria</FailReason>
    <DeclineAdviceKey>GeneralResolutionAdvice</DeclineAdviceKey>
    <TimeToComplete />
  </GetApplicationDecisionResponse>
</Messages>
Wonga.QA.Framework.Api.ApiEndpoint: <Messages xmlns="http://www.wonga.com/api/3.0" xmlns:xsi="http://www.w3.org/2001/XMLSchema-instance">
  <GetApplicationDecision>
    <ApplicationId>af9c4fd2-a0d1-4d92-8039-0eb9a5056082</ApplicationId>
  </GetApplicationDecision>
</Messages>
Wonga.QA.Framework.Api.ApiResponse: <Messages xmlns="http://www.wonga.com/api/3.0">
  <GetApplicationDecisionResponse RequestType="GetApplicationDecision">
    <ApplicationDecisionStatus>Declined</ApplicationDecisionStatus>
    <FailedCheckpoint>Reputation prediction check</FailedCheckpoint>
    <FailReason>This application did not meet our criteria</FailReason>
    <DeclineAdviceKey>GeneralResolutionAdvice</DeclineAdviceKey>
    <TimeToComplete />
  </GetApplicationDecisionResponse>
</Messages>
Wonga.QA.Framework.Api.ApiEndpoint: <Messages xmlns="http://www.wonga.com/api/3.0" xmlns:xsi="http://www.w3.org/2001/XMLSchema-instance">
  <GetApplicationDecision>
    <ApplicationId>af9c4fd2-a0d1-4d92-8039-0eb9a5056082</ApplicationId>
  </GetApplicationDecision>
</Messages>
Wonga.QA.Framework.Api.ApiResponse: <Messages xmlns="http://www.wonga.com/api/3.0">
  <GetApplicationDecisionResponse RequestType="GetApplicationDecision">
    <ApplicationDecisionStatus>Declined</ApplicationDecisionStatus>
    <FailedCheckpoint>Reputation prediction check</FailedCheckpoint>
    <FailReason>This application did not meet our criteria</FailReason>
    <DeclineAdviceKey>GeneralResolutionAdvice</DeclineAdviceKey>
    <TimeToComplete />
  </GetApplicationDecisionResponse>
</Messages>
Wonga.QA.Framework.Api.ApiEndpoint: <Messages xmlns="http://www.wonga.com/api/3.0" xmlns:xsi="http://www.w3.org/2001/XMLSchema-instance">
  <GetApplicationDecision>
    <ApplicationId>af9c4fd2-a0d1-4d92-8039-0eb9a5056082</ApplicationId>
  </GetApplicationDecision>
</Messages>
Wonga.QA.Framework.Api.ApiResponse: <Messages xmlns="http://www.wonga.com/api/3.0">
  <GetApplicationDecisionResponse RequestType="GetApplicationDecision">
    <ApplicationDecisionStatus>Declined</ApplicationDecisionStatus>
    <FailedCheckpoint>Reputation prediction check</FailedCheckpoint>
    <FailReason>This application did not meet our criteria</FailReason>
    <DeclineAdviceKey>GeneralResolutionAdvice</DeclineAdviceKey>
    <TimeToComplete />
  </GetApplicationDecisionResponse>
</Messages>
Wonga.QA.Framework.Api.ApiEndpoint: <Messages xmlns="http://www.wonga.com/api/3.0" xmlns:xsi="http://www.w3.org/2001/XMLSchema-instance">
  <GetApplicationDecision>
    <ApplicationId>af9c4fd2-a0d1-4d92-8039-0eb9a5056082</ApplicationId>
  </GetApplicationDecision>
</Messages>
Wonga.QA.Framework.Api.ApiResponse: <Messages xmlns="http://www.wonga.com/api/3.0">
  <GetApplicationDecisionResponse RequestType="GetApplicationDecision">
    <ApplicationDecisionStatus>Declined</ApplicationDecisionStatus>
    <FailedCheckpoint>Reputation prediction check</FailedCheckpoint>
    <FailReason>This application did not meet our criteria</FailReason>
    <DeclineAdviceKey>GeneralResolutionAdvice</DeclineAdviceKey>
    <TimeToComplete />
  </GetApplicationDecisionResponse>
</Messages>
Wonga.QA.Framework.Api.ApiEndpoint: <Messages xmlns="http://www.wonga.com/api/3.0" xmlns:xsi="http://www.w3.org/2001/XMLSchema-instance">
  <GetApplicationDecision>
    <ApplicationId>af9c4fd2-a0d1-4d92-8039-0eb9a5056082</ApplicationId>
  </GetApplicationDecision>
</Messages>
Wonga.QA.Framework.Api.ApiResponse: <Messages xmlns="http://www.wonga.com/api/3.0">
  <GetApplicationDecisionResponse RequestType="GetApplicationDecision">
    <ApplicationDecisionStatus>Declined</ApplicationDecisionStatus>
    <FailedCheckpoint>Reputation prediction check</FailedCheckpoint>
    <FailReason>This application did not meet our criteria</FailReason>
    <DeclineAdviceKey>GeneralResolutionAdvice</DeclineAdviceKey>
    <TimeToComplete />
  </GetApplicationDecisionResponse>
</Messages>
Wonga.QA.Framework.Api.ApiEndpoint: <Messages xmlns="http://www.wonga.com/api/3.0" xmlns:xsi="http://www.w3.org/2001/XMLSchema-instance">
  <GetApplicationDecision>
    <ApplicationId>af9c4fd2-a0d1-4d92-8039-0eb9a5056082</ApplicationId>
  </GetApplicationDecision>
</Messages>
Wonga.QA.Framework.Api.ApiResponse: <Messages xmlns="http://www.wonga.com/api/3.0">
  <GetApplicationDecisionResponse RequestType="GetApplicationDecision">
    <ApplicationDecisionStatus>Declined</ApplicationDecisionStatus>
    <FailedCheckpoint>Reputation prediction check</FailedCheckpoint>
    <FailReason>This application did not meet our criteria</FailReason>
    <DeclineAdviceKey>GeneralResolutionAdvice</DeclineAdviceKey>
    <TimeToComplete />
  </GetApplicationDecisionResponse>
</Messages>
Wonga.QA.Framework.Api.ApiEndpoint: <Messages xmlns="http://www.wonga.com/api/3.0" xmlns:xsi="http://www.w3.org/2001/XMLSchema-instance">
  <GetApplicationDecision>
    <ApplicationId>af9c4fd2-a0d1-4d92-8039-0eb9a5056082</ApplicationId>
  </GetApplicationDecision>
</Messages>
Wonga.QA.Framework.Api.ApiResponse: <Messages xmlns="http://www.wonga.com/api/3.0">
  <GetApplicationDecisionResponse RequestType="GetApplicationDecision">
    <ApplicationDecisionStatus>Declined</ApplicationDecisionStatus>
    <FailedCheckpoint>Reputation prediction check</FailedCheckpoint>
    <FailReason>This application did not meet our criteria</FailReason>
    <DeclineAdviceKey>GeneralResolutionAdvice</DeclineAdviceKey>
    <TimeToComplete />
  </GetApplicationDecisionResponse>
</Messages>
Wonga.QA.Framework.Api.ApiEndpoint: <Messages xmlns="http://www.wonga.com/api/3.0" xmlns:xsi="http://www.w3.org/2001/XMLSchema-instance">
  <GetApplicationDecision>
    <ApplicationId>af9c4fd2-a0d1-4d92-8039-0eb9a5056082</ApplicationId>
  </GetApplicationDecision>
</Messages>
Wonga.QA.Framework.Api.ApiResponse: <Messages xmlns="http://www.wonga.com/api/3.0">
  <GetApplicationDecisionResponse RequestType="GetApplicationDecision">
    <ApplicationDecisionStatus>Declined</ApplicationDecisionStatus>
    <FailedCheckpoint>Reputation prediction check</FailedCheckpoint>
    <FailReason>This application did not meet our criteria</FailReason>
    <DeclineAdviceKey>GeneralResolutionAdvice</DeclineAdviceKey>
    <TimeToComplete />
  </GetApplicationDecisionResponse>
</Messages>
Wonga.QA.Framework.Api.ApiEndpoint: <Messages xmlns="http://www.wonga.com/api/3.0" xmlns:xsi="http://www.w3.org/2001/XMLSchema-instance">
  <GetApplicationDecision>
    <ApplicationId>af9c4fd2-a0d1-4d92-8039-0eb9a5056082</ApplicationId>
  </GetApplicationDecision>
</Messages>
Wonga.QA.Framework.Api.ApiResponse: <Messages xmlns="http://www.wonga.com/api/3.0">
  <GetApplicationDecisionResponse RequestType="GetApplicationDecision">
    <ApplicationDecisionStatus>Declined</ApplicationDecisionStatus>
    <FailedCheckpoint>Reputation prediction check</FailedCheckpoint>
    <FailReason>This application did not meet our criteria</FailReason>
    <DeclineAdviceKey>GeneralResolutionAdvice</DeclineAdviceKey>
    <TimeToComplete />
  </GetApplicationDecisionResponse>
</Messages>
Wonga.QA.Framework.Api.ApiEndpoint: <Messages xmlns="http://www.wonga.com/api/3.0" xmlns:xsi="http://www.w3.org/2001/XMLSchema-instance">
  <GetApplicationDecision>
    <ApplicationId>af9c4fd2-a0d1-4d92-8039-0eb9a5056082</ApplicationId>
  </GetApplicationDecision>
</Messages>
Wonga.QA.Framework.Api.ApiResponse: <Messages xmlns="http://www.wonga.com/api/3.0">
  <GetApplicationDecisionResponse RequestType="GetApplicationDecision">
    <ApplicationDecisionStatus>Declined</ApplicationDecisionStatus>
    <FailedCheckpoint>Reputation prediction check</FailedCheckpoint>
    <FailReason>This application did not meet our criteria</FailReason>
    <DeclineAdviceKey>GeneralResolutionAdvice</DeclineAdviceKey>
    <TimeToComplete />
  </GetApplicationDecisionResponse>
</Messages>
Wonga.QA.Framework.Api.ApiEndpoint: <Messages xmlns="http://www.wonga.com/api/3.0" xmlns:xsi="http://www.w3.org/2001/XMLSchema-instance">
  <GetApplicationDecision>
    <ApplicationId>af9c4fd2-a0d1-4d92-8039-0eb9a5056082</ApplicationId>
  </GetApplicationDecision>
</Messages>
Wonga.QA.Framework.Api.ApiResponse: <Messages xmlns="http://www.wonga.com/api/3.0">
  <GetApplicationDecisionResponse RequestType="GetApplicationDecision">
    <ApplicationDecisionStatus>Declined</ApplicationDecisionStatus>
    <FailedCheckpoint>Reputation prediction check</FailedCheckpoint>
    <FailReason>This application did not meet our criteria</FailReason>
    <DeclineAdviceKey>GeneralResolutionAdvice</DeclineAdviceKey>
    <TimeToComplete />
  </GetApplicationDecisionResponse>
</Messages>
Wonga.QA.Framework.Api.ApiEndpoint: <Messages xmlns="http://www.wonga.com/api/3.0" xmlns:xsi="http://www.w3.org/2001/XMLSchema-instance">
  <GetApplicationDecision>
    <ApplicationId>af9c4fd2-a0d1-4d92-8039-0eb9a5056082</ApplicationId>
  </GetApplicationDecision>
</Messages>
Wonga.QA.Framework.Api.ApiResponse: <Messages xmlns="http://www.wonga.com/api/3.0">
  <GetApplicationDecisionResponse RequestType="GetApplicationDecision">
    <ApplicationDecisionStatus>Declined</ApplicationDecisionStatus>
    <FailedCheckpoint>Reputation prediction check</FailedCheckpoint>
    <FailReason>This application did not meet our criteria</FailReason>
    <DeclineAdviceKey>GeneralResolutionAdvice</DeclineAdviceKey>
    <TimeToComplete />
  </GetApplicationDecisionResponse>
</Messages>
Wonga.QA.Framework.Api.ApiEndpoint: <Messages xmlns="http://www.wonga.com/api/3.0" xmlns:xsi="http://www.w3.org/2001/XMLSchema-instance">
  <GetApplicationDecision>
    <ApplicationId>af9c4fd2-a0d1-4d92-8039-0eb9a5056082</ApplicationId>
  </GetApplicationDecision>
</Messages>
Wonga.QA.Framework.Api.ApiResponse: <Messages xmlns="http://www.wonga.com/api/3.0">
  <GetApplicationDecisionResponse RequestType="GetApplicationDecision">
    <ApplicationDecisionStatus>Declined</ApplicationDecisionStatus>
    <FailedCheckpoint>Reputation prediction check</FailedCheckpoint>
    <FailReason>This application did not meet our criteria</FailReason>
    <DeclineAdviceKey>GeneralResolutionAdvice</DeclineAdviceKey>
    <TimeToComplete />
  </GetApplicationDecisionResponse>
</Messages>
Wonga.QA.Framework.Api.ApiEndpoint: <Messages xmlns="http://www.wonga.com/api/3.0" xmlns:xsi="http://www.w3.org/2001/XMLSchema-instance">
  <GetApplicationDecision>
    <ApplicationId>af9c4fd2-a0d1-4d92-8039-0eb9a5056082</ApplicationId>
  </GetApplicationDecision>
</Messages>
Wonga.QA.Framework.Api.ApiResponse: <Messages xmlns="http://www.wonga.com/api/3.0">
  <GetApplicationDecisionResponse RequestType="GetApplicationDecision">
    <ApplicationDecisionStatus>Declined</ApplicationDecisionStatus>
    <FailedCheckpoint>Reputation prediction check</FailedCheckpoint>
    <FailReason>This application did not meet our criteria</FailReason>
    <DeclineAdviceKey>GeneralResolutionAdvice</DeclineAdviceKey>
    <TimeToComplete />
  </GetApplicationDecisionResponse>
</Messages>
Wonga.QA.Framework.Api.ApiEndpoint: <Messages xmlns="http://www.wonga.com/api/3.0" xmlns:xsi="http://www.w3.org/2001/XMLSchema-instance">
  <GetApplicationDecision>
    <ApplicationId>af9c4fd2-a0d1-4d92-8039-0eb9a5056082</ApplicationId>
  </GetApplicationDecision>
</Messages>
Wonga.QA.Framework.Api.ApiResponse: <Messages xmlns="http://www.wonga.com/api/3.0">
  <GetApplicationDecisionResponse RequestType="GetApplicationDecision">
    <ApplicationDecisionStatus>Declined</ApplicationDecisionStatus>
    <FailedCheckpoint>Reputation prediction check</FailedCheckpoint>
    <FailReason>This application did not meet our criteria</FailReason>
    <DeclineAdviceKey>GeneralResolutionAdvice</DeclineAdviceKey>
    <TimeToComplete />
  </GetApplicationDecisionResponse>
</Messages>
Wonga.QA.Framework.Api.ApiEndpoint: <Messages xmlns="http://www.wonga.com/api/3.0" xmlns:xsi="http://www.w3.org/2001/XMLSchema-instance">
  <GetApplicationDecision>
    <ApplicationId>af9c4fd2-a0d1-4d92-8039-0eb9a5056082</ApplicationId>
  </GetApplicationDecision>
</Messages>
Wonga.QA.Framework.Api.ApiResponse: <Messages xmlns="http://www.wonga.com/api/3.0">
  <GetApplicationDecisionResponse RequestType="GetApplicationDecision">
    <ApplicationDecisionStatus>Declined</ApplicationDecisionStatus>
    <FailedCheckpoint>Reputation prediction check</FailedCheckpoint>
    <FailReason>This application did not meet our criteria</FailReason>
    <DeclineAdviceKey>GeneralResolutionAdvice</DeclineAdviceKey>
    <TimeToComplete />
  </GetApplicationDecisionResponse>
</Messages>
Wonga.QA.Framework.Api.ApiEndpoint: <Messages xmlns="http://www.wonga.com/api/3.0" xmlns:xsi="http://www.w3.org/2001/XMLSchema-instance">
  <GetApplicationDecision>
    <ApplicationId>af9c4fd2-a0d1-4d92-8039-0eb9a5056082</ApplicationId>
  </GetApplicationDecision>
</Messages>
Wonga.QA.Framework.Api.ApiResponse: <Messages xmlns="http://www.wonga.com/api/3.0">
  <GetApplicationDecisionResponse RequestType="GetApplicationDecision">
    <ApplicationDecisionStatus>Declined</ApplicationDecisionStatus>
    <FailedCheckpoint>Reputation prediction check</FailedCheckpoint>
    <FailReason>This application did not meet our criteria</FailReason>
    <DeclineAdviceKey>GeneralResolutionAdvice</DeclineAdviceKey>
    <TimeToComplete />
  </GetApplicationDecisionResponse>
</Messages>
Wonga.QA.Framework.Api.ApiEndpoint: <Messages xmlns="http://www.wonga.com/api/3.0" xmlns:xsi="http://www.w3.org/2001/XMLSchema-instance">
  <GetApplicationDecision>
    <ApplicationId>af9c4fd2-a0d1-4d92-8039-0eb9a5056082</ApplicationId>
  </GetApplicationDecision>
</Messages>
Wonga.QA.Framework.Api.ApiResponse: <Messages xmlns="http://www.wonga.com/api/3.0">
  <GetApplicationDecisionResponse RequestType="GetApplicationDecision">
    <ApplicationDecisionStatus>Declined</ApplicationDecisionStatus>
    <FailedCheckpoint>Reputation prediction check</FailedCheckpoint>
    <FailReason>This application did not meet our criteria</FailReason>
    <DeclineAdviceKey>GeneralResolutionAdvice</DeclineAdviceKey>
    <TimeToComplete />
  </GetApplicationDecisionResponse>
</Messages>
Wonga.QA.Framework.Api.ApiEndpoint: <Messages xmlns="http://www.wonga.com/api/3.0" xmlns:xsi="http://www.w3.org/2001/XMLSchema-instance">
  <GetApplicationDecision>
    <ApplicationId>af9c4fd2-a0d1-4d92-8039-0eb9a5056082</ApplicationId>
  </GetApplicationDecision>
</Messages>
Wonga.QA.Framework.Api.ApiResponse: <Messages xmlns="http://www.wonga.com/api/3.0">
  <GetApplicationDecisionResponse RequestType="GetApplicationDecision">
    <ApplicationDecisionStatus>Declined</ApplicationDecisionStatus>
    <FailedCheckpoint>Reputation prediction check</FailedCheckpoint>
    <FailReason>This application did not meet our criteria</FailReason>
    <DeclineAdviceKey>GeneralResolutionAdvice</DeclineAdviceKey>
    <TimeToComplete />
  </GetApplicationDecisionResponse>
</Messages>
Wonga.QA.Framework.Api.ApiEndpoint: <Messages xmlns="http://www.wonga.com/api/3.0" xmlns:xsi="http://www.w3.org/2001/XMLSchema-instance">
  <GetApplicationDecision>
    <ApplicationId>af9c4fd2-a0d1-4d92-8039-0eb9a5056082</ApplicationId>
  </GetApplicationDecision>
</Messages>
Wonga.QA.Framework.Api.ApiResponse: <Messages xmlns="http://www.wonga.com/api/3.0">
  <GetApplicationDecisionResponse RequestType="GetApplicationDecision">
    <ApplicationDecisionStatus>Declined</ApplicationDecisionStatus>
    <FailedCheckpoint>Reputation prediction check</FailedCheckpoint>
    <FailReason>This application did not meet our criteria</FailReason>
    <DeclineAdviceKey>GeneralResolutionAdvice</DeclineAdviceKey>
    <TimeToComplete />
  </GetApplicationDecisionResponse>
</Messages>
Wonga.QA.Framework.Api.ApiEndpoint: <Messages xmlns="http://www.wonga.com/api/3.0" xmlns:xsi="http://www.w3.org/2001/XMLSchema-instance">
  <GetApplicationDecision>
    <ApplicationId>af9c4fd2-a0d1-4d92-8039-0eb9a5056082</ApplicationId>
  </GetApplicationDecision>
</Messages>
Wonga.QA.Framework.Api.ApiResponse: <Messages xmlns="http://www.wonga.com/api/3.0">
  <GetApplicationDecisionResponse RequestType="GetApplicationDecision">
    <ApplicationDecisionStatus>Declined</ApplicationDecisionStatus>
    <FailedCheckpoint>Reputation prediction check</FailedCheckpoint>
    <FailReason>This application did not meet our criteria</FailReason>
    <DeclineAdviceKey>GeneralResolutionAdvice</DeclineAdviceKey>
    <TimeToComplete />
  </GetApplicationDecisionResponse>
</Messages>
Wonga.QA.Framework.Api.ApiEndpoint: <Messages xmlns="http://www.wonga.com/api/3.0" xmlns:xsi="http://www.w3.org/2001/XMLSchema-instance">
  <GetApplicationDecision>
    <ApplicationId>af9c4fd2-a0d1-4d92-8039-0eb9a5056082</ApplicationId>
  </GetApplicationDecision>
</Messages>
Wonga.QA.Framework.Api.ApiResponse: <Messages xmlns="http://www.wonga.com/api/3.0">
  <GetApplicationDecisionResponse RequestType="GetApplicationDecision">
    <ApplicationDecisionStatus>Declined</ApplicationDecisionStatus>
    <FailedCheckpoint>Reputation prediction check</FailedCheckpoint>
    <FailReason>This application did not meet our criteria</FailReason>
    <DeclineAdviceKey>GeneralResolutionAdvice</DeclineAdviceKey>
    <TimeToComplete />
  </GetApplicationDecisionResponse>
</Messages>
]]></stack-trace></failure></test-case><test-case name="Wonga.QA.Tests.Risk.Checkpoints.CheckpointReputationPredictionPositiveTests.CheckpointReputationPredictionPositiveTablesUpdateWhenAccountRankIncreases" asserts="1" time="8.4848479" success="True" executed="True" /><test-case name="Wonga.QA.Tests.Risk.Checkpoints.CheckpointReputationPredictionPositiveTests.CheckpointReputationPredictionPositiveTablesUpdateWhenInArrears" asserts="2" time="77.45746" success="True" executed="True" /><test-case name="Wonga.QA.Tests.Risk.Checkpoints.CheckpointReputationPredictionPositiveTests.ReputationScoreShouldNotRunForBrandNewDevice" asserts="1" time="28.3428664" success="True" executed="True" /></results></test-suite><test-suite name="ClickatellIntegrationTests" asserts="0" time="0.0518652" success="True"><results /></test-suite><test-suite name="CloseApplicationTests" asserts="0" time="0.0095925" success="True"><results /></test-suite><test-suite name="CollectionsChaseEmailTest" asserts="0" time="25.347136799999998" success="True"><results /></test-suite><test-suite name="CollectionsChaseSmsTests" asserts="0" time="25.6117718" success="True"><results /></test-suite><test-suite name="CsGetCardPaymentStatusQueryTests" asserts="0" time="24.711047" success="True"><results><test-suite name="GivenACustomerWithAnApprovedLoan" asserts="0" time="24.704668299999998" success="True"><results><test-suite name="WhenAFailedPaymentIsMade" asserts="0" time="0.002705" success="True"><results /></test-suite><test-suite name="WhenAValidPaymentIsMade" asserts="0" time="0.0026481" success="True"><results /></test-suite></results></test-suite></results></test-suite><test-suite name="CsGetLoanExtensionPaymentStatusQueryTests" asserts="0" time="0.0335098" success="True"><results><test-suite name="GivenACustomerWithAnApprovedLoan" asserts="0" time="0.027907099999999997" success="True"><results><test-suite name="WhenAnExtensionThatShouldSucceedIsRequested" asserts="0" time="0.011399999999999999" success="True"><results /></test-suite><test-suite name="WhenAnExtensionThatShouldFailIsRequested" asserts="0" time="0.0074981" success="True"><results /></test-suite></results></test-suite></results></test-suite><test-suite name="CsRepayWithExternalCardCommandTests" asserts="0" time="0.034011" success="True"><results><test-suite name="GivenACustomerWithAnApprovedLoan" asserts="0" time="0.028876799999999998" success="True"><results><test-suite name="GivenAPaymentHasBeenRequestedWithAnInvalidCard" asserts="0" time="0.0121593" success="True"><results /></test-suite><test-suite name="GivenAPaymentHasBeenRequestedWithAValidCard" asserts="0" time="0.0071682" success="True"><results /></test-suite></results></test-suite></results></test-suite><test-suite name="CsRepayWithPaymentCardCommandTests" asserts="0" time="0.0325038" success="True"><results><test-suite name="GivenACustomerWithAnApprovedLoan" asserts="0" time="0.0270081" success="True"><results><test-suite name="GivenAPaymentHasBeenRequestedWithAnInvalidCard" asserts="0" time="0.0098701999999999991" success="True"><results /></test-suite><test-suite name="GivenAPaymentHasBeenRequestedWithAValidCard" asserts="0" time="0.007728" success="True"><results /></test-suite></results></test-suite></results></test-suite><test-suite name="DelayBeforeApplicationClosedInMinutes" asserts="0" time="63.187985899999994" success="True"><results><test-case name="Wonga.QA.Tests.Payments.DelayBeforeApplicationClosedInMinutes.WhenDelayBeforeApplicationClosedInMinutesTimePeriodEndsThenLoanShouldClose" asserts="0" time="62.582297399999995" success="True" executed="True" /></results></test-suite><test-suite name="EligibleCustomersTest" asserts="0" time="0.0179799" success="True"><results /></test-suite><test-suite name="ExternalDebtCollectionOnFailedRepresentmentTests" asserts="0" time="0.1293608" success="True"><results /></test-suite><test-suite name="ExtraPaymentsTests" asserts="0" time="0.020654" success="True"><results /></test-suite><test-suite name="FixedTermLoanOfferTests" asserts="0" time="0.035182399999999996" success="True"><results /></test-suite><test-suite name="GetApplicationAprTest" asserts="0" time="0.0142828" success="True"><results /></test-suite><test-suite name="GetAvailabelCreditTest" asserts="0" time="0.0084602" success="True"><results /></test-suite><test-suite name="GetInstallmentQuoteTest" asserts="0" time="0.0091679" success="True"><results /></test-suite><test-suite name="GetRepaymentDetailsTest" asserts="0" time="0.006415" success="True"><results /></test-suite><test-suite name="GetScheduledPaymentsTests" asserts="1" time="39.804167799999995" success="True"><results><test-case name="Wonga.QA.Tests.Cs.GetScheduledPaymentsTests.GetScheduledPaymentsTest" asserts="1" time="39.788781199999995" success="True" executed="True" /></results></test-suite><test-suite name="InArrearsNoticeTests" asserts="2" time="70.0070101" success="True"><results><test-case name="Wonga.QA.Tests.Payments.InArrearsNoticeTests.ApplicationClosedSagaCompleteTest" asserts="1" time="37.9251569" success="True" executed="True" /><test-case name="Wonga.QA.Tests.Payments.InArrearsNoticeTests.ApplicationInArrearsSagaCreatedTest" asserts="1" time="32.0597464" success="True" executed="True" /></results></test-suite><test-suite name="IvrRequests" asserts="0" time="0.025468599999999997" success="True"><results /></test-suite><test-suite name="LoanTopUpEmailTests" asserts="0" time="0.0105144" success="True"><results /></test-suite><test-suite name="MbloxIntegrationTests" asserts="0" time="0.020771599999999998" success="True"><results /></test-suite><test-suite name="PaymentCardsTest" asserts="0" time="0.0123663" success="True"><results /></test-suite><test-suite name="PaymentConfirmationEmailTests" asserts="0" time="8.8573913" success="True"><results><test-suite name="GivenACustomer" asserts="0" time="8.8494912" success="True"><results><test-suite name="WhenTheirApplicationIsFunded" asserts="0" time="8.8421700999999988" success="True"><results /></test-suite></results></test-suite></results></test-suite><test-suite name="PaymentConfirmationEmailUkTests" asserts="0" time="0.0176586" success="True"><results><test-suite name="GivenACustomerWithAnApprovedLoan" asserts="0" time="0.0121833" success="True"><results><test-suite name="WhenFundsTransferred" asserts="0" time="0.0066072" success="True"><results /></test-suite></results></test-suite></results></test-suite><test-suite name="PaymentReminderEmailTests" asserts="0" time="0.0795992" success="True"><results><test-suite name="GivenACustomerFromOntarioWithAnActiveLoan" asserts="0" time="0.0208987" success="True"><results><test-suite name="WhenTheLoanHasAnEarlyPartialRepaymentAndIsDue" asserts="0" time="0.0062371" success="True"><results><test-case name="Wonga.QA.Tests.Comms.Email.PaymentReminderEmailTests+GivenACustomerFromOntarioWithAnActiveLoan+WhenTheLoanHasAnEarlyPartialRepaymentAndIsDue.ThenAPaymentReminderEmailIsSent" asserts="0" time="0.0002086" success="True" executed="False"><reason><message><![CDATA[Ignored due to timing issues with exact target]]></message></reason></test-case></results></test-suite><test-suite name="WhenTheLoanIsDue" asserts="0" time="0.0057434" success="True"><results><test-case name="Wonga.QA.Tests.Comms.Email.PaymentReminderEmailTests+GivenACustomerFromOntarioWithAnActiveLoan+WhenTheLoanIsDue.ThenAPaymentReminderEmailIsSent" asserts="0" time="0.0001824" success="True" executed="False"><reason><message><![CDATA[Ignored due to timing issues with exact target]]></message></reason></test-case></results></test-suite></results></test-suite><test-suite name="GivenACustomerFromOntarioWithAnActiveVariableInterestLoan" asserts="0" time="0.0252099" success="True"><results><test-suite name="WhenTheLoanHasAnEarlyPartialRepaymentAndIsDue" asserts="0" time="0.0107678" success="True"><results><test-case name="Wonga.QA.Tests.Comms.Email.PaymentReminderEmailTests+GivenACustomerFromOntarioWithAnActiveVariableInterestLoan+WhenTheLoanHasAnEarlyPartialRepaymentAndIsDue.ThenAPaymentReminderEmailIsSent" asserts="0" time="0.0002159" success="True" executed="False"><reason><message><![CDATA[Ignored due to timing issues with exact target]]></message></reason></test-case></results></test-suite><test-suite name="WhenTheLoanIsDue" asserts="0" time="0.0058915" success="True"><results><test-case name="Wonga.QA.Tests.Comms.Email.PaymentReminderEmailTests+GivenACustomerFromOntarioWithAnActiveVariableInterestLoan+WhenTheLoanIsDue.ThenAPaymentReminderEmailIsSent" asserts="0" time="0.0001801" success="True" executed="False"><reason><message><![CDATA[Ignored due to timing issues with exact target]]></message></reason></test-case></results></test-suite></results></test-suite><test-suite name="GivenACustomerFromOntarioWithAnActiveVariableInterestLoanScenario3" asserts="0" time="0.0212082" success="True"><results><test-suite name="WhenTheLoanHasAnEarlyFullRepayment" asserts="0" time="0.0061738999999999995" success="True"><results><test-case name="Wonga.QA.Tests.Comms.Email.PaymentReminderEmailTests+GivenACustomerFromOntarioWithAnActiveVariableInterestLoanScenario3+WhenTheLoanHasAnEarlyFullRepayment.ThenAPaymentReminderEmailIsNotSent" asserts="0" time="0.00023459999999999998" success="True" executed="False"><reason><message><![CDATA[Ignored due to timing issues with exact target]]></message></reason></test-case></results></test-suite><test-suite name="WhenTheLoanHasAnEarlyPartialRepaymentAndIsDue" asserts="0" time="0.0058886999999999993" success="True"><results><test-case name="Wonga.QA.Tests.Comms.Email.PaymentReminderEmailTests+GivenACustomerFromOntarioWithAnActiveVariableInterestLoanScenario3+WhenTheLoanHasAnEarlyPartialRepaymentAndIsDue.ThenAPaymentReminderEmailIsSent" asserts="0" time="0.00018539999999999998" success="True" executed="False"><reason><message><![CDATA[Ignored due to timing issues with exact target]]></message></reason></test-case></results></test-suite></results></test-suite></results></test-suite><test-suite name="PaymentsHelperTests" asserts="0" time="0.0238549" success="True"><results><test-case name="Wonga.QA.Tests.Payments.PaymentsHelperTests.CloseOutExistingCustomerLoan" asserts="0" time="0.0001936" success="True" executed="False"><reason><message><![CDATA[Partial test to assist QA. Not to run on buildsite]]></message></reason></test-case><test-case name="Wonga.QA.Tests.Payments.PaymentsHelperTests.CustomerInArrears" asserts="0" time="0.0001726" success="True" executed="False"><reason><message><![CDATA[Partial test to assist QA. Not to run on buildsite]]></message></reason></test-case><test-case name="Wonga.QA.Tests.Payments.PaymentsHelperTests.L0Customer" asserts="0" time="0.00026619999999999997" success="True" executed="False"><reason><message><![CDATA[Partial test to assist QA. Not to run on buildsite]]></message></reason></test-case><test-case name="Wonga.QA.Tests.Payments.PaymentsHelperTests.LnCustomer" asserts="0" time="0.0001597" success="True" executed="False"><reason><message><![CDATA[Partial test to assist QA. Not to run on buildsite]]></message></reason></test-case><test-case name="Wonga.QA.Tests.Payments.PaymentsHelperTests.LnCustomers" asserts="0" time="0.0002382" success="True" executed="False"><reason><message><![CDATA[Partial test to assist QA. Not to run on buildsite]]></message></reason></test-case></results></test-suite><test-suite name="PrepaidAdminTest" asserts="0" time="0.0056456" success="True"><results /></test-suite><test-suite name="RepayLoanTests" asserts="0" time="0.0254415" success="True"><results /></test-suite><test-suite name="RepaymentArrangementEmailTests" asserts="0" time="0.0056982" success="True"><results /></test-suite><test-suite name="RepaymentArrangementTests" asserts="0" time="0.0125834" success="True"><results /></test-suite><test-suite name="SalesforcePushBusinessBankAccountDetails" asserts="0" time="0.0157154" success="True"><results /></test-suite><test-suite name="SalesforcePushBusinessLoanApplicationDetails" asserts="0" time="0.0537135" success="True"><results /></test-suite><test-suite name="SalesforcePushDirectorData" asserts="0" time="0.0180187" success="True"><results /></test-suite><test-suite name="SalesforcePushGuarantorDetailsTests" asserts="0" time="0.0001938" success="True"><results /></test-suite><test-suite name="ServiceFeesTests" asserts="0" time="0.0438762" success="True"><results /></test-suite><test-suite name="SetAccountPaymentMethodCommandCaTests" asserts="0" time="0.0002081" success="True"><results /></test-suite><test-suite name="WorkflowTests" asserts="0" time="0.014249" success="True"><results><test-case name="Wonga.QA.Tests.Risk.Workflows.WorkflowTests.WorkflowL0SingleWorkflowUsed" asserts="0" time="0.0002564" success="True" executed="False"><reason><message><![CDATA[]]></message></reason></test-case></results></test-suite></results></test-suite></test-suite>